2023-04-11 12:46:40,905{GMT}	INFO	[jepsen test runner] jepsen.core: Test version a022068cd422cedff1ab8b4a2fa9ec515725deac (plus uncommitted changes)
2023-04-11 12:46:40,905{GMT}	INFO	[jepsen test runner] jepsen.core: Command line:
lein run test --nodes-file ./vagrant/nodes-vagrant.txt --password --ssh-private-key ./vagrant/vagrant_ssh_key --username vagrant --test-type rw --time-limit 10 -r 10 --concurrency 20 --key-count 5 --min-txn-length 4 --max-txn-length 8 --max-writes-per-key 3 --nemesis-type noop
2023-04-11 12:46:40,954{GMT}	INFO	[jepsen test runner] jepsen.core: Running test:
{:nemesis-type :noop
 :remote
 #jepsen.control.retry.Remote{:remote #jepsen.control.scp.Remote{:cmd-remote #jepsen.control.sshj.SSHJRemote{:concurrency-limit 6,
                                                                                                             :conn-spec nil,
                                                                                                             :client nil,
                                                                                                             :semaphore nil},
                                                                 :conn-spec nil},
                              :conn nil}
 :max-txn-length 8
 :concurrency 20
 :key-count 5
 :db
 #object[jepsen.arangodb.utils.support$db_setup$reify__1915
         "0x4d001a14"
         "jepsen.arangodb.utils.support$db_setup$reify__1915@4d001a14"]
 :max-writes-per-key 3
 :leave-db-running? false
 :name "arangodb-rw-register-test"
 :logging-json? false
 :ops-per-key 20
 :start-time
 #object[org.joda.time.DateTime "0x858bf8c" "2023-04-11T12:46:40.891+02:00"]
 :net
 #object[jepsen.net$reify__12440
         "0x30c1447e"
         "jepsen.net$reify__12440@30c1447e"]
 :client
 #jepsen.arangodb.tests.rw_register.Client{:db-created? #object[clojure.lang.Atom
                                                                "0x4d462edc"
                                                                {:status :ready,
                                                                 :val false}],
                                           :collection-created? #object[clojure.lang.Atom
                                                                        "0x312ddc51"
                                                                        {:status :ready,
                                                                         :val false}],
                                           :conn nil,
                                           :node nil}
 :barrier
 #object[java.util.concurrent.CyclicBarrier
         "0x330f3046"
         "java.util.concurrent.CyclicBarrier@330f3046"]
 :pure-generators true
 :ssh
 {:dummy? false,
  :username "vagrant",
  :password "--ssh-private-key",
  :strict-host-key-checking false,
  :private-key-path nil}
 :rate 10
 :checker
 #object[jepsen.checker$compose$reify__11881
         "0x37a2d18c"
         "jepsen.checker$compose$reify__11881@37a2d18c"]
 :threads-per-group 5
 :argv
 ("test"
  "--nodes-file"
  "./vagrant/nodes-vagrant.txt"
  "--password"
  "--ssh-private-key"
  "./vagrant/vagrant_ssh_key"
  "--username"
  "vagrant"
  "--test-type"
  "rw"
  "--time-limit"
  "10"
  "-r"
  "10"
  "--concurrency"
  "20"
  "--key-count"
  "5"
  "--min-txn-length"
  "4"
  "--max-txn-length"
  "8"
  "--max-writes-per-key"
  "3"
  "--nemesis-type"
  "noop")
 :nemesis #unprintable "jepsen.nemesis$reify__12543@4b6e296a"
 :test-type :rw-register
 :nodes ["192.168.56.101"]
 :test-count 1
 :generator
 (jepsen.generator.TimeLimit
  {:limit 10000000000,
   :cutoff nil,
   :gen (jepsen.generator.Any
         {:gens [(jepsen.generator.OnThreads
                  {:f #{:nemesis},
                   :context-filter #object[jepsen.generator.context$make_thread_filter$lazy_filter__9167
                                           "0x27476b5f"
                                           "jepsen.generator.context$make_thread_filter$lazy_filter__9167@27476b5f"],
                   :gen nil})
                 (jepsen.generator.OnThreads
                  {:f #jepsen.generator.context.AllBut{:element :nemesis},
                   :context-filter #object[jepsen.generator.context$make_thread_filter$lazy_filter__9167
                                           "0x23d1090"
                                           "jepsen.generator.context$make_thread_filter$lazy_filter__9167@23d1090"],
                   :gen (jepsen.generator.Stagger
                         {:dt 200000000,
                          :next-time nil,
                          :gen ({:type :invoke,
                                 :f :txn,
                                 :value [[:w 3 1]
                                         [:r 4 nil]
                                         [:r 4 nil]
                                         [:w 4 1]
                                         [:r 4 nil]
                                         [:r 3 nil]]}
                                {:type :invoke,
                                 :f :txn,
                                 :value [[:r 4 nil]
                                         [:w 4 2]
                                         [:w 4 3]
                                         [:w 1 1]
                                         [:w 2 1]
                                         [:r 3 nil]]}
                                {:type :invoke,
                                 :f :txn,
                                 :value [[:r 1 nil]
                                         [:r 4 nil]
                                         [:w 3 2]
                                         [:r 3 nil]]}
                                {:type :invoke,
                                 :f :txn,
                                 :value [[:w 3 3]
                                         [:r 5 nil]
                                         [:r 5 nil]
                                         [:w 5 1]
                                         [:r 5 nil]
                                         [:r 5 nil]
                                         [:r 5 nil]
                                         [:r 6 nil]]}
                                {:type :invoke,
                                 :f :txn,
                                 :value [[:w 6 1]
                                         [:r 5 nil]
                                         [:r 2 nil]
                                         [:w 6 2]
                                         [:r 5 nil]
                                         [:w 5 2]
                                         [:r 5 nil]]}
                                {:type :invoke,
                                 :f :txn,
                                 :value [[:w 5 3]
                                         [:r 0 nil]
                                         [:r 6 nil]
                                         [:w 7 1]
                                         [:w 6 3]
                                         [:r 6 nil]]}
                                {:type :invoke,
                                 :f :txn,
                                 :value [[:r 7 nil]
                                         [:w 7 2]
                                         [:r 6 nil]
                                         [:w 7 3]]}
                                {:type :invoke,
                                 :f :txn,
                                 :value [[:r 1 nil]
                                         [:r 8 nil]
                                         [:r 8 nil]
                                         [:w 8 1]]}
                                ...)})})]})})
 :os
 #object[jepsen.os.debian.Debian "0x8fa4647" "jepsen.os.debian.Debian@8fa4647"]
 :time-limit 10
 :min-txn-length 4}

2023-04-11 12:46:43,430{GMT}	INFO	[jepsen node 192.168.56.101] jepsen.os.debian: 192.168.56.101 setting up debian
2023-04-11 12:46:43,871{GMT}	INFO	[jepsen test runner] jepsen.db: Tearing down DB
2023-04-11 12:46:43,872{GMT}	INFO	[jepsen node 192.168.56.101] jepsen.arangodb.utils.support: 192.168.56.101 tearing down arangodb
2023-04-11 12:46:43,872{GMT}	INFO	[jepsen node 192.168.56.101] jepsen.control.util: Stopping arangodb
2023-04-11 12:46:44,008{GMT}	INFO	[jepsen node 192.168.56.101] jepsen.arangodb.utils.support: no arangodb processes killed
2023-04-11 12:46:44,009{GMT}	INFO	[jepsen test runner] jepsen.db: Setting up DB
2023-04-11 12:46:44,010{GMT}	INFO	[jepsen node 192.168.56.101] jepsen.arangodb.utils.support: 192.168.56.101 installing arangodb v3.9.10
2023-04-11 12:46:46,562{GMT}	INFO	[jepsen node 192.168.56.101] jepsen.control.util: Starting arangodb
2023-04-11 12:46:46,658{GMT}	INFO	[jepsen test runner] jepsen.core: Relative time begins now
2023-04-11 12:46:46,707{GMT}	INFO	[jepsen node 192.168.56.101] jepsen.arangodb.tests.rw-register: sleep 15s to make sure the connection is ready
2023-04-11 12:47:01,708{GMT}	INFO	[jepsen node 192.168.56.101] jepsen.arangodb.tests.rw-register: Prepare to create databases
2023-04-11 12:47:01,708{GMT}	INFO	[jepsen node 192.168.56.101] jepsen.arangodb.tests.rw-register: Creating databases
2023-04-11 12:47:02,240{GMT}	INFO	[jepsen node 192.168.56.101] jepsen.arangodb.tests.rw-register: Databases created
2023-04-11 12:47:02,241{GMT}	INFO	[jepsen node 192.168.56.101] jepsen.arangodb.tests.rw-register: Creating collections
2023-04-11 12:47:02,801{GMT}	INFO	[jepsen node 192.168.56.101] jepsen.arangodb.tests.rw-register: Collections created
2023-04-11 12:47:02,815{GMT}	INFO	[jepsen worker 0] jepsen.util: 0	:invoke	:txn	[[:w 3 1] [:r 4 nil] [:r 4 nil] [:w 4 1] [:r 4 nil] [:r 3 nil]]
2023-04-11 12:47:02,830{GMT}	INFO	[jepsen worker 0] jepsen.arangodb.tests.rw-register: committed transaction 137
2023-04-11 12:47:02,831{GMT}	INFO	[jepsen worker 0] jepsen.util: 0	:ok	:txn	[[:w 3 1] [:r 4 nil] [:r 4 nil] [:w 4 1] [:r 4 1] [:r 3 1]]
2023-04-11 12:47:02,953{GMT}	INFO	[jepsen worker 1] jepsen.util: 1	:invoke	:txn	[[:r 4 nil] [:w 4 2] [:w 4 3] [:w 1 1] [:w 2 1] [:r 3 nil]]
2023-04-11 12:47:02,962{GMT}	INFO	[jepsen worker 1] jepsen.arangodb.tests.rw-register: committed transaction 144
2023-04-11 12:47:02,962{GMT}	INFO	[jepsen worker 1] jepsen.util: 1	:ok	:txn	[[:r 4 1] [:w 4 2] [:w 4 3] [:w 1 1] [:w 2 1] [:r 3 1]]
2023-04-11 12:47:03,072{GMT}	INFO	[jepsen worker 2] jepsen.util: 2	:invoke	:txn	[[:r 1 nil] [:r 4 nil] [:w 3 2] [:r 3 nil]]
2023-04-11 12:47:03,080{GMT}	INFO	[jepsen worker 2] jepsen.arangodb.tests.rw-register: committed transaction 151
2023-04-11 12:47:03,080{GMT}	INFO	[jepsen worker 2] jepsen.util: 2	:ok	:txn	[[:r 1 1] [:r 4 3] [:w 3 2] [:r 3 2]]
2023-04-11 12:47:03,120{GMT}	INFO	[jepsen worker 3] jepsen.util: 3	:invoke	:txn	[[:w 3 3] [:r 5 nil] [:r 5 nil] [:w 5 1] [:r 5 nil] [:r 5 nil] [:r 5 nil] [:r 6 nil]]
2023-04-11 12:47:03,130{GMT}	INFO	[jepsen worker 3] jepsen.arangodb.tests.rw-register: committed transaction 156
2023-04-11 12:47:03,131{GMT}	INFO	[jepsen worker 3] jepsen.util: 3	:ok	:txn	[[:w 3 3] [:r 5 nil] [:r 5 nil] [:w 5 1] [:r 5 1] [:r 5 1] [:r 5 1] [:r 6 nil]]
2023-04-11 12:47:03,217{GMT}	INFO	[jepsen worker 4] jepsen.util: 4	:invoke	:txn	[[:w 6 1] [:r 5 nil] [:r 2 nil] [:w 6 2] [:r 5 nil] [:w 5 2] [:r 5 nil]]
2023-04-11 12:47:03,226{GMT}	INFO	[jepsen worker 4] jepsen.arangodb.tests.rw-register: committed transaction 165
2023-04-11 12:47:03,226{GMT}	INFO	[jepsen worker 4] jepsen.util: 4	:ok	:txn	[[:w 6 1] [:r 5 1] [:r 2 1] [:w 6 2] [:r 5 1] [:w 5 2] [:r 5 2]]
2023-04-11 12:47:03,357{GMT}	INFO	[jepsen worker 5] jepsen.util: 5	:invoke	:txn	[[:w 5 3] [:r 0 nil] [:r 6 nil] [:w 7 1] [:w 6 3] [:r 6 nil]]
2023-04-11 12:47:03,364{GMT}	INFO	[jepsen worker 5] jepsen.arangodb.tests.rw-register: committed transaction 173
2023-04-11 12:47:03,365{GMT}	INFO	[jepsen worker 5] jepsen.util: 5	:ok	:txn	[[:w 5 3] [:r 0 nil] [:r 6 2] [:w 7 1] [:w 6 3] [:r 6 3]]
2023-04-11 12:47:03,398{GMT}	INFO	[jepsen worker 6] jepsen.util: 6	:invoke	:txn	[[:r 7 nil] [:w 7 2] [:r 6 nil] [:w 7 3]]
2023-04-11 12:47:03,405{GMT}	INFO	[jepsen worker 6] jepsen.arangodb.tests.rw-register: committed transaction 180
2023-04-11 12:47:03,405{GMT}	INFO	[jepsen worker 6] jepsen.util: 6	:ok	:txn	[[:r 7 1] [:w 7 2] [:r 6 3] [:w 7 3]]
2023-04-11 12:47:03,420{GMT}	INFO	[jepsen worker 7] jepsen.util: 7	:invoke	:txn	[[:r 1 nil] [:r 8 nil] [:r 8 nil] [:w 8 1]]
2023-04-11 12:47:03,425{GMT}	INFO	[jepsen worker 7] jepsen.arangodb.tests.rw-register: committed transaction 185
2023-04-11 12:47:03,425{GMT}	INFO	[jepsen worker 7] jepsen.util: 7	:ok	:txn	[[:r 1 1] [:r 8 nil] [:r 8 nil] [:w 8 1]]
2023-04-11 12:47:03,516{GMT}	INFO	[jepsen worker 8] jepsen.util: 8	:invoke	:txn	[[:w 1 2] [:w 8 2] [:w 8 3] [:r 6 nil] [:r 8 nil]]
2023-04-11 12:47:03,524{GMT}	INFO	[jepsen worker 8] jepsen.arangodb.tests.rw-register: committed transaction 190
2023-04-11 12:47:03,524{GMT}	INFO	[jepsen worker 8] jepsen.util: 8	:ok	:txn	[[:w 1 2] [:w 8 2] [:w 8 3] [:r 6 3] [:r 8 3]]
2023-04-11 12:47:03,652{GMT}	INFO	[jepsen worker 9] jepsen.util: 9	:invoke	:txn	[[:r 6 nil] [:w 9 1] [:r 9 nil] [:w 9 2] [:w 2 2] [:r 1 nil] [:r 1 nil] [:r 9 nil]]
2023-04-11 12:47:03,660{GMT}	INFO	[jepsen worker 9] jepsen.arangodb.tests.rw-register: committed transaction 196
2023-04-11 12:47:03,660{GMT}	INFO	[jepsen worker 9] jepsen.util: 9	:ok	:txn	[[:r 6 3] [:w 9 1] [:r 9 1] [:w 9 2] [:w 2 2] [:r 1 2] [:r 1 2] [:r 9 2]]
2023-04-11 12:47:03,834{GMT}	INFO	[jepsen worker 10] jepsen.util: 10	:invoke	:txn	[[:r 6 nil] [:r 6 nil] [:r 9 nil] [:w 9 3]]
2023-04-11 12:47:03,840{GMT}	INFO	[jepsen worker 10] jepsen.arangodb.tests.rw-register: committed transaction 205
2023-04-11 12:47:03,840{GMT}	INFO	[jepsen worker 10] jepsen.util: 10	:ok	:txn	[[:r 6 3] [:r 6 3] [:r 9 2] [:w 9 3]]
2023-04-11 12:47:03,968{GMT}	INFO	[jepsen worker 11] jepsen.util: 11	:invoke	:txn	[[:r 2 nil] [:r 9 nil] [:r 10 nil] [:w 10 1]]
2023-04-11 12:47:03,974{GMT}	INFO	[jepsen worker 11] jepsen.arangodb.tests.rw-register: committed transaction 210
2023-04-11 12:47:03,974{GMT}	INFO	[jepsen worker 11] jepsen.util: 11	:ok	:txn	[[:r 2 2] [:r 9 3] [:r 10 nil] [:w 10 1]]
2023-04-11 12:47:03,980{GMT}	INFO	[jepsen worker 12] jepsen.util: 12	:invoke	:txn	[[:r 11 nil] [:r 2 nil] [:w 11 1] [:r 10 nil]]
2023-04-11 12:47:03,985{GMT}	INFO	[jepsen worker 12] jepsen.arangodb.tests.rw-register: committed transaction 215
2023-04-11 12:47:03,986{GMT}	INFO	[jepsen worker 12] jepsen.util: 12	:ok	:txn	[[:r 11 nil] [:r 2 2] [:w 11 1] [:r 10 1]]
2023-04-11 12:47:04,025{GMT}	INFO	[jepsen worker 13] jepsen.util: 13	:invoke	:txn	[[:w 11 2] [:r 10 nil] [:r 11 nil] [:w 11 3] [:w 10 2] [:w 12 1]]
2023-04-11 12:47:04,031{GMT}	INFO	[jepsen worker 13] jepsen.arangodb.tests.rw-register: committed transaction 220
2023-04-11 12:47:04,031{GMT}	INFO	[jepsen worker 13] jepsen.util: 13	:ok	:txn	[[:w 11 2] [:r 10 1] [:r 11 2] [:w 11 3] [:w 10 2] [:w 12 1]]
2023-04-11 12:47:04,191{GMT}	INFO	[jepsen worker 14] jepsen.util: 14	:invoke	:txn	[[:r 10 nil] [:w 10 3] [:w 12 2] [:r 2 nil] [:w 12 3] [:r 12 nil]]
2023-04-11 12:47:04,198{GMT}	INFO	[jepsen worker 14] jepsen.arangodb.tests.rw-register: committed transaction 227
2023-04-11 12:47:04,198{GMT}	INFO	[jepsen worker 14] jepsen.util: 14	:ok	:txn	[[:r 10 2] [:w 10 3] [:w 12 2] [:r 2 2] [:w 12 3] [:r 12 3]]
2023-04-11 12:47:04,287{GMT}	INFO	[jepsen worker 15] jepsen.util: 15	:invoke	:txn	[[:r 12 nil] [:r 2 nil] [:w 1 3] [:w 14 1] [:r 14 nil] [:w 14 2] [:w 14 3] [:r 2 nil]]
2023-04-11 12:47:04,296{GMT}	INFO	[jepsen worker 15] jepsen.arangodb.tests.rw-register: committed transaction 234
2023-04-11 12:47:04,296{GMT}	INFO	[jepsen worker 15] jepsen.util: 15	:ok	:txn	[[:r 12 3] [:r 2 2] [:w 1 3] [:w 14 1] [:r 14 1] [:w 14 2] [:w 14 3] [:r 2 2]]
2023-04-11 12:47:04,417{GMT}	INFO	[jepsen worker 16] jepsen.util: 16	:invoke	:txn	[[:r 13 nil] [:r 2 nil] [:r 14 nil] [:w 15 1] [:r 0 nil] [:r 15 nil] [:r 15 nil] [:w 0 1]]
2023-04-11 12:47:04,425{GMT}	INFO	[jepsen worker 16] jepsen.arangodb.tests.rw-register: committed transaction 243
2023-04-11 12:47:04,425{GMT}	INFO	[jepsen worker 16] jepsen.util: 16	:ok	:txn	[[:r 13 nil] [:r 2 2] [:r 14 3] [:w 15 1] [:r 0 nil] [:r 15 1] [:r 15 1] [:w 0 1]]
2023-04-11 12:47:04,432{GMT}	INFO	[jepsen worker 17] jepsen.util: 17	:invoke	:txn	[[:w 15 2] [:r 1 nil] [:w 15 3] [:r 15 nil] [:r 13 nil] [:w 13 1] [:r 15 nil] [:w 13 2]]
2023-04-11 12:47:04,439{GMT}	INFO	[jepsen worker 17] jepsen.arangodb.tests.rw-register: committed transaction 252
2023-04-11 12:47:04,439{GMT}	INFO	[jepsen worker 17] jepsen.util: 17	:ok	:txn	[[:w 15 2] [:r 1 3] [:w 15 3] [:r 15 3] [:r 13 nil] [:w 13 1] [:r 15 3] [:w 13 2]]
2023-04-11 12:47:04,590{GMT}	INFO	[jepsen worker 18] jepsen.util: 18	:invoke	:txn	[[:w 2 3] [:r 15 nil] [:r 15 nil] [:r 15 nil] [:r 15 nil] [:r 15 nil]]
2023-04-11 12:47:04,598{GMT}	INFO	[jepsen worker 18] jepsen.arangodb.tests.rw-register: committed transaction 261
2023-04-11 12:47:04,598{GMT}	INFO	[jepsen worker 18] jepsen.util: 18	:ok	:txn	[[:w 2 3] [:r 15 3] [:r 15 3] [:r 15 3] [:r 15 3] [:r 15 3]]
2023-04-11 12:47:04,769{GMT}	INFO	[jepsen worker 19] jepsen.util: 19	:invoke	:txn	[[:r 16 nil] [:w 13 3] [:r 13 nil] [:r 17 nil] [:w 16 1] [:w 18 1] [:w 16 2]]
2023-04-11 12:47:04,776{GMT}	INFO	[jepsen worker 19] jepsen.arangodb.tests.rw-register: committed transaction 268
2023-04-11 12:47:04,777{GMT}	INFO	[jepsen worker 19] jepsen.util: 19	:ok	:txn	[[:r 16 nil] [:w 13 3] [:r 13 3] [:r 17 nil] [:w 16 1] [:w 18 1] [:w 16 2]]
2023-04-11 12:47:04,935{GMT}	INFO	[jepsen worker 0] jepsen.util: 0	:invoke	:txn	[[:w 16 3] [:w 17 1] [:r 18 nil] [:r 16 nil] [:r 16 nil]]
2023-04-11 12:47:04,940{GMT}	INFO	[jepsen worker 0] jepsen.arangodb.tests.rw-register: committed transaction 276
2023-04-11 12:47:04,940{GMT}	INFO	[jepsen worker 0] jepsen.util: 0	:ok	:txn	[[:w 16 3] [:w 17 1] [:r 18 1] [:r 16 3] [:r 16 3]]
2023-04-11 12:47:05,061{GMT}	INFO	[jepsen worker 0] jepsen.util: 0	:invoke	:txn	[[:w 17 2] [:w 17 3] [:r 20 nil] [:w 0 2] [:r 20 nil] [:r 20 nil]]
2023-04-11 12:47:05,068{GMT}	INFO	[jepsen worker 0] jepsen.arangodb.tests.rw-register: committed transaction 282
2023-04-11 12:47:05,068{GMT}	INFO	[jepsen worker 0] jepsen.util: 0	:ok	:txn	[[:w 17 2] [:w 17 3] [:r 20 nil] [:w 0 2] [:r 20 nil] [:r 20 nil]]
2023-04-11 12:47:05,189{GMT}	INFO	[jepsen worker 1] jepsen.util: 1	:invoke	:txn	[[:w 18 2] [:r 19 nil] [:r 20 nil] [:w 20 1] [:r 20 nil] [:w 20 2] [:w 20 3] [:w 22 1]]
2023-04-11 12:47:05,196{GMT}	INFO	[jepsen worker 1] jepsen.arangodb.tests.rw-register: committed transaction 289
2023-04-11 12:47:05,197{GMT}	INFO	[jepsen worker 1] jepsen.util: 1	:ok	:txn	[[:w 18 2] [:r 19 nil] [:r 20 nil] [:w 20 1] [:r 20 1] [:w 20 2] [:w 20 3] [:w 22 1]]
2023-04-11 12:47:05,362{GMT}	INFO	[jepsen worker 2] jepsen.util: 2	:invoke	:txn	[[:r 22 nil] [:w 18 3] [:r 18 nil] [:w 21 1] [:w 21 2]]
2023-04-11 12:47:05,368{GMT}	INFO	[jepsen worker 2] jepsen.arangodb.tests.rw-register: committed transaction 298
2023-04-11 12:47:05,368{GMT}	INFO	[jepsen worker 2] jepsen.util: 2	:ok	:txn	[[:r 22 1] [:w 18 3] [:r 18 3] [:w 21 1] [:w 21 2]]
2023-04-11 12:47:05,402{GMT}	INFO	[jepsen worker 3] jepsen.util: 3	:invoke	:txn	[[:r 22 nil] [:w 22 2] [:r 22 nil] [:r 22 nil] [:r 19 nil] [:w 22 3]]
2023-04-11 12:47:05,407{GMT}	INFO	[jepsen worker 3] jepsen.arangodb.tests.rw-register: committed transaction 304
2023-04-11 12:47:05,407{GMT}	INFO	[jepsen worker 3] jepsen.util: 3	:ok	:txn	[[:r 22 1] [:w 22 2] [:r 22 2] [:r 22 2] [:r 19 nil] [:w 22 3]]
2023-04-11 12:47:05,482{GMT}	INFO	[jepsen worker 4] jepsen.util: 4	:invoke	:txn	[[:r 22 nil] [:w 21 3] [:r 22 nil] [:r 21 nil]]
2023-04-11 12:47:05,487{GMT}	INFO	[jepsen worker 4] jepsen.arangodb.tests.rw-register: committed transaction 311
2023-04-11 12:47:05,488{GMT}	INFO	[jepsen worker 4] jepsen.util: 4	:ok	:txn	[[:r 22 3] [:w 21 3] [:r 22 3] [:r 21 3]]
2023-04-11 12:47:05,665{GMT}	INFO	[jepsen worker 5] jepsen.util: 5	:invoke	:txn	[[:r 23 nil] [:r 22 nil] [:r 22 nil] [:r 0 nil] [:w 23 1]]
2023-04-11 12:47:05,670{GMT}	INFO	[jepsen worker 5] jepsen.arangodb.tests.rw-register: committed transaction 320
2023-04-11 12:47:05,671{GMT}	INFO	[jepsen worker 5] jepsen.util: 5	:ok	:txn	[[:r 23 nil] [:r 22 3] [:r 22 3] [:r 0 2] [:w 23 1]]
2023-04-11 12:47:05,740{GMT}	INFO	[jepsen worker 6] jepsen.util: 6	:invoke	:txn	[[:r 22 nil] [:r 22 nil] [:w 23 2] [:r 24 nil] [:r 24 nil] [:w 24 1] [:r 0 nil]]
2023-04-11 12:47:05,746{GMT}	INFO	[jepsen worker 6] jepsen.arangodb.tests.rw-register: committed transaction 326
2023-04-11 12:47:05,747{GMT}	INFO	[jepsen worker 6] jepsen.util: 6	:ok	:txn	[[:r 22 3] [:r 22 3] [:w 23 2] [:r 24 nil] [:r 24 nil] [:w 24 1] [:r 0 2]]
2023-04-11 12:47:05,905{GMT}	INFO	[jepsen worker 7] jepsen.util: 7	:invoke	:txn	[[:r 25 nil] [:w 25 1] [:w 25 2] [:w 25 3] [:w 26 1]]
2023-04-11 12:47:05,910{GMT}	INFO	[jepsen worker 7] jepsen.arangodb.tests.rw-register: committed transaction 334
2023-04-11 12:47:05,911{GMT}	INFO	[jepsen worker 7] jepsen.util: 7	:ok	:txn	[[:r 25 nil] [:w 25 1] [:w 25 2] [:w 25 3] [:w 26 1]]
2023-04-11 12:47:06,044{GMT}	INFO	[jepsen worker 8] jepsen.util: 8	:invoke	:txn	[[:w 26 2] [:r 24 nil] [:r 26 nil] [:w 26 3] [:r 24 nil] [:w 27 1] [:r 27 nil]]
2023-04-11 12:47:06,050{GMT}	INFO	[jepsen worker 8] jepsen.arangodb.tests.rw-register: committed transaction 340
2023-04-11 12:47:06,051{GMT}	INFO	[jepsen worker 8] jepsen.util: 8	:ok	:txn	[[:w 26 2] [:r 24 1] [:r 26 2] [:w 26 3] [:r 24 1] [:w 27 1] [:r 27 1]]
2023-04-11 12:47:06,082{GMT}	INFO	[jepsen worker 9] jepsen.util: 9	:invoke	:txn	[[:w 27 2] [:w 0 3] [:w 27 3] [:r 27 nil] [:w 24 2] [:r 27 nil] [:r 27 nil] [:w 28 1]]
2023-04-11 12:47:06,087{GMT}	INFO	[jepsen worker 9] jepsen.arangodb.tests.rw-register: committed transaction 348
2023-04-11 12:47:06,087{GMT}	INFO	[jepsen worker 9] jepsen.util: 9	:ok	:txn	[[:w 27 2] [:w 0 3] [:w 27 3] [:r 27 3] [:w 24 2] [:r 27 3] [:r 27 3] [:w 28 1]]
2023-04-11 12:47:06,261{GMT}	INFO	[jepsen worker 10] jepsen.util: 10	:invoke	:txn	[[:r 28 nil] [:w 28 2] [:r 19 nil] [:w 28 3] [:r 28 nil] [:r 28 nil] [:r 28 nil]]
2023-04-11 12:47:06,268{GMT}	INFO	[jepsen worker 10] jepsen.arangodb.tests.rw-register: committed transaction 357
2023-04-11 12:47:06,269{GMT}	INFO	[jepsen worker 10] jepsen.util: 10	:ok	:txn	[[:r 28 1] [:w 28 2] [:r 19 nil] [:w 28 3] [:r 28 3] [:r 28 3] [:r 28 3]]
2023-04-11 12:47:06,451{GMT}	INFO	[jepsen worker 11] jepsen.util: 11	:invoke	:txn	[[:r 29 nil] [:w 24 3] [:r 23 nil] [:r 29 nil] [:r 29 nil]]
2023-04-11 12:47:06,455{GMT}	INFO	[jepsen worker 11] jepsen.arangodb.tests.rw-register: committed transaction 365
2023-04-11 12:47:06,455{GMT}	INFO	[jepsen worker 11] jepsen.util: 11	:ok	:txn	[[:r 29 nil] [:w 24 3] [:r 23 2] [:r 29 nil] [:r 29 nil]]
2023-04-11 12:47:06,514{GMT}	INFO	[jepsen worker 12] jepsen.util: 12	:invoke	:txn	[[:w 29 1] [:w 29 2] [:w 29 3] [:r 29 nil] [:r 24 nil] [:w 30 1] [:r 24 nil]]
2023-04-11 12:47:06,520{GMT}	INFO	[jepsen worker 12] jepsen.arangodb.tests.rw-register: committed transaction 371
2023-04-11 12:47:06,520{GMT}	INFO	[jepsen worker 12] jepsen.util: 12	:ok	:txn	[[:w 29 1] [:w 29 2] [:w 29 3] [:r 29 3] [:r 24 3] [:w 30 1] [:r 24 3]]
2023-04-11 12:47:06,555{GMT}	INFO	[jepsen worker 13] jepsen.util: 13	:invoke	:txn	[[:r 30 nil] [:r 0 nil] [:r 30 nil] [:r 30 nil] [:r 30 nil] [:r 23 nil] [:r 24 nil]]
2023-04-11 12:47:06,560{GMT}	INFO	[jepsen worker 13] jepsen.arangodb.tests.rw-register: committed transaction 379
2023-04-11 12:47:06,561{GMT}	INFO	[jepsen worker 13] jepsen.util: 13	:ok	:txn	[[:r 30 1] [:r 0 3] [:r 30 1] [:r 30 1] [:r 30 1] [:r 23 2] [:r 24 3]]
2023-04-11 12:47:06,602{GMT}	INFO	[jepsen worker 14] jepsen.util: 14	:invoke	:txn	[[:r 30 nil] [:w 30 2] [:r 24 nil] [:r 30 nil] [:r 30 nil] [:w 30 3] [:w 31 1]]
2023-04-11 12:47:06,608{GMT}	INFO	[jepsen worker 14] jepsen.arangodb.tests.rw-register: committed transaction 387
2023-04-11 12:47:06,608{GMT}	INFO	[jepsen worker 14] jepsen.util: 14	:ok	:txn	[[:r 30 1] [:w 30 2] [:r 24 3] [:r 30 2] [:r 30 2] [:w 30 3] [:w 31 1]]
2023-04-11 12:47:06,641{GMT}	INFO	[jepsen worker 15] jepsen.util: 15	:invoke	:txn	[[:r 31 nil] [:r 24 nil] [:w 31 2] [:w 33 1] [:r 19 nil]]
2023-04-11 12:47:06,645{GMT}	INFO	[jepsen worker 15] jepsen.arangodb.tests.rw-register: committed transaction 395
2023-04-11 12:47:06,645{GMT}	INFO	[jepsen worker 15] jepsen.util: 15	:ok	:txn	[[:r 31 1] [:r 24 3] [:w 31 2] [:w 33 1] [:r 19 nil]]
2023-04-11 12:47:06,819{GMT}	INFO	[jepsen worker 16] jepsen.util: 16	:invoke	:txn	[[:r 31 nil] [:r 32 nil] [:w 31 3] [:w 33 2] [:w 33 3] [:w 34 1]]
2023-04-11 12:47:06,824{GMT}	INFO	[jepsen worker 16] jepsen.arangodb.tests.rw-register: committed transaction 401
2023-04-11 12:47:06,824{GMT}	INFO	[jepsen worker 16] jepsen.util: 16	:ok	:txn	[[:r 31 2] [:r 32 nil] [:w 31 3] [:w 33 2] [:w 33 3] [:w 34 1]]
2023-04-11 12:47:06,948{GMT}	INFO	[jepsen worker 17] jepsen.util: 17	:invoke	:txn	[[:r 34 nil] [:r 33 nil] [:w 34 2] [:r 33 nil] [:w 34 3] [:r 33 nil]]
2023-04-11 12:47:06,954{GMT}	INFO	[jepsen worker 17] jepsen.arangodb.tests.rw-register: committed transaction 408
2023-04-11 12:47:06,954{GMT}	INFO	[jepsen worker 17] jepsen.util: 17	:ok	:txn	[[:r 34 1] [:r 33 3] [:w 34 2] [:r 33 3] [:w 34 3] [:r 33 3]]
2023-04-11 12:47:06,990{GMT}	INFO	[jepsen worker 18] jepsen.util: 18	:invoke	:txn	[[:r 19 nil] [:r 34 nil] [:w 35 1] [:w 19 1] [:w 35 2] [:r 33 nil] [:r 35 nil]]
2023-04-11 12:47:06,996{GMT}	INFO	[jepsen worker 18] jepsen.arangodb.tests.rw-register: committed transaction 415
2023-04-11 12:47:06,996{GMT}	INFO	[jepsen worker 18] jepsen.util: 18	:ok	:txn	[[:r 19 nil] [:r 34 3] [:w 35 1] [:w 19 1] [:w 35 2] [:r 33 3] [:r 35 2]]
2023-04-11 12:47:07,000{GMT}	INFO	[jepsen worker 19] jepsen.util: 19	:invoke	:txn	[[:w 35 3] [:r 35 nil] [:w 19 2] [:r 32 nil] [:r 19 nil] [:w 36 1] [:w 36 2]]
2023-04-11 12:47:07,007{GMT}	INFO	[jepsen worker 19] jepsen.arangodb.tests.rw-register: committed transaction 423
2023-04-11 12:47:07,007{GMT}	INFO	[jepsen worker 19] jepsen.util: 19	:ok	:txn	[[:w 35 3] [:r 35 3] [:w 19 2] [:r 32 nil] [:r 19 2] [:w 36 1] [:w 36 2]]
2023-04-11 12:47:07,030{GMT}	INFO	[jepsen worker 0] jepsen.util: 0	:invoke	:txn	[[:w 23 3] [:r 36 nil] [:r 36 nil] [:r 32 nil] [:r 23 nil] [:w 36 3] [:w 37 1]]
2023-04-11 12:47:07,036{GMT}	INFO	[jepsen worker 0] jepsen.arangodb.tests.rw-register: committed transaction 431
2023-04-11 12:47:07,036{GMT}	INFO	[jepsen worker 0] jepsen.util: 0	:ok	:txn	[[:w 23 3] [:r 36 2] [:r 36 2] [:r 32 nil] [:r 23 3] [:w 36 3] [:w 37 1]]
2023-04-11 12:47:07,131{GMT}	INFO	[jepsen worker 0] jepsen.util: 0	:invoke	:txn	[[:r 38 nil] [:w 37 2] [:r 37 nil] [:r 23 nil] [:r 37 nil]]
2023-04-11 12:47:07,136{GMT}	INFO	[jepsen worker 0] jepsen.arangodb.tests.rw-register: committed transaction 439
2023-04-11 12:47:07,136{GMT}	INFO	[jepsen worker 0] jepsen.util: 0	:ok	:txn	[[:r 38 nil] [:w 37 2] [:r 37 2] [:r 23 3] [:r 37 2]]
2023-04-11 12:47:07,287{GMT}	INFO	[jepsen worker 1] jepsen.util: 1	:invoke	:txn	[[:w 38 1] [:w 38 2] [:r 38 nil] [:w 37 3] [:r 38 nil]]
2023-04-11 12:47:07,291{GMT}	INFO	[jepsen worker 1] jepsen.arangodb.tests.rw-register: committed transaction 445
2023-04-11 12:47:07,291{GMT}	INFO	[jepsen worker 1] jepsen.util: 1	:ok	:txn	[[:w 38 1] [:w 38 2] [:r 38 2] [:w 37 3] [:r 38 2]]
2023-04-11 12:47:07,448{GMT}	INFO	[jepsen worker 2] jepsen.util: 2	:invoke	:txn	[[:w 39 1] [:w 39 2] [:w 38 3] [:w 39 3] [:r 41 nil] [:w 40 1] [:w 40 2]]
2023-04-11 12:47:07,453{GMT}	INFO	[jepsen worker 3] jepsen.util: 3	:invoke	:txn	[[:r 41 nil] [:r 41 nil] [:w 41 1] [:r 41 nil] [:w 41 2] [:w 41 3]]
2023-04-11 12:47:07,454{GMT}	INFO	[jepsen worker 2] jepsen.arangodb.tests.rw-register: committed transaction 451
2023-04-11 12:47:07,454{GMT}	INFO	[jepsen worker 2] jepsen.util: 2	:ok	:txn	[[:w 39 1] [:w 39 2] [:w 38 3] [:w 39 3] [:r 41 nil] [:w 40 1] [:w 40 2]]
2023-04-11 12:47:07,458{GMT}	INFO	[jepsen worker 3] jepsen.arangodb.tests.rw-register: committed transaction 459
2023-04-11 12:47:07,458{GMT}	INFO	[jepsen worker 3] jepsen.util: 3	:ok	:txn	[[:r 41 nil] [:r 41 nil] [:w 41 1] [:r 41 1] [:w 41 2] [:w 41 3]]
2023-04-11 12:47:07,598{GMT}	INFO	[jepsen worker 4] jepsen.util: 4	:invoke	:txn	[[:r 42 nil] [:r 42 nil] [:r 19 nil] [:w 40 3] [:r 42 nil] [:w 42 1] [:w 42 2] [:w 19 3]]
2023-04-11 12:47:07,604{GMT}	INFO	[jepsen worker 4] jepsen.arangodb.tests.rw-register: committed transaction 466
2023-04-11 12:47:07,605{GMT}	INFO	[jepsen worker 4] jepsen.util: 4	:ok	:txn	[[:r 42 nil] [:r 42 nil] [:r 19 2] [:w 40 3] [:r 42 nil] [:w 42 1] [:w 42 2] [:w 19 3]]
2023-04-11 12:47:07,668{GMT}	INFO	[jepsen worker 5] jepsen.util: 5	:invoke	:txn	[[:r 42 nil] [:r 43 nil] [:w 42 3] [:r 43 nil]]
2023-04-11 12:47:07,671{GMT}	INFO	[jepsen worker 5] jepsen.arangodb.tests.rw-register: committed transaction 475
2023-04-11 12:47:07,672{GMT}	INFO	[jepsen worker 5] jepsen.util: 5	:ok	:txn	[[:r 42 2] [:r 43 nil] [:w 42 3] [:r 43 nil]]
2023-04-11 12:47:07,723{GMT}	INFO	[jepsen worker 6] jepsen.util: 6	:invoke	:txn	[[:r 19 nil] [:w 44 1] [:w 44 2] [:r 44 nil]]
2023-04-11 12:47:07,727{GMT}	INFO	[jepsen worker 6] jepsen.arangodb.tests.rw-register: committed transaction 480
2023-04-11 12:47:07,727{GMT}	INFO	[jepsen worker 6] jepsen.util: 6	:ok	:txn	[[:r 19 3] [:w 44 1] [:w 44 2] [:r 44 2]]
2023-04-11 12:47:07,896{GMT}	INFO	[jepsen worker 7] jepsen.util: 7	:invoke	:txn	[[:r 44 nil] [:r 44 nil] [:r 44 nil] [:r 44 nil]]
2023-04-11 12:47:07,900{GMT}	INFO	[jepsen worker 7] jepsen.arangodb.tests.rw-register: committed transaction 485
2023-04-11 12:47:07,900{GMT}	INFO	[jepsen worker 7] jepsen.util: 7	:ok	:txn	[[:r 44 2] [:r 44 2] [:r 44 2] [:r 44 2]]
2023-04-11 12:47:07,960{GMT}	INFO	[jepsen worker 8] jepsen.util: 8	:invoke	:txn	[[:r 44 nil] [:w 45 1] [:w 45 2] [:w 43 1]]
2023-04-11 12:47:07,964{GMT}	INFO	[jepsen worker 8] jepsen.arangodb.tests.rw-register: committed transaction 490
2023-04-11 12:47:07,964{GMT}	INFO	[jepsen worker 8] jepsen.util: 8	:ok	:txn	[[:r 44 2] [:w 45 1] [:w 45 2] [:w 43 1]]
2023-04-11 12:47:07,976{GMT}	INFO	[jepsen worker 9] jepsen.util: 9	:invoke	:txn	[[:w 45 3] [:r 44 nil] [:r 44 nil] [:r 44 nil] [:w 46 1]]
2023-04-11 12:47:07,980{GMT}	INFO	[jepsen worker 9] jepsen.arangodb.tests.rw-register: committed transaction 495
2023-04-11 12:47:07,981{GMT}	INFO	[jepsen worker 9] jepsen.util: 9	:ok	:txn	[[:w 45 3] [:r 44 2] [:r 44 2] [:r 44 2] [:w 46 1]]
2023-04-11 12:47:07,996{GMT}	INFO	[jepsen worker 10] jepsen.util: 10	:invoke	:txn	[[:r 46 nil] [:r 44 nil] [:r 46 nil] [:r 44 nil]]
2023-04-11 12:47:07,999{GMT}	INFO	[jepsen worker 10] jepsen.arangodb.tests.rw-register: committed transaction 501
2023-04-11 12:47:07,999{GMT}	INFO	[jepsen worker 10] jepsen.util: 10	:ok	:txn	[[:r 46 1] [:r 44 2] [:r 46 1] [:r 44 2]]
2023-04-11 12:47:08,159{GMT}	INFO	[jepsen worker 11] jepsen.util: 11	:invoke	:txn	[[:w 44 3] [:r 47 nil] [:w 47 1] [:r 43 nil] [:w 47 2] [:r 43 nil]]
2023-04-11 12:47:08,165{GMT}	INFO	[jepsen worker 11] jepsen.arangodb.tests.rw-register: committed transaction 506
2023-04-11 12:47:08,165{GMT}	INFO	[jepsen worker 11] jepsen.util: 11	:ok	:txn	[[:w 44 3] [:r 47 nil] [:w 47 1] [:r 43 1] [:w 47 2] [:r 43 1]]
2023-04-11 12:47:08,339{GMT}	INFO	[jepsen worker 12] jepsen.util: 12	:invoke	:txn	[[:w 47 3] [:r 47 nil] [:r 47 nil] [:r 46 nil]]
2023-04-11 12:47:08,344{GMT}	INFO	[jepsen worker 12] jepsen.arangodb.tests.rw-register: committed transaction 513
2023-04-11 12:47:08,344{GMT}	INFO	[jepsen worker 12] jepsen.util: 12	:ok	:txn	[[:w 47 3] [:r 47 3] [:r 47 3] [:r 46 1]]
2023-04-11 12:47:08,517{GMT}	INFO	[jepsen worker 13] jepsen.util: 13	:invoke	:txn	[[:w 46 2] [:r 48 nil] [:r 46 nil] [:r 46 nil] [:w 46 3] [:r 43 nil]]
2023-04-11 12:47:08,524{GMT}	INFO	[jepsen worker 13] jepsen.arangodb.tests.rw-register: committed transaction 518
2023-04-11 12:47:08,524{GMT}	INFO	[jepsen worker 13] jepsen.util: 13	:ok	:txn	[[:w 46 2] [:r 48 nil] [:r 46 2] [:r 46 2] [:w 46 3] [:r 43 1]]
2023-04-11 12:47:08,619{GMT}	INFO	[jepsen worker 14] jepsen.util: 14	:invoke	:txn	[[:r 46 nil] [:r 43 nil] [:w 48 1] [:r 48 nil] [:r 46 nil] [:w 48 2]]
2023-04-11 12:47:08,625{GMT}	INFO	[jepsen worker 14] jepsen.arangodb.tests.rw-register: committed transaction 525
2023-04-11 12:47:08,625{GMT}	INFO	[jepsen worker 14] jepsen.util: 14	:ok	:txn	[[:r 46 3] [:r 43 1] [:w 48 1] [:r 48 1] [:r 46 3] [:w 48 2]]
2023-04-11 12:47:08,640{GMT}	INFO	[jepsen worker 15] jepsen.util: 15	:invoke	:txn	[[:r 48 nil] [:r 48 nil] [:r 48 nil] [:r 48 nil] [:w 48 3]]
2023-04-11 12:47:08,644{GMT}	INFO	[jepsen worker 15] jepsen.arangodb.tests.rw-register: committed transaction 532
2023-04-11 12:47:08,644{GMT}	INFO	[jepsen worker 15] jepsen.util: 15	:ok	:txn	[[:r 48 2] [:r 48 2] [:r 48 2] [:r 48 2] [:w 48 3]]
2023-04-11 12:47:08,794{GMT}	INFO	[jepsen worker 16] jepsen.util: 16	:invoke	:txn	[[:w 50 1] [:w 50 2] [:r 43 nil] [:r 43 nil] [:r 32 nil] [:w 50 3] [:r 50 nil]]
2023-04-11 12:47:08,801{GMT}	INFO	[jepsen worker 16] jepsen.arangodb.tests.rw-register: committed transaction 538
2023-04-11 12:47:08,801{GMT}	INFO	[jepsen worker 16] jepsen.util: 16	:ok	:txn	[[:w 50 1] [:w 50 2] [:r 43 1] [:r 43 1] [:r 32 nil] [:w 50 3] [:r 50 3]]
2023-04-11 12:47:08,862{GMT}	INFO	[jepsen worker 17] jepsen.util: 17	:invoke	:txn	[[:r 43 nil] [:r 50 nil] [:r 50 nil] [:r 32 nil] [:w 43 2] [:r 50 nil] [:w 51 1] [:w 52 1]]
2023-04-11 12:47:08,868{GMT}	INFO	[jepsen worker 17] jepsen.arangodb.tests.rw-register: committed transaction 546
2023-04-11 12:47:08,868{GMT}	INFO	[jepsen worker 17] jepsen.util: 17	:ok	:txn	[[:r 43 1] [:r 50 3] [:r 50 3] [:r 32 nil] [:w 43 2] [:r 50 3] [:w 51 1] [:w 52 1]]
2023-04-11 12:47:09,001{GMT}	INFO	[jepsen worker 18] jepsen.util: 18	:invoke	:txn	[[:w 52 2] [:w 52 3] [:r 52 nil] [:r 49 nil]]
2023-04-11 12:47:09,005{GMT}	INFO	[jepsen worker 18] jepsen.arangodb.tests.rw-register: committed transaction 555
2023-04-11 12:47:09,005{GMT}	INFO	[jepsen worker 18] jepsen.util: 18	:ok	:txn	[[:w 52 2] [:w 52 3] [:r 52 3] [:r 49 nil]]
2023-04-11 12:47:09,166{GMT}	INFO	[jepsen worker 19] jepsen.util: 19	:invoke	:txn	[[:r 52 nil] [:r 32 nil] [:r 51 nil] [:r 52 nil] [:w 51 2] [:w 49 1] [:r 51 nil] [:w 53 1]]
2023-04-11 12:47:09,173{GMT}	INFO	[jepsen worker 19] jepsen.arangodb.tests.rw-register: committed transaction 560
2023-04-11 12:47:09,173{GMT}	INFO	[jepsen worker 19] jepsen.util: 19	:ok	:txn	[[:r 52 3] [:r 32 nil] [:r 51 1] [:r 52 3] [:w 51 2] [:w 49 1] [:r 51 2] [:w 53 1]]
2023-04-11 12:47:09,281{GMT}	INFO	[jepsen worker 0] jepsen.util: 0	:invoke	:txn	[[:r 51 nil] [:r 51 nil] [:r 51 nil] [:r 32 nil] [:w 53 2] [:w 53 3]]
2023-04-11 12:47:09,287{GMT}	INFO	[jepsen worker 0] jepsen.arangodb.tests.rw-register: committed transaction 569
2023-04-11 12:47:09,287{GMT}	INFO	[jepsen worker 0] jepsen.util: 0	:ok	:txn	[[:r 51 2] [:r 51 2] [:r 51 2] [:r 32 nil] [:w 53 2] [:w 53 3]]
2023-04-11 12:47:09,308{GMT}	INFO	[jepsen worker 0] jepsen.util: 0	:invoke	:txn	[[:r 53 nil] [:w 43 3] [:w 51 3] [:r 54 nil]]
2023-04-11 12:47:09,312{GMT}	INFO	[jepsen worker 0] jepsen.arangodb.tests.rw-register: committed transaction 576
2023-04-11 12:47:09,313{GMT}	INFO	[jepsen worker 0] jepsen.util: 0	:ok	:txn	[[:r 53 3] [:w 43 3] [:w 51 3] [:r 54 nil]]
2023-04-11 12:47:09,427{GMT}	INFO	[jepsen worker 1] jepsen.util: 1	:invoke	:txn	[[:r 54 nil] [:r 56 nil] [:r 54 nil] [:w 54 1] [:w 49 2]]
2023-04-11 12:47:09,433{GMT}	INFO	[jepsen worker 1] jepsen.arangodb.tests.rw-register: committed transaction 581
2023-04-11 12:47:09,433{GMT}	INFO	[jepsen worker 1] jepsen.util: 1	:ok	:txn	[[:r 54 nil] [:r 56 nil] [:r 54 nil] [:w 54 1] [:w 49 2]]
2023-04-11 12:47:09,483{GMT}	INFO	[jepsen worker 2] jepsen.util: 2	:invoke	:txn	[[:r 32 nil] [:w 56 1] [:r 54 nil] [:w 56 2]]
2023-04-11 12:47:09,487{GMT}	INFO	[jepsen worker 2] jepsen.arangodb.tests.rw-register: committed transaction 587
2023-04-11 12:47:09,488{GMT}	INFO	[jepsen worker 2] jepsen.util: 2	:ok	:txn	[[:r 32 nil] [:w 56 1] [:r 54 1] [:w 56 2]]
2023-04-11 12:47:09,644{GMT}	INFO	[jepsen worker 3] jepsen.util: 3	:invoke	:txn	[[:r 54 nil] [:w 56 3] [:r 54 nil] [:r 54 nil] [:r 56 nil] [:r 56 nil] [:w 55 1] [:w 54 2]]
2023-04-11 12:47:09,653{GMT}	INFO	[jepsen worker 3] jepsen.arangodb.tests.rw-register: committed transaction 592
2023-04-11 12:47:09,653{GMT}	INFO	[jepsen worker 3] jepsen.util: 3	:ok	:txn	[[:r 54 1] [:w 56 3] [:r 54 1] [:r 54 1] [:r 56 3] [:r 56 3] [:w 55 1] [:w 54 2]]
2023-04-11 12:47:09,685{GMT}	INFO	[jepsen worker 4] jepsen.util: 4	:invoke	:txn	[[:w 49 3] [:r 54 nil] [:w 57 1] [:w 55 2] [:w 55 3] [:w 54 3]]
2023-04-11 12:47:09,691{GMT}	INFO	[jepsen worker 4] jepsen.arangodb.tests.rw-register: committed transaction 601
2023-04-11 12:47:09,691{GMT}	INFO	[jepsen worker 4] jepsen.util: 4	:ok	:txn	[[:w 49 3] [:r 54 2] [:w 57 1] [:w 55 2] [:w 55 3] [:w 54 3]]
2023-04-11 12:47:09,797{GMT}	INFO	[jepsen worker 5] jepsen.util: 5	:invoke	:txn	[[:w 57 2] [:r 55 nil] [:w 32 1] [:r 54 nil] [:r 57 nil] [:r 57 nil] [:r 58 nil]]
2023-04-11 12:47:09,803{GMT}	INFO	[jepsen worker 5] jepsen.arangodb.tests.rw-register: committed transaction 608
2023-04-11 12:47:09,803{GMT}	INFO	[jepsen worker 5] jepsen.util: 5	:ok	:txn	[[:w 57 2] [:r 55 3] [:w 32 1] [:r 54 3] [:r 57 2] [:r 57 2] [:r 58 nil]]
2023-04-11 12:47:09,884{GMT}	INFO	[jepsen worker 6] jepsen.util: 6	:invoke	:txn	[[:r 55 nil] [:w 58 1] [:w 58 2] [:w 58 3]]
2023-04-11 12:47:09,887{GMT}	INFO	[jepsen worker 6] jepsen.arangodb.tests.rw-register: committed transaction 616
2023-04-11 12:47:09,888{GMT}	INFO	[jepsen worker 6] jepsen.util: 6	:ok	:txn	[[:r 55 3] [:w 58 1] [:w 58 2] [:w 58 3]]
2023-04-11 12:47:10,056{GMT}	INFO	[jepsen worker 7] jepsen.util: 7	:invoke	:txn	[[:r 57 nil] [:r 49 nil] [:r 58 nil] [:r 49 nil] [:r 59 nil]]
2023-04-11 12:47:10,061{GMT}	INFO	[jepsen worker 7] jepsen.arangodb.tests.rw-register: committed transaction 621
2023-04-11 12:47:10,061{GMT}	INFO	[jepsen worker 7] jepsen.util: 7	:ok	:txn	[[:r 57 2] [:r 49 3] [:r 58 3] [:r 49 3] [:r 59 nil]]
2023-04-11 12:47:10,106{GMT}	INFO	[jepsen worker 8] jepsen.util: 8	:invoke	:txn	[[:w 59 1] [:w 59 2] [:w 59 3] [:r 59 nil]]
2023-04-11 12:47:10,110{GMT}	INFO	[jepsen worker 8] jepsen.arangodb.tests.rw-register: committed transaction 627
2023-04-11 12:47:10,110{GMT}	INFO	[jepsen worker 8] jepsen.util: 8	:ok	:txn	[[:w 59 1] [:w 59 2] [:w 59 3] [:r 59 3]]
2023-04-11 12:47:10,193{GMT}	INFO	[jepsen worker 9] jepsen.util: 9	:invoke	:txn	[[:r 60 nil] [:w 57 3] [:r 60 nil] [:w 60 1]]
2023-04-11 12:47:10,197{GMT}	INFO	[jepsen worker 9] jepsen.arangodb.tests.rw-register: committed transaction 632
2023-04-11 12:47:10,197{GMT}	INFO	[jepsen worker 9] jepsen.util: 9	:ok	:txn	[[:r 60 nil] [:w 57 3] [:r 60 nil] [:w 60 1]]
2023-04-11 12:47:10,315{GMT}	INFO	[jepsen worker 10] jepsen.util: 10	:invoke	:txn	[[:w 60 2] [:r 62 nil] [:w 60 3] [:r 62 nil] [:r 60 nil]]
2023-04-11 12:47:10,319{GMT}	INFO	[jepsen worker 11] jepsen.util: 11	:invoke	:txn	[[:r 62 nil] [:r 60 nil] [:r 60 nil] [:w 62 1] [:r 61 nil]]
2023-04-11 12:47:10,320{GMT}	INFO	[jepsen worker 10] jepsen.arangodb.tests.rw-register: committed transaction 637
2023-04-11 12:47:10,320{GMT}	INFO	[jepsen worker 10] jepsen.util: 10	:ok	:txn	[[:w 60 2] [:r 62 nil] [:w 60 3] [:r 62 nil] [:r 60 3]]
2023-04-11 12:47:10,322{GMT}	INFO	[jepsen worker 11] jepsen.arangodb.tests.rw-register: committed transaction 643
2023-04-11 12:47:10,322{GMT}	INFO	[jepsen worker 11] jepsen.util: 11	:ok	:txn	[[:r 62 nil] [:r 60 1] [:r 60 1] [:w 62 1] [:r 61 nil]]
2023-04-11 12:47:10,473{GMT}	INFO	[jepsen worker 12] jepsen.util: 12	:invoke	:txn	[[:w 61 1] [:r 64 nil] [:w 61 2] [:w 64 1]]
2023-04-11 12:47:10,478{GMT}	INFO	[jepsen worker 12] jepsen.arangodb.tests.rw-register: committed transaction 649
2023-04-11 12:47:10,478{GMT}	INFO	[jepsen worker 12] jepsen.util: 12	:ok	:txn	[[:w 61 1] [:r 64 nil] [:w 61 2] [:w 64 1]]
2023-04-11 12:47:10,662{GMT}	INFO	[jepsen worker 13] jepsen.util: 13	:invoke	:txn	[[:w 32 2] [:r 64 nil] [:r 32 nil] [:r 62 nil] [:w 62 2]]
2023-04-11 12:47:10,667{GMT}	INFO	[jepsen worker 13] jepsen.arangodb.tests.rw-register: committed transaction 654
2023-04-11 12:47:10,668{GMT}	INFO	[jepsen worker 13] jepsen.util: 13	:ok	:txn	[[:w 32 2] [:r 64 1] [:r 32 2] [:r 62 1] [:w 62 2]]
2023-04-11 12:47:10,814{GMT}	INFO	[jepsen worker 14] jepsen.util: 14	:invoke	:txn	[[:r 64 nil] [:w 64 2] [:w 64 3] [:r 64 nil] [:r 63 nil] [:r 65 nil] [:r 65 nil]]
2023-04-11 12:47:10,820{GMT}	INFO	[jepsen worker 14] jepsen.arangodb.tests.rw-register: committed transaction 660
2023-04-11 12:47:10,820{GMT}	INFO	[jepsen worker 14] jepsen.util: 14	:ok	:txn	[[:r 64 1] [:w 64 2] [:w 64 3] [:r 64 3] [:r 63 nil] [:r 65 nil] [:r 65 nil]]
2023-04-11 12:47:10,886{GMT}	INFO	[jepsen worker 15] jepsen.util: 15	:invoke	:txn	[[:r 65 nil] [:w 65 1] [:r 65 nil] [:r 65 nil] [:w 62 3]]
2023-04-11 12:47:10,892{GMT}	INFO	[jepsen worker 15] jepsen.arangodb.tests.rw-register: committed transaction 668
2023-04-11 12:47:10,892{GMT}	INFO	[jepsen worker 15] jepsen.util: 15	:ok	:txn	[[:r 65 nil] [:w 65 1] [:r 65 1] [:r 65 1] [:w 62 3]]
2023-04-11 12:47:11,044{GMT}	INFO	[jepsen worker 16] jepsen.util: 16	:invoke	:txn	[[:w 65 2] [:r 62 nil] [:w 65 3] [:r 61 nil] [:r 66 nil] [:r 66 nil]]
2023-04-11 12:47:11,051{GMT}	INFO	[jepsen worker 16] jepsen.arangodb.tests.rw-register: committed transaction 674
2023-04-11 12:47:11,051{GMT}	INFO	[jepsen worker 16] jepsen.util: 16	:ok	:txn	[[:w 65 2] [:r 62 3] [:w 65 3] [:r 61 2] [:r 66 nil] [:r 66 nil]]
2023-04-11 12:47:11,092{GMT}	INFO	[jepsen worker 17] jepsen.util: 17	:invoke	:txn	[[:r 61 nil] [:w 66 1] [:w 66 2] [:r 66 nil] [:r 66 nil] [:r 66 nil] [:r 66 nil]]
2023-04-11 12:47:11,096{GMT}	INFO	[jepsen worker 17] jepsen.arangodb.tests.rw-register: committed transaction 681
2023-04-11 12:47:11,096{GMT}	INFO	[jepsen worker 17] jepsen.util: 17	:ok	:txn	[[:r 61 2] [:w 66 1] [:w 66 2] [:r 66 2] [:r 66 2] [:r 66 2] [:r 66 2]]
2023-04-11 12:47:11,119{GMT}	INFO	[jepsen worker 18] jepsen.util: 18	:invoke	:txn	[[:r 67 nil] [:w 66 3] [:r 61 nil] [:r 66 nil] [:w 63 1]]
2023-04-11 12:47:11,122{GMT}	INFO	[jepsen worker 18] jepsen.arangodb.tests.rw-register: committed transaction 689
2023-04-11 12:47:11,122{GMT}	INFO	[jepsen worker 18] jepsen.util: 18	:ok	:txn	[[:r 67 nil] [:w 66 3] [:r 61 2] [:r 66 3] [:w 63 1]]
2023-04-11 12:47:11,163{GMT}	INFO	[jepsen worker 19] jepsen.util: 19	:invoke	:txn	[[:r 66 nil] [:r 66 nil] [:r 67 nil] [:r 61 nil] [:r 61 nil] [:w 68 1]]
2023-04-11 12:47:11,167{GMT}	INFO	[jepsen worker 19] jepsen.arangodb.tests.rw-register: committed transaction 695
2023-04-11 12:47:11,167{GMT}	INFO	[jepsen worker 19] jepsen.util: 19	:ok	:txn	[[:r 66 3] [:r 66 3] [:r 67 nil] [:r 61 2] [:r 61 2] [:w 68 1]]
2023-04-11 12:47:11,351{GMT}	INFO	[jepsen worker 0] jepsen.util: 0	:invoke	:txn	[[:w 67 1] [:w 68 2] [:w 68 3] [:r 61 nil]]
2023-04-11 12:47:11,355{GMT}	INFO	[jepsen worker 0] jepsen.arangodb.tests.rw-register: committed transaction 702
2023-04-11 12:47:11,355{GMT}	INFO	[jepsen worker 0] jepsen.util: 0	:ok	:txn	[[:w 67 1] [:w 68 2] [:w 68 3] [:r 61 2]]
2023-04-11 12:47:11,491{GMT}	INFO	[jepsen worker 0] jepsen.util: 0	:invoke	:txn	[[:r 68 nil] [:r 32 nil] [:r 61 nil] [:w 69 1] [:r 63 nil]]
2023-04-11 12:47:11,496{GMT}	INFO	[jepsen worker 0] jepsen.arangodb.tests.rw-register: committed transaction 707
2023-04-11 12:47:11,497{GMT}	INFO	[jepsen worker 0] jepsen.util: 0	:ok	:txn	[[:r 68 3] [:r 32 2] [:r 61 2] [:w 69 1] [:r 63 1]]
2023-04-11 12:47:11,577{GMT}	INFO	[jepsen worker 1] jepsen.util: 1	:invoke	:txn	[[:r 69 nil] [:w 67 2] [:r 67 nil] [:w 67 3] [:r 67 nil] [:w 69 2] [:w 69 3]]
2023-04-11 12:47:11,583{GMT}	INFO	[jepsen worker 2] jepsen.util: 2	:invoke	:txn	[[:r 67 nil] [:r 61 nil] [:w 61 3] [:r 61 nil]]
2023-04-11 12:47:11,583{GMT}	INFO	[jepsen worker 1] jepsen.arangodb.tests.rw-register: committed transaction 713
2023-04-11 12:47:11,584{GMT}	INFO	[jepsen worker 1] jepsen.util: 1	:ok	:txn	[[:r 69 1] [:w 67 2] [:r 67 2] [:w 67 3] [:r 67 3] [:w 69 2] [:w 69 3]]
2023-04-11 12:47:11,586{GMT}	INFO	[jepsen worker 2] jepsen.arangodb.tests.rw-register: committed transaction 721
2023-04-11 12:47:11,587{GMT}	INFO	[jepsen worker 2] jepsen.util: 2	:ok	:txn	[[:r 67 3] [:r 61 2] [:w 61 3] [:r 61 3]]
2023-04-11 12:47:11,696{GMT}	INFO	[jepsen worker 3] jepsen.util: 3	:invoke	:txn	[[:r 70 nil] [:r 70 nil] [:w 63 2] [:w 70 1] [:w 70 2] [:r 32 nil] [:r 70 nil]]
2023-04-11 12:47:11,703{GMT}	INFO	[jepsen worker 3] jepsen.arangodb.tests.rw-register: committed transaction 726
2023-04-11 12:47:11,703{GMT}	INFO	[jepsen worker 3] jepsen.util: 3	:ok	:txn	[[:r 70 nil] [:r 70 nil] [:w 63 2] [:w 70 1] [:w 70 2] [:r 32 2] [:r 70 2]]
2023-04-11 12:47:11,895{GMT}	INFO	[jepsen worker 4] jepsen.util: 4	:invoke	:txn	[[:r 67 nil] [:w 70 3] [:r 67 nil] [:w 73 1] [:r 71 nil] [:w 73 2] [:w 71 1]]
2023-04-11 12:47:11,902{GMT}	INFO	[jepsen worker 4] jepsen.arangodb.tests.rw-register: committed transaction 734
2023-04-11 12:47:11,902{GMT}	INFO	[jepsen worker 4] jepsen.util: 4	:ok	:txn	[[:r 67 3] [:w 70 3] [:r 67 3] [:w 73 1] [:r 71 nil] [:w 73 2] [:w 71 1]]
2023-04-11 12:47:12,050{GMT}	INFO	[jepsen worker 5] jepsen.util: 5	:invoke	:txn	[[:r 71 nil] [:r 71 nil] [:w 73 3] [:w 71 2] [:w 71 3] [:r 73 nil] [:r 74 nil] [:r 74 nil]]
2023-04-11 12:47:12,057{GMT}	INFO	[jepsen worker 5] jepsen.arangodb.tests.rw-register: committed transaction 742
2023-04-11 12:47:12,057{GMT}	INFO	[jepsen worker 5] jepsen.util: 5	:ok	:txn	[[:r 71 1] [:r 71 1] [:w 73 3] [:w 71 2] [:w 71 3] [:r 73 3] [:r 74 nil] [:r 74 nil]]
2023-04-11 12:47:12,150{GMT}	INFO	[jepsen worker 6] jepsen.util: 6	:invoke	:txn	[[:r 63 nil] [:r 32 nil] [:w 74 1] [:w 63 3]]
2023-04-11 12:47:12,154{GMT}	INFO	[jepsen worker 6] jepsen.arangodb.tests.rw-register: committed transaction 751
2023-04-11 12:47:12,154{GMT}	INFO	[jepsen worker 6] jepsen.util: 6	:ok	:txn	[[:r 63 2] [:r 32 2] [:w 74 1] [:w 63 3]]
2023-04-11 12:47:12,253{GMT}	INFO	[jepsen worker 7] jepsen.util: 7	:invoke	:txn	[[:r 72 nil] [:w 74 2] [:r 74 nil] [:r 74 nil] [:w 74 3] [:r 76 nil] [:r 76 nil]]
2023-04-11 12:47:12,259{GMT}	INFO	[jepsen worker 7] jepsen.arangodb.tests.rw-register: committed transaction 756
2023-04-11 12:47:12,260{GMT}	INFO	[jepsen worker 7] jepsen.util: 7	:ok	:txn	[[:r 72 nil] [:w 74 2] [:r 74 2] [:r 74 2] [:w 74 3] [:r 76 nil] [:r 76 nil]]
2023-04-11 12:47:12,413{GMT}	INFO	[jepsen worker 8] jepsen.util: 8	:invoke	:txn	[[:r 76 nil] [:w 76 1] [:w 75 1] [:w 75 2] [:r 75 nil] [:w 75 3] [:w 76 2] [:w 76 3]]
2023-04-11 12:47:12,421{GMT}	INFO	[jepsen worker 8] jepsen.arangodb.tests.rw-register: committed transaction 764
2023-04-11 12:47:12,421{GMT}	INFO	[jepsen worker 8] jepsen.util: 8	:ok	:txn	[[:r 76 nil] [:w 76 1] [:w 75 1] [:w 75 2] [:r 75 2] [:w 75 3] [:w 76 2] [:w 76 3]]
2023-04-11 12:47:12,560{GMT}	INFO	[jepsen worker 9] jepsen.util: 9	:invoke	:txn	[[:r 76 nil] [:r 76 nil] [:r 72 nil] [:w 77 1] [:r 77 nil] [:r 77 nil] [:w 78 1]]
2023-04-11 12:47:12,565{GMT}	INFO	[jepsen worker 9] jepsen.arangodb.tests.rw-register: committed transaction 773
2023-04-11 12:47:12,565{GMT}	INFO	[jepsen worker 9] jepsen.util: 9	:ok	:txn	[[:r 76 3] [:r 76 3] [:r 72 nil] [:w 77 1] [:r 77 1] [:r 77 1] [:w 78 1]]
2023-04-11 12:47:12,667{GMT}	INFO	[jepsen worker 10] jepsen.util: 10	:invoke	:txn	[[:w 77 2] [:w 77 3] [:r 77 nil] [:w 79 1] [:r 79 nil] [:w 78 2]]
2023-04-11 12:47:12,673{GMT}	INFO	[jepsen worker 11] jepsen.util: 11	:invoke	:txn	[[:r 72 nil] [:r 79 nil] [:r 79 nil] [:w 72 1] [:r 79 nil] [:r 79 nil] [:r 78 nil]]
2023-04-11 12:47:12,674{GMT}	INFO	[jepsen worker 10] jepsen.arangodb.tests.rw-register: committed transaction 781
2023-04-11 12:47:12,674{GMT}	INFO	[jepsen worker 10] jepsen.util: 10	:ok	:txn	[[:w 77 2] [:w 77 3] [:r 77 3] [:w 79 1] [:r 79 1] [:w 78 2]]
2023-04-11 12:47:12,677{GMT}	INFO	[jepsen worker 11] jepsen.arangodb.tests.rw-register: committed transaction 788
2023-04-11 12:47:12,677{GMT}	INFO	[jepsen worker 11] jepsen.util: 11	:ok	:txn	[[:r 72 nil] [:r 79 1] [:r 79 1] [:w 72 1] [:r 79 1] [:r 79 1] [:r 78 2]]
2023-04-11 12:47:12,695{GMT}	INFO	[real-pmap 0] jepsen.arangodb.tests.rw-register: Downloading WAL entries to  store/current/wal.log ...
2023-04-11 12:47:12,785{GMT}	INFO	[real-pmap 0] jepsen.arangodb.tests.rw-register: WAL entries downloaded
2023-04-11 12:47:12,786{GMT}	INFO	[real-pmap 0] jepsen.arangodb.tests.rw-register: Connection closed
2023-04-11 12:47:12,786{GMT}	INFO	[jepsen test runner] jepsen.core: Run complete, writing
2023-04-11 12:47:12,826{GMT}	INFO	[jepsen test runner] jepsen.core: Snarfing log files
2023-04-11 12:47:12,836{GMT}	INFO	[jepsen node 192.168.56.101] jepsen.core: downloading /home/vagrant/arangodb.log to arangodb.log
2023-04-11 12:47:13,014{GMT}	INFO	[jepsen test runner] jepsen.core: Snarfing log files
2023-04-11 12:47:13,020{GMT}	INFO	[jepsen node 192.168.56.101] jepsen.core: downloading /home/vagrant/arangodb.log to arangodb.log
2023-04-11 12:47:13,185{GMT}	INFO	[jepsen node 192.168.56.101] jepsen.arangodb.utils.support: 192.168.56.101 tearing down arangodb
2023-04-11 12:47:13,186{GMT}	INFO	[jepsen node 192.168.56.101] jepsen.control.util: Stopping arangodb
2023-04-11 12:47:13,342{GMT}	INFO	[jepsen node 192.168.56.101] jepsen.arangodb.utils.support: processes [8516 8529] killed
2023-04-11 12:47:13,454{GMT}	INFO	[jepsen test runner] jepsen.core: Analyzing...
2023-04-11 12:47:13,568{GMT}	INFO	[jepsen test runner] jepsen.core: Analysis complete
2023-04-11 12:47:13,570{GMT}	INFO	[jepsen results] jepsen.store: Wrote /home/jasonqiu98/thesis-workspace-new/jepsen.arangodb.single/store/arangodb-rw-register-test/20230411T124640.891+0200/results.edn
2023-04-11 12:47:13,582{GMT}	INFO	[jepsen test runner] jepsen.core: {:rw {:valid? true},
 :perf {:latency-graph {:valid? true},
        :rate-graph {:valid? true},
        :valid? true},
 :timeline {:valid? true},
 :valid? true}


Everything looks good! ヽ(‘ー`)ノ
