{"tick":"74","type":1100,"db":"rwRegister","data":{"id":"94","name":"rwRegister","isSystem":false}}
{"tick":"89","db":"rwRegister","cuid":"h93E1A82983B2/133","type":2000,"data":{"allowUserKeys":true,"cacheEnabled":false,"cid":"133","deleted":false,"globallyUniqueId":"h93E1A82983B2/133","id":"133","indexes":[{"fields":["_key"],"id":"0","name":"primary","sparse":false,"type":"primary","unique":true}],"internalValidatorType":0,"isDisjoint":false,"isSmart":false,"isSmartChild":false,"isSystem":false,"keyOptions":{"allowUserKeys":true,"lastValue":0,"type":"traditional"},"minReplicationFactor":1,"name":"rwCol","numberOfShards":1,"planId":"133","replicationFactor":1,"schema":null,"shardKeys":["_key"],"shards":{},"status":3,"syncByRevision":true,"type":2,"usesRevisionsAsDocumentIds":true,"version":9,"waitForSync":false,"writeConcern":1}}
{"tick":"94","type":2200,"tid":"137","db":"rwRegister"}
{"tick":"94","type":2300,"db":"rwRegister","cuid":"h93E1A82983B2/133","tid":"137","data":{"_key":"3","_id":"rwCol/3","_rev":"_f09rE22---","rwAttr":1}}
{"tick":"96","type":2300,"db":"rwRegister","cuid":"h93E1A82983B2/133","tid":"137","data":{"_key":"4","_id":"rwCol/4","_rev":"_f09rE3O---","rwAttr":1}}
{"tick":"97","type":2201,"tid":"137","db":"rwRegister"}
{"tick":"98","type":2200,"tid":"144","db":"rwRegister"}
{"tick":"99","type":2300,"db":"rwRegister","cuid":"h93E1A82983B2/133","tid":"144","data":{"_key":"4","_id":"rwCol/4","_rev":"_f09rF_W---","rwAttr":2}}
{"tick":"102","type":2300,"db":"rwRegister","cuid":"h93E1A82983B2/133","tid":"144","data":{"_key":"4","_id":"rwCol/4","_rev":"_f09rF_a---","rwAttr":3}}
{"tick":"104","type":2300,"db":"rwRegister","cuid":"h93E1A82983B2/133","tid":"144","data":{"_key":"1","_id":"rwCol/1","_rev":"_f09rF_e---","rwAttr":1}}
{"tick":"106","type":2300,"db":"rwRegister","cuid":"h93E1A82983B2/133","tid":"144","data":{"_key":"2","_id":"rwCol/2","_rev":"_f09rF_e--_","rwAttr":1}}
{"tick":"107","type":2201,"tid":"144","db":"rwRegister"}
{"tick":"108","type":2200,"tid":"151","db":"rwRegister"}
{"tick":"109","type":2300,"db":"rwRegister","cuid":"h93E1A82983B2/133","tid":"151","data":{"_key":"3","_id":"rwCol/3","_rev":"_f09rFG2---","rwAttr":2}}
{"tick":"110","type":2201,"tid":"151","db":"rwRegister"}
{"tick":"111","type":2200,"tid":"156","db":"rwRegister"}
{"tick":"112","type":2300,"db":"rwRegister","cuid":"h93E1A82983B2/133","tid":"156","data":{"_key":"3","_id":"rwCol/3","_rev":"_f09rFJu---","rwAttr":3}}
{"tick":"114","type":2300,"db":"rwRegister","cuid":"h93E1A82983B2/133","tid":"156","data":{"_key":"5","_id":"rwCol/5","_rev":"_f09rFJ6---","rwAttr":1}}
{"tick":"115","type":2201,"tid":"156","db":"rwRegister"}
{"tick":"116","type":2200,"tid":"165","db":"rwRegister"}
{"tick":"116","type":2300,"db":"rwRegister","cuid":"h93E1A82983B2/133","tid":"165","data":{"_key":"6","_id":"rwCol/6","_rev":"_f09rFPy---","rwAttr":1}}
{"tick":"119","type":2300,"db":"rwRegister","cuid":"h93E1A82983B2/133","tid":"165","data":{"_key":"6","_id":"rwCol/6","_rev":"_f09rFQ----","rwAttr":2}}
{"tick":"122","type":2300,"db":"rwRegister","cuid":"h93E1A82983B2/133","tid":"165","data":{"_key":"5","_id":"rwCol/5","_rev":"_f09rFQC---","rwAttr":2}}
{"tick":"123","type":2201,"tid":"165","db":"rwRegister"}
{"tick":"124","type":2200,"tid":"173","db":"rwRegister"}
{"tick":"125","type":2300,"db":"rwRegister","cuid":"h93E1A82983B2/133","tid":"173","data":{"_key":"5","_id":"rwCol/5","_rev":"_f09rFYe---","rwAttr":3}}
{"tick":"127","type":2300,"db":"rwRegister","cuid":"h93E1A82983B2/133","tid":"173","data":{"_key":"7","_id":"rwCol/7","_rev":"_f09rFYm---","rwAttr":1}}
{"tick":"130","type":2300,"db":"rwRegister","cuid":"h93E1A82983B2/133","tid":"173","data":{"_key":"6","_id":"rwCol/6","_rev":"_f09rFYq---","rwAttr":3}}
{"tick":"131","type":2201,"tid":"173","db":"rwRegister"}
{"tick":"132","type":2200,"tid":"180","db":"rwRegister"}
{"tick":"133","type":2300,"db":"rwRegister","cuid":"h93E1A82983B2/133","tid":"180","data":{"_key":"7","_id":"rwCol/7","_rev":"_f09rFbK---","rwAttr":2}}
{"tick":"136","type":2300,"db":"rwRegister","cuid":"h93E1A82983B2/133","tid":"180","data":{"_key":"7","_id":"rwCol/7","_rev":"_f09rFbO---","rwAttr":3}}
{"tick":"137","type":2201,"tid":"180","db":"rwRegister"}
{"tick":"138","type":2200,"tid":"185","db":"rwRegister"}
{"tick":"138","type":2300,"db":"rwRegister","cuid":"h93E1A82983B2/133","tid":"185","data":{"_key":"8","_id":"rwCol/8","_rev":"_f09rFce---","rwAttr":1}}
{"tick":"139","type":2201,"tid":"185","db":"rwRegister"}
{"tick":"140","type":2200,"tid":"190","db":"rwRegister"}
{"tick":"141","type":2300,"db":"rwRegister","cuid":"h93E1A82983B2/133","tid":"190","data":{"_key":"1","_id":"rwCol/1","_rev":"_f09rFie---","rwAttr":2}}
{"tick":"144","type":2300,"db":"rwRegister","cuid":"h93E1A82983B2/133","tid":"190","data":{"_key":"8","_id":"rwCol/8","_rev":"_f09rFii---","rwAttr":2}}
{"tick":"147","type":2300,"db":"rwRegister","cuid":"h93E1A82983B2/133","tid":"190","data":{"_key":"8","_id":"rwCol/8","_rev":"_f09rFim---","rwAttr":3}}
{"tick":"148","type":2201,"tid":"190","db":"rwRegister"}
{"tick":"149","type":2200,"tid":"196","db":"rwRegister"}
{"tick":"149","type":2300,"db":"rwRegister","cuid":"h93E1A82983B2/133","tid":"196","data":{"_key":"9","_id":"rwCol/9","_rev":"_f09rFr----","rwAttr":1}}
{"tick":"152","type":2300,"db":"rwRegister","cuid":"h93E1A82983B2/133","tid":"196","data":{"_key":"9","_id":"rwCol/9","_rev":"_f09rFrG---","rwAttr":2}}
{"tick":"155","type":2300,"db":"rwRegister","cuid":"h93E1A82983B2/133","tid":"196","data":{"_key":"2","_id":"rwCol/2","_rev":"_f09rFrG--_","rwAttr":2}}
{"tick":"156","type":2201,"tid":"196","db":"rwRegister"}
{"tick":"157","type":2200,"tid":"205","db":"rwRegister"}
{"tick":"158","type":2300,"db":"rwRegister","cuid":"h93E1A82983B2/133","tid":"205","data":{"_key":"9","_id":"rwCol/9","_rev":"_f09rF2e---","rwAttr":3}}
{"tick":"159","type":2201,"tid":"205","db":"rwRegister"}
{"tick":"160","type":2200,"tid":"210","db":"rwRegister"}
{"tick":"160","type":2300,"db":"rwRegister","cuid":"h93E1A82983B2/133","tid":"210","data":{"_key":"10","_id":"rwCol/10","_rev":"_f09rG-y---","rwAttr":1}}
{"tick":"161","type":2201,"tid":"210","db":"rwRegister"}
{"tick":"162","type":2200,"tid":"215","db":"rwRegister"}
{"tick":"162","type":2300,"db":"rwRegister","cuid":"h93E1A82983B2/133","tid":"215","data":{"_key":"11","_id":"rwCol/11","_rev":"_f09rG_e---","rwAttr":1}}
{"tick":"163","type":2201,"tid":"215","db":"rwRegister"}
{"tick":"164","type":2200,"tid":"220","db":"rwRegister"}
{"tick":"165","type":2300,"db":"rwRegister","cuid":"h93E1A82983B2/133","tid":"220","data":{"_key":"11","_id":"rwCol/11","_rev":"_f09rGCO---","rwAttr":2}}
{"tick":"168","type":2300,"db":"rwRegister","cuid":"h93E1A82983B2/133","tid":"220","data":{"_key":"11","_id":"rwCol/11","_rev":"_f09rGCS---","rwAttr":3}}
{"tick":"171","type":2300,"db":"rwRegister","cuid":"h93E1A82983B2/133","tid":"220","data":{"_key":"10","_id":"rwCol/10","_rev":"_f09rGCW---","rwAttr":2}}
{"tick":"173","type":2300,"db":"rwRegister","cuid":"h93E1A82983B2/133","tid":"220","data":{"_key":"12","_id":"rwCol/12","_rev":"_f09rGCW--_","rwAttr":1}}
{"tick":"174","type":2201,"tid":"220","db":"rwRegister"}
{"tick":"175","type":2200,"tid":"227","db":"rwRegister"}
{"tick":"176","type":2300,"db":"rwRegister","cuid":"h93E1A82983B2/133","tid":"227","data":{"_key":"10","_id":"rwCol/10","_rev":"_f09rGMq---","rwAttr":3}}
{"tick":"179","type":2300,"db":"rwRegister","cuid":"h93E1A82983B2/133","tid":"227","data":{"_key":"12","_id":"rwCol/12","_rev":"_f09rGMu---","rwAttr":2}}
{"tick":"182","type":2300,"db":"rwRegister","cuid":"h93E1A82983B2/133","tid":"227","data":{"_key":"12","_id":"rwCol/12","_rev":"_f09rGMy---","rwAttr":3}}
{"tick":"183","type":2201,"tid":"227","db":"rwRegister"}
{"tick":"184","type":2200,"tid":"234","db":"rwRegister"}
{"tick":"185","type":2300,"db":"rwRegister","cuid":"h93E1A82983B2/133","tid":"234","data":{"_key":"1","_id":"rwCol/1","_rev":"_f09rGSu---","rwAttr":3}}
{"tick":"187","type":2300,"db":"rwRegister","cuid":"h93E1A82983B2/133","tid":"234","data":{"_key":"14","_id":"rwCol/14","_rev":"_f09rGSy---","rwAttr":1}}
{"tick":"190","type":2300,"db":"rwRegister","cuid":"h93E1A82983B2/133","tid":"234","data":{"_key":"14","_id":"rwCol/14","_rev":"_f09rGS2---","rwAttr":2}}
{"tick":"193","type":2300,"db":"rwRegister","cuid":"h93E1A82983B2/133","tid":"234","data":{"_key":"14","_id":"rwCol/14","_rev":"_f09rGS6---","rwAttr":3}}
{"tick":"194","type":2201,"tid":"234","db":"rwRegister"}
{"tick":"195","type":2200,"tid":"243","db":"rwRegister"}
{"tick":"195","type":2300,"db":"rwRegister","cuid":"h93E1A82983B2/133","tid":"243","data":{"_key":"15","_id":"rwCol/15","_rev":"_f09rGa2---","rwAttr":1}}
{"tick":"197","type":2300,"db":"rwRegister","cuid":"h93E1A82983B2/133","tid":"243","data":{"_key":"0","_id":"rwCol/0","_rev":"_f09rGb----","rwAttr":1}}
{"tick":"198","type":2201,"tid":"243","db":"rwRegister"}
{"tick":"199","type":2200,"tid":"252","db":"rwRegister"}
{"tick":"200","type":2300,"db":"rwRegister","cuid":"h93E1A82983B2/133","tid":"252","data":{"_key":"15","_id":"rwCol/15","_rev":"_f09rGbq---","rwAttr":2}}
{"tick":"203","type":2300,"db":"rwRegister","cuid":"h93E1A82983B2/133","tid":"252","data":{"_key":"15","_id":"rwCol/15","_rev":"_f09rGbu---","rwAttr":3}}
{"tick":"205","type":2300,"db":"rwRegister","cuid":"h93E1A82983B2/133","tid":"252","data":{"_key":"13","_id":"rwCol/13","_rev":"_f09rGby---","rwAttr":1}}
{"tick":"208","type":2300,"db":"rwRegister","cuid":"h93E1A82983B2/133","tid":"252","data":{"_key":"13","_id":"rwCol/13","_rev":"_f09rGb2---","rwAttr":2}}
{"tick":"209","type":2201,"tid":"252","db":"rwRegister"}
{"tick":"216","type":2200,"tid":"261","db":"rwRegister"}
{"tick":"217","type":2300,"db":"rwRegister","cuid":"h93E1A82983B2/133","tid":"261","data":{"_key":"2","_id":"rwCol/2","_rev":"_f09rGlm---","rwAttr":3}}
{"tick":"218","type":2201,"tid":"261","db":"rwRegister"}
{"tick":"219","type":2200,"tid":"268","db":"rwRegister"}
{"tick":"220","type":2300,"db":"rwRegister","cuid":"h93E1A82983B2/133","tid":"268","data":{"_key":"13","_id":"rwCol/13","_rev":"_f09rGwy---","rwAttr":3}}
{"tick":"222","type":2300,"db":"rwRegister","cuid":"h93E1A82983B2/133","tid":"268","data":{"_key":"16","_id":"rwCol/16","_rev":"_f09rGw6---","rwAttr":1}}
{"tick":"224","type":2300,"db":"rwRegister","cuid":"h93E1A82983B2/133","tid":"268","data":{"_key":"18","_id":"rwCol/18","_rev":"_f09rGw6--_","rwAttr":1}}
{"tick":"227","type":2300,"db":"rwRegister","cuid":"h93E1A82983B2/133","tid":"268","data":{"_key":"16","_id":"rwCol/16","_rev":"_f09rGx----","rwAttr":2}}
{"tick":"228","type":2201,"tid":"268","db":"rwRegister"}
{"tick":"229","type":2200,"tid":"276","db":"rwRegister"}
{"tick":"230","type":2300,"db":"rwRegister","cuid":"h93E1A82983B2/133","tid":"276","data":{"_key":"16","_id":"rwCol/16","_rev":"_f09rG7C---","rwAttr":3}}
{"tick":"232","type":2300,"db":"rwRegister","cuid":"h93E1A82983B2/133","tid":"276","data":{"_key":"17","_id":"rwCol/17","_rev":"_f09rG7G---","rwAttr":1}}
{"tick":"233","type":2201,"tid":"276","db":"rwRegister"}
{"tick":"234","type":2200,"tid":"282","db":"rwRegister"}
{"tick":"235","type":2300,"db":"rwRegister","cuid":"h93E1A82983B2/133","tid":"282","data":{"_key":"17","_id":"rwCol/17","_rev":"_f09rHD----","rwAttr":2}}
{"tick":"238","type":2300,"db":"rwRegister","cuid":"h93E1A82983B2/133","tid":"282","data":{"_key":"17","_id":"rwCol/17","_rev":"_f09rHDC---","rwAttr":3}}
{"tick":"241","type":2300,"db":"rwRegister","cuid":"h93E1A82983B2/133","tid":"282","data":{"_key":"0","_id":"rwCol/0","_rev":"_f09rHDG---","rwAttr":2}}
{"tick":"242","type":2201,"tid":"282","db":"rwRegister"}
{"tick":"243","type":2200,"tid":"289","db":"rwRegister"}
{"tick":"244","type":2300,"db":"rwRegister","cuid":"h93E1A82983B2/133","tid":"289","data":{"_key":"18","_id":"rwCol/18","_rev":"_f09rHK6---","rwAttr":2}}
{"tick":"246","type":2300,"db":"rwRegister","cuid":"h93E1A82983B2/133","tid":"289","data":{"_key":"20","_id":"rwCol/20","_rev":"_f09rHLC---","rwAttr":1}}
{"tick":"249","type":2300,"db":"rwRegister","cuid":"h93E1A82983B2/133","tid":"289","data":{"_key":"20","_id":"rwCol/20","_rev":"_f09rHLK---","rwAttr":2}}
{"tick":"252","type":2300,"db":"rwRegister","cuid":"h93E1A82983B2/133","tid":"289","data":{"_key":"20","_id":"rwCol/20","_rev":"_f09rHLK--_","rwAttr":3}}
{"tick":"254","type":2300,"db":"rwRegister","cuid":"h93E1A82983B2/133","tid":"289","data":{"_key":"22","_id":"rwCol/22","_rev":"_f09rHLO---","rwAttr":1}}
{"tick":"255","type":2201,"tid":"289","db":"rwRegister"}
{"tick":"256","type":2200,"tid":"298","db":"rwRegister"}
{"tick":"257","type":2300,"db":"rwRegister","cuid":"h93E1A82983B2/133","tid":"298","data":{"_key":"18","_id":"rwCol/18","_rev":"_f09rHVy---","rwAttr":3}}
{"tick":"259","type":2300,"db":"rwRegister","cuid":"h93E1A82983B2/133","tid":"298","data":{"_key":"21","_id":"rwCol/21","_rev":"_f09rHV6---","rwAttr":1}}
{"tick":"262","type":2300,"db":"rwRegister","cuid":"h93E1A82983B2/133","tid":"298","data":{"_key":"21","_id":"rwCol/21","_rev":"_f09rHV6--_","rwAttr":2}}
{"tick":"263","type":2201,"tid":"298","db":"rwRegister"}
{"tick":"264","type":2200,"tid":"304","db":"rwRegister"}
{"tick":"265","type":2300,"db":"rwRegister","cuid":"h93E1A82983B2/133","tid":"304","data":{"_key":"22","_id":"rwCol/22","_rev":"_f09rHYS---","rwAttr":2}}
{"tick":"268","type":2300,"db":"rwRegister","cuid":"h93E1A82983B2/133","tid":"304","data":{"_key":"22","_id":"rwCol/22","_rev":"_f09rHYa---","rwAttr":3}}
{"tick":"269","type":2201,"tid":"304","db":"rwRegister"}
{"tick":"270","type":2200,"tid":"311","db":"rwRegister"}
{"tick":"271","type":2300,"db":"rwRegister","cuid":"h93E1A82983B2/133","tid":"311","data":{"_key":"21","_id":"rwCol/21","_rev":"_f09rHdS---","rwAttr":3}}
{"tick":"272","type":2201,"tid":"311","db":"rwRegister"}
{"tick":"279","type":2200,"tid":"320","db":"rwRegister"}
{"tick":"279","type":2300,"db":"rwRegister","cuid":"h93E1A82983B2/133","tid":"320","data":{"_key":"23","_id":"rwCol/23","_rev":"_f09rHoy---","rwAttr":1}}
{"tick":"280","type":2201,"tid":"320","db":"rwRegister"}
{"tick":"281","type":2200,"tid":"326","db":"rwRegister"}
{"tick":"282","type":2300,"db":"rwRegister","cuid":"h93E1A82983B2/133","tid":"326","data":{"_key":"23","_id":"rwCol/23","_rev":"_f09rHte---","rwAttr":2}}
{"tick":"284","type":2300,"db":"rwRegister","cuid":"h93E1A82983B2/133","tid":"326","data":{"_key":"24","_id":"rwCol/24","_rev":"_f09rHti---","rwAttr":1}}
{"tick":"285","type":2201,"tid":"326","db":"rwRegister"}
{"tick":"286","type":2200,"tid":"334","db":"rwRegister"}
{"tick":"286","type":2300,"db":"rwRegister","cuid":"h93E1A82983B2/133","tid":"334","data":{"_key":"25","_id":"rwCol/25","_rev":"_f09rH3q---","rwAttr":1}}
{"tick":"289","type":2300,"db":"rwRegister","cuid":"h93E1A82983B2/133","tid":"334","data":{"_key":"25","_id":"rwCol/25","_rev":"_f09rH3u---","rwAttr":2}}
{"tick":"292","type":2300,"db":"rwRegister","cuid":"h93E1A82983B2/133","tid":"334","data":{"_key":"25","_id":"rwCol/25","_rev":"_f09rH3y---","rwAttr":3}}
{"tick":"294","type":2300,"db":"rwRegister","cuid":"h93E1A82983B2/133","tid":"334","data":{"_key":"26","_id":"rwCol/26","_rev":"_f09rH32---","rwAttr":1}}
{"tick":"295","type":2201,"tid":"334","db":"rwRegister"}
{"tick":"296","type":2200,"tid":"340","db":"rwRegister"}
{"tick":"297","type":2300,"db":"rwRegister","cuid":"h93E1A82983B2/133","tid":"340","data":{"_key":"26","_id":"rwCol/26","_rev":"_f09rIAW---","rwAttr":2}}
{"tick":"300","type":2300,"db":"rwRegister","cuid":"h93E1A82983B2/133","tid":"340","data":{"_key":"26","_id":"rwCol/26","_rev":"_f09rIAe---","rwAttr":3}}
{"tick":"302","type":2300,"db":"rwRegister","cuid":"h93E1A82983B2/133","tid":"340","data":{"_key":"27","_id":"rwCol/27","_rev":"_f09rIAi---","rwAttr":1}}
{"tick":"303","type":2201,"tid":"340","db":"rwRegister"}
{"tick":"304","type":2200,"tid":"348","db":"rwRegister"}
{"tick":"305","type":2300,"db":"rwRegister","cuid":"h93E1A82983B2/133","tid":"348","data":{"_key":"27","_id":"rwCol/27","_rev":"_f09rICu---","rwAttr":2}}
{"tick":"308","type":2300,"db":"rwRegister","cuid":"h93E1A82983B2/133","tid":"348","data":{"_key":"0","_id":"rwCol/0","_rev":"_f09rICu--_","rwAttr":3}}
{"tick":"311","type":2300,"db":"rwRegister","cuid":"h93E1A82983B2/133","tid":"348","data":{"_key":"27","_id":"rwCol/27","_rev":"_f09rICy---","rwAttr":3}}
{"tick":"314","type":2300,"db":"rwRegister","cuid":"h93E1A82983B2/133","tid":"348","data":{"_key":"24","_id":"rwCol/24","_rev":"_f09rIC2---","rwAttr":2}}
{"tick":"316","type":2300,"db":"rwRegister","cuid":"h93E1A82983B2/133","tid":"348","data":{"_key":"28","_id":"rwCol/28","_rev":"_f09rIC6---","rwAttr":1}}
{"tick":"317","type":2201,"tid":"348","db":"rwRegister"}
{"tick":"318","type":2200,"tid":"357","db":"rwRegister"}
{"tick":"319","type":2300,"db":"rwRegister","cuid":"h93E1A82983B2/133","tid":"357","data":{"_key":"28","_id":"rwCol/28","_rev":"_f09rIO----","rwAttr":2}}
{"tick":"322","type":2300,"db":"rwRegister","cuid":"h93E1A82983B2/133","tid":"357","data":{"_key":"28","_id":"rwCol/28","_rev":"_f09rIOG---","rwAttr":3}}
{"tick":"323","type":2201,"tid":"357","db":"rwRegister"}
{"tick":"324","type":2200,"tid":"365","db":"rwRegister"}
{"tick":"325","type":2300,"db":"rwRegister","cuid":"h93E1A82983B2/133","tid":"365","data":{"_key":"24","_id":"rwCol/24","_rev":"_f09rIZ2---","rwAttr":3}}
{"tick":"326","type":2201,"tid":"365","db":"rwRegister"}
{"tick":"327","type":2200,"tid":"371","db":"rwRegister"}
{"tick":"327","type":2300,"db":"rwRegister","cuid":"h93E1A82983B2/133","tid":"371","data":{"_key":"29","_id":"rwCol/29","_rev":"_f09rIdu---","rwAttr":1}}
{"tick":"330","type":2300,"db":"rwRegister","cuid":"h93E1A82983B2/133","tid":"371","data":{"_key":"29","_id":"rwCol/29","_rev":"_f09rIdu--_","rwAttr":2}}
{"tick":"333","type":2300,"db":"rwRegister","cuid":"h93E1A82983B2/133","tid":"371","data":{"_key":"29","_id":"rwCol/29","_rev":"_f09rIdy---","rwAttr":3}}
{"tick":"335","type":2300,"db":"rwRegister","cuid":"h93E1A82983B2/133","tid":"371","data":{"_key":"30","_id":"rwCol/30","_rev":"_f09rId6---","rwAttr":1}}
{"tick":"336","type":2201,"tid":"371","db":"rwRegister"}
{"tick":"337","type":2200,"tid":"387","db":"rwRegister"}
{"tick":"338","type":2300,"db":"rwRegister","cuid":"h93E1A82983B2/133","tid":"387","data":{"_key":"30","_id":"rwCol/30","_rev":"_f09rIjS---","rwAttr":2}}
{"tick":"341","type":2300,"db":"rwRegister","cuid":"h93E1A82983B2/133","tid":"387","data":{"_key":"30","_id":"rwCol/30","_rev":"_f09rIja---","rwAttr":3}}
{"tick":"343","type":2300,"db":"rwRegister","cuid":"h93E1A82983B2/133","tid":"387","data":{"_key":"31","_id":"rwCol/31","_rev":"_f09rIja--_","rwAttr":1}}
{"tick":"344","type":2201,"tid":"387","db":"rwRegister"}
{"tick":"345","type":2200,"tid":"395","db":"rwRegister"}
{"tick":"346","type":2300,"db":"rwRegister","cuid":"h93E1A82983B2/133","tid":"395","data":{"_key":"31","_id":"rwCol/31","_rev":"_f09rIlu---","rwAttr":2}}
{"tick":"348","type":2300,"db":"rwRegister","cuid":"h93E1A82983B2/133","tid":"395","data":{"_key":"33","_id":"rwCol/33","_rev":"_f09rIlu--_","rwAttr":1}}
{"tick":"349","type":2201,"tid":"395","db":"rwRegister"}
{"tick":"350","type":2200,"tid":"401","db":"rwRegister"}
{"tick":"351","type":2300,"db":"rwRegister","cuid":"h93E1A82983B2/133","tid":"401","data":{"_key":"31","_id":"rwCol/31","_rev":"_f09rIw2---","rwAttr":3}}
{"tick":"354","type":2300,"db":"rwRegister","cuid":"h93E1A82983B2/133","tid":"401","data":{"_key":"33","_id":"rwCol/33","_rev":"_f09rIw6---","rwAttr":2}}
{"tick":"357","type":2300,"db":"rwRegister","cuid":"h93E1A82983B2/133","tid":"401","data":{"_key":"33","_id":"rwCol/33","_rev":"_f09rIw6--_","rwAttr":3}}
{"tick":"359","type":2300,"db":"rwRegister","cuid":"h93E1A82983B2/133","tid":"401","data":{"_key":"34","_id":"rwCol/34","_rev":"_f09rIx----","rwAttr":1}}
{"tick":"360","type":2201,"tid":"401","db":"rwRegister"}
{"tick":"361","type":2200,"tid":"408","db":"rwRegister"}
{"tick":"362","type":2300,"db":"rwRegister","cuid":"h93E1A82983B2/133","tid":"408","data":{"_key":"34","_id":"rwCol/34","_rev":"_f09rI5----","rwAttr":2}}
{"tick":"365","type":2300,"db":"rwRegister","cuid":"h93E1A82983B2/133","tid":"408","data":{"_key":"34","_id":"rwCol/34","_rev":"_f09rI5C---","rwAttr":3}}
{"tick":"366","type":2201,"tid":"408","db":"rwRegister"}
{"tick":"376","type":2200,"tid":"415","db":"rwRegister"}
{"tick":"376","type":2300,"db":"rwRegister","cuid":"h93E1A82983B2/133","tid":"415","data":{"_key":"35","_id":"rwCol/35","_rev":"_f09rI7m---","rwAttr":1}}
{"tick":"378","type":2300,"db":"rwRegister","cuid":"h93E1A82983B2/133","tid":"415","data":{"_key":"19","_id":"rwCol/19","_rev":"_f09rI7m--_","rwAttr":1}}
{"tick":"381","type":2300,"db":"rwRegister","cuid":"h93E1A82983B2/133","tid":"415","data":{"_key":"35","_id":"rwCol/35","_rev":"_f09rI7q---","rwAttr":2}}
{"tick":"382","type":2201,"tid":"415","db":"rwRegister"}
{"tick":"383","type":2200,"tid":"423","db":"rwRegister"}
{"tick":"384","type":2300,"db":"rwRegister","cuid":"h93E1A82983B2/133","tid":"423","data":{"_key":"35","_id":"rwCol/35","_rev":"_f09rI8G---","rwAttr":3}}
{"tick":"387","type":2300,"db":"rwRegister","cuid":"h93E1A82983B2/133","tid":"423","data":{"_key":"19","_id":"rwCol/19","_rev":"_f09rI8O---","rwAttr":2}}
{"tick":"389","type":2300,"db":"rwRegister","cuid":"h93E1A82983B2/133","tid":"423","data":{"_key":"36","_id":"rwCol/36","_rev":"_f09rI8W---","rwAttr":1}}
{"tick":"392","type":2300,"db":"rwRegister","cuid":"h93E1A82983B2/133","tid":"423","data":{"_key":"36","_id":"rwCol/36","_rev":"_f09rI8W--_","rwAttr":2}}
{"tick":"393","type":2201,"tid":"423","db":"rwRegister"}
{"tick":"394","type":2200,"tid":"431","db":"rwRegister"}
{"tick":"395","type":2300,"db":"rwRegister","cuid":"h93E1A82983B2/133","tid":"431","data":{"_key":"23","_id":"rwCol/23","_rev":"_f09rJ-----","rwAttr":3}}
{"tick":"398","type":2300,"db":"rwRegister","cuid":"h93E1A82983B2/133","tid":"431","data":{"_key":"36","_id":"rwCol/36","_rev":"_f09rJ-K---","rwAttr":3}}
{"tick":"400","type":2300,"db":"rwRegister","cuid":"h93E1A82983B2/133","tid":"431","data":{"_key":"37","_id":"rwCol/37","_rev":"_f09rJ-O---","rwAttr":1}}
{"tick":"401","type":2201,"tid":"431","db":"rwRegister"}
{"tick":"402","type":2200,"tid":"439","db":"rwRegister"}
{"tick":"403","type":2300,"db":"rwRegister","cuid":"h93E1A82983B2/133","tid":"439","data":{"_key":"37","_id":"rwCol/37","_rev":"_f09rJEW---","rwAttr":2}}
{"tick":"404","type":2201,"tid":"439","db":"rwRegister"}
{"tick":"405","type":2200,"tid":"445","db":"rwRegister"}
{"tick":"405","type":2300,"db":"rwRegister","cuid":"h93E1A82983B2/133","tid":"445","data":{"_key":"38","_id":"rwCol/38","_rev":"_f09rJOC---","rwAttr":1}}
{"tick":"408","type":2300,"db":"rwRegister","cuid":"h93E1A82983B2/133","tid":"445","data":{"_key":"38","_id":"rwCol/38","_rev":"_f09rJOC--_","rwAttr":2}}
{"tick":"411","type":2300,"db":"rwRegister","cuid":"h93E1A82983B2/133","tid":"445","data":{"_key":"37","_id":"rwCol/37","_rev":"_f09rJOG---","rwAttr":3}}
{"tick":"412","type":2201,"tid":"445","db":"rwRegister"}
{"tick":"413","type":2200,"tid":"451","db":"rwRegister"}
{"tick":"413","type":2300,"db":"rwRegister","cuid":"h93E1A82983B2/133","tid":"451","data":{"_key":"39","_id":"rwCol/39","_rev":"_f09rJYC---","rwAttr":1}}
{"tick":"416","type":2300,"db":"rwRegister","cuid":"h93E1A82983B2/133","tid":"451","data":{"_key":"39","_id":"rwCol/39","_rev":"_f09rJYG---","rwAttr":2}}
{"tick":"419","type":2300,"db":"rwRegister","cuid":"h93E1A82983B2/133","tid":"451","data":{"_key":"38","_id":"rwCol/38","_rev":"_f09rJYK---","rwAttr":3}}
{"tick":"422","type":2300,"db":"rwRegister","cuid":"h93E1A82983B2/133","tid":"451","data":{"_key":"39","_id":"rwCol/39","_rev":"_f09rJYK--_","rwAttr":3}}
{"tick":"424","type":2300,"db":"rwRegister","cuid":"h93E1A82983B2/133","tid":"451","data":{"_key":"40","_id":"rwCol/40","_rev":"_f09rJYO---","rwAttr":1}}
{"tick":"427","type":2300,"db":"rwRegister","cuid":"h93E1A82983B2/133","tid":"451","data":{"_key":"40","_id":"rwCol/40","_rev":"_f09rJYS---","rwAttr":2}}
{"tick":"428","type":2201,"tid":"451","db":"rwRegister"}
{"tick":"429","type":2200,"tid":"459","db":"rwRegister"}
{"tick":"429","type":2300,"db":"rwRegister","cuid":"h93E1A82983B2/133","tid":"459","data":{"_key":"41","_id":"rwCol/41","_rev":"_f09rJYe---","rwAttr":1}}
{"tick":"432","type":2300,"db":"rwRegister","cuid":"h93E1A82983B2/133","tid":"459","data":{"_key":"41","_id":"rwCol/41","_rev":"_f09rJYi---","rwAttr":2}}
{"tick":"435","type":2300,"db":"rwRegister","cuid":"h93E1A82983B2/133","tid":"459","data":{"_key":"41","_id":"rwCol/41","_rev":"_f09rJYi--_","rwAttr":3}}
{"tick":"436","type":2201,"tid":"459","db":"rwRegister"}
{"tick":"437","type":2200,"tid":"466","db":"rwRegister"}
{"tick":"438","type":2300,"db":"rwRegister","cuid":"h93E1A82983B2/133","tid":"466","data":{"_key":"40","_id":"rwCol/40","_rev":"_f09rJhm---","rwAttr":3}}
{"tick":"440","type":2300,"db":"rwRegister","cuid":"h93E1A82983B2/133","tid":"466","data":{"_key":"42","_id":"rwCol/42","_rev":"_f09rJhq---","rwAttr":1}}
{"tick":"443","type":2300,"db":"rwRegister","cuid":"h93E1A82983B2/133","tid":"466","data":{"_key":"42","_id":"rwCol/42","_rev":"_f09rJhq--_","rwAttr":2}}
{"tick":"446","type":2300,"db":"rwRegister","cuid":"h93E1A82983B2/133","tid":"466","data":{"_key":"19","_id":"rwCol/19","_rev":"_f09rJhu---","rwAttr":3}}
{"tick":"447","type":2201,"tid":"466","db":"rwRegister"}
{"tick":"448","type":2200,"tid":"475","db":"rwRegister"}
{"tick":"449","type":2300,"db":"rwRegister","cuid":"h93E1A82983B2/133","tid":"475","data":{"_key":"42","_id":"rwCol/42","_rev":"_f09rJl6---","rwAttr":3}}
{"tick":"450","type":2201,"tid":"475","db":"rwRegister"}
{"tick":"451","type":2200,"tid":"480","db":"rwRegister"}
{"tick":"451","type":2300,"db":"rwRegister","cuid":"h93E1A82983B2/133","tid":"480","data":{"_key":"44","_id":"rwCol/44","_rev":"_f09rJpS---","rwAttr":1}}
{"tick":"454","type":2300,"db":"rwRegister","cuid":"h93E1A82983B2/133","tid":"480","data":{"_key":"44","_id":"rwCol/44","_rev":"_f09rJpW---","rwAttr":2}}
{"tick":"455","type":2201,"tid":"480","db":"rwRegister"}
{"tick":"456","type":2200,"tid":"490","db":"rwRegister"}
{"tick":"456","type":2300,"db":"rwRegister","cuid":"h93E1A82983B2/133","tid":"490","data":{"_key":"45","_id":"rwCol/45","_rev":"_f09rJ4K---","rwAttr":1}}
{"tick":"459","type":2300,"db":"rwRegister","cuid":"h93E1A82983B2/133","tid":"490","data":{"_key":"45","_id":"rwCol/45","_rev":"_f09rJ4K--_","rwAttr":2}}
{"tick":"461","type":2300,"db":"rwRegister","cuid":"h93E1A82983B2/133","tid":"490","data":{"_key":"43","_id":"rwCol/43","_rev":"_f09rJ4O---","rwAttr":1}}
{"tick":"462","type":2201,"tid":"490","db":"rwRegister"}
{"tick":"463","type":2200,"tid":"495","db":"rwRegister"}
{"tick":"464","type":2300,"db":"rwRegister","cuid":"h93E1A82983B2/133","tid":"495","data":{"_key":"45","_id":"rwCol/45","_rev":"_f09rJ5G---","rwAttr":3}}
{"tick":"466","type":2300,"db":"rwRegister","cuid":"h93E1A82983B2/133","tid":"495","data":{"_key":"46","_id":"rwCol/46","_rev":"_f09rJ5O---","rwAttr":1}}
{"tick":"467","type":2201,"tid":"495","db":"rwRegister"}
{"tick":"468","type":2200,"tid":"506","db":"rwRegister"}
{"tick":"469","type":2300,"db":"rwRegister","cuid":"h93E1A82983B2/133","tid":"506","data":{"_key":"44","_id":"rwCol/44","_rev":"_f09rKEi---","rwAttr":3}}
{"tick":"471","type":2300,"db":"rwRegister","cuid":"h93E1A82983B2/133","tid":"506","data":{"_key":"47","_id":"rwCol/47","_rev":"_f09rKEq---","rwAttr":1}}
{"tick":"474","type":2300,"db":"rwRegister","cuid":"h93E1A82983B2/133","tid":"506","data":{"_key":"47","_id":"rwCol/47","_rev":"_f09rKEu---","rwAttr":2}}
{"tick":"475","type":2201,"tid":"506","db":"rwRegister"}
{"tick":"476","type":2200,"tid":"513","db":"rwRegister"}
{"tick":"477","type":2300,"db":"rwRegister","cuid":"h93E1A82983B2/133","tid":"513","data":{"_key":"47","_id":"rwCol/47","_rev":"_f09rKPy---","rwAttr":3}}
{"tick":"478","type":2201,"tid":"513","db":"rwRegister"}
{"tick":"479","type":2200,"tid":"518","db":"rwRegister"}
{"tick":"480","type":2300,"db":"rwRegister","cuid":"h93E1A82983B2/133","tid":"518","data":{"_key":"46","_id":"rwCol/46","_rev":"_f09rKa6---","rwAttr":2}}
{"tick":"483","type":2300,"db":"rwRegister","cuid":"h93E1A82983B2/133","tid":"518","data":{"_key":"46","_id":"rwCol/46","_rev":"_f09rKbK---","rwAttr":3}}
{"tick":"484","type":2201,"tid":"518","db":"rwRegister"}
{"tick":"485","type":2200,"tid":"525","db":"rwRegister"}
{"tick":"485","type":2300,"db":"rwRegister","cuid":"h93E1A82983B2/133","tid":"525","data":{"_key":"48","_id":"rwCol/48","_rev":"_f09rKha---","rwAttr":1}}
{"tick":"488","type":2300,"db":"rwRegister","cuid":"h93E1A82983B2/133","tid":"525","data":{"_key":"48","_id":"rwCol/48","_rev":"_f09rKhi---","rwAttr":2}}
{"tick":"489","type":2201,"tid":"525","db":"rwRegister"}
{"tick":"490","type":2200,"tid":"532","db":"rwRegister"}
{"tick":"491","type":2300,"db":"rwRegister","cuid":"h93E1A82983B2/133","tid":"532","data":{"_key":"48","_id":"rwCol/48","_rev":"_f09rKiq---","rwAttr":3}}
{"tick":"492","type":2201,"tid":"532","db":"rwRegister"}
{"tick":"493","type":2200,"tid":"538","db":"rwRegister"}
{"tick":"493","type":2300,"db":"rwRegister","cuid":"h93E1A82983B2/133","tid":"538","data":{"_key":"50","_id":"rwCol/50","_rev":"_f09rKsO---","rwAttr":1}}
{"tick":"496","type":2300,"db":"rwRegister","cuid":"h93E1A82983B2/133","tid":"538","data":{"_key":"50","_id":"rwCol/50","_rev":"_f09rKsS---","rwAttr":2}}
{"tick":"499","type":2300,"db":"rwRegister","cuid":"h93E1A82983B2/133","tid":"538","data":{"_key":"50","_id":"rwCol/50","_rev":"_f09rKse---","rwAttr":3}}
{"tick":"500","type":2201,"tid":"538","db":"rwRegister"}
{"tick":"501","type":2200,"tid":"546","db":"rwRegister"}
{"tick":"502","type":2300,"db":"rwRegister","cuid":"h93E1A82983B2/133","tid":"546","data":{"_key":"43","_id":"rwCol/43","_rev":"_f09rKwm---","rwAttr":2}}
{"tick":"504","type":2300,"db":"rwRegister","cuid":"h93E1A82983B2/133","tid":"546","data":{"_key":"51","_id":"rwCol/51","_rev":"_f09rKwq---","rwAttr":1}}
{"tick":"506","type":2300,"db":"rwRegister","cuid":"h93E1A82983B2/133","tid":"546","data":{"_key":"52","_id":"rwCol/52","_rev":"_f09rKwu---","rwAttr":1}}
{"tick":"507","type":2201,"tid":"546","db":"rwRegister"}
{"tick":"508","type":2200,"tid":"555","db":"rwRegister"}
{"tick":"509","type":2300,"db":"rwRegister","cuid":"h93E1A82983B2/133","tid":"555","data":{"_key":"52","_id":"rwCol/52","_rev":"_f09rK5K---","rwAttr":2}}
{"tick":"512","type":2300,"db":"rwRegister","cuid":"h93E1A82983B2/133","tid":"555","data":{"_key":"52","_id":"rwCol/52","_rev":"_f09rK5K--_","rwAttr":3}}
{"tick":"513","type":2201,"tid":"555","db":"rwRegister"}
{"tick":"514","type":2200,"tid":"560","db":"rwRegister"}
{"tick":"515","type":2300,"db":"rwRegister","cuid":"h93E1A82983B2/133","tid":"560","data":{"_key":"51","_id":"rwCol/51","_rev":"_f09rLDq---","rwAttr":2}}
{"tick":"517","type":2300,"db":"rwRegister","cuid":"h93E1A82983B2/133","tid":"560","data":{"_key":"49","_id":"rwCol/49","_rev":"_f09rLDq--_","rwAttr":1}}
{"tick":"519","type":2300,"db":"rwRegister","cuid":"h93E1A82983B2/133","tid":"560","data":{"_key":"53","_id":"rwCol/53","_rev":"_f09rLDu---","rwAttr":1}}
{"tick":"520","type":2201,"tid":"560","db":"rwRegister"}
{"tick":"521","type":2200,"tid":"569","db":"rwRegister"}
{"tick":"522","type":2300,"db":"rwRegister","cuid":"h93E1A82983B2/133","tid":"569","data":{"_key":"53","_id":"rwCol/53","_rev":"_f09rLKy---","rwAttr":2}}
{"tick":"525","type":2300,"db":"rwRegister","cuid":"h93E1A82983B2/133","tid":"569","data":{"_key":"53","_id":"rwCol/53","_rev":"_f09rLK2---","rwAttr":3}}
{"tick":"526","type":2201,"tid":"569","db":"rwRegister"}
{"tick":"527","type":2200,"tid":"576","db":"rwRegister"}
{"tick":"528","type":2300,"db":"rwRegister","cuid":"h93E1A82983B2/133","tid":"576","data":{"_key":"43","_id":"rwCol/43","_rev":"_f09rLMa---","rwAttr":3}}
{"tick":"531","type":2300,"db":"rwRegister","cuid":"h93E1A82983B2/133","tid":"576","data":{"_key":"51","_id":"rwCol/51","_rev":"_f09rLMa--_","rwAttr":3}}
{"tick":"532","type":2201,"tid":"576","db":"rwRegister"}
{"tick":"533","type":2200,"tid":"581","db":"rwRegister"}
{"tick":"533","type":2300,"db":"rwRegister","cuid":"h93E1A82983B2/133","tid":"581","data":{"_key":"54","_id":"rwCol/54","_rev":"_f09rLT6---","rwAttr":1}}
{"tick":"536","type":2300,"db":"rwRegister","cuid":"h93E1A82983B2/133","tid":"581","data":{"_key":"49","_id":"rwCol/49","_rev":"_f09rLU----","rwAttr":2}}
{"tick":"537","type":2201,"tid":"581","db":"rwRegister"}
{"tick":"543","type":2200,"tid":"587","db":"rwRegister"}
{"tick":"543","type":2300,"db":"rwRegister","cuid":"h93E1A82983B2/133","tid":"587","data":{"_key":"56","_id":"rwCol/56","_rev":"_f09rLXS---","rwAttr":1}}
{"tick":"546","type":2300,"db":"rwRegister","cuid":"h93E1A82983B2/133","tid":"587","data":{"_key":"56","_id":"rwCol/56","_rev":"_f09rLXa---","rwAttr":2}}
{"tick":"547","type":2201,"tid":"587","db":"rwRegister"}
{"tick":"548","type":2200,"tid":"592","db":"rwRegister"}
{"tick":"549","type":2300,"db":"rwRegister","cuid":"h93E1A82983B2/133","tid":"592","data":{"_key":"56","_id":"rwCol/56","_rev":"_f09rLhe---","rwAttr":3}}
{"tick":"551","type":2300,"db":"rwRegister","cuid":"h93E1A82983B2/133","tid":"592","data":{"_key":"55","_id":"rwCol/55","_rev":"_f09rLhq---","rwAttr":1}}
{"tick":"554","type":2300,"db":"rwRegister","cuid":"h93E1A82983B2/133","tid":"592","data":{"_key":"54","_id":"rwCol/54","_rev":"_f09rLhu---","rwAttr":2}}
{"tick":"555","type":2201,"tid":"592","db":"rwRegister"}
{"tick":"556","type":2200,"tid":"601","db":"rwRegister"}
{"tick":"557","type":2300,"db":"rwRegister","cuid":"h93E1A82983B2/133","tid":"601","data":{"_key":"49","_id":"rwCol/49","_rev":"_f09rLj6---","rwAttr":3}}
{"tick":"559","type":2300,"db":"rwRegister","cuid":"h93E1A82983B2/133","tid":"601","data":{"_key":"57","_id":"rwCol/57","_rev":"_f09rLk----","rwAttr":1}}
{"tick":"562","type":2300,"db":"rwRegister","cuid":"h93E1A82983B2/133","tid":"601","data":{"_key":"55","_id":"rwCol/55","_rev":"_f09rLkC---","rwAttr":2}}
{"tick":"565","type":2300,"db":"rwRegister","cuid":"h93E1A82983B2/133","tid":"601","data":{"_key":"55","_id":"rwCol/55","_rev":"_f09rLkG---","rwAttr":3}}
{"tick":"568","type":2300,"db":"rwRegister","cuid":"h93E1A82983B2/133","tid":"601","data":{"_key":"54","_id":"rwCol/54","_rev":"_f09rLkG--_","rwAttr":3}}
{"tick":"569","type":2201,"tid":"601","db":"rwRegister"}
{"tick":"570","type":2200,"tid":"608","db":"rwRegister"}
{"tick":"571","type":2300,"db":"rwRegister","cuid":"h93E1A82983B2/133","tid":"608","data":{"_key":"57","_id":"rwCol/57","_rev":"_f09rLq6---","rwAttr":2}}
{"tick":"573","type":2300,"db":"rwRegister","cuid":"h93E1A82983B2/133","tid":"608","data":{"_key":"32","_id":"rwCol/32","_rev":"_f09rLr----","rwAttr":1}}
{"tick":"574","type":2201,"tid":"608","db":"rwRegister"}
{"tick":"575","type":2200,"tid":"616","db":"rwRegister"}
{"tick":"575","type":2300,"db":"rwRegister","cuid":"h93E1A82983B2/133","tid":"616","data":{"_key":"58","_id":"rwCol/58","_rev":"_f09rLwW---","rwAttr":1}}
{"tick":"578","type":2300,"db":"rwRegister","cuid":"h93E1A82983B2/133","tid":"616","data":{"_key":"58","_id":"rwCol/58","_rev":"_f09rLwa---","rwAttr":2}}
{"tick":"581","type":2300,"db":"rwRegister","cuid":"h93E1A82983B2/133","tid":"616","data":{"_key":"58","_id":"rwCol/58","_rev":"_f09rLwa--_","rwAttr":3}}
{"tick":"582","type":2201,"tid":"616","db":"rwRegister"}
{"tick":"583","type":2200,"tid":"627","db":"rwRegister"}
{"tick":"583","type":2300,"db":"rwRegister","cuid":"h93E1A82983B2/133","tid":"627","data":{"_key":"59","_id":"rwCol/59","_rev":"_f09rM-O---","rwAttr":1}}
{"tick":"586","type":2300,"db":"rwRegister","cuid":"h93E1A82983B2/133","tid":"627","data":{"_key":"59","_id":"rwCol/59","_rev":"_f09rM-S---","rwAttr":2}}
{"tick":"589","type":2300,"db":"rwRegister","cuid":"h93E1A82983B2/133","tid":"627","data":{"_key":"59","_id":"rwCol/59","_rev":"_f09rM-S--_","rwAttr":3}}
{"tick":"590","type":2201,"tid":"627","db":"rwRegister"}
{"tick":"591","type":2200,"tid":"632","db":"rwRegister"}
{"tick":"592","type":2300,"db":"rwRegister","cuid":"h93E1A82983B2/133","tid":"632","data":{"_key":"57","_id":"rwCol/57","_rev":"_f09rMDq---","rwAttr":3}}
{"tick":"594","type":2300,"db":"rwRegister","cuid":"h93E1A82983B2/133","tid":"632","data":{"_key":"60","_id":"rwCol/60","_rev":"_f09rMDu---","rwAttr":1}}
{"tick":"595","type":2201,"tid":"632","db":"rwRegister"}
{"tick":"596","type":2200,"tid":"637","db":"rwRegister"}
{"tick":"597","type":2300,"db":"rwRegister","cuid":"h93E1A82983B2/133","tid":"637","data":{"_key":"60","_id":"rwCol/60","_rev":"_f09rMLS---","rwAttr":2}}
{"tick":"600","type":2300,"db":"rwRegister","cuid":"h93E1A82983B2/133","tid":"637","data":{"_key":"60","_id":"rwCol/60","_rev":"_f09rMLW---","rwAttr":3}}
{"tick":"601","type":2201,"tid":"637","db":"rwRegister"}
{"tick":"602","type":2200,"tid":"643","db":"rwRegister"}
{"tick":"602","type":2300,"db":"rwRegister","cuid":"h93E1A82983B2/133","tid":"643","data":{"_key":"62","_id":"rwCol/62","_rev":"_f09rMLm---","rwAttr":1}}
{"tick":"603","type":2201,"tid":"643","db":"rwRegister"}
{"tick":"604","type":2200,"tid":"649","db":"rwRegister"}
{"tick":"604","type":2300,"db":"rwRegister","cuid":"h93E1A82983B2/133","tid":"649","data":{"_key":"61","_id":"rwCol/61","_rev":"_f09rMVK---","rwAttr":1}}
{"tick":"607","type":2300,"db":"rwRegister","cuid":"h93E1A82983B2/133","tid":"649","data":{"_key":"61","_id":"rwCol/61","_rev":"_f09rMVO---","rwAttr":2}}
{"tick":"609","type":2300,"db":"rwRegister","cuid":"h93E1A82983B2/133","tid":"649","data":{"_key":"64","_id":"rwCol/64","_rev":"_f09rMVS---","rwAttr":1}}
{"tick":"610","type":2201,"tid":"649","db":"rwRegister"}
{"tick":"611","type":2200,"tid":"654","db":"rwRegister"}
{"tick":"612","type":2300,"db":"rwRegister","cuid":"h93E1A82983B2/133","tid":"654","data":{"_key":"32","_id":"rwCol/32","_rev":"_f09rMh----","rwAttr":2}}
{"tick":"615","type":2300,"db":"rwRegister","cuid":"h93E1A82983B2/133","tid":"654","data":{"_key":"62","_id":"rwCol/62","_rev":"_f09rMhK---","rwAttr":2}}
{"tick":"616","type":2201,"tid":"654","db":"rwRegister"}
{"tick":"617","type":2200,"tid":"660","db":"rwRegister"}
{"tick":"618","type":2300,"db":"rwRegister","cuid":"h93E1A82983B2/133","tid":"660","data":{"_key":"64","_id":"rwCol/64","_rev":"_f09rMqe---","rwAttr":2}}
{"tick":"621","type":2300,"db":"rwRegister","cuid":"h93E1A82983B2/133","tid":"660","data":{"_key":"64","_id":"rwCol/64","_rev":"_f09rMqi---","rwAttr":3}}
{"tick":"622","type":2201,"tid":"660","db":"rwRegister"}
{"tick":"623","type":2200,"tid":"668","db":"rwRegister"}
{"tick":"623","type":2300,"db":"rwRegister","cuid":"h93E1A82983B2/133","tid":"668","data":{"_key":"65","_id":"rwCol/65","_rev":"_f09rMvC---","rwAttr":1}}
{"tick":"626","type":2300,"db":"rwRegister","cuid":"h93E1A82983B2/133","tid":"668","data":{"_key":"62","_id":"rwCol/62","_rev":"_f09rMvK---","rwAttr":3}}
{"tick":"627","type":2201,"tid":"668","db":"rwRegister"}
{"tick":"628","type":2200,"tid":"674","db":"rwRegister"}
{"tick":"629","type":2300,"db":"rwRegister","cuid":"h93E1A82983B2/133","tid":"674","data":{"_key":"65","_id":"rwCol/65","_rev":"_f09rM42---","rwAttr":2}}
{"tick":"632","type":2300,"db":"rwRegister","cuid":"h93E1A82983B2/133","tid":"674","data":{"_key":"65","_id":"rwCol/65","_rev":"_f09rM5----","rwAttr":3}}
{"tick":"633","type":2201,"tid":"674","db":"rwRegister"}
{"tick":"634","type":2200,"tid":"681","db":"rwRegister"}
{"tick":"634","type":2300,"db":"rwRegister","cuid":"h93E1A82983B2/133","tid":"681","data":{"_key":"66","_id":"rwCol/66","_rev":"_f09rM72---","rwAttr":1}}
{"tick":"637","type":2300,"db":"rwRegister","cuid":"h93E1A82983B2/133","tid":"681","data":{"_key":"66","_id":"rwCol/66","_rev":"_f09rM76---","rwAttr":2}}
{"tick":"638","type":2201,"tid":"681","db":"rwRegister"}
{"tick":"639","type":2200,"tid":"689","db":"rwRegister"}
{"tick":"640","type":2300,"db":"rwRegister","cuid":"h93E1A82983B2/133","tid":"689","data":{"_key":"66","_id":"rwCol/66","_rev":"_f09rM9i---","rwAttr":3}}
{"tick":"642","type":2300,"db":"rwRegister","cuid":"h93E1A82983B2/133","tid":"689","data":{"_key":"63","_id":"rwCol/63","_rev":"_f09rM9m---","rwAttr":1}}
{"tick":"643","type":2201,"tid":"689","db":"rwRegister"}
{"tick":"644","type":2200,"tid":"695","db":"rwRegister"}
{"tick":"644","type":2300,"db":"rwRegister","cuid":"h93E1A82983B2/133","tid":"695","data":{"_key":"68","_id":"rwCol/68","_rev":"_f09rNAa---","rwAttr":1}}
{"tick":"645","type":2201,"tid":"695","db":"rwRegister"}
{"tick":"646","type":2200,"tid":"702","db":"rwRegister"}
{"tick":"646","type":2300,"db":"rwRegister","cuid":"h93E1A82983B2/133","tid":"702","data":{"_key":"67","_id":"rwCol/67","_rev":"_f09rNM----","rwAttr":1}}
{"tick":"649","type":2300,"db":"rwRegister","cuid":"h93E1A82983B2/133","tid":"702","data":{"_key":"68","_id":"rwCol/68","_rev":"_f09rNMC---","rwAttr":2}}
{"tick":"652","type":2300,"db":"rwRegister","cuid":"h93E1A82983B2/133","tid":"702","data":{"_key":"68","_id":"rwCol/68","_rev":"_f09rNMG---","rwAttr":3}}
{"tick":"653","type":2201,"tid":"702","db":"rwRegister"}
{"tick":"654","type":2200,"tid":"707","db":"rwRegister"}
{"tick":"654","type":2300,"db":"rwRegister","cuid":"h93E1A82983B2/133","tid":"707","data":{"_key":"69","_id":"rwCol/69","_rev":"_f09rNU6---","rwAttr":1}}
{"tick":"655","type":2201,"tid":"707","db":"rwRegister"}
{"tick":"656","type":2200,"tid":"713","db":"rwRegister"}
{"tick":"657","type":2300,"db":"rwRegister","cuid":"h93E1A82983B2/133","tid":"713","data":{"_key":"67","_id":"rwCol/67","_rev":"_f09rNaK---","rwAttr":2}}
{"tick":"660","type":2300,"db":"rwRegister","cuid":"h93E1A82983B2/133","tid":"713","data":{"_key":"67","_id":"rwCol/67","_rev":"_f09rNaS---","rwAttr":3}}
{"tick":"663","type":2300,"db":"rwRegister","cuid":"h93E1A82983B2/133","tid":"713","data":{"_key":"69","_id":"rwCol/69","_rev":"_f09rNaa---","rwAttr":2}}
{"tick":"666","type":2300,"db":"rwRegister","cuid":"h93E1A82983B2/133","tid":"713","data":{"_key":"69","_id":"rwCol/69","_rev":"_f09rNaa--_","rwAttr":3}}
{"tick":"667","type":2201,"tid":"713","db":"rwRegister"}
{"tick":"668","type":2200,"tid":"721","db":"rwRegister"}
{"tick":"669","type":2300,"db":"rwRegister","cuid":"h93E1A82983B2/133","tid":"721","data":{"_key":"61","_id":"rwCol/61","_rev":"_f09rNam---","rwAttr":3}}
{"tick":"670","type":2201,"tid":"721","db":"rwRegister"}
{"tick":"671","type":2200,"tid":"726","db":"rwRegister"}
{"tick":"672","type":2300,"db":"rwRegister","cuid":"h93E1A82983B2/133","tid":"726","data":{"_key":"63","_id":"rwCol/63","_rev":"_f09rNhq---","rwAttr":2}}
{"tick":"674","type":2300,"db":"rwRegister","cuid":"h93E1A82983B2/133","tid":"726","data":{"_key":"70","_id":"rwCol/70","_rev":"_f09rNhu---","rwAttr":1}}
{"tick":"677","type":2300,"db":"rwRegister","cuid":"h93E1A82983B2/133","tid":"726","data":{"_key":"70","_id":"rwCol/70","_rev":"_f09rNhy---","rwAttr":2}}
{"tick":"678","type":2201,"tid":"726","db":"rwRegister"}
{"tick":"679","type":2200,"tid":"734","db":"rwRegister"}
{"tick":"680","type":2300,"db":"rwRegister","cuid":"h93E1A82983B2/133","tid":"734","data":{"_key":"70","_id":"rwCol/70","_rev":"_f09rNuG---","rwAttr":3}}
{"tick":"682","type":2300,"db":"rwRegister","cuid":"h93E1A82983B2/133","tid":"734","data":{"_key":"73","_id":"rwCol/73","_rev":"_f09rNuK---","rwAttr":1}}
{"tick":"685","type":2300,"db":"rwRegister","cuid":"h93E1A82983B2/133","tid":"734","data":{"_key":"73","_id":"rwCol/73","_rev":"_f09rNuS---","rwAttr":2}}
{"tick":"687","type":2300,"db":"rwRegister","cuid":"h93E1A82983B2/133","tid":"734","data":{"_key":"71","_id":"rwCol/71","_rev":"_f09rNuS--_","rwAttr":1}}
{"tick":"688","type":2201,"tid":"734","db":"rwRegister"}
{"tick":"692","type":2200,"tid":"742","db":"rwRegister"}
{"tick":"693","type":2300,"db":"rwRegister","cuid":"h93E1A82983B2/133","tid":"742","data":{"_key":"73","_id":"rwCol/73","_rev":"_f09rN3y---","rwAttr":3}}
{"tick":"696","type":2300,"db":"rwRegister","cuid":"h93E1A82983B2/133","tid":"742","data":{"_key":"71","_id":"rwCol/71","_rev":"_f09rN32---","rwAttr":2}}
{"tick":"699","type":2300,"db":"rwRegister","cuid":"h93E1A82983B2/133","tid":"742","data":{"_key":"71","_id":"rwCol/71","_rev":"_f09rN36---","rwAttr":3}}
{"tick":"700","type":2201,"tid":"742","db":"rwRegister"}
{"tick":"701","type":2200,"tid":"751","db":"rwRegister"}
{"tick":"701","type":2300,"db":"rwRegister","cuid":"h93E1A82983B2/133","tid":"751","data":{"_key":"74","_id":"rwCol/74","_rev":"_f09rO-----","rwAttr":1}}
{"tick":"704","type":2300,"db":"rwRegister","cuid":"h93E1A82983B2/133","tid":"751","data":{"_key":"63","_id":"rwCol/63","_rev":"_f09rO-C---","rwAttr":3}}
{"tick":"705","type":2201,"tid":"751","db":"rwRegister"}
{"tick":"706","type":2200,"tid":"756","db":"rwRegister"}
{"tick":"707","type":2300,"db":"rwRegister","cuid":"h93E1A82983B2/133","tid":"756","data":{"_key":"74","_id":"rwCol/74","_rev":"_f09rOEe---","rwAttr":2}}
{"tick":"710","type":2300,"db":"rwRegister","cuid":"h93E1A82983B2/133","tid":"756","data":{"_key":"74","_id":"rwCol/74","_rev":"_f09rOEm---","rwAttr":3}}
{"tick":"711","type":2201,"tid":"756","db":"rwRegister"}
{"tick":"712","type":2200,"tid":"764","db":"rwRegister"}
{"tick":"712","type":2300,"db":"rwRegister","cuid":"h93E1A82983B2/133","tid":"764","data":{"_key":"76","_id":"rwCol/76","_rev":"_f09rOOe---","rwAttr":1}}
{"tick":"714","type":2300,"db":"rwRegister","cuid":"h93E1A82983B2/133","tid":"764","data":{"_key":"75","_id":"rwCol/75","_rev":"_f09rOOi---","rwAttr":1}}
{"tick":"717","type":2300,"db":"rwRegister","cuid":"h93E1A82983B2/133","tid":"764","data":{"_key":"75","_id":"rwCol/75","_rev":"_f09rOOm---","rwAttr":2}}
{"tick":"720","type":2300,"db":"rwRegister","cuid":"h93E1A82983B2/133","tid":"764","data":{"_key":"75","_id":"rwCol/75","_rev":"_f09rOOq---","rwAttr":3}}
{"tick":"723","type":2300,"db":"rwRegister","cuid":"h93E1A82983B2/133","tid":"764","data":{"_key":"76","_id":"rwCol/76","_rev":"_f09rOOu---","rwAttr":2}}
{"tick":"726","type":2300,"db":"rwRegister","cuid":"h93E1A82983B2/133","tid":"764","data":{"_key":"76","_id":"rwCol/76","_rev":"_f09rOOu--_","rwAttr":3}}
{"tick":"727","type":2201,"tid":"764","db":"rwRegister"}
{"tick":"728","type":2200,"tid":"773","db":"rwRegister"}
{"tick":"728","type":2300,"db":"rwRegister","cuid":"h93E1A82983B2/133","tid":"773","data":{"_key":"77","_id":"rwCol/77","_rev":"_f09rOXq---","rwAttr":1}}
{"tick":"730","type":2300,"db":"rwRegister","cuid":"h93E1A82983B2/133","tid":"773","data":{"_key":"78","_id":"rwCol/78","_rev":"_f09rOXy---","rwAttr":1}}
{"tick":"731","type":2201,"tid":"773","db":"rwRegister"}
{"tick":"732","type":2200,"tid":"781","db":"rwRegister"}
{"tick":"733","type":2300,"db":"rwRegister","cuid":"h93E1A82983B2/133","tid":"781","data":{"_key":"77","_id":"rwCol/77","_rev":"_f09rOeS---","rwAttr":2}}
{"tick":"736","type":2300,"db":"rwRegister","cuid":"h93E1A82983B2/133","tid":"781","data":{"_key":"77","_id":"rwCol/77","_rev":"_f09rOeW---","rwAttr":3}}
{"tick":"738","type":2300,"db":"rwRegister","cuid":"h93E1A82983B2/133","tid":"781","data":{"_key":"79","_id":"rwCol/79","_rev":"_f09rOee---","rwAttr":1}}
{"tick":"741","type":2300,"db":"rwRegister","cuid":"h93E1A82983B2/133","tid":"781","data":{"_key":"78","_id":"rwCol/78","_rev":"_f09rOei---","rwAttr":2}}
{"tick":"742","type":2201,"tid":"781","db":"rwRegister"}
{"tick":"743","type":2200,"tid":"788","db":"rwRegister"}
{"tick":"743","type":2300,"db":"rwRegister","cuid":"h93E1A82983B2/133","tid":"788","data":{"_key":"72","_id":"rwCol/72","_rev":"_f09rOeu---","rwAttr":1}}
{"tick":"744","type":2201,"tid":"788","db":"rwRegister"}
