=== RUN   TestCorrectness
2023/05/08 19:44:11 Checking ../histories/list-append-scalability-rate/1.edn...
constructing graph: 4430 ms
2023/05/08 19:44:24 Checking ../histories/list-append-scalability-rate/2.edn...
2023/05/08 19:44:24 db exists already and will be dropped first...
constructing graph: 8914 ms
2023/05/08 19:44:55 Checking ../histories/list-append-scalability-rate/3.edn...
2023/05/08 19:44:56 db exists already and will be dropped first...
constructing graph: 12731 ms
2023/05/08 19:45:30 Checking ../histories/list-append-scalability-rate/4.edn...
2023/05/08 19:45:30 db exists already and will be dropped first...
constructing graph: 17594 ms
2023/05/08 19:46:13 Checking ../histories/list-append-scalability-rate/5.edn...
2023/05/08 19:46:14 db exists already and will be dropped first...
constructing graph: 20077 ms
2023/05/08 19:47:01 Checking ../histories/list-append-scalability-rate/6.edn...
2023/05/08 19:47:02 db exists already and will be dropped first...
constructing graph: 24800 ms
2023/05/08 19:48:00 Checking ../histories/list-append-scalability-rate/7.edn...
2023/05/08 19:48:00 db exists already and will be dropped first...
constructing graph: 28776 ms
2023/05/08 19:49:03 Checking ../histories/list-append-scalability-rate/8.edn...
2023/05/08 19:49:03 db exists already and will be dropped first...
constructing graph: 29782 ms
2023/05/08 19:50:08 Checking ../histories/list-append-scalability-rate/9.edn...
2023/05/08 19:50:09 db exists already and will be dropped first...
constructing graph: 30785 ms
2023/05/08 19:51:19 Checking ../histories/list-append-scalability-rate/10.edn...
2023/05/08 19:51:19 db exists already and will be dropped first...
constructing graph: 32363 ms
2023/05/08 19:52:33 Checking ../histories/list-append-scalability-rate/11.edn...
2023/05/08 19:52:33 db exists already and will be dropped first...
constructing graph: 36669 ms
2023/05/08 19:53:52 Checking ../histories/list-append-scalability-rate/12.edn...
2023/05/08 19:53:53 db exists already and will be dropped first...
constructing graph: 38037 ms
2023/05/08 19:55:14 Checking ../histories/list-append-scalability-rate/13.edn...
2023/05/08 19:55:15 db exists already and will be dropped first...
constructing graph: 31555 ms
2023/05/08 19:56:26 Checking ../histories/list-append-scalability-rate/14.edn...
2023/05/08 19:56:27 db exists already and will be dropped first...
constructing graph: 36896 ms
2023/05/08 19:57:44 Checking ../histories/list-append-scalability-rate/15.edn...
2023/05/08 19:57:45 db exists already and will be dropped first...
constructing graph: 36288 ms
2023/05/08 19:59:04 Checking ../histories/list-append-scalability-rate/16.edn...
2023/05/08 19:59:05 db exists already and will be dropped first...
constructing graph: 37777 ms
2023/05/08 20:00:28 Checking ../histories/list-append-scalability-rate/17.edn...
2023/05/08 20:00:29 db exists already and will be dropped first...
constructing graph: 39272 ms
2023/05/08 20:01:55 Checking ../histories/list-append-scalability-rate/18.edn...
2023/05/08 20:01:56 db exists already and will be dropped first...
constructing graph: 39518 ms
2023/05/08 20:03:23 Checking ../histories/list-append-scalability-rate/19.edn...
2023/05/08 20:03:24 db exists already and will be dropped first...
constructing graph: 38136 ms
2023/05/08 20:04:47 Checking ../histories/list-append-scalability-rate/20.edn...
2023/05/08 20:04:48 db exists already and will be dropped first...
constructing graph: 39907 ms
2023/05/08 20:06:19 Checking ../histories/list-append-scalability-rate/21.edn...
2023/05/08 20:06:19 db exists already and will be dropped first...
constructing graph: 43344 ms
2023/05/08 20:07:56 Checking ../histories/list-append-scalability-rate/22.edn...
2023/05/08 20:07:57 db exists already and will be dropped first...
constructing graph: 27160 ms
2023/05/08 20:08:58 Checking ../histories/list-append-scalability-rate/23.edn...
2023/05/08 20:08:59 db exists already and will be dropped first...
constructing graph: 41267 ms
2023/05/08 20:10:33 Checking ../histories/list-append-scalability-rate/24.edn...
2023/05/08 20:10:33 db exists already and will be dropped first...
constructing graph: 24200 ms
2023/05/08 20:11:29 Checking ../histories/list-append-scalability-rate/25.edn...
2023/05/08 20:11:30 db exists already and will be dropped first...
constructing graph: 43131 ms
2023/05/08 20:13:08 Checking ../histories/list-append-scalability-rate/26.edn...
2023/05/08 20:13:08 db exists already and will be dropped first...
constructing graph: 42502 ms
2023/05/08 20:14:50 Checking ../histories/list-append-scalability-rate/27.edn...
2023/05/08 20:14:50 db exists already and will be dropped first...
constructing graph: 22117 ms
2023/05/08 20:15:40 Checking ../histories/list-append-scalability-rate/28.edn...
2023/05/08 20:15:41 db exists already and will be dropped first...
constructing graph: 48302 ms
2023/05/08 20:17:30 Checking ../histories/list-append-scalability-rate/29.edn...
2023/05/08 20:17:30 db exists already and will be dropped first...
constructing graph: 18187 ms
2023/05/08 20:18:13 Checking ../histories/list-append-scalability-rate/30.edn...
2023/05/08 20:18:13 db exists already and will be dropped first...
constructing graph: 20341 ms
false false false false true true true true true true true true true true true true true true true true 
false false false false true true true true true true true true true true true true true true true true 
false false false false true true true true true true true true true true true true true true true true 
false false false false true true true true true true true true true true true true true true true true 
false false false false true true true true true true true true true true true true true true true true 
false false false false true true true true true true true true true true true true true true true true 
false false false false true true true true true true true true true true true true true true true true 
false false false false true true true true true true true true true true true true true true true true 
false false false false true true true true true true true true true true true true true true true true 
false false false false true true true true true true true true true true true true true true true true 
false false false false true true true true true true true true true true true true true true true true 
false false false false true true true true true true true true true true true true true true true true 
false false false false true true true true true true true true true true true true true true true true 
false false false false true true true true true true true true true true true true true true true true 
false false false false true true true true true true true true true true true true true true true true 
false false false false true true true true true true true true true true true true true true true true 
false false false false true true true true true true true true true true true true true true true true 
false false false false true true true true true true true true true true true true true true true true 
false false false false true true true true true true true true true true true true true true true true 
false false false false true true true true true true true true true true true true true true true true 
false false false false true true true true true true true true true true true true true true true true 
false false false false true true true true true true true true true true true true true true true true 
false false false false true true true true true true true true true true true true true true true true 
false false false false true true true true true true true true true true true true true true true true 
false false false false true true true true true true true true true true true true true true true true 
false false false false true true true true true true true true true true true true true true true true 
false false false false true true true true true true true true true true true true true true true true 
false false false false true true true true true true true true true true true true true true true true 
false false false false true true true true true true true true true true true true true true true true 
false false false false true true true true true true true true true true true true true true true true 
--- PASS: TestCorrectness (2088.82s)
PASS
ok  	github.com/jasonqiu98/anti-pattern-graph-checker-single/go-graph-checker/list_append	2088.831s
