{"tick":"74","type":1100,"db":"rwRegister","data":{"id":"94","name":"rwRegister","isSystem":false}}
{"tick":"89","db":"rwRegister","cuid":"h90E2A166BEF1/133","type":2000,"data":{"allowUserKeys":true,"cacheEnabled":false,"cid":"133","deleted":false,"globallyUniqueId":"h90E2A166BEF1/133","id":"133","indexes":[{"fields":["_key"],"id":"0","name":"primary","sparse":false,"type":"primary","unique":true}],"internalValidatorType":0,"isDisjoint":false,"isSmart":false,"isSmartChild":false,"isSystem":false,"keyOptions":{"allowUserKeys":true,"lastValue":0,"type":"traditional"},"minReplicationFactor":1,"name":"rwCol","numberOfShards":1,"planId":"133","replicationFactor":1,"schema":null,"shardKeys":["_key"],"shards":{},"status":3,"syncByRevision":true,"type":2,"usesRevisionsAsDocumentIds":true,"version":9,"waitForSync":false,"writeConcern":1}}
{"tick":"94","type":2200,"tid":"137","db":"rwRegister"}
{"tick":"94","type":2300,"db":"rwRegister","cuid":"h90E2A166BEF1/133","tid":"137","data":{"_key":"2","_id":"rwCol/2","_rev":"_f7Ims22---","rwAttr":1}}
{"tick":"96","type":2300,"db":"rwRegister","cuid":"h90E2A166BEF1/133","tid":"137","data":{"_key":"0","_id":"rwCol/0","_rev":"_f7Ims26---","rwAttr":1}}
{"tick":"98","type":2300,"db":"rwRegister","cuid":"h90E2A166BEF1/133","tid":"137","data":{"_key":"1","_id":"rwCol/1","_rev":"_f7Ims3----","rwAttr":1}}
{"tick":"101","type":2300,"db":"rwRegister","cuid":"h90E2A166BEF1/133","tid":"137","data":{"_key":"2","_id":"rwCol/2","_rev":"_f7Ims3C---","rwAttr":2}}
{"tick":"102","type":2201,"tid":"137","db":"rwRegister"}
{"tick":"103","type":2200,"tid":"145","db":"rwRegister"}
{"tick":"104","type":2300,"db":"rwRegister","cuid":"h90E2A166BEF1/133","tid":"145","data":{"_key":"2","_id":"rwCol/2","_rev":"_f7Ims7i---","rwAttr":3}}
{"tick":"105","type":2201,"tid":"145","db":"rwRegister"}
{"tick":"106","type":2200,"tid":"151","db":"rwRegister"}
{"tick":"107","type":2300,"db":"rwRegister","cuid":"h90E2A166BEF1/133","tid":"151","data":{"_key":"1","_id":"rwCol/1","_rev":"_f7ImtLi---","rwAttr":2}}
{"tick":"110","type":2300,"db":"rwRegister","cuid":"h90E2A166BEF1/133","tid":"151","data":{"_key":"1","_id":"rwCol/1","_rev":"_f7ImtLu---","rwAttr":3}}
{"tick":"113","type":2300,"db":"rwRegister","cuid":"h90E2A166BEF1/133","tid":"151","data":{"_key":"2","_id":"rwCol/2","_rev":"_f7ImtLy---","rwAttr":4}}
{"tick":"114","type":2201,"tid":"151","db":"rwRegister"}
{"tick":"115","type":2200,"tid":"156","db":"rwRegister"}
{"tick":"116","type":2300,"db":"rwRegister","cuid":"h90E2A166BEF1/133","tid":"156","data":{"_key":"0","_id":"rwCol/0","_rev":"_f7ImtNG---","rwAttr":2}}
{"tick":"119","type":2300,"db":"rwRegister","cuid":"h90E2A166BEF1/133","tid":"156","data":{"_key":"2","_id":"rwCol/2","_rev":"_f7ImtNW---","rwAttr":5}}
{"tick":"122","type":2300,"db":"rwRegister","cuid":"h90E2A166BEF1/133","tid":"156","data":{"_key":"0","_id":"rwCol/0","_rev":"_f7ImtNa---","rwAttr":3}}
{"tick":"123","type":2201,"tid":"156","db":"rwRegister"}
{"tick":"124","type":2200,"tid":"163","db":"rwRegister"}
{"tick":"125","type":2300,"db":"rwRegister","cuid":"h90E2A166BEF1/133","tid":"163","data":{"_key":"2","_id":"rwCol/2","_rev":"_f7ImtTW---","rwAttr":6}}
{"tick":"126","type":2201,"tid":"163","db":"rwRegister"}
{"tick":"127","type":2200,"tid":"165","db":"rwRegister"}
{"tick":"128","type":2300,"db":"rwRegister","cuid":"h90E2A166BEF1/133","tid":"165","data":{"_key":"0","_id":"rwCol/0","_rev":"_f7ImtTi---","rwAttr":4}}
{"tick":"131","type":2300,"db":"rwRegister","cuid":"h90E2A166BEF1/133","tid":"165","data":{"_key":"1","_id":"rwCol/1","_rev":"_f7ImtTm---","rwAttr":4}}
{"tick":"132","type":2201,"tid":"165","db":"rwRegister"}
{"tick":"133","type":2200,"tid":"173","db":"rwRegister"}
{"tick":"134","type":2300,"db":"rwRegister","cuid":"h90E2A166BEF1/133","tid":"173","data":{"_key":"2","_id":"rwCol/2","_rev":"_f7ImtXS---","rwAttr":7}}
{"tick":"135","type":2201,"tid":"173","db":"rwRegister"}
{"tick":"136","type":2200,"tid":"178","db":"rwRegister"}
{"tick":"137","type":2300,"db":"rwRegister","cuid":"h90E2A166BEF1/133","tid":"178","data":{"_key":"2","_id":"rwCol/2","_rev":"_f7ImthS---","rwAttr":8}}
{"tick":"140","type":2300,"db":"rwRegister","cuid":"h90E2A166BEF1/133","tid":"178","data":{"_key":"2","_id":"rwCol/2","_rev":"_f7Imtha---","rwAttr":9}}
{"tick":"141","type":2201,"tid":"178","db":"rwRegister"}
{"tick":"148","type":2200,"tid":"184","db":"rwRegister"}
{"tick":"149","type":2300,"db":"rwRegister","cuid":"h90E2A166BEF1/133","tid":"184","data":{"_key":"1","_id":"rwCol/1","_rev":"_f7Imtk6---","rwAttr":5}}
{"tick":"152","type":2300,"db":"rwRegister","cuid":"h90E2A166BEF1/133","tid":"184","data":{"_key":"2","_id":"rwCol/2","_rev":"_f7ImtlC---","rwAttr":10}}
{"tick":"155","type":2300,"db":"rwRegister","cuid":"h90E2A166BEF1/133","tid":"184","data":{"_key":"2","_id":"rwCol/2","_rev":"_f7ImtlG---","rwAttr":11}}
{"tick":"158","type":2300,"db":"rwRegister","cuid":"h90E2A166BEF1/133","tid":"184","data":{"_key":"2","_id":"rwCol/2","_rev":"_f7ImtlK---","rwAttr":12}}
{"tick":"159","type":2201,"tid":"184","db":"rwRegister"}
{"tick":"160","type":2200,"tid":"196","db":"rwRegister"}
{"tick":"161","type":2300,"db":"rwRegister","cuid":"h90E2A166BEF1/133","tid":"196","data":{"_key":"1","_id":"rwCol/1","_rev":"_f7ImtwW---","rwAttr":6}}
{"tick":"164","type":2300,"db":"rwRegister","cuid":"h90E2A166BEF1/133","tid":"196","data":{"_key":"2","_id":"rwCol/2","_rev":"_f7Imtwa---","rwAttr":13}}
{"tick":"167","type":2300,"db":"rwRegister","cuid":"h90E2A166BEF1/133","tid":"196","data":{"_key":"0","_id":"rwCol/0","_rev":"_f7Imtwe---","rwAttr":5}}
{"tick":"170","type":2300,"db":"rwRegister","cuid":"h90E2A166BEF1/133","tid":"196","data":{"_key":"1","_id":"rwCol/1","_rev":"_f7Imtwi---","rwAttr":7}}
{"tick":"171","type":2201,"tid":"196","db":"rwRegister"}
{"tick":"172","type":2200,"tid":"201","db":"rwRegister"}
{"tick":"173","type":2300,"db":"rwRegister","cuid":"h90E2A166BEF1/133","tid":"201","data":{"_key":"0","_id":"rwCol/0","_rev":"_f7Imt6i---","rwAttr":6}}
{"tick":"174","type":2201,"tid":"201","db":"rwRegister"}
{"tick":"175","type":2200,"tid":"205","db":"rwRegister"}
{"tick":"176","type":2300,"db":"rwRegister","cuid":"h90E2A166BEF1/133","tid":"205","data":{"_key":"1","_id":"rwCol/1","_rev":"_f7Imt9C---","rwAttr":8}}
{"tick":"179","type":2300,"db":"rwRegister","cuid":"h90E2A166BEF1/133","tid":"205","data":{"_key":"2","_id":"rwCol/2","_rev":"_f7Imt9G---","rwAttr":14}}
{"tick":"180","type":2201,"tid":"205","db":"rwRegister"}
{"tick":"181","type":2200,"tid":"209","db":"rwRegister"}
{"tick":"182","type":2300,"db":"rwRegister","cuid":"h90E2A166BEF1/133","tid":"209","data":{"_key":"0","_id":"rwCol/0","_rev":"_f7Imu_a---","rwAttr":7}}
{"tick":"185","type":2300,"db":"rwRegister","cuid":"h90E2A166BEF1/133","tid":"209","data":{"_key":"1","_id":"rwCol/1","_rev":"_f7Imu_e---","rwAttr":9}}
{"tick":"188","type":2300,"db":"rwRegister","cuid":"h90E2A166BEF1/133","tid":"209","data":{"_key":"1","_id":"rwCol/1","_rev":"_f7Imu_i---","rwAttr":10}}
{"tick":"191","type":2300,"db":"rwRegister","cuid":"h90E2A166BEF1/133","tid":"209","data":{"_key":"1","_id":"rwCol/1","_rev":"_f7Imu_i--_","rwAttr":11}}
{"tick":"194","type":2300,"db":"rwRegister","cuid":"h90E2A166BEF1/133","tid":"209","data":{"_key":"2","_id":"rwCol/2","_rev":"_f7Imu_q---","rwAttr":15}}
{"tick":"197","type":2300,"db":"rwRegister","cuid":"h90E2A166BEF1/133","tid":"209","data":{"_key":"1","_id":"rwCol/1","_rev":"_f7Imu_q--_","rwAttr":12}}
{"tick":"200","type":2300,"db":"rwRegister","cuid":"h90E2A166BEF1/133","tid":"209","data":{"_key":"2","_id":"rwCol/2","_rev":"_f7Imu_u---","rwAttr":16}}
{"tick":"201","type":2201,"tid":"209","db":"rwRegister"}
{"tick":"202","type":2200,"tid":"218","db":"rwRegister"}
{"tick":"203","type":2300,"db":"rwRegister","cuid":"h90E2A166BEF1/133","tid":"218","data":{"_key":"2","_id":"rwCol/2","_rev":"_f7ImuLu---","rwAttr":17}}
{"tick":"206","type":2300,"db":"rwRegister","cuid":"h90E2A166BEF1/133","tid":"218","data":{"_key":"1","_id":"rwCol/1","_rev":"_f7ImuLy---","rwAttr":13}}
{"tick":"207","type":2201,"tid":"218","db":"rwRegister"}
{"tick":"208","type":2200,"tid":"222","db":"rwRegister"}
{"tick":"209","type":2300,"db":"rwRegister","cuid":"h90E2A166BEF1/133","tid":"222","data":{"_key":"2","_id":"rwCol/2","_rev":"_f7ImuMO---","rwAttr":18}}
{"tick":"212","type":2300,"db":"rwRegister","cuid":"h90E2A166BEF1/133","tid":"222","data":{"_key":"2","_id":"rwCol/2","_rev":"_f7ImuMS---","rwAttr":19}}
{"tick":"215","type":2300,"db":"rwRegister","cuid":"h90E2A166BEF1/133","tid":"222","data":{"_key":"2","_id":"rwCol/2","_rev":"_f7ImuMa---","rwAttr":20}}
{"tick":"216","type":2201,"tid":"222","db":"rwRegister"}
{"tick":"217","type":2200,"tid":"231","db":"rwRegister"}
{"tick":"218","type":2300,"db":"rwRegister","cuid":"h90E2A166BEF1/133","tid":"231","data":{"_key":"2","_id":"rwCol/2","_rev":"_f7ImuN2---","rwAttr":21}}
{"tick":"221","type":2300,"db":"rwRegister","cuid":"h90E2A166BEF1/133","tid":"231","data":{"_key":"1","_id":"rwCol/1","_rev":"_f7ImuN6---","rwAttr":14}}
{"tick":"222","type":2201,"tid":"231","db":"rwRegister"}
{"tick":"223","type":2200,"tid":"237","db":"rwRegister"}
{"tick":"224","type":2300,"db":"rwRegister","cuid":"h90E2A166BEF1/133","tid":"237","data":{"_key":"2","_id":"rwCol/2","_rev":"_f7ImuSK---","rwAttr":22}}
{"tick":"227","type":2300,"db":"rwRegister","cuid":"h90E2A166BEF1/133","tid":"237","data":{"_key":"2","_id":"rwCol/2","_rev":"_f7ImuSO---","rwAttr":23}}
{"tick":"228","type":2201,"tid":"237","db":"rwRegister"}
{"tick":"229","type":2200,"tid":"241","db":"rwRegister"}
{"tick":"230","type":2300,"db":"rwRegister","cuid":"h90E2A166BEF1/133","tid":"241","data":{"_key":"2","_id":"rwCol/2","_rev":"_f7ImuW----","rwAttr":24}}
{"tick":"233","type":2300,"db":"rwRegister","cuid":"h90E2A166BEF1/133","tid":"241","data":{"_key":"1","_id":"rwCol/1","_rev":"_f7ImuWG---","rwAttr":15}}
{"tick":"234","type":2201,"tid":"241","db":"rwRegister"}
{"tick":"241","type":2200,"tid":"247","db":"rwRegister"}
{"tick":"242","type":2300,"db":"rwRegister","cuid":"h90E2A166BEF1/133","tid":"247","data":{"_key":"2","_id":"rwCol/2","_rev":"_f7Imuhi---","rwAttr":25}}
{"tick":"245","type":2300,"db":"rwRegister","cuid":"h90E2A166BEF1/133","tid":"247","data":{"_key":"2","_id":"rwCol/2","_rev":"_f7Imuhm---","rwAttr":26}}
{"tick":"248","type":2300,"db":"rwRegister","cuid":"h90E2A166BEF1/133","tid":"247","data":{"_key":"1","_id":"rwCol/1","_rev":"_f7Imuhq---","rwAttr":16}}
{"tick":"251","type":2300,"db":"rwRegister","cuid":"h90E2A166BEF1/133","tid":"247","data":{"_key":"1","_id":"rwCol/1","_rev":"_f7Imuhu---","rwAttr":17}}
{"tick":"252","type":2201,"tid":"247","db":"rwRegister"}
{"tick":"259","type":2200,"tid":"253","db":"rwRegister"}
{"tick":"260","type":2300,"db":"rwRegister","cuid":"h90E2A166BEF1/133","tid":"253","data":{"_key":"2","_id":"rwCol/2","_rev":"_f7Imuji---","rwAttr":27}}
{"tick":"263","type":2300,"db":"rwRegister","cuid":"h90E2A166BEF1/133","tid":"253","data":{"_key":"0","_id":"rwCol/0","_rev":"_f7Imujm---","rwAttr":8}}
{"tick":"264","type":2201,"tid":"253","db":"rwRegister"}
{"tick":"265","type":2200,"tid":"257","db":"rwRegister"}
{"tick":"266","type":2300,"db":"rwRegister","cuid":"h90E2A166BEF1/133","tid":"257","data":{"_key":"1","_id":"rwCol/1","_rev":"_f7Imuk----","rwAttr":18}}
{"tick":"269","type":2300,"db":"rwRegister","cuid":"h90E2A166BEF1/133","tid":"257","data":{"_key":"2","_id":"rwCol/2","_rev":"_f7ImukG---","rwAttr":28}}
{"tick":"272","type":2300,"db":"rwRegister","cuid":"h90E2A166BEF1/133","tid":"257","data":{"_key":"1","_id":"rwCol/1","_rev":"_f7ImukK---","rwAttr":19}}
{"tick":"273","type":2201,"tid":"257","db":"rwRegister"}
{"tick":"274","type":2200,"tid":"265","db":"rwRegister"}
{"tick":"275","type":2300,"db":"rwRegister","cuid":"h90E2A166BEF1/133","tid":"265","data":{"_key":"2","_id":"rwCol/2","_rev":"_f7Imuu6---","rwAttr":29}}
{"tick":"278","type":2300,"db":"rwRegister","cuid":"h90E2A166BEF1/133","tid":"265","data":{"_key":"1","_id":"rwCol/1","_rev":"_f7ImuvC---","rwAttr":20}}
{"tick":"279","type":2201,"tid":"265","db":"rwRegister"}
{"tick":"280","type":2200,"tid":"269","db":"rwRegister"}
{"tick":"281","type":2300,"db":"rwRegister","cuid":"h90E2A166BEF1/133","tid":"269","data":{"_key":"2","_id":"rwCol/2","_rev":"_f7Imuye---","rwAttr":30}}
{"tick":"284","type":2300,"db":"rwRegister","cuid":"h90E2A166BEF1/133","tid":"269","data":{"_key":"0","_id":"rwCol/0","_rev":"_f7Imuyi---","rwAttr":9}}
{"tick":"287","type":2300,"db":"rwRegister","cuid":"h90E2A166BEF1/133","tid":"269","data":{"_key":"2","_id":"rwCol/2","_rev":"_f7Imuym---","rwAttr":31}}
{"tick":"290","type":2300,"db":"rwRegister","cuid":"h90E2A166BEF1/133","tid":"269","data":{"_key":"0","_id":"rwCol/0","_rev":"_f7Imuyq---","rwAttr":10}}
{"tick":"293","type":2300,"db":"rwRegister","cuid":"h90E2A166BEF1/133","tid":"269","data":{"_key":"2","_id":"rwCol/2","_rev":"_f7Imuyu---","rwAttr":32}}
{"tick":"294","type":2201,"tid":"269","db":"rwRegister"}
{"tick":"295","type":2200,"tid":"276","db":"rwRegister"}
{"tick":"296","type":2300,"db":"rwRegister","cuid":"h90E2A166BEF1/133","tid":"276","data":{"_key":"1","_id":"rwCol/1","_rev":"_f7Imu5y---","rwAttr":21}}
{"tick":"297","type":2201,"tid":"276","db":"rwRegister"}
{"tick":"298","type":2200,"tid":"283","db":"rwRegister"}
{"tick":"299","type":2300,"db":"rwRegister","cuid":"h90E2A166BEF1/133","tid":"283","data":{"_key":"1","_id":"rwCol/1","_rev":"_f7Imv-e---","rwAttr":22}}
{"tick":"300","type":2201,"tid":"283","db":"rwRegister"}
{"tick":"301","type":2200,"tid":"288","db":"rwRegister"}
{"tick":"301","type":2300,"db":"rwRegister","cuid":"h90E2A166BEF1/133","tid":"288","data":{"_key":"3","_id":"rwCol/3","_rev":"_f7ImvBm---","rwAttr":1}}
{"tick":"304","type":2300,"db":"rwRegister","cuid":"h90E2A166BEF1/133","tid":"288","data":{"_key":"3","_id":"rwCol/3","_rev":"_f7ImvBq---","rwAttr":2}}
{"tick":"307","type":2300,"db":"rwRegister","cuid":"h90E2A166BEF1/133","tid":"288","data":{"_key":"3","_id":"rwCol/3","_rev":"_f7ImvBy---","rwAttr":3}}
{"tick":"310","type":2300,"db":"rwRegister","cuid":"h90E2A166BEF1/133","tid":"288","data":{"_key":"3","_id":"rwCol/3","_rev":"_f7ImvB2---","rwAttr":4}}
{"tick":"311","type":2201,"tid":"288","db":"rwRegister"}
{"tick":"312","type":2200,"tid":"300","db":"rwRegister"}
{"tick":"313","type":2300,"db":"rwRegister","cuid":"h90E2A166BEF1/133","tid":"300","data":{"_key":"3","_id":"rwCol/3","_rev":"_f7ImvJC---","rwAttr":5}}
{"tick":"316","type":2300,"db":"rwRegister","cuid":"h90E2A166BEF1/133","tid":"300","data":{"_key":"3","_id":"rwCol/3","_rev":"_f7ImvJK---","rwAttr":6}}
{"tick":"319","type":2300,"db":"rwRegister","cuid":"h90E2A166BEF1/133","tid":"300","data":{"_key":"3","_id":"rwCol/3","_rev":"_f7ImvJO---","rwAttr":7}}
{"tick":"320","type":2201,"tid":"300","db":"rwRegister"}
{"tick":"321","type":2200,"tid":"309","db":"rwRegister"}
{"tick":"322","type":2300,"db":"rwRegister","cuid":"h90E2A166BEF1/133","tid":"309","data":{"_key":"3","_id":"rwCol/3","_rev":"_f7ImvKO---","rwAttr":8}}
{"tick":"325","type":2300,"db":"rwRegister","cuid":"h90E2A166BEF1/133","tid":"309","data":{"_key":"0","_id":"rwCol/0","_rev":"_f7ImvKO--_","rwAttr":11}}
{"tick":"328","type":2300,"db":"rwRegister","cuid":"h90E2A166BEF1/133","tid":"309","data":{"_key":"3","_id":"rwCol/3","_rev":"_f7ImvKS---","rwAttr":9}}
{"tick":"331","type":2300,"db":"rwRegister","cuid":"h90E2A166BEF1/133","tid":"309","data":{"_key":"1","_id":"rwCol/1","_rev":"_f7ImvKW---","rwAttr":23}}
{"tick":"334","type":2300,"db":"rwRegister","cuid":"h90E2A166BEF1/133","tid":"309","data":{"_key":"3","_id":"rwCol/3","_rev":"_f7ImvKa---","rwAttr":10}}
{"tick":"335","type":2201,"tid":"309","db":"rwRegister"}
{"tick":"336","type":2200,"tid":"316","db":"rwRegister"}
{"tick":"337","type":2300,"db":"rwRegister","cuid":"h90E2A166BEF1/133","tid":"316","data":{"_key":"1","_id":"rwCol/1","_rev":"_f7ImvSS---","rwAttr":24}}
{"tick":"338","type":2201,"tid":"316","db":"rwRegister"}
{"tick":"339","type":2200,"tid":"320","db":"rwRegister"}
{"tick":"340","type":2300,"db":"rwRegister","cuid":"h90E2A166BEF1/133","tid":"320","data":{"_key":"3","_id":"rwCol/3","_rev":"_f7ImvVS---","rwAttr":11}}
{"tick":"341","type":2201,"tid":"320","db":"rwRegister"}
{"tick":"342","type":2200,"tid":"327","db":"rwRegister"}
{"tick":"343","type":2300,"db":"rwRegister","cuid":"h90E2A166BEF1/133","tid":"327","data":{"_key":"3","_id":"rwCol/3","_rev":"_f7ImvZ2---","rwAttr":12}}
{"tick":"346","type":2300,"db":"rwRegister","cuid":"h90E2A166BEF1/133","tid":"327","data":{"_key":"1","_id":"rwCol/1","_rev":"_f7ImvZ6---","rwAttr":25}}
{"tick":"349","type":2300,"db":"rwRegister","cuid":"h90E2A166BEF1/133","tid":"327","data":{"_key":"3","_id":"rwCol/3","_rev":"_f7Imva----","rwAttr":13}}
{"tick":"352","type":2300,"db":"rwRegister","cuid":"h90E2A166BEF1/133","tid":"327","data":{"_key":"3","_id":"rwCol/3","_rev":"_f7ImvaC---","rwAttr":14}}
{"tick":"355","type":2300,"db":"rwRegister","cuid":"h90E2A166BEF1/133","tid":"327","data":{"_key":"0","_id":"rwCol/0","_rev":"_f7ImvaG---","rwAttr":12}}
{"tick":"356","type":2201,"tid":"327","db":"rwRegister"}
{"tick":"357","type":2200,"tid":"334","db":"rwRegister"}
{"tick":"358","type":2300,"db":"rwRegister","cuid":"h90E2A166BEF1/133","tid":"334","data":{"_key":"3","_id":"rwCol/3","_rev":"_f7ImvlC---","rwAttr":15}}
{"tick":"361","type":2300,"db":"rwRegister","cuid":"h90E2A166BEF1/133","tid":"334","data":{"_key":"3","_id":"rwCol/3","_rev":"_f7ImvlG---","rwAttr":16}}
{"tick":"362","type":2201,"tid":"334","db":"rwRegister"}
{"tick":"363","type":2200,"tid":"339","db":"rwRegister"}
{"tick":"364","type":2300,"db":"rwRegister","cuid":"h90E2A166BEF1/133","tid":"339","data":{"_key":"0","_id":"rwCol/0","_rev":"_f7ImvnW---","rwAttr":13}}
{"tick":"365","type":2201,"tid":"339","db":"rwRegister"}
{"tick":"366","type":2200,"tid":"343","db":"rwRegister"}
{"tick":"367","type":2300,"db":"rwRegister","cuid":"h90E2A166BEF1/133","tid":"343","data":{"_key":"3","_id":"rwCol/3","_rev":"_f7Imvvy---","rwAttr":17}}
{"tick":"370","type":2300,"db":"rwRegister","cuid":"h90E2A166BEF1/133","tid":"343","data":{"_key":"3","_id":"rwCol/3","_rev":"_f7Imvv2---","rwAttr":18}}
{"tick":"373","type":2300,"db":"rwRegister","cuid":"h90E2A166BEF1/133","tid":"343","data":{"_key":"1","_id":"rwCol/1","_rev":"_f7Imvv6---","rwAttr":26}}
{"tick":"376","type":2300,"db":"rwRegister","cuid":"h90E2A166BEF1/133","tid":"343","data":{"_key":"3","_id":"rwCol/3","_rev":"_f7Imvw----","rwAttr":19}}
{"tick":"377","type":2201,"tid":"343","db":"rwRegister"}
{"tick":"378","type":2200,"tid":"349","db":"rwRegister"}
{"tick":"379","type":2300,"db":"rwRegister","cuid":"h90E2A166BEF1/133","tid":"349","data":{"_key":"3","_id":"rwCol/3","_rev":"_f7Imvzi---","rwAttr":20}}
{"tick":"380","type":2201,"tid":"349","db":"rwRegister"}
{"tick":"381","type":2200,"tid":"355","db":"rwRegister"}
{"tick":"382","type":2300,"db":"rwRegister","cuid":"h90E2A166BEF1/133","tid":"355","data":{"_key":"3","_id":"rwCol/3","_rev":"_f7Imv8m---","rwAttr":21}}
{"tick":"385","type":2300,"db":"rwRegister","cuid":"h90E2A166BEF1/133","tid":"355","data":{"_key":"1","_id":"rwCol/1","_rev":"_f7Imv8q---","rwAttr":27}}
{"tick":"386","type":2201,"tid":"355","db":"rwRegister"}
{"tick":"387","type":2200,"tid":"360","db":"rwRegister"}
{"tick":"388","type":2300,"db":"rwRegister","cuid":"h90E2A166BEF1/133","tid":"360","data":{"_key":"3","_id":"rwCol/3","_rev":"_f7Imv9q---","rwAttr":22}}
{"tick":"391","type":2300,"db":"rwRegister","cuid":"h90E2A166BEF1/133","tid":"360","data":{"_key":"3","_id":"rwCol/3","_rev":"_f7Imv9y---","rwAttr":23}}
{"tick":"392","type":2201,"tid":"360","db":"rwRegister"}
{"tick":"393","type":2200,"tid":"368","db":"rwRegister"}
{"tick":"394","type":2300,"db":"rwRegister","cuid":"h90E2A166BEF1/133","tid":"368","data":{"_key":"1","_id":"rwCol/1","_rev":"_f7ImwCS---","rwAttr":28}}
{"tick":"397","type":2300,"db":"rwRegister","cuid":"h90E2A166BEF1/133","tid":"368","data":{"_key":"3","_id":"rwCol/3","_rev":"_f7ImwCW---","rwAttr":24}}
{"tick":"398","type":2201,"tid":"368","db":"rwRegister"}
{"tick":"399","type":2200,"tid":"374","db":"rwRegister"}
{"tick":"400","type":2300,"db":"rwRegister","cuid":"h90E2A166BEF1/133","tid":"374","data":{"_key":"1","_id":"rwCol/1","_rev":"_f7ImwL2---","rwAttr":29}}
{"tick":"403","type":2300,"db":"rwRegister","cuid":"h90E2A166BEF1/133","tid":"374","data":{"_key":"3","_id":"rwCol/3","_rev":"_f7ImwL6---","rwAttr":25}}
{"tick":"406","type":2300,"db":"rwRegister","cuid":"h90E2A166BEF1/133","tid":"374","data":{"_key":"1","_id":"rwCol/1","_rev":"_f7ImwM----","rwAttr":30}}
{"tick":"407","type":2201,"tid":"374","db":"rwRegister"}
{"tick":"408","type":2200,"tid":"382","db":"rwRegister"}
{"tick":"409","type":2300,"db":"rwRegister","cuid":"h90E2A166BEF1/133","tid":"382","data":{"_key":"1","_id":"rwCol/1","_rev":"_f7ImwXa---","rwAttr":31}}
{"tick":"412","type":2300,"db":"rwRegister","cuid":"h90E2A166BEF1/133","tid":"382","data":{"_key":"1","_id":"rwCol/1","_rev":"_f7ImwXe---","rwAttr":32}}
{"tick":"415","type":2300,"db":"rwRegister","cuid":"h90E2A166BEF1/133","tid":"382","data":{"_key":"3","_id":"rwCol/3","_rev":"_f7ImwXi---","rwAttr":26}}
{"tick":"417","type":2300,"db":"rwRegister","cuid":"h90E2A166BEF1/133","tid":"382","data":{"_key":"4","_id":"rwCol/4","_rev":"_f7ImwXm---","rwAttr":1}}
{"tick":"420","type":2300,"db":"rwRegister","cuid":"h90E2A166BEF1/133","tid":"382","data":{"_key":"0","_id":"rwCol/0","_rev":"_f7ImwXq---","rwAttr":14}}
{"tick":"421","type":2201,"tid":"382","db":"rwRegister"}
{"tick":"422","type":2200,"tid":"389","db":"rwRegister"}
{"tick":"423","type":2300,"db":"rwRegister","cuid":"h90E2A166BEF1/133","tid":"389","data":{"_key":"0","_id":"rwCol/0","_rev":"_f7Imweu---","rwAttr":15}}
{"tick":"424","type":2201,"tid":"389","db":"rwRegister"}
{"tick":"425","type":2200,"tid":"394","db":"rwRegister"}
{"tick":"426","type":2300,"db":"rwRegister","cuid":"h90E2A166BEF1/133","tid":"394","data":{"_key":"3","_id":"rwCol/3","_rev":"_f7Imwfa---","rwAttr":27}}
{"tick":"429","type":2300,"db":"rwRegister","cuid":"h90E2A166BEF1/133","tid":"394","data":{"_key":"4","_id":"rwCol/4","_rev":"_f7Imwfe---","rwAttr":2}}
{"tick":"432","type":2300,"db":"rwRegister","cuid":"h90E2A166BEF1/133","tid":"394","data":{"_key":"4","_id":"rwCol/4","_rev":"_f7Imwfi---","rwAttr":3}}
{"tick":"435","type":2300,"db":"rwRegister","cuid":"h90E2A166BEF1/133","tid":"394","data":{"_key":"4","_id":"rwCol/4","_rev":"_f7Imwfm---","rwAttr":4}}
{"tick":"436","type":2201,"tid":"394","db":"rwRegister"}
{"tick":"437","type":2200,"tid":"403","db":"rwRegister"}
{"tick":"438","type":2300,"db":"rwRegister","cuid":"h90E2A166BEF1/133","tid":"403","data":{"_key":"3","_id":"rwCol/3","_rev":"_f7ImwmC---","rwAttr":28}}
{"tick":"441","type":2300,"db":"rwRegister","cuid":"h90E2A166BEF1/133","tid":"403","data":{"_key":"3","_id":"rwCol/3","_rev":"_f7ImwmG---","rwAttr":29}}
{"tick":"442","type":2201,"tid":"403","db":"rwRegister"}
{"tick":"443","type":2200,"tid":"408","db":"rwRegister"}
{"tick":"444","type":2300,"db":"rwRegister","cuid":"h90E2A166BEF1/133","tid":"408","data":{"_key":"0","_id":"rwCol/0","_rev":"_f7Imwma---","rwAttr":16}}
{"tick":"445","type":2201,"tid":"408","db":"rwRegister"}
{"tick":"446","type":2200,"tid":"411","db":"rwRegister"}
{"tick":"447","type":2300,"db":"rwRegister","cuid":"h90E2A166BEF1/133","tid":"411","data":{"_key":"0","_id":"rwCol/0","_rev":"_f7ImwuC---","rwAttr":17}}
{"tick":"450","type":2300,"db":"rwRegister","cuid":"h90E2A166BEF1/133","tid":"411","data":{"_key":"3","_id":"rwCol/3","_rev":"_f7ImwuG---","rwAttr":30}}
{"tick":"451","type":2201,"tid":"411","db":"rwRegister"}
{"tick":"452","type":2200,"tid":"416","db":"rwRegister"}
{"tick":"453","type":2300,"db":"rwRegister","cuid":"h90E2A166BEF1/133","tid":"416","data":{"_key":"3","_id":"rwCol/3","_rev":"_f7Imwwm---","rwAttr":31}}
{"tick":"456","type":2300,"db":"rwRegister","cuid":"h90E2A166BEF1/133","tid":"416","data":{"_key":"4","_id":"rwCol/4","_rev":"_f7Imwwq---","rwAttr":5}}
{"tick":"459","type":2300,"db":"rwRegister","cuid":"h90E2A166BEF1/133","tid":"416","data":{"_key":"4","_id":"rwCol/4","_rev":"_f7Imwwu---","rwAttr":6}}
{"tick":"462","type":2300,"db":"rwRegister","cuid":"h90E2A166BEF1/133","tid":"416","data":{"_key":"3","_id":"rwCol/3","_rev":"_f7Imwwy---","rwAttr":32}}
{"tick":"465","type":2300,"db":"rwRegister","cuid":"h90E2A166BEF1/133","tid":"416","data":{"_key":"4","_id":"rwCol/4","_rev":"_f7Imww2---","rwAttr":7}}
{"tick":"466","type":2201,"tid":"416","db":"rwRegister"}
{"tick":"467","type":2200,"tid":"425","db":"rwRegister"}
{"tick":"467","type":2300,"db":"rwRegister","cuid":"h90E2A166BEF1/133","tid":"425","data":{"_key":"5","_id":"rwCol/5","_rev":"_f7Imw6K---","rwAttr":1}}
{"tick":"470","type":2300,"db":"rwRegister","cuid":"h90E2A166BEF1/133","tid":"425","data":{"_key":"5","_id":"rwCol/5","_rev":"_f7Imw6O---","rwAttr":2}}
{"tick":"473","type":2300,"db":"rwRegister","cuid":"h90E2A166BEF1/133","tid":"425","data":{"_key":"5","_id":"rwCol/5","_rev":"_f7Imw6a---","rwAttr":3}}
{"tick":"474","type":2201,"tid":"425","db":"rwRegister"}
{"tick":"475","type":2200,"tid":"431","db":"rwRegister"}
{"tick":"476","type":2300,"db":"rwRegister","cuid":"h90E2A166BEF1/133","tid":"431","data":{"_key":"5","_id":"rwCol/5","_rev":"_f7Imw9u---","rwAttr":4}}
{"tick":"479","type":2300,"db":"rwRegister","cuid":"h90E2A166BEF1/133","tid":"431","data":{"_key":"5","_id":"rwCol/5","_rev":"_f7Imw9y---","rwAttr":5}}
{"tick":"480","type":2201,"tid":"431","db":"rwRegister"}
{"tick":"486","type":2200,"tid":"441","db":"rwRegister"}
{"tick":"487","type":2300,"db":"rwRegister","cuid":"h90E2A166BEF1/133","tid":"441","data":{"_key":"5","_id":"rwCol/5","_rev":"_f7ImxR2---","rwAttr":6}}
{"tick":"490","type":2300,"db":"rwRegister","cuid":"h90E2A166BEF1/133","tid":"441","data":{"_key":"0","_id":"rwCol/0","_rev":"_f7ImxSC---","rwAttr":18}}
{"tick":"491","type":2201,"tid":"441","db":"rwRegister"}
{"tick":"492","type":2200,"tid":"449","db":"rwRegister"}
{"tick":"493","type":2300,"db":"rwRegister","cuid":"h90E2A166BEF1/133","tid":"449","data":{"_key":"5","_id":"rwCol/5","_rev":"_f7ImxSS---","rwAttr":7}}
{"tick":"494","type":2201,"tid":"449","db":"rwRegister"}
{"tick":"495","type":2200,"tid":"452","db":"rwRegister"}
{"tick":"496","type":2300,"db":"rwRegister","cuid":"h90E2A166BEF1/133","tid":"452","data":{"_key":"5","_id":"rwCol/5","_rev":"_f7ImxU2---","rwAttr":8}}
{"tick":"497","type":2201,"tid":"452","db":"rwRegister"}
{"tick":"498","type":2200,"tid":"457","db":"rwRegister"}
{"tick":"499","type":2300,"db":"rwRegister","cuid":"h90E2A166BEF1/133","tid":"457","data":{"_key":"5","_id":"rwCol/5","_rev":"_f7ImxW2---","rwAttr":9}}
{"tick":"502","type":2300,"db":"rwRegister","cuid":"h90E2A166BEF1/133","tid":"457","data":{"_key":"0","_id":"rwCol/0","_rev":"_f7ImxW6---","rwAttr":19}}
{"tick":"503","type":2201,"tid":"457","db":"rwRegister"}
{"tick":"504","type":2200,"tid":"465","db":"rwRegister"}
{"tick":"505","type":2300,"db":"rwRegister","cuid":"h90E2A166BEF1/133","tid":"465","data":{"_key":"5","_id":"rwCol/5","_rev":"_f7Imxca---","rwAttr":10}}
{"tick":"506","type":2201,"tid":"465","db":"rwRegister"}
{"tick":"507","type":2200,"tid":"469","db":"rwRegister"}
{"tick":"508","type":2300,"db":"rwRegister","cuid":"h90E2A166BEF1/133","tid":"469","data":{"_key":"4","_id":"rwCol/4","_rev":"_f7Imxl2---","rwAttr":8}}
{"tick":"511","type":2300,"db":"rwRegister","cuid":"h90E2A166BEF1/133","tid":"469","data":{"_key":"5","_id":"rwCol/5","_rev":"_f7Imxm----","rwAttr":11}}
{"tick":"514","type":2300,"db":"rwRegister","cuid":"h90E2A166BEF1/133","tid":"469","data":{"_key":"5","_id":"rwCol/5","_rev":"_f7Imxm---_","rwAttr":12}}
{"tick":"515","type":2201,"tid":"469","db":"rwRegister"}
{"tick":"516","type":2200,"tid":"474","db":"rwRegister"}
{"tick":"517","type":2300,"db":"rwRegister","cuid":"h90E2A166BEF1/133","tid":"474","data":{"_key":"5","_id":"rwCol/5","_rev":"_f7Imxw2---","rwAttr":13}}
{"tick":"520","type":2300,"db":"rwRegister","cuid":"h90E2A166BEF1/133","tid":"474","data":{"_key":"4","_id":"rwCol/4","_rev":"_f7Imxw6---","rwAttr":9}}
{"tick":"521","type":2201,"tid":"474","db":"rwRegister"}
{"tick":"522","type":2200,"tid":"479","db":"rwRegister"}
{"tick":"523","type":2300,"db":"rwRegister","cuid":"h90E2A166BEF1/133","tid":"479","data":{"_key":"0","_id":"rwCol/0","_rev":"_f7Imx16---","rwAttr":20}}
{"tick":"526","type":2300,"db":"rwRegister","cuid":"h90E2A166BEF1/133","tid":"479","data":{"_key":"5","_id":"rwCol/5","_rev":"_f7Imx2----","rwAttr":14}}
{"tick":"529","type":2300,"db":"rwRegister","cuid":"h90E2A166BEF1/133","tid":"479","data":{"_key":"5","_id":"rwCol/5","_rev":"_f7Imx2C---","rwAttr":15}}
{"tick":"530","type":2201,"tid":"479","db":"rwRegister"}
{"tick":"531","type":2200,"tid":"484","db":"rwRegister"}
{"tick":"532","type":2300,"db":"rwRegister","cuid":"h90E2A166BEF1/133","tid":"484","data":{"_key":"5","_id":"rwCol/5","_rev":"_f7Imx3i---","rwAttr":16}}
{"tick":"535","type":2300,"db":"rwRegister","cuid":"h90E2A166BEF1/133","tid":"484","data":{"_key":"5","_id":"rwCol/5","_rev":"_f7Imx3i--_","rwAttr":17}}
{"tick":"538","type":2300,"db":"rwRegister","cuid":"h90E2A166BEF1/133","tid":"484","data":{"_key":"5","_id":"rwCol/5","_rev":"_f7Imx3m---","rwAttr":18}}
{"tick":"541","type":2300,"db":"rwRegister","cuid":"h90E2A166BEF1/133","tid":"484","data":{"_key":"0","_id":"rwCol/0","_rev":"_f7Imx3q---","rwAttr":21}}
{"tick":"542","type":2201,"tid":"484","db":"rwRegister"}
{"tick":"543","type":2200,"tid":"490","db":"rwRegister"}
{"tick":"544","type":2300,"db":"rwRegister","cuid":"h90E2A166BEF1/133","tid":"490","data":{"_key":"4","_id":"rwCol/4","_rev":"_f7Imx32---","rwAttr":10}}
{"tick":"547","type":2300,"db":"rwRegister","cuid":"h90E2A166BEF1/133","tid":"490","data":{"_key":"5","_id":"rwCol/5","_rev":"_f7Imx4----","rwAttr":19}}
{"tick":"550","type":2300,"db":"rwRegister","cuid":"h90E2A166BEF1/133","tid":"490","data":{"_key":"5","_id":"rwCol/5","_rev":"_f7Imx4---_","rwAttr":20}}
{"tick":"551","type":2201,"tid":"490","db":"rwRegister"}
{"tick":"552","type":2200,"tid":"497","db":"rwRegister"}
{"tick":"553","type":2300,"db":"rwRegister","cuid":"h90E2A166BEF1/133","tid":"497","data":{"_key":"5","_id":"rwCol/5","_rev":"_f7ImyBy---","rwAttr":21}}
{"tick":"556","type":2300,"db":"rwRegister","cuid":"h90E2A166BEF1/133","tid":"497","data":{"_key":"5","_id":"rwCol/5","_rev":"_f7ImyB2---","rwAttr":22}}
{"tick":"557","type":2201,"tid":"497","db":"rwRegister"}
{"tick":"558","type":2200,"tid":"501","db":"rwRegister"}
{"tick":"559","type":2300,"db":"rwRegister","cuid":"h90E2A166BEF1/133","tid":"501","data":{"_key":"4","_id":"rwCol/4","_rev":"_f7ImyFi---","rwAttr":11}}
{"tick":"562","type":2300,"db":"rwRegister","cuid":"h90E2A166BEF1/133","tid":"501","data":{"_key":"0","_id":"rwCol/0","_rev":"_f7ImyFi--_","rwAttr":22}}
{"tick":"565","type":2300,"db":"rwRegister","cuid":"h90E2A166BEF1/133","tid":"501","data":{"_key":"5","_id":"rwCol/5","_rev":"_f7ImyFm---","rwAttr":23}}
{"tick":"568","type":2300,"db":"rwRegister","cuid":"h90E2A166BEF1/133","tid":"501","data":{"_key":"5","_id":"rwCol/5","_rev":"_f7ImyFq---","rwAttr":24}}
{"tick":"569","type":2201,"tid":"501","db":"rwRegister"}
{"tick":"570","type":2200,"tid":"516","db":"rwRegister"}
{"tick":"571","type":2300,"db":"rwRegister","cuid":"h90E2A166BEF1/133","tid":"516","data":{"_key":"4","_id":"rwCol/4","_rev":"_f7ImyVS---","rwAttr":12}}
{"tick":"572","type":2201,"tid":"516","db":"rwRegister"}
{"tick":"573","type":2200,"tid":"520","db":"rwRegister"}
{"tick":"574","type":2300,"db":"rwRegister","cuid":"h90E2A166BEF1/133","tid":"520","data":{"_key":"4","_id":"rwCol/4","_rev":"_f7ImyhK---","rwAttr":13}}
{"tick":"577","type":2300,"db":"rwRegister","cuid":"h90E2A166BEF1/133","tid":"520","data":{"_key":"5","_id":"rwCol/5","_rev":"_f7ImyhO---","rwAttr":25}}
{"tick":"578","type":2201,"tid":"520","db":"rwRegister"}
{"tick":"579","type":2200,"tid":"525","db":"rwRegister"}
{"tick":"580","type":2300,"db":"rwRegister","cuid":"h90E2A166BEF1/133","tid":"525","data":{"_key":"5","_id":"rwCol/5","_rev":"_f7Imyie---","rwAttr":26}}
{"tick":"583","type":2300,"db":"rwRegister","cuid":"h90E2A166BEF1/133","tid":"525","data":{"_key":"5","_id":"rwCol/5","_rev":"_f7Imyii---","rwAttr":27}}
{"tick":"584","type":2201,"tid":"525","db":"rwRegister"}
{"tick":"585","type":2200,"tid":"528","db":"rwRegister"}
{"tick":"586","type":2300,"db":"rwRegister","cuid":"h90E2A166BEF1/133","tid":"528","data":{"_key":"4","_id":"rwCol/4","_rev":"_f7Imyj2---","rwAttr":14}}
{"tick":"589","type":2300,"db":"rwRegister","cuid":"h90E2A166BEF1/133","tid":"528","data":{"_key":"0","_id":"rwCol/0","_rev":"_f7Imyj6---","rwAttr":23}}
{"tick":"590","type":2201,"tid":"528","db":"rwRegister"}
{"tick":"591","type":2200,"tid":"537","db":"rwRegister"}
{"tick":"592","type":2300,"db":"rwRegister","cuid":"h90E2A166BEF1/133","tid":"537","data":{"_key":"5","_id":"rwCol/5","_rev":"_f7Imyti---","rwAttr":28}}
{"tick":"595","type":2300,"db":"rwRegister","cuid":"h90E2A166BEF1/133","tid":"537","data":{"_key":"4","_id":"rwCol/4","_rev":"_f7Imytm---","rwAttr":15}}
{"tick":"598","type":2300,"db":"rwRegister","cuid":"h90E2A166BEF1/133","tid":"537","data":{"_key":"5","_id":"rwCol/5","_rev":"_f7Imytq---","rwAttr":29}}
{"tick":"601","type":2300,"db":"rwRegister","cuid":"h90E2A166BEF1/133","tid":"537","data":{"_key":"5","_id":"rwCol/5","_rev":"_f7Imytu---","rwAttr":30}}
{"tick":"602","type":2201,"tid":"537","db":"rwRegister"}
{"tick":"603","type":2200,"tid":"543","db":"rwRegister"}
{"tick":"604","type":2300,"db":"rwRegister","cuid":"h90E2A166BEF1/133","tid":"543","data":{"_key":"5","_id":"rwCol/5","_rev":"_f7ImyyO---","rwAttr":31}}
{"tick":"605","type":2201,"tid":"543","db":"rwRegister"}
{"tick":"606","type":2200,"tid":"546","db":"rwRegister"}
{"tick":"607","type":2300,"db":"rwRegister","cuid":"h90E2A166BEF1/133","tid":"546","data":{"_key":"4","_id":"rwCol/4","_rev":"_f7Imy8y---","rwAttr":16}}
{"tick":"608","type":2201,"tid":"546","db":"rwRegister"}
{"tick":"609","type":2200,"tid":"556","db":"rwRegister"}
{"tick":"610","type":2300,"db":"rwRegister","cuid":"h90E2A166BEF1/133","tid":"556","data":{"_key":"4","_id":"rwCol/4","_rev":"_f7Imz-6---","rwAttr":17}}
{"tick":"613","type":2300,"db":"rwRegister","cuid":"h90E2A166BEF1/133","tid":"556","data":{"_key":"4","_id":"rwCol/4","_rev":"_f7Imz-6--_","rwAttr":18}}
{"tick":"616","type":2300,"db":"rwRegister","cuid":"h90E2A166BEF1/133","tid":"556","data":{"_key":"4","_id":"rwCol/4","_rev":"_f7Imz_----","rwAttr":19}}
{"tick":"617","type":2201,"tid":"556","db":"rwRegister"}
{"tick":"618","type":2200,"tid":"561","db":"rwRegister"}
{"tick":"619","type":2300,"db":"rwRegister","cuid":"h90E2A166BEF1/133","tid":"561","data":{"_key":"4","_id":"rwCol/4","_rev":"_f7ImzFq---","rwAttr":20}}
{"tick":"622","type":2300,"db":"rwRegister","cuid":"h90E2A166BEF1/133","tid":"561","data":{"_key":"5","_id":"rwCol/5","_rev":"_f7ImzFu---","rwAttr":32}}
{"tick":"623","type":2201,"tid":"561","db":"rwRegister"}
{"tick":"624","type":2200,"tid":"564","db":"rwRegister"}
{"tick":"625","type":2300,"db":"rwRegister","cuid":"h90E2A166BEF1/133","tid":"564","data":{"_key":"4","_id":"rwCol/4","_rev":"_f7ImzLi---","rwAttr":21}}
{"tick":"626","type":2201,"tid":"564","db":"rwRegister"}
{"tick":"627","type":2200,"tid":"571","db":"rwRegister"}
{"tick":"627","type":2300,"db":"rwRegister","cuid":"h90E2A166BEF1/133","tid":"571","data":{"_key":"6","_id":"rwCol/6","_rev":"_f7ImzNO---","rwAttr":1}}
{"tick":"630","type":2300,"db":"rwRegister","cuid":"h90E2A166BEF1/133","tid":"571","data":{"_key":"6","_id":"rwCol/6","_rev":"_f7ImzNa---","rwAttr":2}}
{"tick":"631","type":2201,"tid":"571","db":"rwRegister"}
{"tick":"632","type":2200,"tid":"578","db":"rwRegister"}
{"tick":"633","type":2300,"db":"rwRegister","cuid":"h90E2A166BEF1/133","tid":"578","data":{"_key":"6","_id":"rwCol/6","_rev":"_f7ImzVq---","rwAttr":3}}
{"tick":"636","type":2300,"db":"rwRegister","cuid":"h90E2A166BEF1/133","tid":"578","data":{"_key":"0","_id":"rwCol/0","_rev":"_f7ImzVu---","rwAttr":24}}
{"tick":"637","type":2201,"tid":"578","db":"rwRegister"}
{"tick":"641","type":2200,"tid":"582","db":"rwRegister"}
{"tick":"642","type":2300,"db":"rwRegister","cuid":"h90E2A166BEF1/133","tid":"582","data":{"_key":"0","_id":"rwCol/0","_rev":"_f7Imzge---","rwAttr":25}}
{"tick":"645","type":2300,"db":"rwRegister","cuid":"h90E2A166BEF1/133","tid":"582","data":{"_key":"0","_id":"rwCol/0","_rev":"_f7Imzgi---","rwAttr":26}}
{"tick":"648","type":2300,"db":"rwRegister","cuid":"h90E2A166BEF1/133","tid":"582","data":{"_key":"4","_id":"rwCol/4","_rev":"_f7Imzgq---","rwAttr":22}}
{"tick":"651","type":2300,"db":"rwRegister","cuid":"h90E2A166BEF1/133","tid":"582","data":{"_key":"6","_id":"rwCol/6","_rev":"_f7Imzgq--_","rwAttr":4}}
{"tick":"654","type":2300,"db":"rwRegister","cuid":"h90E2A166BEF1/133","tid":"582","data":{"_key":"6","_id":"rwCol/6","_rev":"_f7Imzgu---","rwAttr":5}}
{"tick":"657","type":2300,"db":"rwRegister","cuid":"h90E2A166BEF1/133","tid":"582","data":{"_key":"6","_id":"rwCol/6","_rev":"_f7Imzgy---","rwAttr":6}}
{"tick":"658","type":2201,"tid":"582","db":"rwRegister"}
{"tick":"659","type":2200,"tid":"591","db":"rwRegister"}
{"tick":"660","type":2300,"db":"rwRegister","cuid":"h90E2A166BEF1/133","tid":"591","data":{"_key":"4","_id":"rwCol/4","_rev":"_f7ImzlO---","rwAttr":23}}
{"tick":"663","type":2300,"db":"rwRegister","cuid":"h90E2A166BEF1/133","tid":"591","data":{"_key":"6","_id":"rwCol/6","_rev":"_f7ImzlW---","rwAttr":7}}
{"tick":"666","type":2300,"db":"rwRegister","cuid":"h90E2A166BEF1/133","tid":"591","data":{"_key":"6","_id":"rwCol/6","_rev":"_f7Imzla---","rwAttr":8}}
{"tick":"667","type":2201,"tid":"591","db":"rwRegister"}
{"tick":"668","type":2200,"tid":"598","db":"rwRegister"}
{"tick":"669","type":2300,"db":"rwRegister","cuid":"h90E2A166BEF1/133","tid":"598","data":{"_key":"4","_id":"rwCol/4","_rev":"_f7ImznK---","rwAttr":24}}
{"tick":"672","type":2300,"db":"rwRegister","cuid":"h90E2A166BEF1/133","tid":"598","data":{"_key":"0","_id":"rwCol/0","_rev":"_f7ImznK--_","rwAttr":27}}
{"tick":"673","type":2201,"tid":"598","db":"rwRegister"}
{"tick":"674","type":2200,"tid":"603","db":"rwRegister"}
{"tick":"675","type":2300,"db":"rwRegister","cuid":"h90E2A166BEF1/133","tid":"603","data":{"_key":"4","_id":"rwCol/4","_rev":"_f7ImzsS---","rwAttr":25}}
{"tick":"678","type":2300,"db":"rwRegister","cuid":"h90E2A166BEF1/133","tid":"603","data":{"_key":"6","_id":"rwCol/6","_rev":"_f7Imzsa---","rwAttr":9}}
{"tick":"681","type":2300,"db":"rwRegister","cuid":"h90E2A166BEF1/133","tid":"603","data":{"_key":"6","_id":"rwCol/6","_rev":"_f7Imzsa--_","rwAttr":10}}
{"tick":"684","type":2300,"db":"rwRegister","cuid":"h90E2A166BEF1/133","tid":"603","data":{"_key":"6","_id":"rwCol/6","_rev":"_f7Imzse---","rwAttr":11}}
{"tick":"685","type":2201,"tid":"603","db":"rwRegister"}
{"tick":"686","type":2200,"tid":"611","db":"rwRegister"}
{"tick":"687","type":2300,"db":"rwRegister","cuid":"h90E2A166BEF1/133","tid":"611","data":{"_key":"6","_id":"rwCol/6","_rev":"_f7Imztu---","rwAttr":12}}
{"tick":"690","type":2300,"db":"rwRegister","cuid":"h90E2A166BEF1/133","tid":"611","data":{"_key":"6","_id":"rwCol/6","_rev":"_f7Imzty---","rwAttr":13}}
{"tick":"693","type":2300,"db":"rwRegister","cuid":"h90E2A166BEF1/133","tid":"611","data":{"_key":"6","_id":"rwCol/6","_rev":"_f7Imzt2---","rwAttr":14}}
{"tick":"696","type":2300,"db":"rwRegister","cuid":"h90E2A166BEF1/133","tid":"611","data":{"_key":"6","_id":"rwCol/6","_rev":"_f7Imzt2--_","rwAttr":15}}
{"tick":"697","type":2201,"tid":"611","db":"rwRegister"}
{"tick":"698","type":2200,"tid":"617","db":"rwRegister"}
{"tick":"699","type":2300,"db":"rwRegister","cuid":"h90E2A166BEF1/133","tid":"617","data":{"_key":"6","_id":"rwCol/6","_rev":"_f7Imz6----","rwAttr":16}}
{"tick":"702","type":2300,"db":"rwRegister","cuid":"h90E2A166BEF1/133","tid":"617","data":{"_key":"6","_id":"rwCol/6","_rev":"_f7Imz6C---","rwAttr":17}}
{"tick":"705","type":2300,"db":"rwRegister","cuid":"h90E2A166BEF1/133","tid":"617","data":{"_key":"4","_id":"rwCol/4","_rev":"_f7Imz6C--_","rwAttr":26}}
{"tick":"706","type":2201,"tid":"617","db":"rwRegister"}
{"tick":"707","type":2200,"tid":"623","db":"rwRegister"}
{"tick":"708","type":2300,"db":"rwRegister","cuid":"h90E2A166BEF1/133","tid":"623","data":{"_key":"4","_id":"rwCol/4","_rev":"_f7Imz8O---","rwAttr":27}}
{"tick":"711","type":2300,"db":"rwRegister","cuid":"h90E2A166BEF1/133","tid":"623","data":{"_key":"0","_id":"rwCol/0","_rev":"_f7Imz8S---","rwAttr":28}}
{"tick":"714","type":2300,"db":"rwRegister","cuid":"h90E2A166BEF1/133","tid":"623","data":{"_key":"0","_id":"rwCol/0","_rev":"_f7Imz8W---","rwAttr":29}}
{"tick":"715","type":2201,"tid":"623","db":"rwRegister"}
{"tick":"716","type":2200,"tid":"631","db":"rwRegister"}
{"tick":"717","type":2300,"db":"rwRegister","cuid":"h90E2A166BEF1/133","tid":"631","data":{"_key":"6","_id":"rwCol/6","_rev":"_f7Im0_u---","rwAttr":18}}
{"tick":"720","type":2300,"db":"rwRegister","cuid":"h90E2A166BEF1/133","tid":"631","data":{"_key":"4","_id":"rwCol/4","_rev":"_f7Im0_u--_","rwAttr":28}}
{"tick":"721","type":2201,"tid":"631","db":"rwRegister"}
{"tick":"722","type":2200,"tid":"636","db":"rwRegister"}
{"tick":"723","type":2300,"db":"rwRegister","cuid":"h90E2A166BEF1/133","tid":"636","data":{"_key":"4","_id":"rwCol/4","_rev":"_f7Im0De---","rwAttr":29}}
{"tick":"726","type":2300,"db":"rwRegister","cuid":"h90E2A166BEF1/133","tid":"636","data":{"_key":"0","_id":"rwCol/0","_rev":"_f7Im0Di---","rwAttr":30}}
{"tick":"727","type":2201,"tid":"636","db":"rwRegister"}
{"tick":"728","type":2200,"tid":"649","db":"rwRegister"}
{"tick":"729","type":2300,"db":"rwRegister","cuid":"h90E2A166BEF1/133","tid":"649","data":{"_key":"4","_id":"rwCol/4","_rev":"_f7Im0M2---","rwAttr":30}}
{"tick":"732","type":2300,"db":"rwRegister","cuid":"h90E2A166BEF1/133","tid":"649","data":{"_key":"6","_id":"rwCol/6","_rev":"_f7Im0M6---","rwAttr":19}}
{"tick":"733","type":2201,"tid":"649","db":"rwRegister"}
{"tick":"734","type":2200,"tid":"655","db":"rwRegister"}
{"tick":"735","type":2300,"db":"rwRegister","cuid":"h90E2A166BEF1/133","tid":"655","data":{"_key":"6","_id":"rwCol/6","_rev":"_f7Im0Tm---","rwAttr":20}}
{"tick":"738","type":2300,"db":"rwRegister","cuid":"h90E2A166BEF1/133","tid":"655","data":{"_key":"4","_id":"rwCol/4","_rev":"_f7Im0Tu---","rwAttr":31}}
{"tick":"741","type":2300,"db":"rwRegister","cuid":"h90E2A166BEF1/133","tid":"655","data":{"_key":"6","_id":"rwCol/6","_rev":"_f7Im0Ty---","rwAttr":21}}
{"tick":"744","type":2300,"db":"rwRegister","cuid":"h90E2A166BEF1/133","tid":"655","data":{"_key":"0","_id":"rwCol/0","_rev":"_f7Im0T2---","rwAttr":31}}
{"tick":"745","type":2201,"tid":"655","db":"rwRegister"}
{"tick":"746","type":2200,"tid":"663","db":"rwRegister"}
{"tick":"747","type":2300,"db":"rwRegister","cuid":"h90E2A166BEF1/133","tid":"663","data":{"_key":"6","_id":"rwCol/6","_rev":"_f7Im0Vy---","rwAttr":22}}
{"tick":"750","type":2300,"db":"rwRegister","cuid":"h90E2A166BEF1/133","tid":"663","data":{"_key":"4","_id":"rwCol/4","_rev":"_f7Im0V2---","rwAttr":32}}
{"tick":"753","type":2300,"db":"rwRegister","cuid":"h90E2A166BEF1/133","tid":"663","data":{"_key":"0","_id":"rwCol/0","_rev":"_f7Im0V2--_","rwAttr":32}}
{"tick":"754","type":2201,"tid":"663","db":"rwRegister"}
{"tick":"755","type":2200,"tid":"671","db":"rwRegister"}
{"tick":"756","type":2300,"db":"rwRegister","cuid":"h90E2A166BEF1/133","tid":"671","data":{"_key":"6","_id":"rwCol/6","_rev":"_f7Im0c----","rwAttr":23}}
{"tick":"759","type":2300,"db":"rwRegister","cuid":"h90E2A166BEF1/133","tid":"671","data":{"_key":"6","_id":"rwCol/6","_rev":"_f7Im0cC---","rwAttr":24}}
{"tick":"762","type":2300,"db":"rwRegister","cuid":"h90E2A166BEF1/133","tid":"671","data":{"_key":"6","_id":"rwCol/6","_rev":"_f7Im0cG---","rwAttr":25}}
{"tick":"763","type":2201,"tid":"671","db":"rwRegister"}
{"tick":"764","type":2200,"tid":"677","db":"rwRegister"}
{"tick":"764","type":2300,"db":"rwRegister","cuid":"h90E2A166BEF1/133","tid":"677","data":{"_key":"8","_id":"rwCol/8","_rev":"_f7Im0mC---","rwAttr":1}}
{"tick":"767","type":2300,"db":"rwRegister","cuid":"h90E2A166BEF1/133","tid":"677","data":{"_key":"8","_id":"rwCol/8","_rev":"_f7Im0mK---","rwAttr":2}}
{"tick":"770","type":2300,"db":"rwRegister","cuid":"h90E2A166BEF1/133","tid":"677","data":{"_key":"8","_id":"rwCol/8","_rev":"_f7Im0mK--_","rwAttr":3}}
{"tick":"771","type":2201,"tid":"677","db":"rwRegister"}
{"tick":"772","type":2200,"tid":"685","db":"rwRegister"}
{"tick":"773","type":2300,"db":"rwRegister","cuid":"h90E2A166BEF1/133","tid":"685","data":{"_key":"6","_id":"rwCol/6","_rev":"_f7Im0pq---","rwAttr":26}}
{"tick":"775","type":2300,"db":"rwRegister","cuid":"h90E2A166BEF1/133","tid":"685","data":{"_key":"7","_id":"rwCol/7","_rev":"_f7Im0pu---","rwAttr":1}}
{"tick":"776","type":2201,"tid":"685","db":"rwRegister"}
{"tick":"777","type":2200,"tid":"692","db":"rwRegister"}
{"tick":"778","type":2300,"db":"rwRegister","cuid":"h90E2A166BEF1/133","tid":"692","data":{"_key":"8","_id":"rwCol/8","_rev":"_f7Im0yC---","rwAttr":4}}
{"tick":"781","type":2300,"db":"rwRegister","cuid":"h90E2A166BEF1/133","tid":"692","data":{"_key":"8","_id":"rwCol/8","_rev":"_f7Im0yG---","rwAttr":5}}
{"tick":"784","type":2300,"db":"rwRegister","cuid":"h90E2A166BEF1/133","tid":"692","data":{"_key":"8","_id":"rwCol/8","_rev":"_f7Im0yK---","rwAttr":6}}
{"tick":"787","type":2300,"db":"rwRegister","cuid":"h90E2A166BEF1/133","tid":"692","data":{"_key":"7","_id":"rwCol/7","_rev":"_f7Im0yS---","rwAttr":2}}
{"tick":"788","type":2201,"tid":"692","db":"rwRegister"}
{"tick":"789","type":2200,"tid":"701","db":"rwRegister"}
{"tick":"790","type":2300,"db":"rwRegister","cuid":"h90E2A166BEF1/133","tid":"701","data":{"_key":"8","_id":"rwCol/8","_rev":"_f7Im0z----","rwAttr":7}}
{"tick":"793","type":2300,"db":"rwRegister","cuid":"h90E2A166BEF1/133","tid":"701","data":{"_key":"8","_id":"rwCol/8","_rev":"_f7Im0zC---","rwAttr":8}}
{"tick":"794","type":2201,"tid":"701","db":"rwRegister"}
{"tick":"795","type":2200,"tid":"708","db":"rwRegister"}
{"tick":"796","type":2300,"db":"rwRegister","cuid":"h90E2A166BEF1/133","tid":"708","data":{"_key":"8","_id":"rwCol/8","_rev":"_f7Im0zW---","rwAttr":9}}
{"tick":"799","type":2300,"db":"rwRegister","cuid":"h90E2A166BEF1/133","tid":"708","data":{"_key":"7","_id":"rwCol/7","_rev":"_f7Im0za---","rwAttr":3}}
{"tick":"802","type":2300,"db":"rwRegister","cuid":"h90E2A166BEF1/133","tid":"708","data":{"_key":"6","_id":"rwCol/6","_rev":"_f7Im0ze---","rwAttr":27}}
{"tick":"803","type":2201,"tid":"708","db":"rwRegister"}
{"tick":"804","type":2200,"tid":"720","db":"rwRegister"}
{"tick":"805","type":2300,"db":"rwRegister","cuid":"h90E2A166BEF1/133","tid":"720","data":{"_key":"8","_id":"rwCol/8","_rev":"_f7Im08y---","rwAttr":10}}
{"tick":"806","type":2201,"tid":"720","db":"rwRegister"}
{"tick":"807","type":2200,"tid":"724","db":"rwRegister"}
{"tick":"808","type":2300,"db":"rwRegister","cuid":"h90E2A166BEF1/133","tid":"724","data":{"_key":"8","_id":"rwCol/8","_rev":"_f7Im1D----","rwAttr":11}}
{"tick":"811","type":2300,"db":"rwRegister","cuid":"h90E2A166BEF1/133","tid":"724","data":{"_key":"6","_id":"rwCol/6","_rev":"_f7Im1DC---","rwAttr":28}}
{"tick":"814","type":2300,"db":"rwRegister","cuid":"h90E2A166BEF1/133","tid":"724","data":{"_key":"6","_id":"rwCol/6","_rev":"_f7Im1DK---","rwAttr":29}}
{"tick":"817","type":2300,"db":"rwRegister","cuid":"h90E2A166BEF1/133","tid":"724","data":{"_key":"6","_id":"rwCol/6","_rev":"_f7Im1DK--_","rwAttr":30}}
{"tick":"818","type":2201,"tid":"724","db":"rwRegister"}
{"tick":"819","type":2200,"tid":"733","db":"rwRegister"}
{"tick":"820","type":2300,"db":"rwRegister","cuid":"h90E2A166BEF1/133","tid":"733","data":{"_key":"6","_id":"rwCol/6","_rev":"_f7Im1Ie---","rwAttr":31}}
{"tick":"823","type":2300,"db":"rwRegister","cuid":"h90E2A166BEF1/133","tid":"733","data":{"_key":"6","_id":"rwCol/6","_rev":"_f7Im1Iq---","rwAttr":32}}
{"tick":"824","type":2201,"tid":"733","db":"rwRegister"}
{"tick":"825","type":2200,"tid":"741","db":"rwRegister"}
{"tick":"825","type":2300,"db":"rwRegister","cuid":"h90E2A166BEF1/133","tid":"741","data":{"_key":"9","_id":"rwCol/9","_rev":"_f7Im1Uu---","rwAttr":1}}
{"tick":"828","type":2300,"db":"rwRegister","cuid":"h90E2A166BEF1/133","tid":"741","data":{"_key":"9","_id":"rwCol/9","_rev":"_f7Im1Uy---","rwAttr":2}}
{"tick":"831","type":2300,"db":"rwRegister","cuid":"h90E2A166BEF1/133","tid":"741","data":{"_key":"8","_id":"rwCol/8","_rev":"_f7Im1Uy--_","rwAttr":12}}
{"tick":"832","type":2201,"tid":"741","db":"rwRegister"}
{"tick":"833","type":2200,"tid":"746","db":"rwRegister"}
{"tick":"834","type":2300,"db":"rwRegister","cuid":"h90E2A166BEF1/133","tid":"746","data":{"_key":"9","_id":"rwCol/9","_rev":"_f7Im1ey---","rwAttr":3}}
{"tick":"835","type":2201,"tid":"746","db":"rwRegister"}
{"tick":"836","type":2200,"tid":"752","db":"rwRegister"}
{"tick":"837","type":2300,"db":"rwRegister","cuid":"h90E2A166BEF1/133","tid":"752","data":{"_key":"9","_id":"rwCol/9","_rev":"_f7Im1oC---","rwAttr":4}}
{"tick":"840","type":2300,"db":"rwRegister","cuid":"h90E2A166BEF1/133","tid":"752","data":{"_key":"9","_id":"rwCol/9","_rev":"_f7Im1oG---","rwAttr":5}}
{"tick":"843","type":2300,"db":"rwRegister","cuid":"h90E2A166BEF1/133","tid":"752","data":{"_key":"8","_id":"rwCol/8","_rev":"_f7Im1oK---","rwAttr":13}}
{"tick":"846","type":2300,"db":"rwRegister","cuid":"h90E2A166BEF1/133","tid":"752","data":{"_key":"7","_id":"rwCol/7","_rev":"_f7Im1oK--_","rwAttr":4}}
{"tick":"847","type":2201,"tid":"752","db":"rwRegister"}
{"tick":"848","type":2200,"tid":"759","db":"rwRegister"}
{"tick":"849","type":2300,"db":"rwRegister","cuid":"h90E2A166BEF1/133","tid":"759","data":{"_key":"8","_id":"rwCol/8","_rev":"_f7Im1sO---","rwAttr":14}}
{"tick":"852","type":2300,"db":"rwRegister","cuid":"h90E2A166BEF1/133","tid":"759","data":{"_key":"9","_id":"rwCol/9","_rev":"_f7Im1sS---","rwAttr":6}}
{"tick":"855","type":2300,"db":"rwRegister","cuid":"h90E2A166BEF1/133","tid":"759","data":{"_key":"7","_id":"rwCol/7","_rev":"_f7Im1sW---","rwAttr":5}}
{"tick":"858","type":2300,"db":"rwRegister","cuid":"h90E2A166BEF1/133","tid":"759","data":{"_key":"9","_id":"rwCol/9","_rev":"_f7Im1sa---","rwAttr":7}}
{"tick":"861","type":2300,"db":"rwRegister","cuid":"h90E2A166BEF1/133","tid":"759","data":{"_key":"9","_id":"rwCol/9","_rev":"_f7Im1sa--A","rwAttr":8}}
{"tick":"864","type":2300,"db":"rwRegister","cuid":"h90E2A166BEF1/133","tid":"759","data":{"_key":"9","_id":"rwCol/9","_rev":"_f7Im1se---","rwAttr":9}}
{"tick":"865","type":2201,"tid":"759","db":"rwRegister"}
{"tick":"866","type":2200,"tid":"772","db":"rwRegister"}
{"tick":"867","type":2300,"db":"rwRegister","cuid":"h90E2A166BEF1/133","tid":"772","data":{"_key":"8","_id":"rwCol/8","_rev":"_f7Im1vO---","rwAttr":16}}
{"tick":"870","type":2300,"db":"rwRegister","cuid":"h90E2A166BEF1/133","tid":"772","data":{"_key":"8","_id":"rwCol/8","_rev":"_f7Im1vS---","rwAttr":17}}
{"tick":"871","type":2201,"tid":"772","db":"rwRegister"}
{"tick":"875","type":2200,"tid":"778","db":"rwRegister"}
{"tick":"876","type":2300,"db":"rwRegister","cuid":"h90E2A166BEF1/133","tid":"778","data":{"_key":"7","_id":"rwCol/7","_rev":"_f7Im17i---","rwAttr":6}}
{"tick":"879","type":2300,"db":"rwRegister","cuid":"h90E2A166BEF1/133","tid":"778","data":{"_key":"9","_id":"rwCol/9","_rev":"_f7Im17m---","rwAttr":10}}
{"tick":"880","type":2201,"tid":"778","db":"rwRegister"}
{"tick":"881","type":2200,"tid":"783","db":"rwRegister"}
{"tick":"882","type":2300,"db":"rwRegister","cuid":"h90E2A166BEF1/133","tid":"783","data":{"_key":"9","_id":"rwCol/9","_rev":"_f7Im2AO---","rwAttr":11}}
{"tick":"885","type":2300,"db":"rwRegister","cuid":"h90E2A166BEF1/133","tid":"783","data":{"_key":"9","_id":"rwCol/9","_rev":"_f7Im2AS---","rwAttr":12}}
{"tick":"886","type":2201,"tid":"783","db":"rwRegister"}
{"tick":"887","type":2200,"tid":"786","db":"rwRegister"}
{"tick":"888","type":2300,"db":"rwRegister","cuid":"h90E2A166BEF1/133","tid":"786","data":{"_key":"9","_id":"rwCol/9","_rev":"_f7Im2K6---","rwAttr":13}}
{"tick":"891","type":2300,"db":"rwRegister","cuid":"h90E2A166BEF1/133","tid":"786","data":{"_key":"8","_id":"rwCol/8","_rev":"_f7Im2L----","rwAttr":18}}
{"tick":"892","type":2201,"tid":"786","db":"rwRegister"}
{"tick":"893","type":2200,"tid":"790","db":"rwRegister"}
{"tick":"894","type":2300,"db":"rwRegister","cuid":"h90E2A166BEF1/133","tid":"790","data":{"_key":"8","_id":"rwCol/8","_rev":"_f7Im2UG---","rwAttr":19}}
{"tick":"897","type":2300,"db":"rwRegister","cuid":"h90E2A166BEF1/133","tid":"790","data":{"_key":"8","_id":"rwCol/8","_rev":"_f7Im2UK---","rwAttr":20}}
{"tick":"900","type":2300,"db":"rwRegister","cuid":"h90E2A166BEF1/133","tid":"790","data":{"_key":"7","_id":"rwCol/7","_rev":"_f7Im2UK--_","rwAttr":7}}
{"tick":"903","type":2300,"db":"rwRegister","cuid":"h90E2A166BEF1/133","tid":"790","data":{"_key":"9","_id":"rwCol/9","_rev":"_f7Im2UO---","rwAttr":14}}
{"tick":"904","type":2201,"tid":"790","db":"rwRegister"}
{"tick":"905","type":2200,"tid":"795","db":"rwRegister"}
{"tick":"906","type":2300,"db":"rwRegister","cuid":"h90E2A166BEF1/133","tid":"795","data":{"_key":"9","_id":"rwCol/9","_rev":"_f7Im2cG---","rwAttr":15}}
{"tick":"909","type":2300,"db":"rwRegister","cuid":"h90E2A166BEF1/133","tid":"795","data":{"_key":"7","_id":"rwCol/7","_rev":"_f7Im2cS---","rwAttr":8}}
{"tick":"912","type":2300,"db":"rwRegister","cuid":"h90E2A166BEF1/133","tid":"795","data":{"_key":"9","_id":"rwCol/9","_rev":"_f7Im2cS--_","rwAttr":16}}
{"tick":"913","type":2201,"tid":"795","db":"rwRegister"}
