2023-04-11 12:47:19,043{GMT}	INFO	[jepsen test runner] jepsen.core: Test version a022068cd422cedff1ab8b4a2fa9ec515725deac (plus uncommitted changes)
2023-04-11 12:47:19,043{GMT}	INFO	[jepsen test runner] jepsen.core: Command line:
lein run test --nodes-file ./vagrant/nodes-vagrant.txt --password --ssh-private-key ./vagrant/vagrant_ssh_key --username vagrant --test-type rw --time-limit 20 -r 10 --concurrency 20 --key-count 5 --min-txn-length 4 --max-txn-length 8 --max-writes-per-key 3 --nemesis-type noop
2023-04-11 12:47:19,094{GMT}	INFO	[jepsen test runner] jepsen.core: Running test:
{:nemesis-type :noop
 :remote
 #jepsen.control.retry.Remote{:remote #jepsen.control.scp.Remote{:cmd-remote #jepsen.control.sshj.SSHJRemote{:concurrency-limit 6,
                                                                                                             :conn-spec nil,
                                                                                                             :client nil,
                                                                                                             :semaphore nil},
                                                                 :conn-spec nil},
                              :conn nil}
 :max-txn-length 8
 :concurrency 20
 :key-count 5
 :db
 #object[jepsen.arangodb.utils.support$db_setup$reify__1915
         "0x246f9fa8"
         "jepsen.arangodb.utils.support$db_setup$reify__1915@246f9fa8"]
 :max-writes-per-key 3
 :leave-db-running? false
 :name "arangodb-rw-register-test"
 :logging-json? false
 :ops-per-key 20
 :start-time
 #object[org.joda.time.DateTime "0x45c5cd9a" "2023-04-11T12:47:19.029+02:00"]
 :net
 #object[jepsen.net$reify__12440 "0x858bf8c" "jepsen.net$reify__12440@858bf8c"]
 :client
 #jepsen.arangodb.tests.rw_register.Client{:db-created? #object[clojure.lang.Atom
                                                                "0x779e66e5"
                                                                {:status :ready,
                                                                 :val false}],
                                           :collection-created? #object[clojure.lang.Atom
                                                                        "0x4d462edc"
                                                                        {:status :ready,
                                                                         :val false}],
                                           :conn nil,
                                           :node nil}
 :barrier
 #object[java.util.concurrent.CyclicBarrier
         "0x312ddc51"
         "java.util.concurrent.CyclicBarrier@312ddc51"]
 :pure-generators true
 :ssh
 {:dummy? false,
  :username "vagrant",
  :password "--ssh-private-key",
  :strict-host-key-checking false,
  :private-key-path nil}
 :rate 10
 :checker
 #object[jepsen.checker$compose$reify__11881
         "0x330f3046"
         "jepsen.checker$compose$reify__11881@330f3046"]
 :threads-per-group 5
 :argv
 ("test"
  "--nodes-file"
  "./vagrant/nodes-vagrant.txt"
  "--password"
  "--ssh-private-key"
  "./vagrant/vagrant_ssh_key"
  "--username"
  "vagrant"
  "--test-type"
  "rw"
  "--time-limit"
  "20"
  "-r"
  "10"
  "--concurrency"
  "20"
  "--key-count"
  "5"
  "--min-txn-length"
  "4"
  "--max-txn-length"
  "8"
  "--max-writes-per-key"
  "3"
  "--nemesis-type"
  "noop")
 :nemesis #unprintable "jepsen.nemesis$reify__12543@37a2d18c"
 :test-type :rw-register
 :nodes ["192.168.56.101"]
 :test-count 1
 :generator
 (jepsen.generator.TimeLimit
  {:limit 20000000000,
   :cutoff nil,
   :gen (jepsen.generator.Any
         {:gens [(jepsen.generator.OnThreads
                  {:f #{:nemesis},
                   :context-filter #object[jepsen.generator.context$make_thread_filter$lazy_filter__9167
                                           "0x202d83b9"
                                           "jepsen.generator.context$make_thread_filter$lazy_filter__9167@202d83b9"],
                   :gen nil})
                 (jepsen.generator.OnThreads
                  {:f #jepsen.generator.context.AllBut{:element :nemesis},
                   :context-filter #object[jepsen.generator.context$make_thread_filter$lazy_filter__9167
                                           "0x27476b5f"
                                           "jepsen.generator.context$make_thread_filter$lazy_filter__9167@27476b5f"],
                   :gen (jepsen.generator.Stagger
                         {:dt 200000000,
                          :next-time nil,
                          :gen ({:type :invoke,
                                 :f :txn,
                                 :value [[:w 4 1]
                                         [:r 4 nil]
                                         [:r 3 nil]
                                         [:w 2 1]
                                         [:w 4 2]]}
                                {:type :invoke,
                                 :f :txn,
                                 :value [[:w 3 1]
                                         [:r 2 nil]
                                         [:r 4 nil]
                                         [:r 4 nil]
                                         [:r 4 nil]]}
                                {:type :invoke,
                                 :f :txn,
                                 :value [[:r 3 nil]
                                         [:w 3 2]
                                         [:w 3 3]
                                         [:r 2 nil]
                                         [:r 3 nil]
                                         [:r 4 nil]]}
                                {:type :invoke,
                                 :f :txn,
                                 :value [[:r 0 nil]
                                         [:w 1 1]
                                         [:w 4 3]
                                         [:r 3 nil]
                                         [:w 5 1]
                                         [:r 3 nil]
                                         [:r 2 nil]]}
                                {:type :invoke,
                                 :f :txn,
                                 :value [[:w 2 2]
                                         [:r 3 nil]
                                         [:r 5 nil]
                                         [:r 5 nil]
                                         [:r 2 nil]
                                         [:r 5 nil]
                                         [:w 2 3]
                                         [:r 7 nil]]}
                                {:type :invoke,
                                 :f :txn,
                                 :value [[:r 6 nil]
                                         [:w 5 2]
                                         [:r 5 nil]
                                         [:w 5 3]
                                         [:w 7 1]]}
                                {:type :invoke,
                                 :f :txn,
                                 :value [[:r 1 nil]
                                         [:w 6 1]
                                         [:r 1 nil]
                                         [:r 6 nil]
                                         [:r 7 nil]
                                         [:w 8 1]]}
                                {:type :invoke,
                                 :f :txn,
                                 :value [[:w 8 2]
                                         [:w 6 2]
                                         [:r 8 nil]
                                         [:w 8 3]
                                         [:w 6 3]
                                         [:r 9 nil]
                                         [:r 9 nil]
                                         [:w 10 1]]}
                                ...)})})]})})
 :os
 #object[jepsen.os.debian.Debian
         "0x7c689379"
         "jepsen.os.debian.Debian@7c689379"]
 :time-limit 20
 :min-txn-length 4}

2023-04-11 12:47:21,617{GMT}	INFO	[jepsen node 192.168.56.101] jepsen.os.debian: 192.168.56.101 setting up debian
2023-04-11 12:47:21,967{GMT}	INFO	[jepsen test runner] jepsen.db: Tearing down DB
2023-04-11 12:47:21,968{GMT}	INFO	[jepsen node 192.168.56.101] jepsen.arangodb.utils.support: 192.168.56.101 tearing down arangodb
2023-04-11 12:47:21,968{GMT}	INFO	[jepsen node 192.168.56.101] jepsen.control.util: Stopping arangodb
2023-04-11 12:47:22,107{GMT}	INFO	[jepsen node 192.168.56.101] jepsen.arangodb.utils.support: no arangodb processes killed
2023-04-11 12:47:22,108{GMT}	INFO	[jepsen test runner] jepsen.db: Setting up DB
2023-04-11 12:47:22,109{GMT}	INFO	[jepsen node 192.168.56.101] jepsen.arangodb.utils.support: 192.168.56.101 installing arangodb v3.9.10
2023-04-11 12:47:24,627{GMT}	INFO	[jepsen node 192.168.56.101] jepsen.control.util: Starting arangodb
2023-04-11 12:47:24,725{GMT}	INFO	[jepsen test runner] jepsen.core: Relative time begins now
2023-04-11 12:47:24,769{GMT}	INFO	[jepsen node 192.168.56.101] jepsen.arangodb.tests.rw-register: sleep 15s to make sure the connection is ready
2023-04-11 12:47:39,770{GMT}	INFO	[jepsen node 192.168.56.101] jepsen.arangodb.tests.rw-register: Prepare to create databases
2023-04-11 12:47:39,771{GMT}	INFO	[jepsen node 192.168.56.101] jepsen.arangodb.tests.rw-register: Creating databases
2023-04-11 12:47:40,309{GMT}	INFO	[jepsen node 192.168.56.101] jepsen.arangodb.tests.rw-register: Databases created
2023-04-11 12:47:40,309{GMT}	INFO	[jepsen node 192.168.56.101] jepsen.arangodb.tests.rw-register: Creating collections
2023-04-11 12:47:40,869{GMT}	INFO	[jepsen node 192.168.56.101] jepsen.arangodb.tests.rw-register: Collections created
2023-04-11 12:47:40,884{GMT}	INFO	[jepsen worker 0] jepsen.util: 0	:invoke	:txn	[[:w 4 1] [:r 4 nil] [:r 3 nil] [:w 2 1] [:w 4 2]]
2023-04-11 12:47:40,899{GMT}	INFO	[jepsen worker 0] jepsen.arangodb.tests.rw-register: committed transaction 141
2023-04-11 12:47:40,899{GMT}	INFO	[jepsen worker 0] jepsen.util: 0	:ok	:txn	[[:w 4 1] [:r 4 1] [:r 3 nil] [:w 2 1] [:w 4 2]]
2023-04-11 12:47:40,937{GMT}	INFO	[jepsen worker 1] jepsen.util: 1	:invoke	:txn	[[:w 3 1] [:r 2 nil] [:r 4 nil] [:r 4 nil] [:r 4 nil]]
2023-04-11 12:47:40,946{GMT}	INFO	[jepsen worker 1] jepsen.arangodb.tests.rw-register: committed transaction 147
2023-04-11 12:47:40,946{GMT}	INFO	[jepsen worker 1] jepsen.util: 1	:ok	:txn	[[:w 3 1] [:r 2 1] [:r 4 2] [:r 4 2] [:r 4 2]]
2023-04-11 12:47:41,076{GMT}	INFO	[jepsen worker 2] jepsen.util: 2	:invoke	:txn	[[:r 3 nil] [:w 3 2] [:w 3 3] [:r 2 nil] [:r 3 nil] [:r 4 nil]]
2023-04-11 12:47:41,086{GMT}	INFO	[jepsen worker 2] jepsen.arangodb.tests.rw-register: committed transaction 153
2023-04-11 12:47:41,087{GMT}	INFO	[jepsen worker 2] jepsen.util: 2	:ok	:txn	[[:r 3 1] [:w 3 2] [:w 3 3] [:r 2 1] [:r 3 3] [:r 4 2]]
2023-04-11 12:47:41,172{GMT}	INFO	[jepsen worker 3] jepsen.util: 3	:invoke	:txn	[[:r 0 nil] [:w 1 1] [:w 4 3] [:r 3 nil] [:w 5 1] [:r 3 nil] [:r 2 nil]]
2023-04-11 12:47:41,182{GMT}	INFO	[jepsen worker 3] jepsen.arangodb.tests.rw-register: committed transaction 160
2023-04-11 12:47:41,182{GMT}	INFO	[jepsen worker 3] jepsen.util: 3	:ok	:txn	[[:r 0 nil] [:w 1 1] [:w 4 3] [:r 3 3] [:w 5 1] [:r 3 3] [:r 2 1]]
2023-04-11 12:47:41,257{GMT}	INFO	[jepsen worker 4] jepsen.util: 4	:invoke	:txn	[[:w 2 2] [:r 3 nil] [:r 5 nil] [:r 5 nil] [:r 2 nil] [:r 5 nil] [:w 2 3] [:r 7 nil]]
2023-04-11 12:47:41,267{GMT}	INFO	[jepsen worker 4] jepsen.arangodb.tests.rw-register: committed transaction 168
2023-04-11 12:47:41,267{GMT}	INFO	[jepsen worker 4] jepsen.util: 4	:ok	:txn	[[:w 2 2] [:r 3 3] [:r 5 1] [:r 5 1] [:r 2 2] [:r 5 1] [:w 2 3] [:r 7 nil]]
2023-04-11 12:47:41,309{GMT}	INFO	[jepsen worker 5] jepsen.util: 5	:invoke	:txn	[[:r 6 nil] [:w 5 2] [:r 5 nil] [:w 5 3] [:w 7 1]]
2023-04-11 12:47:41,317{GMT}	INFO	[jepsen worker 5] jepsen.arangodb.tests.rw-register: committed transaction 177
2023-04-11 12:47:41,317{GMT}	INFO	[jepsen worker 5] jepsen.util: 5	:ok	:txn	[[:r 6 nil] [:w 5 2] [:r 5 2] [:w 5 3] [:w 7 1]]
2023-04-11 12:47:41,468{GMT}	INFO	[jepsen worker 6] jepsen.util: 6	:invoke	:txn	[[:r 1 nil] [:w 6 1] [:r 1 nil] [:r 6 nil] [:r 7 nil] [:w 8 1]]
2023-04-11 12:47:41,476{GMT}	INFO	[jepsen worker 6] jepsen.arangodb.tests.rw-register: committed transaction 183
2023-04-11 12:47:41,477{GMT}	INFO	[jepsen worker 6] jepsen.util: 6	:ok	:txn	[[:r 1 1] [:w 6 1] [:r 1 1] [:r 6 1] [:r 7 1] [:w 8 1]]
2023-04-11 12:47:41,625{GMT}	INFO	[jepsen worker 7] jepsen.util: 7	:invoke	:txn	[[:w 8 2] [:w 6 2] [:r 8 nil] [:w 8 3] [:w 6 3] [:r 9 nil] [:r 9 nil] [:w 10 1]]
2023-04-11 12:47:41,636{GMT}	INFO	[jepsen worker 7] jepsen.arangodb.tests.rw-register: committed transaction 190
2023-04-11 12:47:41,636{GMT}	INFO	[jepsen worker 7] jepsen.util: 7	:ok	:txn	[[:w 8 2] [:w 6 2] [:r 8 2] [:w 8 3] [:w 6 3] [:r 9 nil] [:r 9 nil] [:w 10 1]]
2023-04-11 12:47:41,649{GMT}	INFO	[jepsen worker 8] jepsen.util: 8	:invoke	:txn	[[:w 10 2] [:w 10 3] [:w 9 1] [:w 9 2] [:r 9 nil]]
2023-04-11 12:47:41,656{GMT}	INFO	[jepsen worker 8] jepsen.arangodb.tests.rw-register: committed transaction 199
2023-04-11 12:47:41,656{GMT}	INFO	[jepsen worker 8] jepsen.util: 8	:ok	:txn	[[:w 10 2] [:w 10 3] [:w 9 1] [:w 9 2] [:r 9 2]]
2023-04-11 12:47:41,730{GMT}	INFO	[jepsen worker 9] jepsen.util: 9	:invoke	:txn	[[:w 9 3] [:w 11 1] [:r 11 nil] [:r 12 nil] [:w 7 2] [:w 12 1] [:r 7 nil] [:w 11 2]]
2023-04-11 12:47:41,741{GMT}	INFO	[jepsen worker 9] jepsen.arangodb.tests.rw-register: committed transaction 205
2023-04-11 12:47:41,741{GMT}	INFO	[jepsen worker 9] jepsen.util: 9	:ok	:txn	[[:w 9 3] [:w 11 1] [:r 11 1] [:r 12 nil] [:w 7 2] [:w 12 1] [:r 7 2] [:w 11 2]]
2023-04-11 12:47:41,907{GMT}	INFO	[jepsen worker 10] jepsen.util: 10	:invoke	:txn	[[:w 7 3] [:r 1 nil] [:w 11 3] [:r 12 nil] [:w 12 2] [:w 12 3] [:r 0 nil] [:r 7 nil]]
2023-04-11 12:47:41,917{GMT}	INFO	[jepsen worker 10] jepsen.arangodb.tests.rw-register: committed transaction 214
2023-04-11 12:47:41,917{GMT}	INFO	[jepsen worker 10] jepsen.util: 10	:ok	:txn	[[:w 7 3] [:r 1 1] [:w 11 3] [:r 12 1] [:w 12 2] [:w 12 3] [:r 0 nil] [:r 7 3]]
2023-04-11 12:47:42,084{GMT}	INFO	[jepsen worker 11] jepsen.util: 11	:invoke	:txn	[[:r 12 nil] [:r 11 nil] [:r 13 nil] [:r 13 nil] [:r 14 nil]]
2023-04-11 12:47:42,091{GMT}	INFO	[jepsen worker 11] jepsen.arangodb.tests.rw-register: committed transaction 223
2023-04-11 12:47:42,091{GMT}	INFO	[jepsen worker 11] jepsen.util: 11	:ok	:txn	[[:r 12 3] [:r 11 3] [:r 13 nil] [:r 13 nil] [:r 14 nil]]
2023-04-11 12:47:42,148{GMT}	INFO	[jepsen worker 12] jepsen.util: 12	:invoke	:txn	[[:w 13 1] [:w 13 2] [:r 14 nil] [:w 14 1] [:r 1 nil] [:r 14 nil]]
2023-04-11 12:47:42,156{GMT}	INFO	[jepsen worker 12] jepsen.arangodb.tests.rw-register: committed transaction 229
2023-04-11 12:47:42,156{GMT}	INFO	[jepsen worker 12] jepsen.util: 12	:ok	:txn	[[:w 13 1] [:w 13 2] [:r 14 nil] [:w 14 1] [:r 1 1] [:r 14 1]]
2023-04-11 12:47:42,273{GMT}	INFO	[jepsen worker 13] jepsen.util: 13	:invoke	:txn	[[:r 13 nil] [:r 13 nil] [:r 14 nil] [:r 15 nil] [:r 15 nil]]
2023-04-11 12:47:42,279{GMT}	INFO	[jepsen worker 13] jepsen.arangodb.tests.rw-register: committed transaction 236
2023-04-11 12:47:42,279{GMT}	INFO	[jepsen worker 13] jepsen.util: 13	:ok	:txn	[[:r 13 2] [:r 13 2] [:r 14 1] [:r 15 nil] [:r 15 nil]]
2023-04-11 12:47:42,449{GMT}	INFO	[jepsen worker 14] jepsen.util: 14	:invoke	:txn	[[:w 14 2] [:w 14 3] [:w 13 3] [:w 16 1]]
2023-04-11 12:47:42,455{GMT}	INFO	[jepsen worker 14] jepsen.arangodb.tests.rw-register: committed transaction 242
2023-04-11 12:47:42,455{GMT}	INFO	[jepsen worker 14] jepsen.util: 14	:ok	:txn	[[:w 14 2] [:w 14 3] [:w 13 3] [:w 16 1]]
2023-04-11 12:47:42,585{GMT}	INFO	[jepsen worker 15] jepsen.util: 15	:invoke	:txn	[[:w 16 2] [:w 17 1] [:w 16 3] [:r 16 nil] [:w 15 1]]
2023-04-11 12:47:42,593{GMT}	INFO	[jepsen worker 15] jepsen.arangodb.tests.rw-register: committed transaction 247
2023-04-11 12:47:42,593{GMT}	INFO	[jepsen worker 15] jepsen.util: 15	:ok	:txn	[[:w 16 2] [:w 17 1] [:w 16 3] [:r 16 3] [:w 15 1]]
2023-04-11 12:47:42,614{GMT}	INFO	[jepsen worker 16] jepsen.util: 16	:invoke	:txn	[[:r 15 nil] [:r 16 nil] [:r 17 nil] [:r 16 nil]]
2023-04-11 12:47:42,619{GMT}	INFO	[jepsen worker 16] jepsen.arangodb.tests.rw-register: committed transaction 253
2023-04-11 12:47:42,619{GMT}	INFO	[jepsen worker 16] jepsen.util: 16	:ok	:txn	[[:r 15 1] [:r 16 3] [:r 17 1] [:r 16 3]]
2023-04-11 12:47:42,646{GMT}	INFO	[jepsen worker 17] jepsen.util: 17	:invoke	:txn	[[:w 17 2] [:w 17 3] [:w 15 2] [:w 18 1] [:w 18 2] [:w 18 3]]
2023-04-11 12:47:42,653{GMT}	INFO	[jepsen worker 17] jepsen.arangodb.tests.rw-register: committed transaction 258
2023-04-11 12:47:42,654{GMT}	INFO	[jepsen worker 17] jepsen.util: 17	:ok	:txn	[[:w 17 2] [:w 17 3] [:w 15 2] [:w 18 1] [:w 18 2] [:w 18 3]]
2023-04-11 12:47:42,671{GMT}	INFO	[jepsen worker 18] jepsen.util: 18	:invoke	:txn	[[:w 19 1] [:w 19 2] [:r 15 nil] [:r 19 nil] [:w 19 3]]
2023-04-11 12:47:42,676{GMT}	INFO	[jepsen worker 18] jepsen.arangodb.tests.rw-register: committed transaction 265
2023-04-11 12:47:42,677{GMT}	INFO	[jepsen worker 18] jepsen.util: 18	:ok	:txn	[[:w 19 1] [:w 19 2] [:r 15 2] [:r 19 2] [:w 19 3]]
2023-04-11 12:47:42,809{GMT}	INFO	[jepsen worker 19] jepsen.util: 19	:invoke	:txn	[[:r 19 nil] [:r 19 nil] [:w 0 1] [:r 20 nil] [:w 15 3] [:r 19 nil] [:w 21 1] [:w 21 2]]
2023-04-11 12:47:42,817{GMT}	INFO	[jepsen worker 19] jepsen.arangodb.tests.rw-register: committed transaction 271
2023-04-11 12:47:42,817{GMT}	INFO	[jepsen worker 19] jepsen.util: 19	:ok	:txn	[[:r 19 3] [:r 19 3] [:w 0 1] [:r 20 nil] [:w 15 3] [:r 19 3] [:w 21 1] [:w 21 2]]
2023-04-11 12:47:42,925{GMT}	INFO	[jepsen worker 0] jepsen.util: 0	:invoke	:txn	[[:w 21 3] [:r 20 nil] [:w 22 1] [:r 20 nil]]
2023-04-11 12:47:42,930{GMT}	INFO	[jepsen worker 0] jepsen.arangodb.tests.rw-register: committed transaction 280
2023-04-11 12:47:42,930{GMT}	INFO	[jepsen worker 0] jepsen.util: 0	:ok	:txn	[[:w 21 3] [:r 20 nil] [:w 22 1] [:r 20 nil]]
2023-04-11 12:47:42,961{GMT}	INFO	[jepsen worker 0] jepsen.util: 0	:invoke	:txn	[[:w 20 1] [:r 23 nil] [:r 23 nil] [:w 22 2] [:w 23 1] [:r 23 nil]]
2023-04-11 12:47:42,967{GMT}	INFO	[jepsen worker 0] jepsen.arangodb.tests.rw-register: committed transaction 285
2023-04-11 12:47:42,967{GMT}	INFO	[jepsen worker 0] jepsen.util: 0	:ok	:txn	[[:w 20 1] [:r 23 nil] [:r 23 nil] [:w 22 2] [:w 23 1] [:r 23 1]]
2023-04-11 12:47:42,989{GMT}	INFO	[jepsen worker 1] jepsen.util: 1	:invoke	:txn	[[:w 23 2] [:w 23 3] [:r 23 nil] [:r 22 nil] [:r 22 nil] [:r 23 nil]]
2023-04-11 12:47:42,993{GMT}	INFO	[jepsen worker 1] jepsen.arangodb.tests.rw-register: committed transaction 292
2023-04-11 12:47:42,994{GMT}	INFO	[jepsen worker 1] jepsen.util: 1	:ok	:txn	[[:w 23 2] [:w 23 3] [:r 23 3] [:r 22 2] [:r 22 2] [:r 23 3]]
2023-04-11 12:47:43,159{GMT}	INFO	[jepsen worker 2] jepsen.util: 2	:invoke	:txn	[[:r 23 nil] [:r 0 nil] [:r 20 nil] [:w 24 1] [:w 22 3] [:w 20 2]]
2023-04-11 12:47:43,166{GMT}	INFO	[jepsen worker 2] jepsen.arangodb.tests.rw-register: committed transaction 299
2023-04-11 12:47:43,167{GMT}	INFO	[jepsen worker 2] jepsen.util: 2	:ok	:txn	[[:r 23 3] [:r 0 1] [:r 20 1] [:w 24 1] [:w 22 3] [:w 20 2]]
2023-04-11 12:47:43,197{GMT}	INFO	[jepsen worker 3] jepsen.util: 3	:invoke	:txn	[[:w 24 2] [:r 1 nil] [:r 24 nil] [:r 20 nil]]
2023-04-11 12:47:43,201{GMT}	INFO	[jepsen worker 3] jepsen.arangodb.tests.rw-register: committed transaction 306
2023-04-11 12:47:43,201{GMT}	INFO	[jepsen worker 3] jepsen.util: 3	:ok	:txn	[[:w 24 2] [:r 1 1] [:r 24 2] [:r 20 2]]
2023-04-11 12:47:43,212{GMT}	INFO	[jepsen worker 4] jepsen.util: 4	:invoke	:txn	[[:r 20 nil] [:r 25 nil] [:w 20 3] [:w 24 3]]
2023-04-11 12:47:43,216{GMT}	INFO	[jepsen worker 4] jepsen.arangodb.tests.rw-register: committed transaction 311
2023-04-11 12:47:43,217{GMT}	INFO	[jepsen worker 4] jepsen.util: 4	:ok	:txn	[[:r 20 2] [:r 25 nil] [:w 20 3] [:w 24 3]]
2023-04-11 12:47:43,246{GMT}	INFO	[jepsen worker 5] jepsen.util: 5	:invoke	:txn	[[:r 24 nil] [:r 24 nil] [:r 24 nil] [:r 20 nil] [:r 20 nil]]
2023-04-11 12:47:43,251{GMT}	INFO	[jepsen worker 5] jepsen.arangodb.tests.rw-register: committed transaction 316
2023-04-11 12:47:43,251{GMT}	INFO	[jepsen worker 5] jepsen.util: 5	:ok	:txn	[[:r 24 3] [:r 24 3] [:r 24 3] [:r 20 3] [:r 20 3]]
2023-04-11 12:47:43,288{GMT}	INFO	[jepsen worker 6] jepsen.util: 6	:invoke	:txn	[[:r 24 nil] [:r 26 nil] [:r 27 nil] [:r 26 nil] [:w 26 1] [:w 27 1] [:w 1 2] [:w 27 2]]
2023-04-11 12:47:43,294{GMT}	INFO	[jepsen worker 6] jepsen.arangodb.tests.rw-register: committed transaction 322
2023-04-11 12:47:43,294{GMT}	INFO	[jepsen worker 6] jepsen.util: 6	:ok	:txn	[[:r 24 3] [:r 26 nil] [:r 27 nil] [:r 26 nil] [:w 26 1] [:w 27 1] [:w 1 2] [:w 27 2]]
2023-04-11 12:47:43,418{GMT}	INFO	[jepsen worker 7] jepsen.util: 7	:invoke	:txn	[[:w 27 3] [:r 26 nil] [:w 26 2] [:r 27 nil] [:r 1 nil]]
2023-04-11 12:47:43,424{GMT}	INFO	[jepsen worker 7] jepsen.arangodb.tests.rw-register: committed transaction 331
2023-04-11 12:47:43,424{GMT}	INFO	[jepsen worker 7] jepsen.util: 7	:ok	:txn	[[:w 27 3] [:r 26 1] [:w 26 2] [:r 27 3] [:r 1 2]]
2023-04-11 12:47:43,468{GMT}	INFO	[jepsen worker 8] jepsen.util: 8	:invoke	:txn	[[:r 28 nil] [:r 26 nil] [:r 28 nil] [:w 1 3] [:r 28 nil] [:w 26 3]]
2023-04-11 12:47:43,474{GMT}	INFO	[jepsen worker 8] jepsen.arangodb.tests.rw-register: committed transaction 337
2023-04-11 12:47:43,474{GMT}	INFO	[jepsen worker 8] jepsen.util: 8	:ok	:txn	[[:r 28 nil] [:r 26 2] [:r 28 nil] [:w 1 3] [:r 28 nil] [:w 26 3]]
2023-04-11 12:47:43,557{GMT}	INFO	[jepsen worker 9] jepsen.util: 9	:invoke	:txn	[[:r 26 nil] [:r 28 nil] [:w 29 1] [:r 30 nil]]
2023-04-11 12:47:43,563{GMT}	INFO	[jepsen worker 9] jepsen.arangodb.tests.rw-register: committed transaction 344
2023-04-11 12:47:43,563{GMT}	INFO	[jepsen worker 9] jepsen.util: 9	:ok	:txn	[[:r 26 3] [:r 28 nil] [:w 29 1] [:r 30 nil]]
2023-04-11 12:47:43,629{GMT}	INFO	[jepsen worker 10] jepsen.util: 10	:invoke	:txn	[[:r 30 nil] [:r 30 nil] [:w 30 1] [:r 30 nil] [:w 30 2] [:r 25 nil] [:w 30 3] [:w 31 1]]
2023-04-11 12:47:43,637{GMT}	INFO	[jepsen worker 10] jepsen.arangodb.tests.rw-register: committed transaction 349
2023-04-11 12:47:43,637{GMT}	INFO	[jepsen worker 10] jepsen.util: 10	:ok	:txn	[[:r 30 nil] [:r 30 nil] [:w 30 1] [:r 30 1] [:w 30 2] [:r 25 nil] [:w 30 3] [:w 31 1]]
2023-04-11 12:47:43,826{GMT}	INFO	[jepsen worker 11] jepsen.util: 11	:invoke	:txn	[[:r 31 nil] [:r 31 nil] [:r 31 nil] [:r 31 nil] [:r 28 nil] [:w 28 1]]
2023-04-11 12:47:43,833{GMT}	INFO	[jepsen worker 11] jepsen.arangodb.tests.rw-register: committed transaction 358
2023-04-11 12:47:43,833{GMT}	INFO	[jepsen worker 11] jepsen.util: 11	:ok	:txn	[[:r 31 1] [:r 31 1] [:r 31 1] [:r 31 1] [:r 28 nil] [:w 28 1]]
2023-04-11 12:47:43,941{GMT}	INFO	[jepsen worker 12] jepsen.util: 12	:invoke	:txn	[[:w 29 2] [:r 25 nil] [:w 28 2] [:r 28 nil] [:w 28 3] [:w 25 1]]
2023-04-11 12:47:43,947{GMT}	INFO	[jepsen worker 12] jepsen.arangodb.tests.rw-register: committed transaction 365
2023-04-11 12:47:43,948{GMT}	INFO	[jepsen worker 12] jepsen.util: 12	:ok	:txn	[[:w 29 2] [:r 25 nil] [:w 28 2] [:r 28 2] [:w 28 3] [:w 25 1]]
2023-04-11 12:47:44,047{GMT}	INFO	[jepsen worker 13] jepsen.util: 13	:invoke	:txn	[[:w 32 1] [:r 31 nil] [:r 31 nil] [:w 31 2] [:r 31 nil] [:r 31 nil] [:r 31 nil] [:w 32 2]]
2023-04-11 12:47:44,056{GMT}	INFO	[jepsen worker 13] jepsen.arangodb.tests.rw-register: committed transaction 372
2023-04-11 12:47:44,056{GMT}	INFO	[jepsen worker 13] jepsen.util: 13	:ok	:txn	[[:w 32 1] [:r 31 1] [:r 31 1] [:w 31 2] [:r 31 2] [:r 31 2] [:r 31 2] [:w 32 2]]
2023-04-11 12:47:44,084{GMT}	INFO	[jepsen worker 14] jepsen.util: 14	:invoke	:txn	[[:w 32 3] [:w 31 3] [:w 25 2] [:r 33 nil] [:w 33 1]]
2023-04-11 12:47:44,090{GMT}	INFO	[jepsen worker 14] jepsen.arangodb.tests.rw-register: committed transaction 381
2023-04-11 12:47:44,090{GMT}	INFO	[jepsen worker 14] jepsen.util: 14	:ok	:txn	[[:w 32 3] [:w 31 3] [:w 25 2] [:r 33 nil] [:w 33 1]]
2023-04-11 12:47:44,251{GMT}	INFO	[jepsen worker 15] jepsen.util: 15	:invoke	:txn	[[:w 25 3] [:r 33 nil] [:r 33 nil] [:w 33 2]]
2023-04-11 12:47:44,257{GMT}	INFO	[jepsen worker 15] jepsen.arangodb.tests.rw-register: committed transaction 387
2023-04-11 12:47:44,257{GMT}	INFO	[jepsen worker 15] jepsen.util: 15	:ok	:txn	[[:w 25 3] [:r 33 1] [:r 33 1] [:w 33 2]]
2023-04-11 12:47:44,398{GMT}	INFO	[jepsen worker 16] jepsen.util: 16	:invoke	:txn	[[:r 32 nil] [:w 33 3] [:r 34 nil] [:w 34 1] [:r 34 nil] [:w 34 2] [:w 35 1]]
2023-04-11 12:47:44,404{GMT}	INFO	[jepsen worker 16] jepsen.arangodb.tests.rw-register: committed transaction 392
2023-04-11 12:47:44,404{GMT}	INFO	[jepsen worker 16] jepsen.util: 16	:ok	:txn	[[:r 32 3] [:w 33 3] [:r 34 nil] [:w 34 1] [:r 34 1] [:w 34 2] [:w 35 1]]
2023-04-11 12:47:44,510{GMT}	INFO	[jepsen worker 17] jepsen.util: 17	:invoke	:txn	[[:w 35 2] [:r 35 nil] [:r 25 nil] [:r 34 nil] [:w 35 3] [:w 34 3]]
2023-04-11 12:47:44,516{GMT}	INFO	[jepsen worker 17] jepsen.arangodb.tests.rw-register: committed transaction 400
2023-04-11 12:47:44,516{GMT}	INFO	[jepsen worker 17] jepsen.util: 17	:ok	:txn	[[:w 35 2] [:r 35 2] [:r 25 3] [:r 34 2] [:w 35 3] [:w 34 3]]
2023-04-11 12:47:44,582{GMT}	INFO	[jepsen worker 18] jepsen.util: 18	:invoke	:txn	[[:w 0 2] [:r 35 nil] [:r 34 nil] [:r 36 nil] [:w 36 1] [:r 36 nil] [:w 37 1]]
2023-04-11 12:47:44,590{GMT}	INFO	[jepsen worker 18] jepsen.arangodb.tests.rw-register: committed transaction 407
2023-04-11 12:47:44,590{GMT}	INFO	[jepsen worker 18] jepsen.util: 18	:ok	:txn	[[:w 0 2] [:r 35 3] [:r 34 3] [:r 36 nil] [:w 36 1] [:r 36 1] [:w 37 1]]
2023-04-11 12:47:44,603{GMT}	INFO	[jepsen worker 19] jepsen.util: 19	:invoke	:txn	[[:w 36 2] [:r 29 nil] [:r 38 nil] [:r 37 nil] [:r 38 nil] [:w 37 2] [:r 38 nil]]
2023-04-11 12:47:44,609{GMT}	INFO	[jepsen worker 19] jepsen.arangodb.tests.rw-register: committed transaction 415
2023-04-11 12:47:44,609{GMT}	INFO	[jepsen worker 19] jepsen.util: 19	:ok	:txn	[[:w 36 2] [:r 29 2] [:r 38 nil] [:r 37 1] [:r 38 nil] [:w 37 2] [:r 38 nil]]
2023-04-11 12:47:44,723{GMT}	INFO	[jepsen worker 0] jepsen.util: 0	:invoke	:txn	[[:r 37 nil] [:w 38 1] [:r 38 nil] [:r 29 nil] [:w 38 2]]
2023-04-11 12:47:44,728{GMT}	INFO	[jepsen worker 0] jepsen.arangodb.tests.rw-register: committed transaction 423
2023-04-11 12:47:44,729{GMT}	INFO	[jepsen worker 0] jepsen.util: 0	:ok	:txn	[[:r 37 2] [:w 38 1] [:r 38 1] [:r 29 2] [:w 38 2]]
2023-04-11 12:47:44,843{GMT}	INFO	[jepsen worker 0] jepsen.util: 0	:invoke	:txn	[[:r 36 nil] [:r 38 nil] [:w 38 3] [:r 36 nil] [:w 37 3] [:r 36 nil] [:r 38 nil]]
2023-04-11 12:47:44,850{GMT}	INFO	[jepsen worker 0] jepsen.arangodb.tests.rw-register: committed transaction 429
2023-04-11 12:47:44,850{GMT}	INFO	[jepsen worker 0] jepsen.util: 0	:ok	:txn	[[:r 36 2] [:r 38 2] [:w 38 3] [:r 36 2] [:w 37 3] [:r 36 2] [:r 38 3]]
2023-04-11 12:47:45,016{GMT}	INFO	[jepsen worker 1] jepsen.util: 1	:invoke	:txn	[[:r 38 nil] [:w 36 3] [:w 29 3] [:r 38 nil] [:r 36 nil] [:w 39 1] [:r 36 nil]]
2023-04-11 12:47:45,024{GMT}	INFO	[jepsen worker 1] jepsen.arangodb.tests.rw-register: committed transaction 437
2023-04-11 12:47:45,024{GMT}	INFO	[jepsen worker 1] jepsen.util: 1	:ok	:txn	[[:r 38 3] [:w 36 3] [:w 29 3] [:r 38 3] [:r 36 3] [:w 39 1] [:r 36 3]]
2023-04-11 12:47:45,139{GMT}	INFO	[jepsen worker 2] jepsen.util: 2	:invoke	:txn	[[:r 39 nil] [:r 39 nil] [:w 39 2] [:w 39 3] [:w 40 1]]
2023-04-11 12:47:45,145{GMT}	INFO	[jepsen worker 2] jepsen.arangodb.tests.rw-register: committed transaction 445
2023-04-11 12:47:45,145{GMT}	INFO	[jepsen worker 2] jepsen.util: 2	:ok	:txn	[[:r 39 1] [:r 39 1] [:w 39 2] [:w 39 3] [:w 40 1]]
2023-04-11 12:47:45,292{GMT}	INFO	[jepsen worker 3] jepsen.util: 3	:invoke	:txn	[[:r 39 nil] [:w 42 1] [:r 40 nil] [:w 42 2]]
2023-04-11 12:47:45,296{GMT}	INFO	[jepsen worker 3] jepsen.arangodb.tests.rw-register: committed transaction 451
2023-04-11 12:47:45,296{GMT}	INFO	[jepsen worker 3] jepsen.util: 3	:ok	:txn	[[:r 39 3] [:w 42 1] [:r 40 1] [:w 42 2]]
2023-04-11 12:47:45,464{GMT}	INFO	[jepsen worker 4] jepsen.util: 4	:invoke	:txn	[[:w 40 2] [:w 43 1] [:w 42 3] [:w 43 2] [:w 41 1]]
2023-04-11 12:47:45,471{GMT}	INFO	[jepsen worker 4] jepsen.arangodb.tests.rw-register: committed transaction 456
2023-04-11 12:47:45,471{GMT}	INFO	[jepsen worker 4] jepsen.util: 4	:ok	:txn	[[:w 40 2] [:w 43 1] [:w 42 3] [:w 43 2] [:w 41 1]]
2023-04-11 12:47:45,497{GMT}	INFO	[jepsen worker 5] jepsen.util: 5	:invoke	:txn	[[:r 40 nil] [:r 40 nil] [:w 44 1] [:w 44 2] [:w 40 3] [:r 44 nil] [:w 44 3]]
2023-04-11 12:47:45,502{GMT}	INFO	[jepsen worker 5] jepsen.arangodb.tests.rw-register: committed transaction 462
2023-04-11 12:47:45,503{GMT}	INFO	[jepsen worker 5] jepsen.util: 5	:ok	:txn	[[:r 40 2] [:r 40 2] [:w 44 1] [:w 44 2] [:w 40 3] [:r 44 2] [:w 44 3]]
2023-04-11 12:47:45,581{GMT}	INFO	[jepsen worker 6] jepsen.util: 6	:invoke	:txn	[[:w 43 3] [:r 44 nil] [:r 44 nil] [:r 40 nil] [:r 45 nil] [:r 46 nil] [:r 41 nil]]
2023-04-11 12:47:45,589{GMT}	INFO	[jepsen worker 7] jepsen.util: 7	:invoke	:txn	[[:r 46 nil] [:w 46 1] [:w 46 2] [:r 45 nil] [:r 47 nil] [:w 46 3] [:w 48 1]]
2023-04-11 12:47:45,589{GMT}	INFO	[jepsen worker 6] jepsen.arangodb.tests.rw-register: committed transaction 470
2023-04-11 12:47:45,589{GMT}	INFO	[jepsen worker 6] jepsen.util: 6	:ok	:txn	[[:w 43 3] [:r 44 3] [:r 44 3] [:r 40 3] [:r 45 nil] [:r 46 nil] [:r 41 1]]
2023-04-11 12:47:45,595{GMT}	INFO	[jepsen worker 7] jepsen.arangodb.tests.rw-register: committed transaction 478
2023-04-11 12:47:45,596{GMT}	INFO	[jepsen worker 7] jepsen.util: 7	:ok	:txn	[[:r 46 nil] [:w 46 1] [:w 46 2] [:r 45 nil] [:r 47 nil] [:w 46 3] [:w 48 1]]
2023-04-11 12:47:45,744{GMT}	INFO	[jepsen worker 8] jepsen.util: 8	:invoke	:txn	[[:r 48 nil] [:w 45 1] [:w 48 2] [:r 48 nil]]
2023-04-11 12:47:45,749{GMT}	INFO	[jepsen worker 8] jepsen.arangodb.tests.rw-register: committed transaction 486
2023-04-11 12:47:45,749{GMT}	INFO	[jepsen worker 8] jepsen.util: 8	:ok	:txn	[[:r 48 1] [:w 45 1] [:w 48 2] [:r 48 2]]
2023-04-11 12:47:45,856{GMT}	INFO	[jepsen worker 9] jepsen.util: 9	:invoke	:txn	[[:w 48 3] [:w 49 1] [:w 47 1] [:r 49 nil] [:r 47 nil] [:r 45 nil] [:r 45 nil] [:w 49 2]]
2023-04-11 12:47:45,864{GMT}	INFO	[jepsen worker 9] jepsen.arangodb.tests.rw-register: committed transaction 491
2023-04-11 12:47:45,864{GMT}	INFO	[jepsen worker 9] jepsen.util: 9	:ok	:txn	[[:w 48 3] [:w 49 1] [:w 47 1] [:r 49 1] [:r 47 1] [:r 45 1] [:r 45 1] [:w 49 2]]
2023-04-11 12:47:45,947{GMT}	INFO	[jepsen worker 10] jepsen.util: 10	:invoke	:txn	[[:w 49 3] [:w 50 1] [:w 45 2] [:w 45 3]]
2023-04-11 12:47:45,951{GMT}	INFO	[jepsen worker 10] jepsen.arangodb.tests.rw-register: committed transaction 500
2023-04-11 12:47:45,952{GMT}	INFO	[jepsen worker 10] jepsen.util: 10	:ok	:txn	[[:w 49 3] [:w 50 1] [:w 45 2] [:w 45 3]]
2023-04-11 12:47:46,002{GMT}	INFO	[jepsen worker 11] jepsen.util: 11	:invoke	:txn	[[:r 47 nil] [:r 50 nil] [:w 50 2] [:w 47 2] [:w 50 3] [:r 50 nil] [:w 51 1]]
2023-04-11 12:47:46,009{GMT}	INFO	[jepsen worker 11] jepsen.arangodb.tests.rw-register: committed transaction 505
2023-04-11 12:47:46,009{GMT}	INFO	[jepsen worker 11] jepsen.util: 11	:ok	:txn	[[:r 47 1] [:r 50 1] [:w 50 2] [:w 47 2] [:w 50 3] [:r 50 3] [:w 51 1]]
2023-04-11 12:47:46,179{GMT}	INFO	[jepsen worker 12] jepsen.util: 12	:invoke	:txn	[[:w 52 1] [:w 51 2] [:r 52 nil] [:w 52 2] [:w 52 3] [:r 51 nil]]
2023-04-11 12:47:46,185{GMT}	INFO	[jepsen worker 12] jepsen.arangodb.tests.rw-register: committed transaction 513
2023-04-11 12:47:46,185{GMT}	INFO	[jepsen worker 12] jepsen.util: 12	:ok	:txn	[[:w 52 1] [:w 51 2] [:r 52 1] [:w 52 2] [:w 52 3] [:r 51 2]]
2023-04-11 12:47:46,357{GMT}	INFO	[jepsen worker 13] jepsen.util: 13	:invoke	:txn	[[:r 52 nil] [:r 51 nil] [:w 53 1] [:w 53 2] [:w 53 3] [:w 51 3] [:r 53 nil]]
2023-04-11 12:47:46,363{GMT}	INFO	[jepsen worker 13] jepsen.arangodb.tests.rw-register: committed transaction 520
2023-04-11 12:47:46,364{GMT}	INFO	[jepsen worker 13] jepsen.util: 13	:ok	:txn	[[:r 52 3] [:r 51 2] [:w 53 1] [:w 53 2] [:w 53 3] [:w 51 3] [:r 53 3]]
2023-04-11 12:47:46,364{GMT}	INFO	[jepsen worker 14] jepsen.util: 14	:invoke	:txn	[[:r 53 nil] [:w 54 1] [:r 41 nil] [:r 54 nil] [:r 47 nil] [:r 47 nil] [:w 54 2]]
2023-04-11 12:47:46,368{GMT}	INFO	[jepsen worker 14] jepsen.arangodb.tests.rw-register: committed transaction 528
2023-04-11 12:47:46,369{GMT}	INFO	[jepsen worker 14] jepsen.util: 14	:ok	:txn	[[:r 53 3] [:w 54 1] [:r 41 1] [:r 54 1] [:r 47 2] [:r 47 2] [:w 54 2]]
2023-04-11 12:47:46,448{GMT}	INFO	[jepsen worker 15] jepsen.util: 15	:invoke	:txn	[[:w 47 3] [:w 55 1] [:r 0 nil] [:r 55 nil]]
2023-04-11 12:47:46,454{GMT}	INFO	[jepsen worker 15] jepsen.arangodb.tests.rw-register: committed transaction 536
2023-04-11 12:47:46,454{GMT}	INFO	[jepsen worker 15] jepsen.util: 15	:ok	:txn	[[:w 47 3] [:w 55 1] [:r 0 2] [:r 55 1]]
2023-04-11 12:47:46,513{GMT}	INFO	[jepsen worker 16] jepsen.util: 16	:invoke	:txn	[[:r 55 nil] [:r 54 nil] [:w 54 3] [:r 55 nil]]
2023-04-11 12:47:46,521{GMT}	INFO	[jepsen worker 16] jepsen.arangodb.tests.rw-register: committed transaction 541
2023-04-11 12:47:46,521{GMT}	INFO	[jepsen worker 16] jepsen.util: 16	:ok	:txn	[[:r 55 1] [:r 54 2] [:w 54 3] [:r 55 1]]
2023-04-11 12:47:46,675{GMT}	INFO	[jepsen worker 17] jepsen.util: 17	:invoke	:txn	[[:w 55 2] [:r 56 nil] [:r 56 nil] [:r 55 nil] [:w 0 3] [:r 56 nil] [:r 56 nil]]
2023-04-11 12:47:46,682{GMT}	INFO	[jepsen worker 17] jepsen.arangodb.tests.rw-register: committed transaction 546
2023-04-11 12:47:46,682{GMT}	INFO	[jepsen worker 17] jepsen.util: 17	:ok	:txn	[[:w 55 2] [:r 56 nil] [:r 56 nil] [:r 55 2] [:w 0 3] [:r 56 nil] [:r 56 nil]]
2023-04-11 12:47:46,730{GMT}	INFO	[jepsen worker 18] jepsen.util: 18	:invoke	:txn	[[:w 56 1] [:r 55 nil] [:w 41 2] [:w 56 2] [:w 55 3] [:r 0 nil] [:r 56 nil] [:r 56 nil]]
2023-04-11 12:47:46,737{GMT}	INFO	[jepsen worker 18] jepsen.arangodb.tests.rw-register: committed transaction 554
2023-04-11 12:47:46,737{GMT}	INFO	[jepsen worker 18] jepsen.util: 18	:ok	:txn	[[:w 56 1] [:r 55 2] [:w 41 2] [:w 56 2] [:w 55 3] [:r 0 3] [:r 56 2] [:r 56 2]]
2023-04-11 12:47:46,783{GMT}	INFO	[jepsen worker 19] jepsen.util: 19	:invoke	:txn	[[:r 55 nil] [:w 56 3] [:r 55 nil] [:r 56 nil] [:r 57 nil] [:w 57 1]]
2023-04-11 12:47:46,788{GMT}	INFO	[jepsen worker 19] jepsen.arangodb.tests.rw-register: committed transaction 563
2023-04-11 12:47:46,788{GMT}	INFO	[jepsen worker 19] jepsen.util: 19	:ok	:txn	[[:r 55 3] [:w 56 3] [:r 55 3] [:r 56 3] [:r 57 nil] [:w 57 1]]
2023-04-11 12:47:46,834{GMT}	INFO	[jepsen worker 0] jepsen.util: 0	:invoke	:txn	[[:r 47 nil] [:r 41 nil] [:r 57 nil] [:w 57 2] [:w 57 3] [:w 60 1]]
2023-04-11 12:47:46,840{GMT}	INFO	[jepsen worker 0] jepsen.arangodb.tests.rw-register: committed transaction 570
2023-04-11 12:47:46,840{GMT}	INFO	[jepsen worker 0] jepsen.util: 0	:ok	:txn	[[:r 47 3] [:r 41 2] [:r 57 1] [:w 57 2] [:w 57 3] [:w 60 1]]
2023-04-11 12:47:46,856{GMT}	INFO	[jepsen worker 0] jepsen.util: 0	:invoke	:txn	[[:r 60 nil] [:w 60 2] [:r 60 nil] [:r 61 nil]]
2023-04-11 12:47:46,860{GMT}	INFO	[jepsen worker 0] jepsen.arangodb.tests.rw-register: committed transaction 577
2023-04-11 12:47:46,860{GMT}	INFO	[jepsen worker 0] jepsen.util: 0	:ok	:txn	[[:r 60 1] [:w 60 2] [:r 60 2] [:r 61 nil]]
2023-04-11 12:47:46,967{GMT}	INFO	[jepsen worker 1] jepsen.util: 1	:invoke	:txn	[[:r 60 nil] [:r 61 nil] [:r 60 nil] [:r 59 nil] [:r 60 nil] [:w 60 3]]
2023-04-11 12:47:46,972{GMT}	INFO	[jepsen worker 1] jepsen.arangodb.tests.rw-register: committed transaction 582
2023-04-11 12:47:46,973{GMT}	INFO	[jepsen worker 1] jepsen.util: 1	:ok	:txn	[[:r 60 2] [:r 61 nil] [:r 60 2] [:r 59 nil] [:r 60 2] [:w 60 3]]
2023-04-11 12:47:47,060{GMT}	INFO	[jepsen worker 2] jepsen.util: 2	:invoke	:txn	[[:r 58 nil] [:r 58 nil] [:w 58 1] [:r 60 nil] [:r 58 nil]]
2023-04-11 12:47:47,067{GMT}	INFO	[jepsen worker 2] jepsen.arangodb.tests.rw-register: committed transaction 589
2023-04-11 12:47:47,067{GMT}	INFO	[jepsen worker 2] jepsen.util: 2	:ok	:txn	[[:r 58 nil] [:r 58 nil] [:w 58 1] [:r 60 3] [:r 58 1]]
2023-04-11 12:47:47,091{GMT}	INFO	[jepsen worker 3] jepsen.util: 3	:invoke	:txn	[[:w 58 2] [:r 62 nil] [:w 58 3] [:w 62 1] [:w 62 2] [:r 62 nil]]
2023-04-11 12:47:47,096{GMT}	INFO	[jepsen worker 3] jepsen.arangodb.tests.rw-register: committed transaction 595
2023-04-11 12:47:47,096{GMT}	INFO	[jepsen worker 3] jepsen.util: 3	:ok	:txn	[[:w 58 2] [:r 62 nil] [:w 58 3] [:w 62 1] [:w 62 2] [:r 62 2]]
2023-04-11 12:47:47,273{GMT}	INFO	[jepsen worker 4] jepsen.util: 4	:invoke	:txn	[[:r 41 nil] [:w 62 3] [:w 59 1] [:r 58 nil] [:r 58 nil] [:r 61 nil] [:w 64 1] [:w 63 1]]
2023-04-11 12:47:47,280{GMT}	INFO	[jepsen worker 4] jepsen.arangodb.tests.rw-register: committed transaction 602
2023-04-11 12:47:47,280{GMT}	INFO	[jepsen worker 4] jepsen.util: 4	:ok	:txn	[[:r 41 2] [:w 62 3] [:w 59 1] [:r 58 3] [:r 58 3] [:r 61 nil] [:w 64 1] [:w 63 1]]
2023-04-11 12:47:47,339{GMT}	INFO	[jepsen worker 5] jepsen.util: 5	:invoke	:txn	[[:w 63 2] [:w 63 3] [:w 64 2] [:w 61 1] [:w 59 2] [:w 64 3]]
2023-04-11 12:47:47,345{GMT}	INFO	[jepsen worker 5] jepsen.arangodb.tests.rw-register: committed transaction 611
2023-04-11 12:47:47,346{GMT}	INFO	[jepsen worker 5] jepsen.util: 5	:ok	:txn	[[:w 63 2] [:w 63 3] [:w 64 2] [:w 61 1] [:w 59 2] [:w 64 3]]
2023-04-11 12:47:47,456{GMT}	INFO	[jepsen worker 6] jepsen.util: 6	:invoke	:txn	[[:r 65 nil] [:r 65 nil] [:w 65 1] [:r 65 nil] [:r 61 nil] [:r 61 nil] [:r 65 nil] [:r 65 nil]]
2023-04-11 12:47:47,465{GMT}	INFO	[jepsen worker 6] jepsen.arangodb.tests.rw-register: committed transaction 618
2023-04-11 12:47:47,465{GMT}	INFO	[jepsen worker 6] jepsen.util: 6	:ok	:txn	[[:r 65 nil] [:r 65 nil] [:w 65 1] [:r 65 1] [:r 61 1] [:r 61 1] [:r 65 1] [:r 65 1]]
2023-04-11 12:47:47,511{GMT}	INFO	[jepsen worker 7] jepsen.util: 7	:invoke	:txn	[[:w 65 2] [:r 64 nil] [:r 61 nil] [:w 65 3]]
2023-04-11 12:47:47,515{GMT}	INFO	[jepsen worker 7] jepsen.arangodb.tests.rw-register: committed transaction 627
2023-04-11 12:47:47,515{GMT}	INFO	[jepsen worker 7] jepsen.util: 7	:ok	:txn	[[:w 65 2] [:r 64 3] [:r 61 1] [:w 65 3]]
2023-04-11 12:47:47,565{GMT}	INFO	[jepsen worker 8] jepsen.util: 8	:invoke	:txn	[[:r 41 nil] [:r 65 nil] [:w 67 1] [:r 66 nil]]
2023-04-11 12:47:47,570{GMT}	INFO	[jepsen worker 8] jepsen.arangodb.tests.rw-register: committed transaction 632
2023-04-11 12:47:47,570{GMT}	INFO	[jepsen worker 8] jepsen.util: 8	:ok	:txn	[[:r 41 2] [:r 65 3] [:w 67 1] [:r 66 nil]]
2023-04-11 12:47:47,718{GMT}	INFO	[jepsen worker 9] jepsen.util: 9	:invoke	:txn	[[:r 66 nil] [:r 67 nil] [:w 67 2] [:w 67 3]]
2023-04-11 12:47:47,723{GMT}	INFO	[jepsen worker 9] jepsen.arangodb.tests.rw-register: committed transaction 641
2023-04-11 12:47:47,724{GMT}	INFO	[jepsen worker 9] jepsen.util: 9	:ok	:txn	[[:r 66 nil] [:r 67 1] [:w 67 2] [:w 67 3]]
2023-04-11 12:47:47,790{GMT}	INFO	[jepsen worker 10] jepsen.util: 10	:invoke	:txn	[[:r 66 nil] [:r 67 nil] [:r 66 nil] [:r 66 nil] [:r 66 nil] [:r 59 nil]]
2023-04-11 12:47:47,795{GMT}	INFO	[jepsen worker 10] jepsen.arangodb.tests.rw-register: committed transaction 646
2023-04-11 12:47:47,795{GMT}	INFO	[jepsen worker 10] jepsen.util: 10	:ok	:txn	[[:r 66 nil] [:r 67 3] [:r 66 nil] [:r 66 nil] [:r 66 nil] [:r 59 2]]
2023-04-11 12:47:47,904{GMT}	INFO	[jepsen worker 11] jepsen.util: 11	:invoke	:txn	[[:r 66 nil] [:r 61 nil] [:r 68 nil] [:r 66 nil] [:w 61 2] [:r 66 nil] [:r 66 nil] [:w 66 1]]
2023-04-11 12:47:47,911{GMT}	INFO	[jepsen worker 11] jepsen.arangodb.tests.rw-register: committed transaction 653
2023-04-11 12:47:47,911{GMT}	INFO	[jepsen worker 11] jepsen.util: 11	:ok	:txn	[[:r 66 nil] [:r 61 1] [:r 68 nil] [:r 66 nil] [:w 61 2] [:r 66 nil] [:r 66 nil] [:w 66 1]]
2023-04-11 12:47:48,022{GMT}	INFO	[jepsen worker 12] jepsen.util: 12	:invoke	:txn	[[:w 61 3] [:r 61 nil] [:r 68 nil] [:w 66 2] [:w 68 1]]
2023-04-11 12:47:48,027{GMT}	INFO	[jepsen worker 12] jepsen.arangodb.tests.rw-register: committed transaction 662
2023-04-11 12:47:48,028{GMT}	INFO	[jepsen worker 12] jepsen.util: 12	:ok	:txn	[[:w 61 3] [:r 61 3] [:r 68 nil] [:w 66 2] [:w 68 1]]
2023-04-11 12:47:48,071{GMT}	INFO	[jepsen worker 13] jepsen.util: 13	:invoke	:txn	[[:w 66 3] [:r 61 nil] [:r 69 nil] [:r 68 nil] [:w 69 1]]
2023-04-11 12:47:48,076{GMT}	INFO	[jepsen worker 13] jepsen.arangodb.tests.rw-register: committed transaction 668
2023-04-11 12:47:48,076{GMT}	INFO	[jepsen worker 13] jepsen.util: 13	:ok	:txn	[[:w 66 3] [:r 61 3] [:r 69 nil] [:r 68 1] [:w 69 1]]
2023-04-11 12:47:48,189{GMT}	INFO	[jepsen worker 14] jepsen.util: 14	:invoke	:txn	[[:w 69 2] [:r 69 nil] [:w 69 3] [:r 41 nil] [:r 70 nil] [:r 70 nil] [:w 71 1]]
2023-04-11 12:47:48,197{GMT}	INFO	[jepsen worker 14] jepsen.arangodb.tests.rw-register: committed transaction 674
2023-04-11 12:47:48,197{GMT}	INFO	[jepsen worker 14] jepsen.util: 14	:ok	:txn	[[:w 69 2] [:r 69 2] [:w 69 3] [:r 41 2] [:r 70 nil] [:r 70 nil] [:w 71 1]]
2023-04-11 12:47:48,357{GMT}	INFO	[jepsen worker 15] jepsen.util: 15	:invoke	:txn	[[:w 70 1] [:r 70 nil] [:w 70 2] [:w 70 3]]
2023-04-11 12:47:48,361{GMT}	INFO	[jepsen worker 15] jepsen.arangodb.tests.rw-register: committed transaction 682
2023-04-11 12:47:48,361{GMT}	INFO	[jepsen worker 15] jepsen.util: 15	:ok	:txn	[[:w 70 1] [:r 70 1] [:w 70 2] [:w 70 3]]
2023-04-11 12:47:48,470{GMT}	INFO	[jepsen worker 16] jepsen.util: 16	:invoke	:txn	[[:w 71 2] [:w 71 3] [:r 72 nil] [:r 72 nil]]
2023-04-11 12:47:48,478{GMT}	INFO	[jepsen worker 16] jepsen.arangodb.tests.rw-register: committed transaction 687
2023-04-11 12:47:48,479{GMT}	INFO	[jepsen worker 16] jepsen.util: 16	:ok	:txn	[[:w 71 2] [:w 71 3] [:r 72 nil] [:r 72 nil]]
2023-04-11 12:47:48,623{GMT}	INFO	[jepsen worker 17] jepsen.util: 17	:invoke	:txn	[[:r 72 nil] [:r 71 nil] [:r 72 nil] [:r 72 nil] [:w 68 2] [:r 72 nil] [:w 68 3] [:w 72 1]]
2023-04-11 12:47:48,630{GMT}	INFO	[jepsen worker 17] jepsen.arangodb.tests.rw-register: committed transaction 692
2023-04-11 12:47:48,630{GMT}	INFO	[jepsen worker 17] jepsen.util: 17	:ok	:txn	[[:r 72 nil] [:r 71 3] [:r 72 nil] [:r 72 nil] [:w 68 2] [:r 72 nil] [:w 68 3] [:w 72 1]]
2023-04-11 12:47:48,816{GMT}	INFO	[jepsen worker 18] jepsen.util: 18	:invoke	:txn	[[:r 41 nil] [:r 68 nil] [:w 72 2] [:r 73 nil] [:w 72 3]]
2023-04-11 12:47:48,825{GMT}	INFO	[jepsen worker 18] jepsen.arangodb.tests.rw-register: committed transaction 701
2023-04-11 12:47:48,825{GMT}	INFO	[jepsen worker 18] jepsen.util: 18	:ok	:txn	[[:r 41 2] [:r 68 3] [:w 72 2] [:r 73 nil] [:w 72 3]]
2023-04-11 12:47:48,891{GMT}	INFO	[jepsen worker 19] jepsen.util: 19	:invoke	:txn	[[:r 71 nil] [:r 71 nil] [:r 59 nil] [:w 74 1] [:r 73 nil]]
2023-04-11 12:47:48,895{GMT}	INFO	[jepsen worker 19] jepsen.arangodb.tests.rw-register: committed transaction 707
2023-04-11 12:47:48,895{GMT}	INFO	[jepsen worker 19] jepsen.util: 19	:ok	:txn	[[:r 71 3] [:r 71 3] [:r 59 2] [:w 74 1] [:r 73 nil]]
2023-04-11 12:47:48,977{GMT}	INFO	[jepsen worker 0] jepsen.util: 0	:invoke	:txn	[[:w 75 1] [:w 75 2] [:w 75 3] [:r 73 nil] [:w 41 3]]
2023-04-11 12:47:48,982{GMT}	INFO	[jepsen worker 0] jepsen.arangodb.tests.rw-register: committed transaction 713
2023-04-11 12:47:48,983{GMT}	INFO	[jepsen worker 0] jepsen.util: 0	:ok	:txn	[[:w 75 1] [:w 75 2] [:w 75 3] [:r 73 nil] [:w 41 3]]
2023-04-11 12:47:49,053{GMT}	INFO	[jepsen worker 0] jepsen.util: 0	:invoke	:txn	[[:w 74 2] [:r 73 nil] [:r 73 nil] [:r 76 nil] [:w 73 1] [:r 73 nil]]
2023-04-11 12:47:49,058{GMT}	INFO	[jepsen worker 0] jepsen.arangodb.tests.rw-register: committed transaction 719
2023-04-11 12:47:49,058{GMT}	INFO	[jepsen worker 0] jepsen.util: 0	:ok	:txn	[[:w 74 2] [:r 73 nil] [:r 73 nil] [:r 76 nil] [:w 73 1] [:r 73 1]]
2023-04-11 12:47:49,199{GMT}	INFO	[jepsen worker 1] jepsen.util: 1	:invoke	:txn	[[:r 74 nil] [:r 41 nil] [:r 76 nil] [:w 76 1] [:r 76 nil] [:w 73 2]]
2023-04-11 12:47:49,205{GMT}	INFO	[jepsen worker 1] jepsen.arangodb.tests.rw-register: committed transaction 726
2023-04-11 12:47:49,205{GMT}	INFO	[jepsen worker 1] jepsen.util: 1	:ok	:txn	[[:r 74 2] [:r 41 3] [:r 76 nil] [:w 76 1] [:r 76 1] [:w 73 2]]
2023-04-11 12:47:49,238{GMT}	INFO	[jepsen worker 2] jepsen.util: 2	:invoke	:txn	[[:w 76 2] [:w 76 3] [:w 73 3] [:r 76 nil] [:r 76 nil] [:r 76 nil] [:w 77 1] [:r 78 nil]]
2023-04-11 12:47:49,244{GMT}	INFO	[jepsen worker 2] jepsen.arangodb.tests.rw-register: committed transaction 733
2023-04-11 12:47:49,244{GMT}	INFO	[jepsen worker 2] jepsen.util: 2	:ok	:txn	[[:w 76 2] [:w 76 3] [:w 73 3] [:r 76 3] [:r 76 3] [:r 76 3] [:w 77 1] [:r 78 nil]]
2023-04-11 12:47:49,325{GMT}	INFO	[jepsen worker 3] jepsen.util: 3	:invoke	:txn	[[:w 77 2] [:w 77 3] [:w 79 1] [:w 79 2] [:r 79 nil] [:r 74 nil]]
2023-04-11 12:47:49,330{GMT}	INFO	[jepsen worker 3] jepsen.arangodb.tests.rw-register: committed transaction 742
2023-04-11 12:47:49,330{GMT}	INFO	[jepsen worker 3] jepsen.util: 3	:ok	:txn	[[:w 77 2] [:w 77 3] [:w 79 1] [:w 79 2] [:r 79 2] [:r 74 2]]
2023-04-11 12:47:49,488{GMT}	INFO	[jepsen worker 4] jepsen.util: 4	:invoke	:txn	[[:r 79 nil] [:r 79 nil] [:r 79 nil] [:r 79 nil]]
2023-04-11 12:47:49,492{GMT}	INFO	[jepsen worker 4] jepsen.arangodb.tests.rw-register: committed transaction 749
2023-04-11 12:47:49,492{GMT}	INFO	[jepsen worker 4] jepsen.util: 4	:ok	:txn	[[:r 79 2] [:r 79 2] [:r 79 2] [:r 79 2]]
2023-04-11 12:47:49,546{GMT}	INFO	[jepsen worker 5] jepsen.util: 5	:invoke	:txn	[[:w 78 1] [:w 78 2] [:r 74 nil] [:r 79 nil] [:r 79 nil]]
2023-04-11 12:47:49,551{GMT}	INFO	[jepsen worker 5] jepsen.arangodb.tests.rw-register: committed transaction 754
2023-04-11 12:47:49,551{GMT}	INFO	[jepsen worker 5] jepsen.util: 5	:ok	:txn	[[:w 78 1] [:w 78 2] [:r 74 2] [:r 79 2] [:r 79 2]]
2023-04-11 12:47:49,609{GMT}	INFO	[jepsen worker 6] jepsen.util: 6	:invoke	:txn	[[:r 79 nil] [:w 74 3] [:r 59 nil] [:w 79 3] [:r 79 nil] [:w 78 3]]
2023-04-11 12:47:49,616{GMT}	INFO	[jepsen worker 6] jepsen.arangodb.tests.rw-register: committed transaction 760
2023-04-11 12:47:49,616{GMT}	INFO	[jepsen worker 6] jepsen.util: 6	:ok	:txn	[[:r 79 2] [:w 74 3] [:r 59 2] [:w 79 3] [:r 79 3] [:w 78 3]]
2023-04-11 12:47:49,684{GMT}	INFO	[jepsen worker 7] jepsen.util: 7	:invoke	:txn	[[:r 81 nil] [:w 81 1] [:r 81 nil] [:r 81 nil] [:r 59 nil]]
2023-04-11 12:47:49,689{GMT}	INFO	[jepsen worker 7] jepsen.arangodb.tests.rw-register: committed transaction 767
2023-04-11 12:47:49,689{GMT}	INFO	[jepsen worker 7] jepsen.util: 7	:ok	:txn	[[:r 81 nil] [:w 81 1] [:r 81 1] [:r 81 1] [:r 59 2]]
2023-04-11 12:47:49,872{GMT}	INFO	[jepsen worker 8] jepsen.util: 8	:invoke	:txn	[[:r 80 nil] [:w 81 2] [:r 59 nil] [:r 78 nil] [:w 81 3] [:w 82 1] [:r 82 nil]]
2023-04-11 12:47:49,879{GMT}	INFO	[jepsen worker 8] jepsen.arangodb.tests.rw-register: committed transaction 773
2023-04-11 12:47:49,879{GMT}	INFO	[jepsen worker 8] jepsen.util: 8	:ok	:txn	[[:r 80 nil] [:w 81 2] [:r 59 2] [:r 78 3] [:w 81 3] [:w 82 1] [:r 82 1]]
2023-04-11 12:47:49,926{GMT}	INFO	[jepsen worker 9] jepsen.util: 9	:invoke	:txn	[[:w 82 2] [:r 82 nil] [:r 78 nil] [:r 82 nil] [:w 82 3] [:r 78 nil] [:w 84 1]]
2023-04-11 12:47:49,932{GMT}	INFO	[jepsen worker 9] jepsen.arangodb.tests.rw-register: committed transaction 781
2023-04-11 12:47:49,932{GMT}	INFO	[jepsen worker 9] jepsen.util: 9	:ok	:txn	[[:w 82 2] [:r 82 2] [:r 78 3] [:r 82 2] [:w 82 3] [:r 78 3] [:w 84 1]]
2023-04-11 12:47:50,081{GMT}	INFO	[jepsen worker 10] jepsen.util: 10	:invoke	:txn	[[:r 84 nil] [:r 84 nil] [:r 84 nil] [:r 84 nil] [:w 59 3] [:w 85 1] [:r 84 nil] [:w 84 2]]
2023-04-11 12:47:50,088{GMT}	INFO	[jepsen worker 10] jepsen.arangodb.tests.rw-register: committed transaction 789
2023-04-11 12:47:50,088{GMT}	INFO	[jepsen worker 10] jepsen.util: 10	:ok	:txn	[[:r 84 1] [:r 84 1] [:r 84 1] [:r 84 1] [:w 59 3] [:w 85 1] [:r 84 1] [:w 84 2]]
2023-04-11 12:47:50,218{GMT}	INFO	[jepsen worker 11] jepsen.util: 11	:invoke	:txn	[[:w 84 3] [:r 84 nil] [:w 85 2] [:w 80 1]]
2023-04-11 12:47:50,224{GMT}	INFO	[jepsen worker 11] jepsen.arangodb.tests.rw-register: committed transaction 798
2023-04-11 12:47:50,224{GMT}	INFO	[jepsen worker 11] jepsen.util: 11	:ok	:txn	[[:w 84 3] [:r 84 3] [:w 85 2] [:w 80 1]]
2023-04-11 12:47:50,338{GMT}	INFO	[jepsen worker 12] jepsen.util: 12	:invoke	:txn	[[:w 85 3] [:w 86 1] [:w 86 2] [:r 83 nil] [:r 86 nil]]
2023-04-11 12:47:50,344{GMT}	INFO	[jepsen worker 12] jepsen.arangodb.tests.rw-register: committed transaction 803
2023-04-11 12:47:50,344{GMT}	INFO	[jepsen worker 12] jepsen.util: 12	:ok	:txn	[[:w 85 3] [:w 86 1] [:w 86 2] [:r 83 nil] [:r 86 2]]
2023-04-11 12:47:50,381{GMT}	INFO	[jepsen worker 13] jepsen.util: 13	:invoke	:txn	[[:r 86 nil] [:r 86 nil] [:r 86 nil] [:w 86 3] [:w 87 1]]
2023-04-11 12:47:50,386{GMT}	INFO	[jepsen worker 13] jepsen.arangodb.tests.rw-register: committed transaction 809
2023-04-11 12:47:50,386{GMT}	INFO	[jepsen worker 13] jepsen.util: 13	:ok	:txn	[[:r 86 2] [:r 86 2] [:r 86 2] [:w 86 3] [:w 87 1]]
2023-04-11 12:47:50,442{GMT}	INFO	[jepsen worker 14] jepsen.util: 14	:invoke	:txn	[[:r 80 nil] [:r 86 nil] [:r 80 nil] [:r 86 nil] [:r 86 nil] [:r 86 nil] [:w 83 1]]
2023-04-11 12:47:50,448{GMT}	INFO	[jepsen worker 14] jepsen.arangodb.tests.rw-register: committed transaction 815
2023-04-11 12:47:50,448{GMT}	INFO	[jepsen worker 14] jepsen.util: 14	:ok	:txn	[[:r 80 1] [:r 86 3] [:r 80 1] [:r 86 3] [:r 86 3] [:r 86 3] [:w 83 1]]
2023-04-11 12:47:50,520{GMT}	INFO	[jepsen worker 15] jepsen.util: 15	:invoke	:txn	[[:r 87 nil] [:r 88 nil] [:w 83 2] [:w 87 2] [:r 88 nil] [:w 83 3] [:r 87 nil] [:r 88 nil]]
2023-04-11 12:47:50,527{GMT}	INFO	[jepsen worker 15] jepsen.arangodb.tests.rw-register: committed transaction 823
2023-04-11 12:47:50,527{GMT}	INFO	[jepsen worker 15] jepsen.util: 15	:ok	:txn	[[:r 87 1] [:r 88 nil] [:w 83 2] [:w 87 2] [:r 88 nil] [:w 83 3] [:r 87 2] [:r 88 nil]]
2023-04-11 12:47:50,614{GMT}	INFO	[jepsen worker 16] jepsen.util: 16	:invoke	:txn	[[:r 88 nil] [:w 87 3] [:w 80 2] [:w 88 1] [:w 88 2] [:r 88 nil]]
2023-04-11 12:47:50,621{GMT}	INFO	[jepsen worker 16] jepsen.arangodb.tests.rw-register: committed transaction 832
2023-04-11 12:47:50,621{GMT}	INFO	[jepsen worker 16] jepsen.util: 16	:ok	:txn	[[:r 88 nil] [:w 87 3] [:w 80 2] [:w 88 1] [:w 88 2] [:r 88 2]]
2023-04-11 12:47:50,790{GMT}	INFO	[jepsen worker 17] jepsen.util: 17	:invoke	:txn	[[:r 89 nil] [:w 88 3] [:r 91 nil] [:w 80 3] [:r 89 nil] [:r 91 nil] [:r 90 nil] [:w 89 1]]
2023-04-11 12:47:50,797{GMT}	INFO	[jepsen worker 17] jepsen.arangodb.tests.rw-register: committed transaction 839
2023-04-11 12:47:50,797{GMT}	INFO	[jepsen worker 17] jepsen.util: 17	:ok	:txn	[[:r 89 nil] [:w 88 3] [:r 91 nil] [:w 80 3] [:r 89 nil] [:r 91 nil] [:r 90 nil] [:w 89 1]]
2023-04-11 12:47:50,835{GMT}	INFO	[jepsen worker 18] jepsen.util: 18	:invoke	:txn	[[:w 91 1] [:r 89 nil] [:w 91 2] [:r 91 nil] [:r 89 nil] [:r 91 nil]]
2023-04-11 12:47:50,839{GMT}	INFO	[jepsen worker 18] jepsen.arangodb.tests.rw-register: committed transaction 848
2023-04-11 12:47:50,840{GMT}	INFO	[jepsen worker 18] jepsen.util: 18	:ok	:txn	[[:w 91 1] [:r 89 1] [:w 91 2] [:r 91 2] [:r 89 1] [:r 91 2]]
2023-04-11 12:47:50,883{GMT}	INFO	[jepsen worker 19] jepsen.util: 19	:invoke	:txn	[[:w 91 3] [:r 80 nil] [:w 92 1] [:w 92 2] [:r 89 nil] [:w 90 1]]
2023-04-11 12:47:50,886{GMT}	INFO	[jepsen worker 0] jepsen.util: 0	:invoke	:txn	[[:w 92 3] [:r 92 nil] [:r 92 nil] [:w 89 2] [:r 94 nil] [:w 94 1]]
2023-04-11 12:47:50,889{GMT}	INFO	[jepsen worker 19] jepsen.arangodb.tests.rw-register: committed transaction 855
2023-04-11 12:47:50,890{GMT}	INFO	[jepsen worker 19] jepsen.util: 19	:ok	:txn	[[:w 91 3] [:r 80 3] [:w 92 1] [:w 92 2] [:r 89 1] [:w 90 1]]
2023-04-11 12:47:50,892{GMT}	INFO	[jepsen worker 0] jepsen.arangodb.tests.rw-register: aborted transaction 859
2023-04-11 12:47:50,892{GMT}	WARN	[jepsen worker 0] jepsen.arangodb.tests.rw-register: AQL: timeout waiting to lock key Operation timed out: Timeout waiting to lock key - in index primary of type primary over '_key'; conflicting key: 92 (while executing)
2023-04-11 12:47:50,892{GMT}	INFO	[jepsen worker 0] jepsen.util: 0	:fail	:txn	[[:w 92 3] [:r 92 nil] [:r 92 nil] [:w 89 2] [:r 94 nil] [:w 94 1]]	:ww-conflict
2023-04-11 12:47:50,958{GMT}	INFO	[jepsen worker 0] jepsen.util: 0	:invoke	:txn	[[:r 94 nil] [:r 89 nil] [:r 89 nil] [:w 90 2] [:r 89 nil]]
2023-04-11 12:47:50,964{GMT}	INFO	[jepsen worker 0] jepsen.arangodb.tests.rw-register: committed transaction 864
2023-04-11 12:47:50,964{GMT}	INFO	[jepsen worker 0] jepsen.util: 0	:ok	:txn	[[:r 94 nil] [:r 89 1] [:r 89 1] [:w 90 2] [:r 89 1]]
2023-04-11 12:47:51,109{GMT}	INFO	[jepsen worker 1] jepsen.util: 1	:invoke	:txn	[[:r 90 nil] [:w 89 3] [:w 94 2] [:w 94 3] [:r 94 nil] [:r 96 nil] [:r 95 nil] [:w 96 1]]
2023-04-11 12:47:51,117{GMT}	INFO	[jepsen worker 1] jepsen.arangodb.tests.rw-register: committed transaction 870
2023-04-11 12:47:51,118{GMT}	INFO	[jepsen worker 1] jepsen.util: 1	:ok	:txn	[[:r 90 2] [:w 89 3] [:w 94 2] [:w 94 3] [:r 94 3] [:r 96 nil] [:r 95 nil] [:w 96 1]]
2023-04-11 12:47:51,271{GMT}	INFO	[jepsen worker 2] jepsen.util: 2	:invoke	:txn	[[:w 96 2] [:w 96 3] [:r 96 nil] [:r 95 nil] [:w 90 3] [:w 98 1] [:r 90 nil]]
2023-04-11 12:47:51,278{GMT}	INFO	[jepsen worker 2] jepsen.arangodb.tests.rw-register: committed transaction 879
2023-04-11 12:47:51,278{GMT}	INFO	[jepsen worker 2] jepsen.util: 2	:ok	:txn	[[:w 96 2] [:w 96 3] [:r 96 3] [:r 95 nil] [:w 90 3] [:w 98 1] [:r 90 3]]
2023-04-11 12:47:51,294{GMT}	INFO	[jepsen worker 3] jepsen.util: 3	:invoke	:txn	[[:r 95 nil] [:w 98 2] [:r 95 nil] [:w 95 1] [:r 97 nil] [:w 93 1] [:r 98 nil]]
2023-04-11 12:47:51,300{GMT}	INFO	[jepsen worker 3] jepsen.arangodb.tests.rw-register: committed transaction 887
2023-04-11 12:47:51,300{GMT}	INFO	[jepsen worker 3] jepsen.util: 3	:ok	:txn	[[:r 95 nil] [:w 98 2] [:r 95 nil] [:w 95 1] [:r 97 nil] [:w 93 1] [:r 98 2]]
2023-04-11 12:47:51,306{GMT}	INFO	[jepsen worker 4] jepsen.util: 4	:invoke	:txn	[[:r 98 nil] [:w 98 3] [:r 95 nil] [:w 99 1] [:r 99 nil] [:r 99 nil] [:r 99 nil] [:r 95 nil]]
2023-04-11 12:47:51,312{GMT}	INFO	[jepsen worker 4] jepsen.arangodb.tests.rw-register: committed transaction 895
2023-04-11 12:47:51,312{GMT}	INFO	[jepsen worker 4] jepsen.util: 4	:ok	:txn	[[:r 98 2] [:w 98 3] [:r 95 1] [:w 99 1] [:r 99 1] [:r 99 1] [:r 99 1] [:r 95 1]]
2023-04-11 12:47:51,345{GMT}	INFO	[jepsen worker 5] jepsen.util: 5	:invoke	:txn	[[:r 95 nil] [:r 95 nil] [:r 99 nil] [:w 95 2]]
2023-04-11 12:47:51,348{GMT}	INFO	[jepsen worker 5] jepsen.arangodb.tests.rw-register: committed transaction 904
2023-04-11 12:47:51,349{GMT}	INFO	[jepsen worker 5] jepsen.util: 5	:ok	:txn	[[:r 95 1] [:r 95 1] [:r 99 1] [:w 95 2]]
2023-04-11 12:47:51,408{GMT}	INFO	[jepsen worker 6] jepsen.util: 6	:invoke	:txn	[[:w 99 2] [:w 99 3] [:w 100 1] [:r 95 nil] [:r 101 nil] [:w 101 1]]
2023-04-11 12:47:51,413{GMT}	INFO	[jepsen worker 6] jepsen.arangodb.tests.rw-register: committed transaction 909
2023-04-11 12:47:51,413{GMT}	INFO	[jepsen worker 6] jepsen.util: 6	:ok	:txn	[[:w 99 2] [:w 99 3] [:w 100 1] [:r 95 2] [:r 101 nil] [:w 101 1]]
2023-04-11 12:47:51,486{GMT}	INFO	[jepsen worker 7] jepsen.util: 7	:invoke	:txn	[[:w 100 2] [:w 95 3] [:r 102 nil] [:r 93 nil] [:r 102 nil] [:r 100 nil]]
2023-04-11 12:47:51,492{GMT}	INFO	[jepsen worker 7] jepsen.arangodb.tests.rw-register: committed transaction 916
2023-04-11 12:47:51,492{GMT}	INFO	[jepsen worker 7] jepsen.util: 7	:ok	:txn	[[:w 100 2] [:w 95 3] [:r 102 nil] [:r 93 1] [:r 102 nil] [:r 100 2]]
2023-04-11 12:47:51,568{GMT}	INFO	[jepsen worker 8] jepsen.util: 8	:invoke	:txn	[[:r 102 nil] [:r 102 nil] [:w 101 2] [:w 101 3] [:w 103 1] [:r 102 nil]]
2023-04-11 12:47:51,574{GMT}	INFO	[jepsen worker 8] jepsen.arangodb.tests.rw-register: committed transaction 923
2023-04-11 12:47:51,575{GMT}	INFO	[jepsen worker 8] jepsen.util: 8	:ok	:txn	[[:r 102 nil] [:r 102 nil] [:w 101 2] [:w 101 3] [:w 103 1] [:r 102 nil]]
2023-04-11 12:47:51,737{GMT}	INFO	[jepsen worker 9] jepsen.util: 9	:invoke	:txn	[[:w 93 2] [:w 100 3] [:w 102 1] [:w 93 3] [:r 103 nil]]
2023-04-11 12:47:51,743{GMT}	INFO	[jepsen worker 9] jepsen.arangodb.tests.rw-register: committed transaction 930
2023-04-11 12:47:51,743{GMT}	INFO	[jepsen worker 9] jepsen.util: 9	:ok	:txn	[[:w 93 2] [:w 100 3] [:w 102 1] [:w 93 3] [:r 103 1]]
2023-04-11 12:47:51,826{GMT}	INFO	[jepsen worker 10] jepsen.util: 10	:invoke	:txn	[[:w 103 2] [:r 103 nil] [:r 102 nil] [:w 102 2]]
2023-04-11 12:47:51,831{GMT}	INFO	[jepsen worker 10] jepsen.arangodb.tests.rw-register: committed transaction 936
2023-04-11 12:47:51,831{GMT}	INFO	[jepsen worker 10] jepsen.util: 10	:ok	:txn	[[:w 103 2] [:r 103 2] [:r 102 1] [:w 102 2]]
2023-04-11 12:47:52,003{GMT}	INFO	[jepsen worker 11] jepsen.util: 11	:invoke	:txn	[[:w 102 3] [:r 103 nil] [:r 97 nil] [:r 103 nil] [:w 103 3] [:r 100 nil] [:r 103 nil] [:r 93 nil]]
2023-04-11 12:47:52,011{GMT}	INFO	[jepsen worker 11] jepsen.arangodb.tests.rw-register: committed transaction 941
2023-04-11 12:47:52,011{GMT}	INFO	[jepsen worker 11] jepsen.util: 11	:ok	:txn	[[:w 102 3] [:r 103 2] [:r 97 nil] [:r 103 2] [:w 103 3] [:r 100 3] [:r 103 3] [:r 93 3]]
2023-04-11 12:47:52,072{GMT}	INFO	[jepsen worker 12] jepsen.util: 12	:invoke	:txn	[[:r 105 nil] [:w 106 1] [:r 105 nil] [:r 105 nil] [:w 105 1]]
2023-04-11 12:47:52,078{GMT}	INFO	[jepsen worker 12] jepsen.arangodb.tests.rw-register: committed transaction 950
2023-04-11 12:47:52,078{GMT}	INFO	[jepsen worker 12] jepsen.util: 12	:ok	:txn	[[:r 105 nil] [:w 106 1] [:r 105 nil] [:r 105 nil] [:w 105 1]]
2023-04-11 12:47:52,217{GMT}	INFO	[jepsen worker 13] jepsen.util: 13	:invoke	:txn	[[:w 104 1] [:r 105 nil] [:w 105 2] [:w 104 2] [:w 97 1] [:r 104 nil] [:r 93 nil] [:r 105 nil]]
2023-04-11 12:47:52,225{GMT}	INFO	[jepsen worker 13] jepsen.arangodb.tests.rw-register: committed transaction 956
2023-04-11 12:47:52,225{GMT}	INFO	[jepsen worker 13] jepsen.util: 13	:ok	:txn	[[:w 104 1] [:r 105 1] [:w 105 2] [:w 104 2] [:w 97 1] [:r 104 2] [:r 93 3] [:r 105 2]]
2023-04-11 12:47:52,395{GMT}	INFO	[jepsen worker 14] jepsen.util: 14	:invoke	:txn	[[:r 104 nil] [:w 105 3] [:w 106 2] [:r 104 nil] [:r 106 nil]]
2023-04-11 12:47:52,400{GMT}	INFO	[jepsen worker 14] jepsen.arangodb.tests.rw-register: committed transaction 965
2023-04-11 12:47:52,400{GMT}	INFO	[jepsen worker 14] jepsen.util: 14	:ok	:txn	[[:r 104 2] [:w 105 3] [:w 106 2] [:r 104 2] [:r 106 2]]
2023-04-11 12:47:52,532{GMT}	INFO	[jepsen worker 15] jepsen.util: 15	:invoke	:txn	[[:w 104 3] [:r 106 nil] [:r 93 nil] [:r 104 nil] [:r 107 nil] [:r 93 nil] [:w 106 3]]
2023-04-11 12:47:52,539{GMT}	INFO	[jepsen worker 15] jepsen.arangodb.tests.rw-register: committed transaction 971
2023-04-11 12:47:52,539{GMT}	INFO	[jepsen worker 15] jepsen.util: 15	:ok	:txn	[[:w 104 3] [:r 106 2] [:r 93 3] [:r 104 3] [:r 107 nil] [:r 93 3] [:w 106 3]]
2023-04-11 12:47:52,662{GMT}	INFO	[jepsen worker 16] jepsen.util: 16	:invoke	:txn	[[:r 108 nil] [:w 107 1] [:w 108 1] [:r 108 nil] [:w 108 2] [:r 108 nil] [:r 107 nil]]
2023-04-11 12:47:52,666{GMT}	INFO	[jepsen worker 17] jepsen.util: 17	:invoke	:txn	[[:r 107 nil] [:w 107 2] [:w 108 3] [:r 106 nil] [:r 107 nil] [:r 107 nil] [:r 108 nil] [:r 108 nil]]
2023-04-11 12:47:52,669{GMT}	INFO	[jepsen worker 16] jepsen.arangodb.tests.rw-register: committed transaction 979
2023-04-11 12:47:52,669{GMT}	INFO	[jepsen worker 16] jepsen.util: 16	:ok	:txn	[[:r 108 nil] [:w 107 1] [:w 108 1] [:r 108 1] [:w 108 2] [:r 108 2] [:r 107 1]]
2023-04-11 12:47:52,670{GMT}	INFO	[jepsen worker 17] jepsen.arangodb.tests.rw-register: aborted transaction 985
2023-04-11 12:47:52,670{GMT}	WARN	[jepsen worker 17] jepsen.arangodb.tests.rw-register: AQL: write-write conflict - in index primary of type primary over '_key'; conflicting key: 107 (while executing)
2023-04-11 12:47:52,670{GMT}	INFO	[jepsen worker 17] jepsen.util: 17	:fail	:txn	[[:r 107 nil] [:w 107 2] [:w 108 3] [:r 106 nil] [:r 107 nil] [:r 107 nil] [:r 108 nil] [:r 108 nil]]	:ww-conflict
2023-04-11 12:47:52,689{GMT}	INFO	[jepsen worker 18] jepsen.util: 18	:invoke	:txn	[[:r 107 nil] [:r 108 nil] [:r 109 nil] [:r 106 nil] [:r 108 nil] [:r 110 nil] [:r 109 nil]]
2023-04-11 12:47:52,693{GMT}	INFO	[jepsen worker 18] jepsen.arangodb.tests.rw-register: committed transaction 990
2023-04-11 12:47:52,694{GMT}	INFO	[jepsen worker 18] jepsen.util: 18	:ok	:txn	[[:r 107 1] [:r 108 2] [:r 109 nil] [:r 106 3] [:r 108 2] [:r 110 nil] [:r 109 nil]]
2023-04-11 12:47:52,878{GMT}	INFO	[jepsen worker 19] jepsen.util: 19	:invoke	:txn	[[:w 107 3] [:w 109 1] [:r 108 nil] [:r 107 nil] [:w 111 1]]
2023-04-11 12:47:52,884{GMT}	INFO	[jepsen worker 19] jepsen.arangodb.tests.rw-register: committed transaction 998
2023-04-11 12:47:52,884{GMT}	INFO	[jepsen worker 19] jepsen.util: 19	:ok	:txn	[[:w 107 3] [:w 109 1] [:r 108 2] [:r 107 3] [:w 111 1]]
2023-04-11 12:47:53,032{GMT}	INFO	[jepsen worker 0] jepsen.util: 0	:invoke	:txn	[[:r 111 nil] [:w 112 1] [:w 112 2] [:w 111 2] [:w 112 3]]
2023-04-11 12:47:53,039{GMT}	INFO	[jepsen worker 0] jepsen.arangodb.tests.rw-register: committed transaction 1004
2023-04-11 12:47:53,039{GMT}	INFO	[jepsen worker 0] jepsen.util: 0	:ok	:txn	[[:r 111 1] [:w 112 1] [:w 112 2] [:w 111 2] [:w 112 3]]
2023-04-11 12:47:53,058{GMT}	INFO	[jepsen worker 0] jepsen.util: 0	:invoke	:txn	[[:r 111 nil] [:r 97 nil] [:r 111 nil] [:r 110 nil] [:r 112 nil] [:r 110 nil]]
2023-04-11 12:47:53,062{GMT}	INFO	[jepsen worker 0] jepsen.arangodb.tests.rw-register: committed transaction 1010
2023-04-11 12:47:53,062{GMT}	INFO	[jepsen worker 0] jepsen.util: 0	:ok	:txn	[[:r 111 2] [:r 97 1] [:r 111 2] [:r 110 nil] [:r 112 3] [:r 110 nil]]
2023-04-11 12:47:53,139{GMT}	INFO	[jepsen worker 1] jepsen.util: 1	:invoke	:txn	[[:w 113 1] [:r 110 nil] [:w 113 2] [:r 110 nil]]
2023-04-11 12:47:53,144{GMT}	INFO	[jepsen worker 1] jepsen.arangodb.tests.rw-register: committed transaction 1017
2023-04-11 12:47:53,144{GMT}	INFO	[jepsen worker 1] jepsen.util: 1	:ok	:txn	[[:w 113 1] [:r 110 nil] [:w 113 2] [:r 110 nil]]
2023-04-11 12:47:53,262{GMT}	INFO	[jepsen worker 2] jepsen.util: 2	:invoke	:txn	[[:w 113 3] [:r 113 nil] [:r 113 nil] [:w 97 2] [:r 97 nil] [:r 114 nil]]
2023-04-11 12:47:53,268{GMT}	INFO	[jepsen worker 2] jepsen.arangodb.tests.rw-register: committed transaction 1022
2023-04-11 12:47:53,268{GMT}	INFO	[jepsen worker 2] jepsen.util: 2	:ok	:txn	[[:w 113 3] [:r 113 3] [:r 113 3] [:w 97 2] [:r 97 2] [:r 114 nil]]
2023-04-11 12:47:53,336{GMT}	INFO	[jepsen worker 3] jepsen.util: 3	:invoke	:txn	[[:w 114 1] [:w 114 2] [:r 111 nil] [:w 114 3] [:r 114 nil] [:r 110 nil] [:w 115 1]]
2023-04-11 12:47:53,343{GMT}	INFO	[jepsen worker 3] jepsen.arangodb.tests.rw-register: committed transaction 1029
2023-04-11 12:47:53,343{GMT}	INFO	[jepsen worker 3] jepsen.util: 3	:ok	:txn	[[:w 114 1] [:w 114 2] [:r 111 2] [:w 114 3] [:r 114 3] [:r 110 nil] [:w 115 1]]
2023-04-11 12:47:53,345{GMT}	INFO	[jepsen worker 4] jepsen.util: 4	:invoke	:txn	[[:w 111 3] [:r 110 nil] [:r 115 nil] [:r 115 nil] [:r 116 nil] [:r 115 nil] [:r 110 nil]]
2023-04-11 12:47:53,349{GMT}	INFO	[jepsen worker 4] jepsen.arangodb.tests.rw-register: committed transaction 1037
2023-04-11 12:47:53,349{GMT}	INFO	[jepsen worker 4] jepsen.util: 4	:ok	:txn	[[:w 111 3] [:r 110 nil] [:r 115 1] [:r 115 1] [:r 116 nil] [:r 115 1] [:r 110 nil]]
2023-04-11 12:47:53,530{GMT}	INFO	[jepsen worker 5] jepsen.util: 5	:invoke	:txn	[[:r 115 nil] [:w 115 2] [:w 109 2] [:w 109 3] [:r 115 nil] [:w 110 1]]
2023-04-11 12:47:53,534{GMT}	INFO	[jepsen worker 5] jepsen.arangodb.tests.rw-register: committed transaction 1045
2023-04-11 12:47:53,534{GMT}	INFO	[jepsen worker 5] jepsen.util: 5	:ok	:txn	[[:r 115 1] [:w 115 2] [:w 109 2] [:w 109 3] [:r 115 2] [:w 110 1]]
2023-04-11 12:47:53,720{GMT}	INFO	[jepsen worker 6] jepsen.util: 6	:invoke	:txn	[[:w 115 3] [:r 110 nil] [:w 97 3] [:r 116 nil] [:w 117 1] [:r 116 nil]]
2023-04-11 12:47:53,731{GMT}	INFO	[jepsen worker 6] jepsen.arangodb.tests.rw-register: committed transaction 1052
2023-04-11 12:47:53,731{GMT}	INFO	[jepsen worker 6] jepsen.util: 6	:ok	:txn	[[:w 115 3] [:r 110 1] [:w 97 3] [:r 116 nil] [:w 117 1] [:r 116 nil]]
2023-04-11 12:47:53,798{GMT}	INFO	[jepsen worker 7] jepsen.util: 7	:invoke	:txn	[[:w 116 1] [:w 116 2] [:r 116 nil] [:r 117 nil]]
2023-04-11 12:47:53,805{GMT}	INFO	[jepsen worker 7] jepsen.arangodb.tests.rw-register: committed transaction 1059
2023-04-11 12:47:53,805{GMT}	INFO	[jepsen worker 7] jepsen.util: 7	:ok	:txn	[[:w 116 1] [:w 116 2] [:r 116 2] [:r 117 1]]
2023-04-11 12:47:53,820{GMT}	INFO	[jepsen worker 8] jepsen.util: 8	:invoke	:txn	[[:r 116 nil] [:r 110 nil] [:r 117 nil] [:r 117 nil] [:w 110 2] [:r 119 nil]]
2023-04-11 12:47:53,824{GMT}	INFO	[jepsen worker 8] jepsen.arangodb.tests.rw-register: committed transaction 1064
2023-04-11 12:47:53,824{GMT}	INFO	[jepsen worker 8] jepsen.util: 8	:ok	:txn	[[:r 116 2] [:r 110 1] [:r 117 1] [:r 117 1] [:w 110 2] [:r 119 nil]]
2023-04-11 12:47:53,919{GMT}	INFO	[jepsen worker 9] jepsen.util: 9	:invoke	:txn	[[:w 117 2] [:w 117 3] [:w 116 3] [:r 118 nil]]
2023-04-11 12:47:53,924{GMT}	INFO	[jepsen worker 9] jepsen.arangodb.tests.rw-register: committed transaction 1071
2023-04-11 12:47:53,924{GMT}	INFO	[jepsen worker 9] jepsen.util: 9	:ok	:txn	[[:w 117 2] [:w 117 3] [:w 116 3] [:r 118 nil]]
2023-04-11 12:47:54,043{GMT}	INFO	[jepsen worker 10] jepsen.util: 10	:invoke	:txn	[[:r 120 nil] [:w 110 3] [:r 120 nil] [:r 119 nil] [:r 121 nil] [:w 118 1]]
2023-04-11 12:47:54,049{GMT}	INFO	[jepsen worker 10] jepsen.arangodb.tests.rw-register: committed transaction 1076
2023-04-11 12:47:54,049{GMT}	INFO	[jepsen worker 10] jepsen.util: 10	:ok	:txn	[[:r 120 nil] [:w 110 3] [:r 120 nil] [:r 119 nil] [:r 121 nil] [:w 118 1]]
2023-04-11 12:47:54,233{GMT}	INFO	[jepsen worker 11] jepsen.util: 11	:invoke	:txn	[[:r 120 nil] [:w 121 1] [:r 120 nil] [:w 120 1] [:w 122 1] [:r 120 nil]]
2023-04-11 12:47:54,239{GMT}	INFO	[jepsen worker 11] jepsen.arangodb.tests.rw-register: committed transaction 1083
2023-04-11 12:47:54,239{GMT}	INFO	[jepsen worker 11] jepsen.util: 11	:ok	:txn	[[:r 120 nil] [:w 121 1] [:r 120 nil] [:w 120 1] [:w 122 1] [:r 120 1]]
2023-04-11 12:47:54,433{GMT}	INFO	[jepsen worker 12] jepsen.util: 12	:invoke	:txn	[[:w 120 2] [:r 120 nil] [:r 121 nil] [:w 120 3] [:w 121 2] [:w 122 2] [:r 121 nil]]
2023-04-11 12:47:54,439{GMT}	INFO	[jepsen worker 12] jepsen.arangodb.tests.rw-register: committed transaction 1090
2023-04-11 12:47:54,439{GMT}	INFO	[jepsen worker 12] jepsen.util: 12	:ok	:txn	[[:w 120 2] [:r 120 2] [:r 121 1] [:w 120 3] [:w 121 2] [:w 122 2] [:r 121 2]]
2023-04-11 12:47:54,509{GMT}	INFO	[jepsen worker 13] jepsen.util: 13	:invoke	:txn	[[:w 123 1] [:w 122 3] [:w 123 2] [:w 123 3] [:r 123 nil] [:r 123 nil]]
2023-04-11 12:47:54,516{GMT}	INFO	[jepsen worker 13] jepsen.arangodb.tests.rw-register: committed transaction 1098
2023-04-11 12:47:54,516{GMT}	INFO	[jepsen worker 13] jepsen.util: 13	:ok	:txn	[[:w 123 1] [:w 122 3] [:w 123 2] [:w 123 3] [:r 123 3] [:r 123 3]]
2023-04-11 12:47:54,526{GMT}	INFO	[jepsen worker 14] jepsen.util: 14	:invoke	:txn	[[:w 125 1] [:w 124 1] [:w 125 2] [:w 124 2] [:r 124 nil] [:w 125 3]]
2023-04-11 12:47:54,531{GMT}	INFO	[jepsen worker 14] jepsen.arangodb.tests.rw-register: committed transaction 1105
2023-04-11 12:47:54,531{GMT}	INFO	[jepsen worker 14] jepsen.util: 14	:ok	:txn	[[:w 125 1] [:w 124 1] [:w 125 2] [:w 124 2] [:r 124 2] [:w 125 3]]
2023-04-11 12:47:54,598{GMT}	INFO	[jepsen worker 15] jepsen.util: 15	:invoke	:txn	[[:w 121 3] [:r 125 nil] [:w 118 2] [:r 126 nil] [:r 121 nil] [:r 121 nil] [:w 119 1]]
2023-04-11 12:47:54,605{GMT}	INFO	[jepsen worker 15] jepsen.arangodb.tests.rw-register: committed transaction 1112
2023-04-11 12:47:54,605{GMT}	INFO	[jepsen worker 15] jepsen.util: 15	:ok	:txn	[[:w 121 3] [:r 125 3] [:w 118 2] [:r 126 nil] [:r 121 3] [:r 121 3] [:w 119 1]]
2023-04-11 12:47:54,697{GMT}	INFO	[jepsen worker 16] jepsen.util: 16	:invoke	:txn	[[:r 126 nil] [:r 126 nil] [:r 126 nil] [:r 121 nil] [:r 124 nil] [:w 126 1]]
2023-04-11 12:47:54,704{GMT}	INFO	[jepsen worker 16] jepsen.arangodb.tests.rw-register: committed transaction 1120
2023-04-11 12:47:54,704{GMT}	INFO	[jepsen worker 16] jepsen.util: 16	:ok	:txn	[[:r 126 nil] [:r 126 nil] [:r 126 nil] [:r 121 3] [:r 124 2] [:w 126 1]]
2023-04-11 12:47:54,868{GMT}	INFO	[jepsen worker 17] jepsen.util: 17	:invoke	:txn	[[:w 124 3] [:r 119 nil] [:r 118 nil] [:r 121 nil]]
2023-04-11 12:47:54,877{GMT}	INFO	[jepsen worker 17] jepsen.arangodb.tests.rw-register: committed transaction 1127
2023-04-11 12:47:54,877{GMT}	INFO	[jepsen worker 17] jepsen.util: 17	:ok	:txn	[[:w 124 3] [:r 119 1] [:r 118 2] [:r 121 3]]
2023-04-11 12:47:55,034{GMT}	INFO	[jepsen worker 18] jepsen.util: 18	:invoke	:txn	[[:w 126 2] [:r 126 nil] [:r 121 nil] [:w 126 3] [:r 126 nil] [:r 126 nil] [:w 127 1]]
2023-04-11 12:47:55,043{GMT}	INFO	[jepsen worker 18] jepsen.arangodb.tests.rw-register: committed transaction 1132
2023-04-11 12:47:55,043{GMT}	INFO	[jepsen worker 18] jepsen.util: 18	:ok	:txn	[[:w 126 2] [:r 126 2] [:r 121 3] [:w 126 3] [:r 126 3] [:r 126 3] [:w 127 1]]
2023-04-11 12:47:55,180{GMT}	INFO	[jepsen worker 19] jepsen.util: 19	:invoke	:txn	[[:r 121 nil] [:r 127 nil] [:r 127 nil] [:r 121 nil] [:w 118 3]]
2023-04-11 12:47:55,184{GMT}	INFO	[jepsen worker 19] jepsen.arangodb.tests.rw-register: committed transaction 1140
2023-04-11 12:47:55,184{GMT}	INFO	[jepsen worker 19] jepsen.util: 19	:ok	:txn	[[:r 121 3] [:r 127 1] [:r 127 1] [:r 121 3] [:w 118 3]]
2023-04-11 12:47:55,226{GMT}	INFO	[jepsen worker 0] jepsen.util: 0	:invoke	:txn	[[:r 127 nil] [:r 124 nil] [:w 127 2] [:w 128 1] [:w 127 3]]
2023-04-11 12:47:55,231{GMT}	INFO	[jepsen worker 0] jepsen.arangodb.tests.rw-register: committed transaction 1146
2023-04-11 12:47:55,231{GMT}	INFO	[jepsen worker 0] jepsen.util: 0	:ok	:txn	[[:r 127 1] [:r 124 3] [:w 127 2] [:w 128 1] [:w 127 3]]
2023-04-11 12:47:55,327{GMT}	INFO	[jepsen worker 0] jepsen.util: 0	:invoke	:txn	[[:r 127 nil] [:r 127 nil] [:r 127 nil] [:r 129 nil] [:w 129 1]]
2023-04-11 12:47:55,332{GMT}	INFO	[jepsen worker 0] jepsen.arangodb.tests.rw-register: committed transaction 1152
2023-04-11 12:47:55,332{GMT}	INFO	[jepsen worker 0] jepsen.util: 0	:ok	:txn	[[:r 127 3] [:r 127 3] [:r 127 3] [:r 129 nil] [:w 129 1]]
2023-04-11 12:47:55,480{GMT}	INFO	[jepsen worker 1] jepsen.util: 1	:invoke	:txn	[[:r 129 nil] [:r 128 nil] [:w 129 2] [:r 128 nil] [:r 129 nil] [:r 119 nil]]
2023-04-11 12:47:55,486{GMT}	INFO	[jepsen worker 1] jepsen.arangodb.tests.rw-register: committed transaction 1158
2023-04-11 12:47:55,486{GMT}	INFO	[jepsen worker 1] jepsen.util: 1	:ok	:txn	[[:r 129 1] [:r 128 1] [:w 129 2] [:r 128 1] [:r 129 2] [:r 119 1]]
2023-04-11 12:47:55,635{GMT}	INFO	[jepsen worker 2] jepsen.util: 2	:invoke	:txn	[[:r 129 nil] [:r 130 nil] [:r 129 nil] [:w 129 3] [:w 131 1]]
2023-04-11 12:47:55,640{GMT}	INFO	[jepsen worker 2] jepsen.arangodb.tests.rw-register: committed transaction 1165
2023-04-11 12:47:55,640{GMT}	INFO	[jepsen worker 2] jepsen.util: 2	:ok	:txn	[[:r 129 2] [:r 130 nil] [:r 129 2] [:w 129 3] [:w 131 1]]
2023-04-11 12:47:55,792{GMT}	INFO	[jepsen worker 3] jepsen.util: 3	:invoke	:txn	[[:r 130 nil] [:w 128 2] [:r 128 nil] [:w 131 2] [:w 119 2] [:w 131 3]]
2023-04-11 12:47:55,798{GMT}	INFO	[jepsen worker 3] jepsen.arangodb.tests.rw-register: committed transaction 1171
2023-04-11 12:47:55,798{GMT}	INFO	[jepsen worker 3] jepsen.util: 3	:ok	:txn	[[:r 130 nil] [:w 128 2] [:r 128 2] [:w 131 2] [:w 119 2] [:w 131 3]]
2023-04-11 12:47:55,970{GMT}	INFO	[jepsen worker 4] jepsen.util: 4	:invoke	:txn	[[:r 131 nil] [:r 131 nil] [:r 131 nil] [:r 131 nil]]
2023-04-11 12:47:55,974{GMT}	INFO	[jepsen worker 4] jepsen.arangodb.tests.rw-register: committed transaction 1178
2023-04-11 12:47:55,974{GMT}	INFO	[jepsen worker 4] jepsen.util: 4	:ok	:txn	[[:r 131 3] [:r 131 3] [:r 131 3] [:r 131 3]]
2023-04-11 12:47:56,124{GMT}	INFO	[jepsen worker 5] jepsen.util: 5	:invoke	:txn	[[:r 132 nil] [:r 132 nil] [:r 130 nil] [:r 128 nil]]
2023-04-11 12:47:56,128{GMT}	INFO	[jepsen worker 5] jepsen.arangodb.tests.rw-register: committed transaction 1183
2023-04-11 12:47:56,128{GMT}	INFO	[jepsen worker 5] jepsen.util: 5	:ok	:txn	[[:r 132 nil] [:r 132 nil] [:r 130 nil] [:r 128 2]]
2023-04-11 12:47:56,137{GMT}	INFO	[jepsen worker 6] jepsen.util: 6	:invoke	:txn	[[:w 128 3] [:r 132 nil] [:r 118 nil] [:w 132 1] [:r 132 nil]]
2023-04-11 12:47:56,141{GMT}	INFO	[jepsen worker 6] jepsen.arangodb.tests.rw-register: committed transaction 1188
2023-04-11 12:47:56,141{GMT}	INFO	[jepsen worker 6] jepsen.util: 6	:ok	:txn	[[:w 128 3] [:r 132 nil] [:r 118 3] [:w 132 1] [:r 132 1]]
2023-04-11 12:47:56,236{GMT}	INFO	[jepsen worker 7] jepsen.util: 7	:invoke	:txn	[[:r 133 nil] [:w 132 2] [:w 132 3] [:r 132 nil] [:r 132 nil]]
2023-04-11 12:47:56,240{GMT}	INFO	[jepsen worker 7] jepsen.arangodb.tests.rw-register: committed transaction 1194
2023-04-11 12:47:56,240{GMT}	INFO	[jepsen worker 7] jepsen.util: 7	:ok	:txn	[[:r 133 nil] [:w 132 2] [:w 132 3] [:r 132 3] [:r 132 3]]
2023-04-11 12:47:56,348{GMT}	INFO	[jepsen worker 8] jepsen.util: 8	:invoke	:txn	[[:w 130 1] [:r 135 nil] [:w 119 3] [:r 133 nil] [:r 135 nil] [:w 133 1]]
2023-04-11 12:47:56,353{GMT}	INFO	[jepsen worker 8] jepsen.arangodb.tests.rw-register: committed transaction 1200
2023-04-11 12:47:56,353{GMT}	INFO	[jepsen worker 8] jepsen.util: 8	:ok	:txn	[[:w 130 1] [:r 135 nil] [:w 119 3] [:r 133 nil] [:r 135 nil] [:w 133 1]]
2023-04-11 12:47:56,433{GMT}	INFO	[jepsen worker 9] jepsen.util: 9	:invoke	:txn	[[:w 133 2] [:r 134 nil] [:r 133 nil] [:r 119 nil] [:r 134 nil] [:r 133 nil]]
2023-04-11 12:47:56,438{GMT}	INFO	[jepsen worker 9] jepsen.arangodb.tests.rw-register: committed transaction 1207
2023-04-11 12:47:56,438{GMT}	INFO	[jepsen worker 9] jepsen.util: 9	:ok	:txn	[[:w 133 2] [:r 134 nil] [:r 133 2] [:r 119 3] [:r 134 nil] [:r 133 2]]
2023-04-11 12:47:56,613{GMT}	INFO	[jepsen worker 10] jepsen.util: 10	:invoke	:txn	[[:r 119 nil] [:r 133 nil] [:w 134 1] [:w 130 2]]
2023-04-11 12:47:56,618{GMT}	INFO	[jepsen worker 10] jepsen.arangodb.tests.rw-register: committed transaction 1214
2023-04-11 12:47:56,618{GMT}	INFO	[jepsen worker 10] jepsen.util: 10	:ok	:txn	[[:r 119 3] [:r 133 2] [:w 134 1] [:w 130 2]]
2023-04-11 12:47:56,720{GMT}	INFO	[jepsen worker 11] jepsen.util: 11	:invoke	:txn	[[:w 135 1] [:r 133 nil] [:w 135 2] [:w 135 3]]
2023-04-11 12:47:56,725{GMT}	INFO	[jepsen worker 11] jepsen.arangodb.tests.rw-register: committed transaction 1219
2023-04-11 12:47:56,725{GMT}	INFO	[jepsen worker 11] jepsen.util: 11	:ok	:txn	[[:w 135 1] [:r 133 2] [:w 135 2] [:w 135 3]]
2023-04-11 12:47:56,866{GMT}	INFO	[jepsen worker 12] jepsen.util: 12	:invoke	:txn	[[:r 135 nil] [:r 135 nil] [:r 130 nil] [:w 130 3]]
2023-04-11 12:47:56,871{GMT}	INFO	[jepsen worker 12] jepsen.arangodb.tests.rw-register: committed transaction 1224
2023-04-11 12:47:56,871{GMT}	INFO	[jepsen worker 12] jepsen.util: 12	:ok	:txn	[[:r 135 3] [:r 135 3] [:r 130 2] [:w 130 3]]
2023-04-11 12:47:56,881{GMT}	INFO	[jepsen worker 13] jepsen.util: 13	:invoke	:txn	[[:r 133 nil] [:r 130 nil] [:r 134 nil] [:w 136 1] [:w 136 2]]
2023-04-11 12:47:56,885{GMT}	INFO	[jepsen worker 13] jepsen.arangodb.tests.rw-register: committed transaction 1229
2023-04-11 12:47:56,885{GMT}	INFO	[jepsen worker 13] jepsen.util: 13	:ok	:txn	[[:r 133 2] [:r 130 3] [:r 134 1] [:w 136 1] [:w 136 2]]
2023-04-11 12:47:57,043{GMT}	INFO	[jepsen worker 14] jepsen.util: 14	:invoke	:txn	[[:w 136 3] [:r 137 nil] [:w 133 3] [:r 137 nil] [:r 137 nil] [:r 138 nil] [:r 138 nil]]
2023-04-11 12:47:57,049{GMT}	INFO	[jepsen worker 14] jepsen.arangodb.tests.rw-register: committed transaction 1235
2023-04-11 12:47:57,049{GMT}	INFO	[jepsen worker 14] jepsen.util: 14	:ok	:txn	[[:w 136 3] [:r 137 nil] [:w 133 3] [:r 137 nil] [:r 137 nil] [:r 138 nil] [:r 138 nil]]
2023-04-11 12:47:57,051{GMT}	INFO	[jepsen worker 15] jepsen.util: 15	:invoke	:txn	[[:r 137 nil] [:w 139 1] [:w 137 1] [:w 137 2] [:r 138 nil]]
2023-04-11 12:47:57,055{GMT}	INFO	[jepsen worker 15] jepsen.arangodb.tests.rw-register: committed transaction 1243
2023-04-11 12:47:57,055{GMT}	INFO	[jepsen worker 15] jepsen.util: 15	:ok	:txn	[[:r 137 nil] [:w 139 1] [:w 137 1] [:w 137 2] [:r 138 nil]]
2023-04-11 12:47:57,063{GMT}	INFO	[jepsen worker 16] jepsen.util: 16	:invoke	:txn	[[:w 139 2] [:r 139 nil] [:w 139 3] [:w 137 3] [:r 137 nil] [:w 134 2] [:r 141 nil] [:r 141 nil]]
2023-04-11 12:47:57,068{GMT}	INFO	[jepsen worker 16] jepsen.arangodb.tests.rw-register: committed transaction 1249
2023-04-11 12:47:57,068{GMT}	INFO	[jepsen worker 16] jepsen.util: 16	:ok	:txn	[[:w 139 2] [:r 139 2] [:w 139 3] [:w 137 3] [:r 137 3] [:w 134 2] [:r 141 nil] [:r 141 nil]]
2023-04-11 12:47:57,161{GMT}	INFO	[jepsen worker 17] jepsen.util: 17	:invoke	:txn	[[:r 140 nil] [:w 140 1] [:r 140 nil] [:w 140 2] [:w 141 1]]
2023-04-11 12:47:57,161{GMT}	INFO	[jepsen worker 18] jepsen.util: 18	:invoke	:txn	[[:w 141 2] [:w 138 1] [:r 141 nil] [:w 140 3] [:r 140 nil]]
2023-04-11 12:47:57,168{GMT}	INFO	[jepsen worker 18] jepsen.arangodb.tests.rw-register: aborted transaction 1258
2023-04-11 12:47:57,168{GMT}	WARN	[jepsen worker 18] jepsen.arangodb.tests.rw-register: AQL: timeout waiting to lock key Operation timed out: Timeout waiting to lock key - in index primary of type primary over '_key'; conflicting key: 140 (while executing)
2023-04-11 12:47:57,168{GMT}	INFO	[jepsen worker 18] jepsen.util: 18	:fail	:txn	[[:w 141 2] [:w 138 1] [:r 141 nil] [:w 140 3] [:r 140 nil]]	:ww-conflict
2023-04-11 12:47:57,168{GMT}	INFO	[jepsen worker 17] jepsen.arangodb.tests.rw-register: committed transaction 1259
2023-04-11 12:47:57,168{GMT}	INFO	[jepsen worker 17] jepsen.util: 17	:ok	:txn	[[:r 140 nil] [:w 140 1] [:r 140 1] [:w 140 2] [:w 141 1]]
2023-04-11 12:47:57,292{GMT}	INFO	[jepsen worker 19] jepsen.util: 19	:invoke	:txn	[[:r 141 nil] [:r 141 nil] [:r 141 nil] [:r 141 nil] [:r 141 nil] [:r 140 nil] [:w 141 3]]
2023-04-11 12:47:57,298{GMT}	INFO	[jepsen worker 19] jepsen.arangodb.tests.rw-register: committed transaction 1269
2023-04-11 12:47:57,298{GMT}	INFO	[jepsen worker 19] jepsen.util: 19	:ok	:txn	[[:r 141 1] [:r 141 1] [:r 141 1] [:r 141 1] [:r 141 1] [:r 140 2] [:w 141 3]]
2023-04-11 12:47:57,431{GMT}	INFO	[jepsen worker 0] jepsen.util: 0	:invoke	:txn	[[:r 141 nil] [:r 142 nil] [:r 142 nil] [:r 143 nil] [:r 142 nil] [:w 143 1]]
2023-04-11 12:47:57,436{GMT}	INFO	[jepsen worker 0] jepsen.arangodb.tests.rw-register: committed transaction 1277
2023-04-11 12:47:57,436{GMT}	INFO	[jepsen worker 0] jepsen.util: 0	:ok	:txn	[[:r 141 3] [:r 142 nil] [:r 142 nil] [:r 143 nil] [:r 142 nil] [:w 143 1]]
2023-04-11 12:47:57,567{GMT}	INFO	[jepsen worker 0] jepsen.util: 0	:invoke	:txn	[[:w 138 2] [:w 142 1] [:w 142 2] [:w 142 3] [:r 138 nil] [:r 138 nil] [:w 143 2]]
2023-04-11 12:47:57,572{GMT}	INFO	[jepsen worker 0] jepsen.arangodb.tests.rw-register: committed transaction 1284
2023-04-11 12:47:57,573{GMT}	INFO	[jepsen worker 0] jepsen.util: 0	:ok	:txn	[[:w 138 2] [:w 142 1] [:w 142 2] [:w 142 3] [:r 138 2] [:r 138 2] [:w 143 2]]
2023-04-11 12:47:57,676{GMT}	INFO	[jepsen worker 1] jepsen.util: 1	:invoke	:txn	[[:r 142 nil] [:r 142 nil] [:r 143 nil] [:r 134 nil] [:w 138 3] [:r 143 nil] [:w 143 3]]
2023-04-11 12:47:57,681{GMT}	INFO	[jepsen worker 1] jepsen.arangodb.tests.rw-register: committed transaction 1296
2023-04-11 12:47:57,681{GMT}	INFO	[jepsen worker 1] jepsen.util: 1	:ok	:txn	[[:r 142 3] [:r 142 3] [:r 143 2] [:r 134 2] [:w 138 3] [:r 143 2] [:w 143 3]]
2023-04-11 12:47:57,858{GMT}	INFO	[jepsen worker 2] jepsen.util: 2	:invoke	:txn	[[:w 145 1] [:r 144 nil] [:r 145 nil] [:r 145 nil] [:r 145 nil] [:w 146 1] [:w 145 2]]
2023-04-11 12:47:57,864{GMT}	INFO	[jepsen worker 2] jepsen.arangodb.tests.rw-register: committed transaction 1304
2023-04-11 12:47:57,864{GMT}	INFO	[jepsen worker 2] jepsen.util: 2	:ok	:txn	[[:w 145 1] [:r 144 nil] [:r 145 1] [:r 145 1] [:r 145 1] [:w 146 1] [:w 145 2]]
2023-04-11 12:47:58,032{GMT}	INFO	[jepsen worker 3] jepsen.util: 3	:invoke	:txn	[[:r 146 nil] [:r 145 nil] [:w 146 2] [:r 145 nil] [:r 145 nil]]
2023-04-11 12:47:58,036{GMT}	INFO	[jepsen worker 3] jepsen.arangodb.tests.rw-register: committed transaction 1312
2023-04-11 12:47:58,036{GMT}	INFO	[jepsen worker 3] jepsen.util: 3	:ok	:txn	[[:r 146 1] [:r 145 2] [:w 146 2] [:r 145 2] [:r 145 2]]
2023-04-11 12:47:58,105{GMT}	INFO	[jepsen worker 4] jepsen.util: 4	:invoke	:txn	[[:r 146 nil] [:r 134 nil] [:r 144 nil] [:r 146 nil] [:r 146 nil]]
2023-04-11 12:47:58,109{GMT}	INFO	[jepsen worker 4] jepsen.arangodb.tests.rw-register: committed transaction 1318
2023-04-11 12:47:58,109{GMT}	INFO	[jepsen worker 4] jepsen.util: 4	:ok	:txn	[[:r 146 2] [:r 134 2] [:r 144 nil] [:r 146 2] [:r 146 2]]
2023-04-11 12:47:58,245{GMT}	INFO	[jepsen worker 5] jepsen.util: 5	:invoke	:txn	[[:r 144 nil] [:r 147 nil] [:r 145 nil] [:r 145 nil] [:w 145 3]]
2023-04-11 12:47:58,249{GMT}	INFO	[jepsen worker 5] jepsen.arangodb.tests.rw-register: committed transaction 1324
2023-04-11 12:47:58,249{GMT}	INFO	[jepsen worker 5] jepsen.util: 5	:ok	:txn	[[:r 144 nil] [:r 147 nil] [:r 145 2] [:r 145 2] [:w 145 3]]
2023-04-11 12:47:58,375{GMT}	INFO	[jepsen worker 6] jepsen.util: 6	:invoke	:txn	[[:r 145 nil] [:r 146 nil] [:r 146 nil] [:r 145 nil] [:w 148 1] [:w 148 2] [:w 146 3] [:r 146 nil]]
2023-04-11 12:47:58,381{GMT}	INFO	[jepsen worker 6] jepsen.arangodb.tests.rw-register: committed transaction 1330
2023-04-11 12:47:58,381{GMT}	INFO	[jepsen worker 6] jepsen.util: 6	:ok	:txn	[[:r 145 3] [:r 146 2] [:r 146 2] [:r 145 3] [:w 148 1] [:w 148 2] [:w 146 3] [:r 146 3]]
2023-04-11 12:47:58,495{GMT}	INFO	[jepsen worker 7] jepsen.util: 7	:invoke	:txn	[[:r 144 nil] [:w 148 3] [:w 144 1] [:r 144 nil] [:w 150 1] [:w 144 2] [:w 150 2]]
2023-04-11 12:47:58,500{GMT}	INFO	[jepsen worker 7] jepsen.arangodb.tests.rw-register: committed transaction 1339
2023-04-11 12:47:58,500{GMT}	INFO	[jepsen worker 7] jepsen.util: 7	:ok	:txn	[[:r 144 nil] [:w 148 3] [:w 144 1] [:r 144 1] [:w 150 1] [:w 144 2] [:w 150 2]]
2023-04-11 12:47:58,579{GMT}	INFO	[jepsen worker 8] jepsen.util: 8	:invoke	:txn	[[:w 150 3] [:r 144 nil] [:w 144 3] [:w 149 1] [:r 150 nil] [:w 149 2] [:w 151 1]]
2023-04-11 12:47:58,585{GMT}	INFO	[jepsen worker 8] jepsen.arangodb.tests.rw-register: committed transaction 1347
2023-04-11 12:47:58,585{GMT}	INFO	[jepsen worker 8] jepsen.util: 8	:ok	:txn	[[:w 150 3] [:r 144 2] [:w 144 3] [:w 149 1] [:r 150 3] [:w 149 2] [:w 151 1]]
2023-04-11 12:47:58,705{GMT}	INFO	[jepsen worker 9] jepsen.util: 9	:invoke	:txn	[[:r 149 nil] [:r 149 nil] [:w 151 2] [:r 151 nil] [:w 149 3] [:r 149 nil] [:r 144 nil] [:w 151 3]]
2023-04-11 12:47:58,711{GMT}	INFO	[jepsen worker 9] jepsen.arangodb.tests.rw-register: committed transaction 1355
2023-04-11 12:47:58,711{GMT}	INFO	[jepsen worker 9] jepsen.util: 9	:ok	:txn	[[:r 149 2] [:r 149 2] [:w 151 2] [:r 151 2] [:w 149 3] [:r 149 3] [:r 144 3] [:w 151 3]]
2023-04-11 12:47:58,713{GMT}	INFO	[jepsen worker 10] jepsen.util: 10	:invoke	:txn	[[:w 152 1] [:r 149 nil] [:r 149 nil] [:w 134 3] [:r 152 nil] [:r 134 nil]]
2023-04-11 12:47:58,716{GMT}	INFO	[jepsen worker 10] jepsen.arangodb.tests.rw-register: committed transaction 1364
2023-04-11 12:47:58,716{GMT}	INFO	[jepsen worker 10] jepsen.util: 10	:ok	:txn	[[:w 152 1] [:r 149 3] [:r 149 3] [:w 134 3] [:r 152 1] [:r 134 3]]
2023-04-11 12:47:58,858{GMT}	INFO	[jepsen worker 11] jepsen.util: 11	:invoke	:txn	[[:w 152 2] [:r 149 nil] [:w 152 3] [:r 153 nil] [:r 147 nil] [:r 152 nil] [:r 153 nil] [:w 154 1]]
2023-04-11 12:47:58,863{GMT}	INFO	[jepsen worker 11] jepsen.arangodb.tests.rw-register: committed transaction 1371
2023-04-11 12:47:58,863{GMT}	INFO	[jepsen worker 11] jepsen.util: 11	:ok	:txn	[[:w 152 2] [:r 149 3] [:w 152 3] [:r 153 nil] [:r 147 nil] [:r 152 3] [:r 153 nil] [:w 154 1]]
2023-04-11 12:47:59,022{GMT}	INFO	[jepsen worker 12] jepsen.util: 12	:invoke	:txn	[[:r 153 nil] [:w 154 2] [:w 154 3] [:r 153 nil] [:w 155 1] [:w 155 2] [:r 153 nil]]
2023-04-11 12:47:59,027{GMT}	INFO	[jepsen worker 12] jepsen.arangodb.tests.rw-register: committed transaction 1380
2023-04-11 12:47:59,027{GMT}	INFO	[jepsen worker 12] jepsen.util: 12	:ok	:txn	[[:r 153 nil] [:w 154 2] [:w 154 3] [:r 153 nil] [:w 155 1] [:w 155 2] [:r 153 nil]]
2023-04-11 12:47:59,077{GMT}	INFO	[jepsen worker 13] jepsen.util: 13	:invoke	:txn	[[:r 155 nil] [:r 155 nil] [:w 156 1] [:w 153 1] [:w 153 2] [:w 155 3]]
2023-04-11 12:47:59,082{GMT}	INFO	[jepsen worker 13] jepsen.arangodb.tests.rw-register: committed transaction 1388
2023-04-11 12:47:59,082{GMT}	INFO	[jepsen worker 13] jepsen.util: 13	:ok	:txn	[[:r 155 2] [:r 155 2] [:w 156 1] [:w 153 1] [:w 153 2] [:w 155 3]]
2023-04-11 12:47:59,090{GMT}	INFO	[jepsen worker 14] jepsen.util: 14	:invoke	:txn	[[:r 147 nil] [:w 157 1] [:r 157 nil] [:r 157 nil] [:r 155 nil] [:w 156 2] [:r 147 nil] [:r 153 nil]]
2023-04-11 12:47:59,094{GMT}	INFO	[jepsen worker 14] jepsen.arangodb.tests.rw-register: committed transaction 1395
2023-04-11 12:47:59,094{GMT}	INFO	[jepsen worker 14] jepsen.util: 14	:ok	:txn	[[:r 147 nil] [:w 157 1] [:r 157 1] [:r 157 1] [:r 155 3] [:w 156 2] [:r 147 nil] [:r 153 2]]
2023-04-11 12:47:59,258{GMT}	INFO	[jepsen worker 15] jepsen.util: 15	:invoke	:txn	[[:w 153 3] [:r 157 nil] [:w 157 2] [:w 158 1] [:r 157 nil] [:r 157 nil]]
2023-04-11 12:47:59,263{GMT}	INFO	[jepsen worker 15] jepsen.arangodb.tests.rw-register: committed transaction 1404
2023-04-11 12:47:59,263{GMT}	INFO	[jepsen worker 15] jepsen.util: 15	:ok	:txn	[[:w 153 3] [:r 157 1] [:w 157 2] [:w 158 1] [:r 157 2] [:r 157 2]]
2023-04-11 12:47:59,333{GMT}	INFO	[jepsen worker 16] jepsen.util: 16	:invoke	:txn	[[:r 158 nil] [:w 158 2] [:r 157 nil] [:w 147 1] [:w 157 3]]
2023-04-11 12:47:59,338{GMT}	INFO	[jepsen worker 16] jepsen.arangodb.tests.rw-register: committed transaction 1411
2023-04-11 12:47:59,338{GMT}	INFO	[jepsen worker 16] jepsen.util: 16	:ok	:txn	[[:r 158 1] [:w 158 2] [:r 157 2] [:w 147 1] [:w 157 3]]
2023-04-11 12:47:59,388{GMT}	INFO	[jepsen worker 17] jepsen.util: 17	:invoke	:txn	[[:w 158 3] [:r 159 nil] [:r 157 nil] [:r 159 nil]]
2023-04-11 12:47:59,392{GMT}	INFO	[jepsen worker 17] jepsen.arangodb.tests.rw-register: committed transaction 1417
2023-04-11 12:47:59,392{GMT}	INFO	[jepsen worker 17] jepsen.util: 17	:ok	:txn	[[:w 158 3] [:r 159 nil] [:r 157 3] [:r 159 nil]]
2023-04-11 12:47:59,469{GMT}	INFO	[jepsen worker 18] jepsen.util: 18	:invoke	:txn	[[:r 159 nil] [:r 157 nil] [:r 160 nil] [:r 160 nil] [:r 161 nil] [:w 160 1] [:r 160 nil] [:w 161 1]]
2023-04-11 12:47:59,475{GMT}	INFO	[jepsen worker 18] jepsen.arangodb.tests.rw-register: committed transaction 1422
2023-04-11 12:47:59,475{GMT}	INFO	[jepsen worker 18] jepsen.util: 18	:ok	:txn	[[:r 159 nil] [:r 157 3] [:r 160 nil] [:r 160 nil] [:r 161 nil] [:w 160 1] [:r 160 1] [:w 161 1]]
2023-04-11 12:47:59,515{GMT}	INFO	[jepsen worker 19] jepsen.util: 19	:invoke	:txn	[[:r 161 nil] [:r 160 nil] [:r 161 nil] [:r 161 nil] [:r 161 nil] [:w 161 2]]
2023-04-11 12:47:59,520{GMT}	INFO	[jepsen worker 19] jepsen.arangodb.tests.rw-register: committed transaction 1431
2023-04-11 12:47:59,520{GMT}	INFO	[jepsen worker 19] jepsen.util: 19	:ok	:txn	[[:r 161 1] [:r 160 1] [:r 161 1] [:r 161 1] [:r 161 1] [:w 161 2]]
2023-04-11 12:47:59,607{GMT}	INFO	[jepsen worker 0] jepsen.util: 0	:invoke	:txn	[[:w 161 3] [:w 160 2] [:r 160 nil] [:r 160 nil] [:r 161 nil] [:r 162 nil]]
2023-04-11 12:47:59,612{GMT}	INFO	[jepsen worker 0] jepsen.arangodb.tests.rw-register: committed transaction 1438
2023-04-11 12:47:59,612{GMT}	INFO	[jepsen worker 0] jepsen.util: 0	:ok	:txn	[[:w 161 3] [:w 160 2] [:r 160 2] [:r 160 2] [:r 161 3] [:r 162 nil]]
2023-04-11 12:47:59,693{GMT}	INFO	[jepsen worker 0] jepsen.util: 0	:invoke	:txn	[[:w 159 1] [:r 160 nil] [:r 160 nil] [:r 160 nil] [:r 162 nil]]
2023-04-11 12:47:59,697{GMT}	INFO	[jepsen worker 0] jepsen.arangodb.tests.rw-register: committed transaction 1445
2023-04-11 12:47:59,697{GMT}	INFO	[jepsen worker 0] jepsen.util: 0	:ok	:txn	[[:w 159 1] [:r 160 2] [:r 160 2] [:r 160 2] [:r 162 nil]]
2023-04-11 12:47:59,835{GMT}	INFO	[jepsen worker 1] jepsen.util: 1	:invoke	:txn	[[:w 162 1] [:w 156 3] [:r 160 nil] [:r 160 nil] [:w 162 2] [:w 163 1] [:w 163 2]]
2023-04-11 12:47:59,840{GMT}	INFO	[jepsen worker 1] jepsen.arangodb.tests.rw-register: committed transaction 1451
2023-04-11 12:47:59,840{GMT}	INFO	[jepsen worker 1] jepsen.util: 1	:ok	:txn	[[:w 162 1] [:w 156 3] [:r 160 2] [:r 160 2] [:w 162 2] [:w 163 1] [:w 163 2]]
2023-04-11 12:47:59,946{GMT}	INFO	[jepsen worker 2] jepsen.util: 2	:invoke	:txn	[[:r 159 nil] [:r 162 nil] [:w 162 3] [:r 160 nil] [:r 147 nil] [:w 160 3]]
2023-04-11 12:47:59,951{GMT}	INFO	[jepsen worker 2] jepsen.arangodb.tests.rw-register: committed transaction 1459
2023-04-11 12:47:59,951{GMT}	INFO	[jepsen worker 2] jepsen.util: 2	:ok	:txn	[[:r 159 1] [:r 162 2] [:w 162 3] [:r 160 2] [:r 147 1] [:w 160 3]]
2023-04-11 12:48:00,128{GMT}	INFO	[jepsen worker 3] jepsen.util: 3	:invoke	:txn	[[:r 159 nil] [:w 159 2] [:w 164 1] [:r 164 nil]]
2023-04-11 12:48:00,132{GMT}	INFO	[jepsen worker 3] jepsen.arangodb.tests.rw-register: committed transaction 1466
2023-04-11 12:48:00,132{GMT}	INFO	[jepsen worker 3] jepsen.util: 3	:ok	:txn	[[:r 159 1] [:w 159 2] [:w 164 1] [:r 164 1]]
2023-04-11 12:48:00,195{GMT}	INFO	[jepsen worker 4] jepsen.util: 4	:invoke	:txn	[[:r 163 nil] [:w 164 2] [:w 159 3] [:r 164 nil] [:r 163 nil]]
2023-04-11 12:48:00,199{GMT}	INFO	[jepsen worker 4] jepsen.arangodb.tests.rw-register: committed transaction 1471
2023-04-11 12:48:00,199{GMT}	INFO	[jepsen worker 4] jepsen.util: 4	:ok	:txn	[[:r 163 2] [:w 164 2] [:w 159 3] [:r 164 2] [:r 163 2]]
2023-04-11 12:48:00,335{GMT}	INFO	[jepsen worker 5] jepsen.util: 5	:invoke	:txn	[[:r 164 nil] [:w 165 1] [:w 165 2] [:w 164 3] [:r 165 nil]]
2023-04-11 12:48:00,339{GMT}	INFO	[jepsen worker 5] jepsen.arangodb.tests.rw-register: committed transaction 1477
2023-04-11 12:48:00,339{GMT}	INFO	[jepsen worker 5] jepsen.util: 5	:ok	:txn	[[:r 164 2] [:w 165 1] [:w 165 2] [:w 164 3] [:r 165 2]]
2023-04-11 12:48:00,340{GMT}	INFO	[jepsen worker 6] jepsen.util: 6	:invoke	:txn	[[:r 165 nil] [:w 167 1] [:r 167 nil] [:r 163 nil] [:r 165 nil] [:r 167 nil]]
2023-04-11 12:48:00,343{GMT}	INFO	[jepsen worker 6] jepsen.arangodb.tests.rw-register: committed transaction 1483
2023-04-11 12:48:00,343{GMT}	INFO	[jepsen worker 6] jepsen.util: 6	:ok	:txn	[[:r 165 2] [:w 167 1] [:r 167 1] [:r 163 2] [:r 165 2] [:r 167 1]]
2023-04-11 12:48:00,520{GMT}	INFO	[jepsen worker 7] jepsen.util: 7	:invoke	:txn	[[:w 167 2] [:r 167 nil] [:w 167 3] [:r 166 nil] [:r 167 nil] [:w 166 1] [:w 165 3] [:r 165 nil]]
2023-04-11 12:48:00,525{GMT}	INFO	[jepsen worker 7] jepsen.arangodb.tests.rw-register: committed transaction 1490
2023-04-11 12:48:00,525{GMT}	INFO	[jepsen worker 7] jepsen.util: 7	:ok	:txn	[[:w 167 2] [:r 167 2] [:w 167 3] [:r 166 nil] [:r 167 3] [:w 166 1] [:w 165 3] [:r 165 3]]
2023-04-11 12:48:00,614{GMT}	INFO	[jepsen worker 8] jepsen.util: 8	:invoke	:txn	[[:r 165 nil] [:w 168 1] [:r 168 nil] [:w 168 2] [:r 165 nil] [:r 168 nil]]
2023-04-11 12:48:00,619{GMT}	INFO	[jepsen worker 8] jepsen.arangodb.tests.rw-register: committed transaction 1499
2023-04-11 12:48:00,619{GMT}	INFO	[jepsen worker 8] jepsen.util: 8	:ok	:txn	[[:r 165 3] [:w 168 1] [:r 168 1] [:w 168 2] [:r 165 3] [:r 168 2]]
2023-04-11 12:48:00,720{GMT}	INFO	[jepsen worker 9] jepsen.util: 9	:invoke	:txn	[[:r 166 nil] [:w 168 3] [:w 166 2] [:w 166 3] [:w 169 1] [:w 169 2] [:r 169 nil] [:w 169 3]]
2023-04-11 12:48:00,726{GMT}	INFO	[jepsen worker 9] jepsen.arangodb.tests.rw-register: committed transaction 1506
2023-04-11 12:48:00,726{GMT}	INFO	[jepsen worker 9] jepsen.util: 9	:ok	:txn	[[:r 166 1] [:w 168 3] [:w 166 2] [:w 166 3] [:w 169 1] [:w 169 2] [:r 169 2] [:w 169 3]]
2023-04-11 12:48:00,875{GMT}	INFO	[jepsen worker 10] jepsen.util: 10	:invoke	:txn	[[:w 172 1] [:r 172 nil] [:w 172 2] [:r 172 nil] [:r 172 nil]]
2023-04-11 12:48:00,879{GMT}	INFO	[jepsen worker 10] jepsen.arangodb.tests.rw-register: committed transaction 1515
2023-04-11 12:48:00,879{GMT}	INFO	[jepsen worker 10] jepsen.util: 10	:ok	:txn	[[:w 172 1] [:r 172 1] [:w 172 2] [:r 172 2] [:r 172 2]]
2023-04-11 12:48:00,900{GMT}	INFO	[real-pmap 0] jepsen.arangodb.tests.rw-register: Downloading WAL entries to  store/current/wal.log ...
2023-04-11 12:48:00,994{GMT}	INFO	[real-pmap 0] jepsen.arangodb.tests.rw-register: WAL entries downloaded
2023-04-11 12:48:00,995{GMT}	INFO	[real-pmap 0] jepsen.arangodb.tests.rw-register: Connection closed
2023-04-11 12:48:00,995{GMT}	INFO	[jepsen test runner] jepsen.core: Run complete, writing
2023-04-11 12:48:01,041{GMT}	INFO	[jepsen test runner] jepsen.core: Snarfing log files
2023-04-11 12:48:01,049{GMT}	INFO	[jepsen node 192.168.56.101] jepsen.core: downloading /home/vagrant/arangodb.log to arangodb.log
2023-04-11 12:48:01,219{GMT}	INFO	[jepsen test runner] jepsen.core: Snarfing log files
2023-04-11 12:48:01,223{GMT}	INFO	[jepsen node 192.168.56.101] jepsen.core: downloading /home/vagrant/arangodb.log to arangodb.log
2023-04-11 12:48:01,384{GMT}	INFO	[jepsen node 192.168.56.101] jepsen.arangodb.utils.support: 192.168.56.101 tearing down arangodb
2023-04-11 12:48:01,384{GMT}	INFO	[jepsen node 192.168.56.101] jepsen.control.util: Stopping arangodb
2023-04-11 12:48:01,531{GMT}	INFO	[jepsen node 192.168.56.101] jepsen.arangodb.utils.support: processes [8658 8671] killed
2023-04-11 12:48:01,635{GMT}	INFO	[jepsen test runner] jepsen.core: Analyzing...
2023-04-11 12:48:01,745{GMT}	INFO	[jepsen test runner] jepsen.core: Analysis complete
2023-04-11 12:48:01,747{GMT}	INFO	[jepsen results] jepsen.store: Wrote /home/jasonqiu98/thesis-workspace-new/jepsen.arangodb.single/store/arangodb-rw-register-test/20230411T124719.029+0200/results.edn
2023-04-11 12:48:01,763{GMT}	INFO	[jepsen test runner] jepsen.core: {:rw {:valid? true},
 :perf {:latency-graph {:valid? true},
        :rate-graph {:valid? true},
        :valid? true},
 :timeline {:valid? true},
 :valid? true}


Everything looks good! (`)
