{"tick":"84","type":1100,"db":"rwRegister","data":{"id":"98","name":"rwRegister","isSystem":false}}
{"tick":"99","db":"rwRegister","cuid":"hE9A7518B1041/137","type":2000,"data":{"allowUserKeys":true,"cacheEnabled":false,"cid":"137","deleted":false,"globallyUniqueId":"hE9A7518B1041/137","id":"137","indexes":[{"fields":["_key"],"id":"0","name":"primary","sparse":false,"type":"primary","unique":true}],"internalValidatorType":0,"isDisjoint":false,"isSmart":false,"isSmartChild":false,"isSystem":false,"keyOptions":{"allowUserKeys":true,"lastValue":0,"type":"traditional"},"minReplicationFactor":1,"name":"rwCol","numberOfShards":1,"planId":"137","replicationFactor":1,"schema":null,"shardKeys":["_key"],"shards":{},"status":3,"syncByRevision":true,"type":2,"usesRevisionsAsDocumentIds":true,"version":9,"waitForSync":false,"writeConcern":1}}
{"tick":"104","type":2200,"tid":"144","db":"rwRegister"}
{"tick":"104","type":2300,"db":"rwRegister","cuid":"hE9A7518B1041/137","tid":"144","data":{"_key":"2","_id":"rwCol/2","_rev":"_f7J64U----","rwAttr":1}}
{"tick":"105","type":2201,"tid":"144","db":"rwRegister"}
{"tick":"106","type":2200,"tid":"149","db":"rwRegister"}
{"tick":"107","type":2300,"db":"rwRegister","cuid":"hE9A7518B1041/137","tid":"149","data":{"_key":"2","_id":"rwCol/2","_rev":"_f7J64bi---","rwAttr":2}}
{"tick":"108","type":2201,"tid":"149","db":"rwRegister"}
{"tick":"109","type":2200,"tid":"154","db":"rwRegister"}
{"tick":"110","type":2300,"db":"rwRegister","cuid":"hE9A7518B1041/137","tid":"154","data":{"_key":"2","_id":"rwCol/2","_rev":"_f7J64fe---","rwAttr":3}}
{"tick":"111","type":2201,"tid":"154","db":"rwRegister"}
{"tick":"112","type":2200,"tid":"157","db":"rwRegister"}
{"tick":"113","type":2300,"db":"rwRegister","cuid":"hE9A7518B1041/137","tid":"157","data":{"_key":"2","_id":"rwCol/2","_rev":"_f7J64gq---","rwAttr":4}}
{"tick":"116","type":2300,"db":"rwRegister","cuid":"hE9A7518B1041/137","tid":"157","data":{"_key":"2","_id":"rwCol/2","_rev":"_f7J64gu---","rwAttr":5}}
{"tick":"119","type":2300,"db":"rwRegister","cuid":"hE9A7518B1041/137","tid":"157","data":{"_key":"2","_id":"rwCol/2","_rev":"_f7J64gy---","rwAttr":6}}
{"tick":"122","type":2300,"db":"rwRegister","cuid":"hE9A7518B1041/137","tid":"157","data":{"_key":"2","_id":"rwCol/2","_rev":"_f7J64g2---","rwAttr":7}}
{"tick":"125","type":2300,"db":"rwRegister","cuid":"hE9A7518B1041/137","tid":"157","data":{"_key":"2","_id":"rwCol/2","_rev":"_f7J64h----","rwAttr":8}}
{"tick":"126","type":2201,"tid":"157","db":"rwRegister"}
{"tick":"127","type":2200,"tid":"166","db":"rwRegister"}
{"tick":"128","type":2300,"db":"rwRegister","cuid":"hE9A7518B1041/137","tid":"166","data":{"_key":"2","_id":"rwCol/2","_rev":"_f7J64ky---","rwAttr":9}}
{"tick":"129","type":2201,"tid":"166","db":"rwRegister"}
{"tick":"130","type":2200,"tid":"170","db":"rwRegister"}
{"tick":"131","type":2300,"db":"rwRegister","cuid":"hE9A7518B1041/137","tid":"170","data":{"_key":"2","_id":"rwCol/2","_rev":"_f7J64uu---","rwAttr":10}}
{"tick":"134","type":2300,"db":"rwRegister","cuid":"hE9A7518B1041/137","tid":"170","data":{"_key":"2","_id":"rwCol/2","_rev":"_f7J64uy---","rwAttr":11}}
{"tick":"136","type":2300,"db":"rwRegister","cuid":"hE9A7518B1041/137","tid":"170","data":{"_key":"1","_id":"rwCol/1","_rev":"_f7J64u2---","rwAttr":1}}
{"tick":"138","type":2300,"db":"rwRegister","cuid":"hE9A7518B1041/137","tid":"170","data":{"_key":"0","_id":"rwCol/0","_rev":"_f7J64u6---","rwAttr":1}}
{"tick":"141","type":2300,"db":"rwRegister","cuid":"hE9A7518B1041/137","tid":"170","data":{"_key":"1","_id":"rwCol/1","_rev":"_f7J64v----","rwAttr":2}}
{"tick":"144","type":2300,"db":"rwRegister","cuid":"hE9A7518B1041/137","tid":"170","data":{"_key":"2","_id":"rwCol/2","_rev":"_f7J64v---_","rwAttr":12}}
{"tick":"145","type":2201,"tid":"170","db":"rwRegister"}
{"tick":"146","type":2200,"tid":"182","db":"rwRegister"}
{"tick":"147","type":2300,"db":"rwRegister","cuid":"hE9A7518B1041/137","tid":"182","data":{"_key":"0","_id":"rwCol/0","_rev":"_f7J649a---","rwAttr":2}}
{"tick":"150","type":2300,"db":"rwRegister","cuid":"hE9A7518B1041/137","tid":"182","data":{"_key":"2","_id":"rwCol/2","_rev":"_f7J649i---","rwAttr":13}}
{"tick":"151","type":2201,"tid":"182","db":"rwRegister"}
{"tick":"152","type":2200,"tid":"187","db":"rwRegister"}
{"tick":"153","type":2300,"db":"rwRegister","cuid":"hE9A7518B1041/137","tid":"187","data":{"_key":"1","_id":"rwCol/1","_rev":"_f7J65HG---","rwAttr":3}}
{"tick":"156","type":2300,"db":"rwRegister","cuid":"hE9A7518B1041/137","tid":"187","data":{"_key":"2","_id":"rwCol/2","_rev":"_f7J65HO---","rwAttr":14}}
{"tick":"159","type":2300,"db":"rwRegister","cuid":"hE9A7518B1041/137","tid":"187","data":{"_key":"0","_id":"rwCol/0","_rev":"_f7J65HO--_","rwAttr":3}}
{"tick":"162","type":2300,"db":"rwRegister","cuid":"hE9A7518B1041/137","tid":"187","data":{"_key":"2","_id":"rwCol/2","_rev":"_f7J65Ha---","rwAttr":15}}
{"tick":"163","type":2201,"tid":"187","db":"rwRegister"}
{"tick":"164","type":2200,"tid":"195","db":"rwRegister"}
{"tick":"165","type":2300,"db":"rwRegister","cuid":"hE9A7518B1041/137","tid":"195","data":{"_key":"0","_id":"rwCol/0","_rev":"_f7J65JC---","rwAttr":4}}
{"tick":"168","type":2300,"db":"rwRegister","cuid":"hE9A7518B1041/137","tid":"195","data":{"_key":"2","_id":"rwCol/2","_rev":"_f7J65JG---","rwAttr":16}}
{"tick":"171","type":2300,"db":"rwRegister","cuid":"hE9A7518B1041/137","tid":"195","data":{"_key":"2","_id":"rwCol/2","_rev":"_f7J65JO---","rwAttr":17}}
{"tick":"174","type":2300,"db":"rwRegister","cuid":"hE9A7518B1041/137","tid":"195","data":{"_key":"1","_id":"rwCol/1","_rev":"_f7J65JO--_","rwAttr":4}}
{"tick":"175","type":2201,"tid":"195","db":"rwRegister"}
{"tick":"176","type":2200,"tid":"202","db":"rwRegister"}
{"tick":"177","type":2300,"db":"rwRegister","cuid":"hE9A7518B1041/137","tid":"202","data":{"_key":"1","_id":"rwCol/1","_rev":"_f7J65PO---","rwAttr":5}}
{"tick":"180","type":2300,"db":"rwRegister","cuid":"hE9A7518B1041/137","tid":"202","data":{"_key":"2","_id":"rwCol/2","_rev":"_f7J65PW---","rwAttr":18}}
{"tick":"183","type":2300,"db":"rwRegister","cuid":"hE9A7518B1041/137","tid":"202","data":{"_key":"2","_id":"rwCol/2","_rev":"_f7J65Pi---","rwAttr":19}}
{"tick":"184","type":2201,"tid":"202","db":"rwRegister"}
{"tick":"185","type":2200,"tid":"211","db":"rwRegister"}
{"tick":"186","type":2300,"db":"rwRegister","cuid":"hE9A7518B1041/137","tid":"211","data":{"_key":"0","_id":"rwCol/0","_rev":"_f7J65T6---","rwAttr":5}}
{"tick":"187","type":2201,"tid":"211","db":"rwRegister"}
{"tick":"188","type":2200,"tid":"215","db":"rwRegister"}
{"tick":"189","type":2300,"db":"rwRegister","cuid":"hE9A7518B1041/137","tid":"215","data":{"_key":"2","_id":"rwCol/2","_rev":"_f7J65Wy---","rwAttr":20}}
{"tick":"190","type":2201,"tid":"215","db":"rwRegister"}
{"tick":"191","type":2200,"tid":"218","db":"rwRegister"}
{"tick":"192","type":2300,"db":"rwRegister","cuid":"hE9A7518B1041/137","tid":"218","data":{"_key":"1","_id":"rwCol/1","_rev":"_f7J65X2---","rwAttr":6}}
{"tick":"195","type":2300,"db":"rwRegister","cuid":"hE9A7518B1041/137","tid":"218","data":{"_key":"2","_id":"rwCol/2","_rev":"_f7J65X6---","rwAttr":21}}
{"tick":"198","type":2300,"db":"rwRegister","cuid":"hE9A7518B1041/137","tid":"218","data":{"_key":"2","_id":"rwCol/2","_rev":"_f7J65Y----","rwAttr":22}}
{"tick":"199","type":2201,"tid":"218","db":"rwRegister"}
{"tick":"200","type":2200,"tid":"224","db":"rwRegister"}
{"tick":"201","type":2300,"db":"rwRegister","cuid":"hE9A7518B1041/137","tid":"224","data":{"_key":"1","_id":"rwCol/1","_rev":"_f7J65hW---","rwAttr":7}}
{"tick":"204","type":2300,"db":"rwRegister","cuid":"hE9A7518B1041/137","tid":"224","data":{"_key":"1","_id":"rwCol/1","_rev":"_f7J65hi---","rwAttr":8}}
{"tick":"205","type":2201,"tid":"224","db":"rwRegister"}
{"tick":"206","type":2200,"tid":"228","db":"rwRegister"}
{"tick":"207","type":2300,"db":"rwRegister","cuid":"hE9A7518B1041/137","tid":"228","data":{"_key":"0","_id":"rwCol/0","_rev":"_f7J65ii---","rwAttr":6}}
{"tick":"210","type":2300,"db":"rwRegister","cuid":"hE9A7518B1041/137","tid":"228","data":{"_key":"2","_id":"rwCol/2","_rev":"_f7J65iu---","rwAttr":23}}
{"tick":"211","type":2201,"tid":"228","db":"rwRegister"}
{"tick":"212","type":2200,"tid":"234","db":"rwRegister"}
{"tick":"213","type":2300,"db":"rwRegister","cuid":"hE9A7518B1041/137","tid":"234","data":{"_key":"1","_id":"rwCol/1","_rev":"_f7J65lW---","rwAttr":9}}
{"tick":"216","type":2300,"db":"rwRegister","cuid":"hE9A7518B1041/137","tid":"234","data":{"_key":"1","_id":"rwCol/1","_rev":"_f7J65la---","rwAttr":10}}
{"tick":"217","type":2201,"tid":"234","db":"rwRegister"}
{"tick":"218","type":2200,"tid":"242","db":"rwRegister"}
{"tick":"219","type":2300,"db":"rwRegister","cuid":"hE9A7518B1041/137","tid":"242","data":{"_key":"2","_id":"rwCol/2","_rev":"_f7J65ue---","rwAttr":24}}
{"tick":"222","type":2300,"db":"rwRegister","cuid":"hE9A7518B1041/137","tid":"242","data":{"_key":"1","_id":"rwCol/1","_rev":"_f7J65ui---","rwAttr":11}}
{"tick":"225","type":2300,"db":"rwRegister","cuid":"hE9A7518B1041/137","tid":"242","data":{"_key":"2","_id":"rwCol/2","_rev":"_f7J65um---","rwAttr":25}}
{"tick":"226","type":2201,"tid":"242","db":"rwRegister"}
{"tick":"227","type":2200,"tid":"249","db":"rwRegister"}
{"tick":"228","type":2300,"db":"rwRegister","cuid":"hE9A7518B1041/137","tid":"249","data":{"_key":"2","_id":"rwCol/2","_rev":"_f7J65zi---","rwAttr":26}}
{"tick":"229","type":2201,"tid":"249","db":"rwRegister"}
{"tick":"236","type":2200,"tid":"254","db":"rwRegister"}
{"tick":"237","type":2300,"db":"rwRegister","cuid":"hE9A7518B1041/137","tid":"254","data":{"_key":"1","_id":"rwCol/1","_rev":"_f7J66_e---","rwAttr":12}}
{"tick":"240","type":2300,"db":"rwRegister","cuid":"hE9A7518B1041/137","tid":"254","data":{"_key":"2","_id":"rwCol/2","_rev":"_f7J66_i---","rwAttr":27}}
{"tick":"243","type":2300,"db":"rwRegister","cuid":"hE9A7518B1041/137","tid":"254","data":{"_key":"2","_id":"rwCol/2","_rev":"_f7J66_m---","rwAttr":28}}
{"tick":"244","type":2201,"tid":"254","db":"rwRegister"}
{"tick":"245","type":2200,"tid":"258","db":"rwRegister"}
{"tick":"246","type":2300,"db":"rwRegister","cuid":"hE9A7518B1041/137","tid":"258","data":{"_key":"1","_id":"rwCol/1","_rev":"_f7J66J6---","rwAttr":13}}
{"tick":"247","type":2201,"tid":"258","db":"rwRegister"}
{"tick":"248","type":2200,"tid":"262","db":"rwRegister"}
{"tick":"249","type":2300,"db":"rwRegister","cuid":"hE9A7518B1041/137","tid":"262","data":{"_key":"2","_id":"rwCol/2","_rev":"_f7J66Si---","rwAttr":29}}
{"tick":"252","type":2300,"db":"rwRegister","cuid":"hE9A7518B1041/137","tid":"262","data":{"_key":"2","_id":"rwCol/2","_rev":"_f7J66Sm---","rwAttr":30}}
{"tick":"255","type":2300,"db":"rwRegister","cuid":"hE9A7518B1041/137","tid":"262","data":{"_key":"2","_id":"rwCol/2","_rev":"_f7J66Sq---","rwAttr":31}}
{"tick":"258","type":2300,"db":"rwRegister","cuid":"hE9A7518B1041/137","tid":"262","data":{"_key":"2","_id":"rwCol/2","_rev":"_f7J66Su---","rwAttr":32}}
{"tick":"259","type":2201,"tid":"262","db":"rwRegister"}
{"tick":"260","type":2200,"tid":"270","db":"rwRegister"}
{"tick":"261","type":2300,"db":"rwRegister","cuid":"hE9A7518B1041/137","tid":"270","data":{"_key":"1","_id":"rwCol/1","_rev":"_f7J66Vu---","rwAttr":14}}
{"tick":"264","type":2300,"db":"rwRegister","cuid":"hE9A7518B1041/137","tid":"270","data":{"_key":"1","_id":"rwCol/1","_rev":"_f7J66V2---","rwAttr":15}}
{"tick":"266","type":2300,"db":"rwRegister","cuid":"hE9A7518B1041/137","tid":"270","data":{"_key":"3","_id":"rwCol/3","_rev":"_f7J66W----","rwAttr":1}}
{"tick":"267","type":2201,"tid":"270","db":"rwRegister"}
{"tick":"268","type":2200,"tid":"279","db":"rwRegister"}
{"tick":"269","type":2300,"db":"rwRegister","cuid":"hE9A7518B1041/137","tid":"279","data":{"_key":"3","_id":"rwCol/3","_rev":"_f7J66gK---","rwAttr":2}}
{"tick":"272","type":2300,"db":"rwRegister","cuid":"hE9A7518B1041/137","tid":"279","data":{"_key":"3","_id":"rwCol/3","_rev":"_f7J66gO---","rwAttr":3}}
{"tick":"275","type":2300,"db":"rwRegister","cuid":"hE9A7518B1041/137","tid":"279","data":{"_key":"1","_id":"rwCol/1","_rev":"_f7J66ga---","rwAttr":16}}
{"tick":"278","type":2300,"db":"rwRegister","cuid":"hE9A7518B1041/137","tid":"279","data":{"_key":"1","_id":"rwCol/1","_rev":"_f7J66ge---","rwAttr":17}}
{"tick":"279","type":2201,"tid":"279","db":"rwRegister"}
{"tick":"280","type":2200,"tid":"288","db":"rwRegister"}
{"tick":"281","type":2300,"db":"rwRegister","cuid":"hE9A7518B1041/137","tid":"288","data":{"_key":"3","_id":"rwCol/3","_rev":"_f7J66mG---","rwAttr":4}}
{"tick":"284","type":2300,"db":"rwRegister","cuid":"hE9A7518B1041/137","tid":"288","data":{"_key":"3","_id":"rwCol/3","_rev":"_f7J66mK---","rwAttr":5}}
{"tick":"285","type":2201,"tid":"288","db":"rwRegister"}
{"tick":"286","type":2200,"tid":"292","db":"rwRegister"}
{"tick":"287","type":2300,"db":"rwRegister","cuid":"hE9A7518B1041/137","tid":"292","data":{"_key":"1","_id":"rwCol/1","_rev":"_f7J66pi---","rwAttr":18}}
{"tick":"290","type":2300,"db":"rwRegister","cuid":"hE9A7518B1041/137","tid":"292","data":{"_key":"1","_id":"rwCol/1","_rev":"_f7J66pu---","rwAttr":19}}
{"tick":"291","type":2201,"tid":"292","db":"rwRegister"}
{"tick":"292","type":2200,"tid":"296","db":"rwRegister"}
{"tick":"293","type":2300,"db":"rwRegister","cuid":"hE9A7518B1041/137","tid":"296","data":{"_key":"3","_id":"rwCol/3","_rev":"_f7J66zi---","rwAttr":6}}
{"tick":"296","type":2300,"db":"rwRegister","cuid":"hE9A7518B1041/137","tid":"296","data":{"_key":"0","_id":"rwCol/0","_rev":"_f7J66zm---","rwAttr":7}}
{"tick":"297","type":2201,"tid":"296","db":"rwRegister"}
{"tick":"298","type":2200,"tid":"300","db":"rwRegister"}
{"tick":"299","type":2300,"db":"rwRegister","cuid":"hE9A7518B1041/137","tid":"300","data":{"_key":"3","_id":"rwCol/3","_rev":"_f7J663m---","rwAttr":7}}
{"tick":"300","type":2201,"tid":"300","db":"rwRegister"}
{"tick":"301","type":2200,"tid":"303","db":"rwRegister"}
{"tick":"302","type":2300,"db":"rwRegister","cuid":"hE9A7518B1041/137","tid":"303","data":{"_key":"3","_id":"rwCol/3","_rev":"_f7J67CW---","rwAttr":8}}
{"tick":"305","type":2300,"db":"rwRegister","cuid":"hE9A7518B1041/137","tid":"303","data":{"_key":"0","_id":"rwCol/0","_rev":"_f7J67Ca---","rwAttr":8}}
{"tick":"306","type":2201,"tid":"303","db":"rwRegister"}
{"tick":"307","type":2200,"tid":"307","db":"rwRegister"}
{"tick":"308","type":2300,"db":"rwRegister","cuid":"hE9A7518B1041/137","tid":"307","data":{"_key":"3","_id":"rwCol/3","_rev":"_f7J67Mi---","rwAttr":9}}
{"tick":"309","type":2201,"tid":"307","db":"rwRegister"}
{"tick":"310","type":2200,"tid":"312","db":"rwRegister"}
{"tick":"311","type":2300,"db":"rwRegister","cuid":"hE9A7518B1041/137","tid":"312","data":{"_key":"1","_id":"rwCol/1","_rev":"_f7J67VO---","rwAttr":20}}
{"tick":"314","type":2300,"db":"rwRegister","cuid":"hE9A7518B1041/137","tid":"312","data":{"_key":"3","_id":"rwCol/3","_rev":"_f7J67Vi---","rwAttr":10}}
{"tick":"315","type":2201,"tid":"312","db":"rwRegister"}
{"tick":"316","type":2200,"tid":"317","db":"rwRegister"}
{"tick":"317","type":2300,"db":"rwRegister","cuid":"hE9A7518B1041/137","tid":"317","data":{"_key":"1","_id":"rwCol/1","_rev":"_f7J67eO---","rwAttr":21}}
{"tick":"320","type":2300,"db":"rwRegister","cuid":"hE9A7518B1041/137","tid":"317","data":{"_key":"3","_id":"rwCol/3","_rev":"_f7J67eS---","rwAttr":11}}
{"tick":"321","type":2201,"tid":"317","db":"rwRegister"}
{"tick":"322","type":2200,"tid":"321","db":"rwRegister"}
{"tick":"323","type":2300,"db":"rwRegister","cuid":"hE9A7518B1041/137","tid":"321","data":{"_key":"1","_id":"rwCol/1","_rev":"_f7J67pG---","rwAttr":22}}
{"tick":"326","type":2300,"db":"rwRegister","cuid":"hE9A7518B1041/137","tid":"321","data":{"_key":"3","_id":"rwCol/3","_rev":"_f7J67pK---","rwAttr":12}}
{"tick":"329","type":2300,"db":"rwRegister","cuid":"hE9A7518B1041/137","tid":"321","data":{"_key":"3","_id":"rwCol/3","_rev":"_f7J67pS---","rwAttr":13}}
{"tick":"330","type":2201,"tid":"321","db":"rwRegister"}
{"tick":"331","type":2200,"tid":"326","db":"rwRegister"}
{"tick":"332","type":2300,"db":"rwRegister","cuid":"hE9A7518B1041/137","tid":"326","data":{"_key":"3","_id":"rwCol/3","_rev":"_f7J67qi---","rwAttr":14}}
{"tick":"335","type":2300,"db":"rwRegister","cuid":"hE9A7518B1041/137","tid":"326","data":{"_key":"3","_id":"rwCol/3","_rev":"_f7J67qm---","rwAttr":15}}
{"tick":"336","type":2201,"tid":"326","db":"rwRegister"}
{"tick":"337","type":2200,"tid":"334","db":"rwRegister"}
{"tick":"338","type":2300,"db":"rwRegister","cuid":"hE9A7518B1041/137","tid":"334","data":{"_key":"3","_id":"rwCol/3","_rev":"_f7J67zC---","rwAttr":16}}
{"tick":"341","type":2300,"db":"rwRegister","cuid":"hE9A7518B1041/137","tid":"334","data":{"_key":"3","_id":"rwCol/3","_rev":"_f7J67zO---","rwAttr":17}}
{"tick":"344","type":2300,"db":"rwRegister","cuid":"hE9A7518B1041/137","tid":"334","data":{"_key":"3","_id":"rwCol/3","_rev":"_f7J67zW---","rwAttr":18}}
{"tick":"347","type":2300,"db":"rwRegister","cuid":"hE9A7518B1041/137","tid":"334","data":{"_key":"3","_id":"rwCol/3","_rev":"_f7J67za---","rwAttr":19}}
{"tick":"350","type":2300,"db":"rwRegister","cuid":"hE9A7518B1041/137","tid":"334","data":{"_key":"3","_id":"rwCol/3","_rev":"_f7J67zq---","rwAttr":20}}
{"tick":"351","type":2201,"tid":"334","db":"rwRegister"}
{"tick":"352","type":2200,"tid":"343","db":"rwRegister"}
{"tick":"353","type":2300,"db":"rwRegister","cuid":"hE9A7518B1041/137","tid":"343","data":{"_key":"3","_id":"rwCol/3","_rev":"_f7J671S---","rwAttr":21}}
{"tick":"356","type":2300,"db":"rwRegister","cuid":"hE9A7518B1041/137","tid":"343","data":{"_key":"3","_id":"rwCol/3","_rev":"_f7J671W---","rwAttr":22}}
{"tick":"357","type":2201,"tid":"343","db":"rwRegister"}
{"tick":"358","type":2200,"tid":"347","db":"rwRegister"}
{"tick":"359","type":2300,"db":"rwRegister","cuid":"hE9A7518B1041/137","tid":"347","data":{"_key":"3","_id":"rwCol/3","_rev":"_f7J68Au---","rwAttr":23}}
{"tick":"362","type":2300,"db":"rwRegister","cuid":"hE9A7518B1041/137","tid":"347","data":{"_key":"3","_id":"rwCol/3","_rev":"_f7J68Ay---","rwAttr":24}}
{"tick":"365","type":2300,"db":"rwRegister","cuid":"hE9A7518B1041/137","tid":"347","data":{"_key":"1","_id":"rwCol/1","_rev":"_f7J68A2---","rwAttr":23}}
{"tick":"368","type":2300,"db":"rwRegister","cuid":"hE9A7518B1041/137","tid":"347","data":{"_key":"1","_id":"rwCol/1","_rev":"_f7J68A6---","rwAttr":24}}
{"tick":"371","type":2300,"db":"rwRegister","cuid":"hE9A7518B1041/137","tid":"347","data":{"_key":"0","_id":"rwCol/0","_rev":"_f7J68B----","rwAttr":9}}
{"tick":"372","type":2201,"tid":"347","db":"rwRegister"}
{"tick":"373","type":2200,"tid":"356","db":"rwRegister"}
{"tick":"374","type":2300,"db":"rwRegister","cuid":"hE9A7518B1041/137","tid":"356","data":{"_key":"1","_id":"rwCol/1","_rev":"_f7J68Ei---","rwAttr":25}}
{"tick":"377","type":2300,"db":"rwRegister","cuid":"hE9A7518B1041/137","tid":"356","data":{"_key":"1","_id":"rwCol/1","_rev":"_f7J68Eq---","rwAttr":26}}
{"tick":"380","type":2300,"db":"rwRegister","cuid":"hE9A7518B1041/137","tid":"356","data":{"_key":"3","_id":"rwCol/3","_rev":"_f7J68Ey---","rwAttr":25}}
{"tick":"383","type":2300,"db":"rwRegister","cuid":"hE9A7518B1041/137","tid":"356","data":{"_key":"3","_id":"rwCol/3","_rev":"_f7J68E2---","rwAttr":26}}
{"tick":"386","type":2300,"db":"rwRegister","cuid":"hE9A7518B1041/137","tid":"356","data":{"_key":"3","_id":"rwCol/3","_rev":"_f7J68E2--_","rwAttr":27}}
{"tick":"389","type":2300,"db":"rwRegister","cuid":"hE9A7518B1041/137","tid":"356","data":{"_key":"1","_id":"rwCol/1","_rev":"_f7J68E6---","rwAttr":27}}
{"tick":"390","type":2201,"tid":"356","db":"rwRegister"}
{"tick":"391","type":2200,"tid":"363","db":"rwRegister"}
{"tick":"392","type":2300,"db":"rwRegister","cuid":"hE9A7518B1041/137","tid":"363","data":{"_key":"0","_id":"rwCol/0","_rev":"_f7J68Oe---","rwAttr":10}}
{"tick":"395","type":2300,"db":"rwRegister","cuid":"hE9A7518B1041/137","tid":"363","data":{"_key":"1","_id":"rwCol/1","_rev":"_f7J68Oi---","rwAttr":28}}
{"tick":"396","type":2201,"tid":"363","db":"rwRegister"}
{"tick":"397","type":2200,"tid":"366","db":"rwRegister"}
{"tick":"398","type":2300,"db":"rwRegister","cuid":"hE9A7518B1041/137","tid":"366","data":{"_key":"0","_id":"rwCol/0","_rev":"_f7J68US---","rwAttr":11}}
{"tick":"401","type":2300,"db":"rwRegister","cuid":"hE9A7518B1041/137","tid":"366","data":{"_key":"0","_id":"rwCol/0","_rev":"_f7J68UW---","rwAttr":12}}
{"tick":"402","type":2201,"tid":"366","db":"rwRegister"}
{"tick":"407","type":2200,"tid":"376","db":"rwRegister"}
{"tick":"408","type":2300,"db":"rwRegister","cuid":"hE9A7518B1041/137","tid":"376","data":{"_key":"3","_id":"rwCol/3","_rev":"_f7J68bm---","rwAttr":28}}
{"tick":"409","type":2201,"tid":"376","db":"rwRegister"}
{"tick":"410","type":2200,"tid":"383","db":"rwRegister"}
{"tick":"411","type":2300,"db":"rwRegister","cuid":"hE9A7518B1041/137","tid":"383","data":{"_key":"3","_id":"rwCol/3","_rev":"_f7J68hm---","rwAttr":29}}
{"tick":"412","type":2201,"tid":"383","db":"rwRegister"}
{"tick":"413","type":2200,"tid":"388","db":"rwRegister"}
{"tick":"414","type":2300,"db":"rwRegister","cuid":"hE9A7518B1041/137","tid":"388","data":{"_key":"3","_id":"rwCol/3","_rev":"_f7J68tK---","rwAttr":30}}
{"tick":"417","type":2300,"db":"rwRegister","cuid":"hE9A7518B1041/137","tid":"388","data":{"_key":"3","_id":"rwCol/3","_rev":"_f7J68tK--_","rwAttr":31}}
{"tick":"418","type":2201,"tid":"388","db":"rwRegister"}
{"tick":"419","type":2200,"tid":"393","db":"rwRegister"}
{"tick":"420","type":2300,"db":"rwRegister","cuid":"hE9A7518B1041/137","tid":"393","data":{"_key":"1","_id":"rwCol/1","_rev":"_f7J6826---","rwAttr":29}}
{"tick":"423","type":2300,"db":"rwRegister","cuid":"hE9A7518B1041/137","tid":"393","data":{"_key":"3","_id":"rwCol/3","_rev":"_f7J683C---","rwAttr":32}}
{"tick":"424","type":2201,"tid":"393","db":"rwRegister"}
{"tick":"425","type":2200,"tid":"398","db":"rwRegister"}
{"tick":"425","type":2300,"db":"rwRegister","cuid":"hE9A7518B1041/137","tid":"398","data":{"_key":"4","_id":"rwCol/4","_rev":"_f7J69-m---","rwAttr":1}}
{"tick":"428","type":2300,"db":"rwRegister","cuid":"hE9A7518B1041/137","tid":"398","data":{"_key":"1","_id":"rwCol/1","_rev":"_f7J69-q---","rwAttr":30}}
{"tick":"431","type":2300,"db":"rwRegister","cuid":"hE9A7518B1041/137","tid":"398","data":{"_key":"4","_id":"rwCol/4","_rev":"_f7J69-y---","rwAttr":2}}
{"tick":"434","type":2300,"db":"rwRegister","cuid":"hE9A7518B1041/137","tid":"398","data":{"_key":"4","_id":"rwCol/4","_rev":"_f7J69-2---","rwAttr":3}}
{"tick":"437","type":2300,"db":"rwRegister","cuid":"hE9A7518B1041/137","tid":"398","data":{"_key":"4","_id":"rwCol/4","_rev":"_f7J69-6---","rwAttr":4}}
{"tick":"438","type":2201,"tid":"398","db":"rwRegister"}
{"tick":"439","type":2200,"tid":"409","db":"rwRegister"}
{"tick":"440","type":2300,"db":"rwRegister","cuid":"hE9A7518B1041/137","tid":"409","data":{"_key":"0","_id":"rwCol/0","_rev":"_f7J69Dm---","rwAttr":13}}
{"tick":"443","type":2300,"db":"rwRegister","cuid":"hE9A7518B1041/137","tid":"409","data":{"_key":"1","_id":"rwCol/1","_rev":"_f7J69Dq---","rwAttr":31}}
{"tick":"444","type":2201,"tid":"409","db":"rwRegister"}
{"tick":"445","type":2200,"tid":"414","db":"rwRegister"}
{"tick":"446","type":2300,"db":"rwRegister","cuid":"hE9A7518B1041/137","tid":"414","data":{"_key":"4","_id":"rwCol/4","_rev":"_f7J69HK---","rwAttr":5}}
{"tick":"449","type":2300,"db":"rwRegister","cuid":"hE9A7518B1041/137","tid":"414","data":{"_key":"4","_id":"rwCol/4","_rev":"_f7J69HO---","rwAttr":6}}
{"tick":"452","type":2300,"db":"rwRegister","cuid":"hE9A7518B1041/137","tid":"414","data":{"_key":"1","_id":"rwCol/1","_rev":"_f7J69HO--_","rwAttr":32}}
{"tick":"453","type":2201,"tid":"414","db":"rwRegister"}
{"tick":"454","type":2200,"tid":"420","db":"rwRegister"}
{"tick":"455","type":2300,"db":"rwRegister","cuid":"hE9A7518B1041/137","tid":"420","data":{"_key":"4","_id":"rwCol/4","_rev":"_f7J69Sq---","rwAttr":7}}
{"tick":"456","type":2201,"tid":"420","db":"rwRegister"}
{"tick":"457","type":2200,"tid":"423","db":"rwRegister"}
{"tick":"458","type":2300,"db":"rwRegister","cuid":"hE9A7518B1041/137","tid":"423","data":{"_key":"4","_id":"rwCol/4","_rev":"_f7J69aa---","rwAttr":8}}
{"tick":"460","type":2300,"db":"rwRegister","cuid":"hE9A7518B1041/137","tid":"423","data":{"_key":"5","_id":"rwCol/5","_rev":"_f7J69ae---","rwAttr":1}}
{"tick":"463","type":2300,"db":"rwRegister","cuid":"hE9A7518B1041/137","tid":"423","data":{"_key":"4","_id":"rwCol/4","_rev":"_f7J69ai---","rwAttr":9}}
{"tick":"466","type":2300,"db":"rwRegister","cuid":"hE9A7518B1041/137","tid":"423","data":{"_key":"4","_id":"rwCol/4","_rev":"_f7J69am---","rwAttr":10}}
{"tick":"467","type":2201,"tid":"423","db":"rwRegister"}
{"tick":"468","type":2200,"tid":"431","db":"rwRegister"}
{"tick":"469","type":2300,"db":"rwRegister","cuid":"hE9A7518B1041/137","tid":"431","data":{"_key":"0","_id":"rwCol/0","_rev":"_f7J69mq---","rwAttr":14}}
{"tick":"472","type":2300,"db":"rwRegister","cuid":"hE9A7518B1041/137","tid":"431","data":{"_key":"5","_id":"rwCol/5","_rev":"_f7J69mu---","rwAttr":2}}
{"tick":"475","type":2300,"db":"rwRegister","cuid":"hE9A7518B1041/137","tid":"431","data":{"_key":"4","_id":"rwCol/4","_rev":"_f7J69m2---","rwAttr":11}}
{"tick":"476","type":2201,"tid":"431","db":"rwRegister"}
{"tick":"477","type":2200,"tid":"439","db":"rwRegister"}
{"tick":"478","type":2300,"db":"rwRegister","cuid":"hE9A7518B1041/137","tid":"439","data":{"_key":"4","_id":"rwCol/4","_rev":"_f7J69ve---","rwAttr":12}}
{"tick":"481","type":2300,"db":"rwRegister","cuid":"hE9A7518B1041/137","tid":"439","data":{"_key":"4","_id":"rwCol/4","_rev":"_f7J69vi---","rwAttr":13}}
{"tick":"482","type":2201,"tid":"439","db":"rwRegister"}
{"tick":"483","type":2200,"tid":"446","db":"rwRegister"}
{"tick":"484","type":2300,"db":"rwRegister","cuid":"hE9A7518B1041/137","tid":"446","data":{"_key":"4","_id":"rwCol/4","_rev":"_f7J693a---","rwAttr":14}}
{"tick":"487","type":2300,"db":"rwRegister","cuid":"hE9A7518B1041/137","tid":"446","data":{"_key":"4","_id":"rwCol/4","_rev":"_f7J693e---","rwAttr":15}}
{"tick":"490","type":2300,"db":"rwRegister","cuid":"hE9A7518B1041/137","tid":"446","data":{"_key":"0","_id":"rwCol/0","_rev":"_f7J693i---","rwAttr":15}}
{"tick":"493","type":2300,"db":"rwRegister","cuid":"hE9A7518B1041/137","tid":"446","data":{"_key":"5","_id":"rwCol/5","_rev":"_f7J693m---","rwAttr":3}}
{"tick":"496","type":2300,"db":"rwRegister","cuid":"hE9A7518B1041/137","tid":"446","data":{"_key":"5","_id":"rwCol/5","_rev":"_f7J693m--_","rwAttr":4}}
{"tick":"497","type":2201,"tid":"446","db":"rwRegister"}
{"tick":"504","type":2200,"tid":"463","db":"rwRegister"}
{"tick":"505","type":2300,"db":"rwRegister","cuid":"hE9A7518B1041/137","tid":"463","data":{"_key":"5","_id":"rwCol/5","_rev":"_f7J7-Ca---","rwAttr":5}}
{"tick":"508","type":2300,"db":"rwRegister","cuid":"hE9A7518B1041/137","tid":"463","data":{"_key":"4","_id":"rwCol/4","_rev":"_f7J7-Ce---","rwAttr":16}}
{"tick":"511","type":2300,"db":"rwRegister","cuid":"hE9A7518B1041/137","tid":"463","data":{"_key":"5","_id":"rwCol/5","_rev":"_f7J7-Ci---","rwAttr":6}}
{"tick":"514","type":2300,"db":"rwRegister","cuid":"hE9A7518B1041/137","tid":"463","data":{"_key":"0","_id":"rwCol/0","_rev":"_f7J7-Cm---","rwAttr":16}}
{"tick":"515","type":2201,"tid":"463","db":"rwRegister"}
{"tick":"516","type":2200,"tid":"471","db":"rwRegister"}
{"tick":"517","type":2300,"db":"rwRegister","cuid":"hE9A7518B1041/137","tid":"471","data":{"_key":"4","_id":"rwCol/4","_rev":"_f7J7-MO---","rwAttr":17}}
{"tick":"520","type":2300,"db":"rwRegister","cuid":"hE9A7518B1041/137","tid":"471","data":{"_key":"4","_id":"rwCol/4","_rev":"_f7J7-MS---","rwAttr":18}}
{"tick":"521","type":2201,"tid":"471","db":"rwRegister"}
{"tick":"522","type":2200,"tid":"486","db":"rwRegister"}
{"tick":"523","type":2300,"db":"rwRegister","cuid":"hE9A7518B1041/137","tid":"486","data":{"_key":"4","_id":"rwCol/4","_rev":"_f7J7-YO---","rwAttr":19}}
{"tick":"526","type":2300,"db":"rwRegister","cuid":"hE9A7518B1041/137","tid":"486","data":{"_key":"4","_id":"rwCol/4","_rev":"_f7J7-YS---","rwAttr":20}}
{"tick":"529","type":2300,"db":"rwRegister","cuid":"hE9A7518B1041/137","tid":"486","data":{"_key":"4","_id":"rwCol/4","_rev":"_f7J7-Ya---","rwAttr":21}}
{"tick":"530","type":2201,"tid":"486","db":"rwRegister"}
{"tick":"531","type":2200,"tid":"491","db":"rwRegister"}
{"tick":"532","type":2300,"db":"rwRegister","cuid":"hE9A7518B1041/137","tid":"491","data":{"_key":"4","_id":"rwCol/4","_rev":"_f7J7-gO---","rwAttr":22}}
{"tick":"535","type":2300,"db":"rwRegister","cuid":"hE9A7518B1041/137","tid":"491","data":{"_key":"4","_id":"rwCol/4","_rev":"_f7J7-gO--_","rwAttr":23}}
{"tick":"538","type":2300,"db":"rwRegister","cuid":"hE9A7518B1041/137","tid":"491","data":{"_key":"4","_id":"rwCol/4","_rev":"_f7J7-gS---","rwAttr":24}}
{"tick":"541","type":2300,"db":"rwRegister","cuid":"hE9A7518B1041/137","tid":"491","data":{"_key":"0","_id":"rwCol/0","_rev":"_f7J7-gW---","rwAttr":17}}
{"tick":"542","type":2201,"tid":"491","db":"rwRegister"}
{"tick":"543","type":2200,"tid":"499","db":"rwRegister"}
{"tick":"544","type":2300,"db":"rwRegister","cuid":"hE9A7518B1041/137","tid":"499","data":{"_key":"5","_id":"rwCol/5","_rev":"_f7J7-pK---","rwAttr":7}}
{"tick":"547","type":2300,"db":"rwRegister","cuid":"hE9A7518B1041/137","tid":"499","data":{"_key":"5","_id":"rwCol/5","_rev":"_f7J7-pO---","rwAttr":8}}
{"tick":"548","type":2201,"tid":"499","db":"rwRegister"}
{"tick":"557","type":2200,"tid":"503","db":"rwRegister"}
{"tick":"558","type":2300,"db":"rwRegister","cuid":"hE9A7518B1041/137","tid":"503","data":{"_key":"4","_id":"rwCol/4","_rev":"_f7J7-06---","rwAttr":25}}
{"tick":"559","type":2201,"tid":"503","db":"rwRegister"}
{"tick":"560","type":2200,"tid":"507","db":"rwRegister"}
{"tick":"561","type":2300,"db":"rwRegister","cuid":"hE9A7518B1041/137","tid":"507","data":{"_key":"4","_id":"rwCol/4","_rev":"_f7J7__K---","rwAttr":26}}
{"tick":"562","type":2201,"tid":"507","db":"rwRegister"}
{"tick":"563","type":2200,"tid":"511","db":"rwRegister"}
{"tick":"564","type":2300,"db":"rwRegister","cuid":"hE9A7518B1041/137","tid":"511","data":{"_key":"4","_id":"rwCol/4","_rev":"_f7J7_LS---","rwAttr":27}}
{"tick":"567","type":2300,"db":"rwRegister","cuid":"hE9A7518B1041/137","tid":"511","data":{"_key":"0","_id":"rwCol/0","_rev":"_f7J7_La---","rwAttr":18}}
{"tick":"570","type":2300,"db":"rwRegister","cuid":"hE9A7518B1041/137","tid":"511","data":{"_key":"4","_id":"rwCol/4","_rev":"_f7J7_Lm---","rwAttr":28}}
{"tick":"573","type":2300,"db":"rwRegister","cuid":"hE9A7518B1041/137","tid":"511","data":{"_key":"4","_id":"rwCol/4","_rev":"_f7J7_Lq---","rwAttr":29}}
{"tick":"574","type":2201,"tid":"511","db":"rwRegister"}
{"tick":"575","type":2200,"tid":"520","db":"rwRegister"}
{"tick":"576","type":2300,"db":"rwRegister","cuid":"hE9A7518B1041/137","tid":"520","data":{"_key":"5","_id":"rwCol/5","_rev":"_f7J7_Xa---","rwAttr":9}}
{"tick":"579","type":2300,"db":"rwRegister","cuid":"hE9A7518B1041/137","tid":"520","data":{"_key":"4","_id":"rwCol/4","_rev":"_f7J7_Xi---","rwAttr":30}}
{"tick":"582","type":2300,"db":"rwRegister","cuid":"hE9A7518B1041/137","tid":"520","data":{"_key":"5","_id":"rwCol/5","_rev":"_f7J7_Xm---","rwAttr":10}}
{"tick":"585","type":2300,"db":"rwRegister","cuid":"hE9A7518B1041/137","tid":"520","data":{"_key":"4","_id":"rwCol/4","_rev":"_f7J7_Xq---","rwAttr":31}}
{"tick":"588","type":2300,"db":"rwRegister","cuid":"hE9A7518B1041/137","tid":"520","data":{"_key":"4","_id":"rwCol/4","_rev":"_f7J7_Xu---","rwAttr":32}}
{"tick":"589","type":2201,"tid":"520","db":"rwRegister"}
{"tick":"590","type":2200,"tid":"526","db":"rwRegister"}
{"tick":"591","type":2300,"db":"rwRegister","cuid":"hE9A7518B1041/137","tid":"526","data":{"_key":"5","_id":"rwCol/5","_rev":"_f7J7_ZO---","rwAttr":11}}
{"tick":"592","type":2201,"tid":"526","db":"rwRegister"}
{"tick":"593","type":2200,"tid":"534","db":"rwRegister"}
{"tick":"594","type":2300,"db":"rwRegister","cuid":"hE9A7518B1041/137","tid":"534","data":{"_key":"0","_id":"rwCol/0","_rev":"_f7J7_hW---","rwAttr":19}}
{"tick":"595","type":2201,"tid":"534","db":"rwRegister"}
{"tick":"596","type":2200,"tid":"538","db":"rwRegister"}
{"tick":"597","type":2300,"db":"rwRegister","cuid":"hE9A7518B1041/137","tid":"538","data":{"_key":"0","_id":"rwCol/0","_rev":"_f7J7_le---","rwAttr":20}}
{"tick":"599","type":2300,"db":"rwRegister","cuid":"hE9A7518B1041/137","tid":"538","data":{"_key":"6","_id":"rwCol/6","_rev":"_f7J7_li---","rwAttr":1}}
{"tick":"602","type":2300,"db":"rwRegister","cuid":"hE9A7518B1041/137","tid":"538","data":{"_key":"5","_id":"rwCol/5","_rev":"_f7J7_lm---","rwAttr":12}}
{"tick":"605","type":2300,"db":"rwRegister","cuid":"hE9A7518B1041/137","tid":"538","data":{"_key":"6","_id":"rwCol/6","_rev":"_f7J7_lm--_","rwAttr":2}}
{"tick":"606","type":2201,"tid":"538","db":"rwRegister"}
{"tick":"607","type":2200,"tid":"549","db":"rwRegister"}
{"tick":"608","type":2300,"db":"rwRegister","cuid":"hE9A7518B1041/137","tid":"549","data":{"_key":"5","_id":"rwCol/5","_rev":"_f7J7_tu---","rwAttr":13}}
{"tick":"611","type":2300,"db":"rwRegister","cuid":"hE9A7518B1041/137","tid":"549","data":{"_key":"0","_id":"rwCol/0","_rev":"_f7J7_ty---","rwAttr":21}}
{"tick":"614","type":2300,"db":"rwRegister","cuid":"hE9A7518B1041/137","tid":"549","data":{"_key":"6","_id":"rwCol/6","_rev":"_f7J7_t2---","rwAttr":3}}
{"tick":"617","type":2300,"db":"rwRegister","cuid":"hE9A7518B1041/137","tid":"549","data":{"_key":"0","_id":"rwCol/0","_rev":"_f7J7_u----","rwAttr":22}}
{"tick":"620","type":2300,"db":"rwRegister","cuid":"hE9A7518B1041/137","tid":"549","data":{"_key":"6","_id":"rwCol/6","_rev":"_f7J7_uC---","rwAttr":4}}
{"tick":"621","type":2201,"tid":"549","db":"rwRegister"}
{"tick":"622","type":2200,"tid":"558","db":"rwRegister"}
{"tick":"623","type":2300,"db":"rwRegister","cuid":"hE9A7518B1041/137","tid":"558","data":{"_key":"0","_id":"rwCol/0","_rev":"_f7J7_um---","rwAttr":23}}
{"tick":"626","type":2300,"db":"rwRegister","cuid":"hE9A7518B1041/137","tid":"558","data":{"_key":"6","_id":"rwCol/6","_rev":"_f7J7_uu---","rwAttr":5}}
{"tick":"629","type":2300,"db":"rwRegister","cuid":"hE9A7518B1041/137","tid":"558","data":{"_key":"5","_id":"rwCol/5","_rev":"_f7J7_uy---","rwAttr":14}}
{"tick":"630","type":2201,"tid":"558","db":"rwRegister"}
{"tick":"631","type":2200,"tid":"564","db":"rwRegister"}
{"tick":"632","type":2300,"db":"rwRegister","cuid":"hE9A7518B1041/137","tid":"564","data":{"_key":"5","_id":"rwCol/5","_rev":"_f7J7_6q---","rwAttr":15}}
{"tick":"635","type":2300,"db":"rwRegister","cuid":"hE9A7518B1041/137","tid":"564","data":{"_key":"5","_id":"rwCol/5","_rev":"_f7J7_6u---","rwAttr":16}}
{"tick":"638","type":2300,"db":"rwRegister","cuid":"hE9A7518B1041/137","tid":"564","data":{"_key":"0","_id":"rwCol/0","_rev":"_f7J7_6y---","rwAttr":24}}
{"tick":"639","type":2201,"tid":"564","db":"rwRegister"}
{"tick":"640","type":2200,"tid":"570","db":"rwRegister"}
{"tick":"641","type":2300,"db":"rwRegister","cuid":"hE9A7518B1041/137","tid":"570","data":{"_key":"5","_id":"rwCol/5","_rev":"_f7J7ADm---","rwAttr":17}}
{"tick":"642","type":2201,"tid":"570","db":"rwRegister"}
{"tick":"643","type":2200,"tid":"573","db":"rwRegister"}
{"tick":"644","type":2300,"db":"rwRegister","cuid":"hE9A7518B1041/137","tid":"573","data":{"_key":"6","_id":"rwCol/6","_rev":"_f7J7AIq---","rwAttr":6}}
{"tick":"647","type":2300,"db":"rwRegister","cuid":"hE9A7518B1041/137","tid":"573","data":{"_key":"6","_id":"rwCol/6","_rev":"_f7J7AIu---","rwAttr":7}}
{"tick":"650","type":2300,"db":"rwRegister","cuid":"hE9A7518B1041/137","tid":"573","data":{"_key":"6","_id":"rwCol/6","_rev":"_f7J7AIy---","rwAttr":8}}
{"tick":"653","type":2300,"db":"rwRegister","cuid":"hE9A7518B1041/137","tid":"573","data":{"_key":"6","_id":"rwCol/6","_rev":"_f7J7AI2---","rwAttr":9}}
{"tick":"654","type":2201,"tid":"573","db":"rwRegister"}
{"tick":"655","type":2200,"tid":"580","db":"rwRegister"}
{"tick":"656","type":2300,"db":"rwRegister","cuid":"hE9A7518B1041/137","tid":"580","data":{"_key":"6","_id":"rwCol/6","_rev":"_f7J7AOu---","rwAttr":10}}
{"tick":"659","type":2300,"db":"rwRegister","cuid":"hE9A7518B1041/137","tid":"580","data":{"_key":"5","_id":"rwCol/5","_rev":"_f7J7AOy---","rwAttr":18}}
{"tick":"660","type":2201,"tid":"580","db":"rwRegister"}
{"tick":"661","type":2200,"tid":"583","db":"rwRegister"}
{"tick":"662","type":2300,"db":"rwRegister","cuid":"hE9A7518B1041/137","tid":"583","data":{"_key":"6","_id":"rwCol/6","_rev":"_f7J7APS---","rwAttr":11}}
{"tick":"665","type":2300,"db":"rwRegister","cuid":"hE9A7518B1041/137","tid":"583","data":{"_key":"0","_id":"rwCol/0","_rev":"_f7J7APW---","rwAttr":25}}
{"tick":"666","type":2201,"tid":"583","db":"rwRegister"}
{"tick":"667","type":2200,"tid":"592","db":"rwRegister"}
{"tick":"668","type":2300,"db":"rwRegister","cuid":"hE9A7518B1041/137","tid":"592","data":{"_key":"6","_id":"rwCol/6","_rev":"_f7J7Abe---","rwAttr":12}}
{"tick":"671","type":2300,"db":"rwRegister","cuid":"hE9A7518B1041/137","tid":"592","data":{"_key":"0","_id":"rwCol/0","_rev":"_f7J7Abi---","rwAttr":26}}
{"tick":"672","type":2201,"tid":"592","db":"rwRegister"}
{"tick":"673","type":2200,"tid":"595","db":"rwRegister"}
{"tick":"674","type":2300,"db":"rwRegister","cuid":"hE9A7518B1041/137","tid":"595","data":{"_key":"6","_id":"rwCol/6","_rev":"_f7J7AlC---","rwAttr":13}}
{"tick":"677","type":2300,"db":"rwRegister","cuid":"hE9A7518B1041/137","tid":"595","data":{"_key":"6","_id":"rwCol/6","_rev":"_f7J7AlG---","rwAttr":14}}
{"tick":"680","type":2300,"db":"rwRegister","cuid":"hE9A7518B1041/137","tid":"595","data":{"_key":"6","_id":"rwCol/6","_rev":"_f7J7AlK---","rwAttr":15}}
{"tick":"683","type":2300,"db":"rwRegister","cuid":"hE9A7518B1041/137","tid":"595","data":{"_key":"5","_id":"rwCol/5","_rev":"_f7J7AlO---","rwAttr":19}}
{"tick":"686","type":2300,"db":"rwRegister","cuid":"hE9A7518B1041/137","tid":"595","data":{"_key":"6","_id":"rwCol/6","_rev":"_f7J7AlS---","rwAttr":16}}
{"tick":"687","type":2201,"tid":"595","db":"rwRegister"}
{"tick":"688","type":2200,"tid":"604","db":"rwRegister"}
{"tick":"689","type":2300,"db":"rwRegister","cuid":"hE9A7518B1041/137","tid":"604","data":{"_key":"6","_id":"rwCol/6","_rev":"_f7J7Am2---","rwAttr":17}}
{"tick":"690","type":2201,"tid":"604","db":"rwRegister"}
{"tick":"691","type":2200,"tid":"608","db":"rwRegister"}
{"tick":"692","type":2300,"db":"rwRegister","cuid":"hE9A7518B1041/137","tid":"608","data":{"_key":"6","_id":"rwCol/6","_rev":"_f7J7Aoi---","rwAttr":18}}
{"tick":"693","type":2201,"tid":"608","db":"rwRegister"}
{"tick":"694","type":2200,"tid":"611","db":"rwRegister"}
{"tick":"695","type":2300,"db":"rwRegister","cuid":"hE9A7518B1041/137","tid":"611","data":{"_key":"0","_id":"rwCol/0","_rev":"_f7J7Au----","rwAttr":27}}
{"tick":"698","type":2300,"db":"rwRegister","cuid":"hE9A7518B1041/137","tid":"611","data":{"_key":"5","_id":"rwCol/5","_rev":"_f7J7AuC---","rwAttr":20}}
{"tick":"701","type":2300,"db":"rwRegister","cuid":"hE9A7518B1041/137","tid":"611","data":{"_key":"6","_id":"rwCol/6","_rev":"_f7J7AuC--_","rwAttr":19}}
{"tick":"702","type":2201,"tid":"611","db":"rwRegister"}
{"tick":"703","type":2200,"tid":"617","db":"rwRegister"}
{"tick":"704","type":2300,"db":"rwRegister","cuid":"hE9A7518B1041/137","tid":"617","data":{"_key":"0","_id":"rwCol/0","_rev":"_f7J7A3W---","rwAttr":28}}
{"tick":"705","type":2201,"tid":"617","db":"rwRegister"}
{"tick":"706","type":2200,"tid":"626","db":"rwRegister"}
{"tick":"707","type":2300,"db":"rwRegister","cuid":"hE9A7518B1041/137","tid":"626","data":{"_key":"5","_id":"rwCol/5","_rev":"_f7J7B_----","rwAttr":21}}
{"tick":"710","type":2300,"db":"rwRegister","cuid":"hE9A7518B1041/137","tid":"626","data":{"_key":"6","_id":"rwCol/6","_rev":"_f7J7B_C---","rwAttr":20}}
{"tick":"713","type":2300,"db":"rwRegister","cuid":"hE9A7518B1041/137","tid":"626","data":{"_key":"5","_id":"rwCol/5","_rev":"_f7J7B_K---","rwAttr":22}}
{"tick":"714","type":2201,"tid":"626","db":"rwRegister"}
{"tick":"715","type":2200,"tid":"632","db":"rwRegister"}
{"tick":"716","type":2300,"db":"rwRegister","cuid":"hE9A7518B1041/137","tid":"632","data":{"_key":"0","_id":"rwCol/0","_rev":"_f7J7BHa---","rwAttr":29}}
{"tick":"719","type":2300,"db":"rwRegister","cuid":"hE9A7518B1041/137","tid":"632","data":{"_key":"6","_id":"rwCol/6","_rev":"_f7J7BHa--_","rwAttr":21}}
{"tick":"720","type":2201,"tid":"632","db":"rwRegister"}
{"tick":"721","type":2200,"tid":"640","db":"rwRegister"}
{"tick":"722","type":2300,"db":"rwRegister","cuid":"hE9A7518B1041/137","tid":"640","data":{"_key":"6","_id":"rwCol/6","_rev":"_f7J7BRO---","rwAttr":22}}
{"tick":"725","type":2300,"db":"rwRegister","cuid":"hE9A7518B1041/137","tid":"640","data":{"_key":"6","_id":"rwCol/6","_rev":"_f7J7BRS---","rwAttr":23}}
{"tick":"726","type":2201,"tid":"640","db":"rwRegister"}
{"tick":"730","type":2200,"tid":"644","db":"rwRegister"}
{"tick":"731","type":2300,"db":"rwRegister","cuid":"hE9A7518B1041/137","tid":"644","data":{"_key":"6","_id":"rwCol/6","_rev":"_f7J7BV2---","rwAttr":24}}
{"tick":"732","type":2201,"tid":"644","db":"rwRegister"}
{"tick":"733","type":2200,"tid":"651","db":"rwRegister"}
{"tick":"734","type":2300,"db":"rwRegister","cuid":"hE9A7518B1041/137","tid":"651","data":{"_key":"6","_id":"rwCol/6","_rev":"_f7J7Bga---","rwAttr":25}}
{"tick":"735","type":2201,"tid":"651","db":"rwRegister"}
{"tick":"736","type":2200,"tid":"657","db":"rwRegister"}
{"tick":"737","type":2300,"db":"rwRegister","cuid":"hE9A7518B1041/137","tid":"657","data":{"_key":"5","_id":"rwCol/5","_rev":"_f7J7BrW---","rwAttr":23}}
{"tick":"740","type":2300,"db":"rwRegister","cuid":"hE9A7518B1041/137","tid":"657","data":{"_key":"6","_id":"rwCol/6","_rev":"_f7J7Bra---","rwAttr":26}}
{"tick":"743","type":2300,"db":"rwRegister","cuid":"hE9A7518B1041/137","tid":"657","data":{"_key":"6","_id":"rwCol/6","_rev":"_f7J7Bre---","rwAttr":27}}
{"tick":"744","type":2201,"tid":"657","db":"rwRegister"}
{"tick":"745","type":2200,"tid":"663","db":"rwRegister"}
{"tick":"746","type":2300,"db":"rwRegister","cuid":"hE9A7518B1041/137","tid":"663","data":{"_key":"6","_id":"rwCol/6","_rev":"_f7J7Bu2---","rwAttr":28}}
{"tick":"749","type":2300,"db":"rwRegister","cuid":"hE9A7518B1041/137","tid":"663","data":{"_key":"5","_id":"rwCol/5","_rev":"_f7J7Bv----","rwAttr":24}}
{"tick":"750","type":2201,"tid":"663","db":"rwRegister"}
{"tick":"751","type":2200,"tid":"669","db":"rwRegister"}
{"tick":"752","type":2300,"db":"rwRegister","cuid":"hE9A7518B1041/137","tid":"669","data":{"_key":"6","_id":"rwCol/6","_rev":"_f7J7B1y---","rwAttr":29}}
{"tick":"755","type":2300,"db":"rwRegister","cuid":"hE9A7518B1041/137","tid":"669","data":{"_key":"0","_id":"rwCol/0","_rev":"_f7J7B16---","rwAttr":30}}
{"tick":"758","type":2300,"db":"rwRegister","cuid":"hE9A7518B1041/137","tid":"669","data":{"_key":"0","_id":"rwCol/0","_rev":"_f7J7B16--_","rwAttr":31}}
{"tick":"759","type":2201,"tid":"669","db":"rwRegister"}
{"tick":"760","type":2200,"tid":"676","db":"rwRegister"}
{"tick":"761","type":2300,"db":"rwRegister","cuid":"hE9A7518B1041/137","tid":"676","data":{"_key":"5","_id":"rwCol/5","_rev":"_f7J7B8a---","rwAttr":25}}
{"tick":"764","type":2300,"db":"rwRegister","cuid":"hE9A7518B1041/137","tid":"676","data":{"_key":"6","_id":"rwCol/6","_rev":"_f7J7B8i---","rwAttr":30}}
{"tick":"765","type":2201,"tid":"676","db":"rwRegister"}
