{"tick":"84","type":1100,"db":"rwRegister","data":{"id":"98","name":"rwRegister","isSystem":false}}
{"tick":"99","db":"rwRegister","cuid":"h786D8EA1B964/137","type":2000,"data":{"allowUserKeys":true,"cacheEnabled":false,"cid":"137","deleted":false,"globallyUniqueId":"h786D8EA1B964/137","id":"137","indexes":[{"fields":["_key"],"id":"0","name":"primary","sparse":false,"type":"primary","unique":true}],"internalValidatorType":0,"isDisjoint":false,"isSmart":false,"isSmartChild":false,"isSystem":false,"keyOptions":{"allowUserKeys":true,"lastValue":0,"type":"traditional"},"minReplicationFactor":1,"name":"rwCol","numberOfShards":1,"planId":"137","replicationFactor":1,"schema":null,"shardKeys":["_key"],"shards":{},"status":3,"syncByRevision":true,"type":2,"usesRevisionsAsDocumentIds":true,"version":9,"waitForSync":false,"writeConcern":1}}
{"tick":"104","type":2200,"tid":"141","db":"rwRegister"}
{"tick":"104","type":2300,"db":"rwRegister","cuid":"h786D8EA1B964/137","tid":"141","data":{"_key":"2","_id":"rwCol/2","_rev":"_f7J7eBO---","rwAttr":1}}
{"tick":"107","type":2300,"db":"rwRegister","cuid":"h786D8EA1B964/137","tid":"141","data":{"_key":"2","_id":"rwCol/2","_rev":"_f7J7eBa---","rwAttr":2}}
{"tick":"108","type":2201,"tid":"141","db":"rwRegister"}
{"tick":"109","type":2200,"tid":"145","db":"rwRegister"}
{"tick":"109","type":2300,"db":"rwRegister","cuid":"h786D8EA1B964/137","tid":"145","data":{"_key":"0","_id":"rwCol/0","_rev":"_f7J7eJq---","rwAttr":1}}
{"tick":"112","type":2300,"db":"rwRegister","cuid":"h786D8EA1B964/137","tid":"145","data":{"_key":"2","_id":"rwCol/2","_rev":"_f7J7eJu---","rwAttr":3}}
{"tick":"115","type":2300,"db":"rwRegister","cuid":"h786D8EA1B964/137","tid":"145","data":{"_key":"2","_id":"rwCol/2","_rev":"_f7J7eJ2---","rwAttr":4}}
{"tick":"118","type":2300,"db":"rwRegister","cuid":"h786D8EA1B964/137","tid":"145","data":{"_key":"0","_id":"rwCol/0","_rev":"_f7J7eKG---","rwAttr":2}}
{"tick":"119","type":2201,"tid":"145","db":"rwRegister"}
{"tick":"120","type":2200,"tid":"154","db":"rwRegister"}
{"tick":"121","type":2300,"db":"rwRegister","cuid":"h786D8EA1B964/137","tid":"154","data":{"_key":"2","_id":"rwCol/2","_rev":"_f7J7eMW---","rwAttr":5}}
{"tick":"123","type":2300,"db":"rwRegister","cuid":"h786D8EA1B964/137","tid":"154","data":{"_key":"1","_id":"rwCol/1","_rev":"_f7J7eMa---","rwAttr":1}}
{"tick":"126","type":2300,"db":"rwRegister","cuid":"h786D8EA1B964/137","tid":"154","data":{"_key":"1","_id":"rwCol/1","_rev":"_f7J7eMi---","rwAttr":2}}
{"tick":"129","type":2300,"db":"rwRegister","cuid":"h786D8EA1B964/137","tid":"154","data":{"_key":"2","_id":"rwCol/2","_rev":"_f7J7eMm---","rwAttr":6}}
{"tick":"132","type":2300,"db":"rwRegister","cuid":"h786D8EA1B964/137","tid":"154","data":{"_key":"1","_id":"rwCol/1","_rev":"_f7J7eMu---","rwAttr":3}}
{"tick":"133","type":2201,"tid":"154","db":"rwRegister"}
{"tick":"134","type":2200,"tid":"163","db":"rwRegister"}
{"tick":"135","type":2300,"db":"rwRegister","cuid":"h786D8EA1B964/137","tid":"163","data":{"_key":"2","_id":"rwCol/2","_rev":"_f7J7eQS---","rwAttr":7}}
{"tick":"138","type":2300,"db":"rwRegister","cuid":"h786D8EA1B964/137","tid":"163","data":{"_key":"2","_id":"rwCol/2","_rev":"_f7J7eQW---","rwAttr":8}}
{"tick":"139","type":2201,"tid":"163","db":"rwRegister"}
{"tick":"140","type":2200,"tid":"168","db":"rwRegister"}
{"tick":"141","type":2300,"db":"rwRegister","cuid":"h786D8EA1B964/137","tid":"168","data":{"_key":"2","_id":"rwCol/2","_rev":"_f7J7ebe---","rwAttr":9}}
{"tick":"142","type":2201,"tid":"168","db":"rwRegister"}
{"tick":"143","type":2200,"tid":"171","db":"rwRegister"}
{"tick":"144","type":2300,"db":"rwRegister","cuid":"h786D8EA1B964/137","tid":"171","data":{"_key":"2","_id":"rwCol/2","_rev":"_f7J7emS---","rwAttr":10}}
{"tick":"147","type":2300,"db":"rwRegister","cuid":"h786D8EA1B964/137","tid":"171","data":{"_key":"1","_id":"rwCol/1","_rev":"_f7J7eme---","rwAttr":4}}
{"tick":"148","type":2201,"tid":"171","db":"rwRegister"}
{"tick":"149","type":2200,"tid":"180","db":"rwRegister"}
{"tick":"150","type":2300,"db":"rwRegister","cuid":"h786D8EA1B964/137","tid":"180","data":{"_key":"2","_id":"rwCol/2","_rev":"_f7J7eqq---","rwAttr":11}}
{"tick":"153","type":2300,"db":"rwRegister","cuid":"h786D8EA1B964/137","tid":"180","data":{"_key":"2","_id":"rwCol/2","_rev":"_f7J7equ---","rwAttr":12}}
{"tick":"156","type":2300,"db":"rwRegister","cuid":"h786D8EA1B964/137","tid":"180","data":{"_key":"1","_id":"rwCol/1","_rev":"_f7J7eqy---","rwAttr":5}}
{"tick":"157","type":2201,"tid":"180","db":"rwRegister"}
{"tick":"158","type":2200,"tid":"188","db":"rwRegister"}
{"tick":"159","type":2300,"db":"rwRegister","cuid":"h786D8EA1B964/137","tid":"188","data":{"_key":"2","_id":"rwCol/2","_rev":"_f7J7f_G---","rwAttr":13}}
{"tick":"162","type":2300,"db":"rwRegister","cuid":"h786D8EA1B964/137","tid":"188","data":{"_key":"2","_id":"rwCol/2","_rev":"_f7J7f_K---","rwAttr":14}}
{"tick":"165","type":2300,"db":"rwRegister","cuid":"h786D8EA1B964/137","tid":"188","data":{"_key":"2","_id":"rwCol/2","_rev":"_f7J7f_O---","rwAttr":15}}
{"tick":"168","type":2300,"db":"rwRegister","cuid":"h786D8EA1B964/137","tid":"188","data":{"_key":"2","_id":"rwCol/2","_rev":"_f7J7f_W---","rwAttr":16}}
{"tick":"171","type":2300,"db":"rwRegister","cuid":"h786D8EA1B964/137","tid":"188","data":{"_key":"2","_id":"rwCol/2","_rev":"_f7J7f_W--_","rwAttr":17}}
{"tick":"172","type":2201,"tid":"188","db":"rwRegister"}
{"tick":"173","type":2200,"tid":"195","db":"rwRegister"}
{"tick":"174","type":2300,"db":"rwRegister","cuid":"h786D8EA1B964/137","tid":"195","data":{"_key":"1","_id":"rwCol/1","_rev":"_f7J7fHq---","rwAttr":6}}
{"tick":"175","type":2201,"tid":"195","db":"rwRegister"}
{"tick":"176","type":2200,"tid":"199","db":"rwRegister"}
{"tick":"177","type":2300,"db":"rwRegister","cuid":"h786D8EA1B964/137","tid":"199","data":{"_key":"2","_id":"rwCol/2","_rev":"_f7J7fRW---","rwAttr":18}}
{"tick":"180","type":2300,"db":"rwRegister","cuid":"h786D8EA1B964/137","tid":"199","data":{"_key":"2","_id":"rwCol/2","_rev":"_f7J7fRa---","rwAttr":19}}
{"tick":"183","type":2300,"db":"rwRegister","cuid":"h786D8EA1B964/137","tid":"199","data":{"_key":"0","_id":"rwCol/0","_rev":"_f7J7fRe---","rwAttr":3}}
{"tick":"186","type":2300,"db":"rwRegister","cuid":"h786D8EA1B964/137","tid":"199","data":{"_key":"2","_id":"rwCol/2","_rev":"_f7J7fRi---","rwAttr":20}}
{"tick":"189","type":2300,"db":"rwRegister","cuid":"h786D8EA1B964/137","tid":"199","data":{"_key":"0","_id":"rwCol/0","_rev":"_f7J7fRi--_","rwAttr":4}}
{"tick":"192","type":2300,"db":"rwRegister","cuid":"h786D8EA1B964/137","tid":"199","data":{"_key":"2","_id":"rwCol/2","_rev":"_f7J7fRm---","rwAttr":21}}
{"tick":"193","type":2201,"tid":"199","db":"rwRegister"}
{"tick":"194","type":2200,"tid":"208","db":"rwRegister"}
{"tick":"195","type":2300,"db":"rwRegister","cuid":"h786D8EA1B964/137","tid":"208","data":{"_key":"1","_id":"rwCol/1","_rev":"_f7J7fVG---","rwAttr":7}}
{"tick":"196","type":2201,"tid":"208","db":"rwRegister"}
{"tick":"197","type":2200,"tid":"212","db":"rwRegister"}
{"tick":"198","type":2300,"db":"rwRegister","cuid":"h786D8EA1B964/137","tid":"212","data":{"_key":"2","_id":"rwCol/2","_rev":"_f7J7faK---","rwAttr":22}}
{"tick":"199","type":2201,"tid":"212","db":"rwRegister"}
{"tick":"200","type":2200,"tid":"215","db":"rwRegister"}
{"tick":"201","type":2300,"db":"rwRegister","cuid":"h786D8EA1B964/137","tid":"215","data":{"_key":"0","_id":"rwCol/0","_rev":"_f7J7fjC---","rwAttr":5}}
{"tick":"202","type":2201,"tid":"215","db":"rwRegister"}
{"tick":"203","type":2200,"tid":"224","db":"rwRegister"}
{"tick":"204","type":2300,"db":"rwRegister","cuid":"h786D8EA1B964/137","tid":"224","data":{"_key":"2","_id":"rwCol/2","_rev":"_f7J7fq6---","rwAttr":23}}
{"tick":"207","type":2300,"db":"rwRegister","cuid":"h786D8EA1B964/137","tid":"224","data":{"_key":"2","_id":"rwCol/2","_rev":"_f7J7frC---","rwAttr":24}}
{"tick":"208","type":2201,"tid":"224","db":"rwRegister"}
{"tick":"209","type":2200,"tid":"230","db":"rwRegister"}
{"tick":"210","type":2300,"db":"rwRegister","cuid":"h786D8EA1B964/137","tid":"230","data":{"_key":"2","_id":"rwCol/2","_rev":"_f7J7fs----","rwAttr":25}}
{"tick":"213","type":2300,"db":"rwRegister","cuid":"h786D8EA1B964/137","tid":"230","data":{"_key":"1","_id":"rwCol/1","_rev":"_f7J7fs---_","rwAttr":8}}
{"tick":"216","type":2300,"db":"rwRegister","cuid":"h786D8EA1B964/137","tid":"230","data":{"_key":"1","_id":"rwCol/1","_rev":"_f7J7fsC---","rwAttr":9}}
{"tick":"219","type":2300,"db":"rwRegister","cuid":"h786D8EA1B964/137","tid":"230","data":{"_key":"1","_id":"rwCol/1","_rev":"_f7J7fsC--_","rwAttr":10}}
{"tick":"220","type":2201,"tid":"230","db":"rwRegister"}
{"tick":"221","type":2200,"tid":"236","db":"rwRegister"}
{"tick":"222","type":2300,"db":"rwRegister","cuid":"h786D8EA1B964/137","tid":"236","data":{"_key":"1","_id":"rwCol/1","_rev":"_f7J7fsS---","rwAttr":11}}
{"tick":"225","type":2300,"db":"rwRegister","cuid":"h786D8EA1B964/137","tid":"236","data":{"_key":"2","_id":"rwCol/2","_rev":"_f7J7fsW---","rwAttr":26}}
{"tick":"226","type":2201,"tid":"236","db":"rwRegister"}
{"tick":"233","type":2200,"tid":"239","db":"rwRegister"}
{"tick":"234","type":2300,"db":"rwRegister","cuid":"h786D8EA1B964/137","tid":"239","data":{"_key":"0","_id":"rwCol/0","_rev":"_f7J7fxy---","rwAttr":6}}
{"tick":"237","type":2300,"db":"rwRegister","cuid":"h786D8EA1B964/137","tid":"239","data":{"_key":"2","_id":"rwCol/2","_rev":"_f7J7fx2---","rwAttr":27}}
{"tick":"240","type":2300,"db":"rwRegister","cuid":"h786D8EA1B964/137","tid":"239","data":{"_key":"2","_id":"rwCol/2","_rev":"_f7J7fx6---","rwAttr":28}}
{"tick":"243","type":2300,"db":"rwRegister","cuid":"h786D8EA1B964/137","tid":"239","data":{"_key":"1","_id":"rwCol/1","_rev":"_f7J7fy----","rwAttr":12}}
{"tick":"244","type":2201,"tid":"239","db":"rwRegister"}
{"tick":"245","type":2200,"tid":"245","db":"rwRegister"}
{"tick":"246","type":2300,"db":"rwRegister","cuid":"h786D8EA1B964/137","tid":"245","data":{"_key":"2","_id":"rwCol/2","_rev":"_f7J7fyq---","rwAttr":29}}
{"tick":"249","type":2300,"db":"rwRegister","cuid":"h786D8EA1B964/137","tid":"245","data":{"_key":"1","_id":"rwCol/1","_rev":"_f7J7fyu---","rwAttr":13}}
{"tick":"252","type":2300,"db":"rwRegister","cuid":"h786D8EA1B964/137","tid":"245","data":{"_key":"1","_id":"rwCol/1","_rev":"_f7J7fyy---","rwAttr":14}}
{"tick":"253","type":2201,"tid":"245","db":"rwRegister"}
{"tick":"254","type":2200,"tid":"250","db":"rwRegister"}
{"tick":"255","type":2300,"db":"rwRegister","cuid":"h786D8EA1B964/137","tid":"250","data":{"_key":"0","_id":"rwCol/0","_rev":"_f7J7f8q---","rwAttr":7}}
{"tick":"258","type":2300,"db":"rwRegister","cuid":"h786D8EA1B964/137","tid":"250","data":{"_key":"2","_id":"rwCol/2","_rev":"_f7J7f8u---","rwAttr":30}}
{"tick":"259","type":2201,"tid":"250","db":"rwRegister"}
{"tick":"260","type":2200,"tid":"255","db":"rwRegister"}
{"tick":"261","type":2300,"db":"rwRegister","cuid":"h786D8EA1B964/137","tid":"255","data":{"_key":"2","_id":"rwCol/2","_rev":"_f7J7f9K---","rwAttr":31}}
{"tick":"264","type":2300,"db":"rwRegister","cuid":"h786D8EA1B964/137","tid":"255","data":{"_key":"2","_id":"rwCol/2","_rev":"_f7J7f9O---","rwAttr":32}}
{"tick":"265","type":2201,"tid":"255","db":"rwRegister"}
{"tick":"266","type":2200,"tid":"259","db":"rwRegister"}
{"tick":"267","type":2300,"db":"rwRegister","cuid":"h786D8EA1B964/137","tid":"259","data":{"_key":"1","_id":"rwCol/1","_rev":"_f7J7gI----","rwAttr":15}}
{"tick":"270","type":2300,"db":"rwRegister","cuid":"h786D8EA1B964/137","tid":"259","data":{"_key":"0","_id":"rwCol/0","_rev":"_f7J7gIC---","rwAttr":8}}
{"tick":"273","type":2300,"db":"rwRegister","cuid":"h786D8EA1B964/137","tid":"259","data":{"_key":"1","_id":"rwCol/1","_rev":"_f7J7gIG---","rwAttr":16}}
{"tick":"276","type":2300,"db":"rwRegister","cuid":"h786D8EA1B964/137","tid":"259","data":{"_key":"0","_id":"rwCol/0","_rev":"_f7J7gIG--_","rwAttr":9}}
{"tick":"278","type":2300,"db":"rwRegister","cuid":"h786D8EA1B964/137","tid":"259","data":{"_key":"3","_id":"rwCol/3","_rev":"_f7J7gIK---","rwAttr":1}}
{"tick":"279","type":2201,"tid":"259","db":"rwRegister"}
{"tick":"280","type":2200,"tid":"268","db":"rwRegister"}
{"tick":"281","type":2300,"db":"rwRegister","cuid":"h786D8EA1B964/137","tid":"268","data":{"_key":"0","_id":"rwCol/0","_rev":"_f7J7gUO---","rwAttr":10}}
{"tick":"284","type":2300,"db":"rwRegister","cuid":"h786D8EA1B964/137","tid":"268","data":{"_key":"3","_id":"rwCol/3","_rev":"_f7J7gUS---","rwAttr":2}}
{"tick":"287","type":2300,"db":"rwRegister","cuid":"h786D8EA1B964/137","tid":"268","data":{"_key":"1","_id":"rwCol/1","_rev":"_f7J7gUW---","rwAttr":17}}
{"tick":"288","type":2201,"tid":"268","db":"rwRegister"}
{"tick":"289","type":2200,"tid":"274","db":"rwRegister"}
{"tick":"290","type":2300,"db":"rwRegister","cuid":"h786D8EA1B964/137","tid":"274","data":{"_key":"3","_id":"rwCol/3","_rev":"_f7J7ggi---","rwAttr":3}}
{"tick":"293","type":2300,"db":"rwRegister","cuid":"h786D8EA1B964/137","tid":"274","data":{"_key":"3","_id":"rwCol/3","_rev":"_f7J7ggu---","rwAttr":4}}
{"tick":"296","type":2300,"db":"rwRegister","cuid":"h786D8EA1B964/137","tid":"274","data":{"_key":"0","_id":"rwCol/0","_rev":"_f7J7ggy---","rwAttr":11}}
{"tick":"297","type":2201,"tid":"274","db":"rwRegister"}
{"tick":"298","type":2200,"tid":"282","db":"rwRegister"}
{"tick":"299","type":2300,"db":"rwRegister","cuid":"h786D8EA1B964/137","tid":"282","data":{"_key":"3","_id":"rwCol/3","_rev":"_f7J7gr2---","rwAttr":5}}
{"tick":"302","type":2300,"db":"rwRegister","cuid":"h786D8EA1B964/137","tid":"282","data":{"_key":"1","_id":"rwCol/1","_rev":"_f7J7gr6---","rwAttr":18}}
{"tick":"305","type":2300,"db":"rwRegister","cuid":"h786D8EA1B964/137","tid":"282","data":{"_key":"3","_id":"rwCol/3","_rev":"_f7J7gsC---","rwAttr":6}}
{"tick":"308","type":2300,"db":"rwRegister","cuid":"h786D8EA1B964/137","tid":"282","data":{"_key":"3","_id":"rwCol/3","_rev":"_f7J7gsG---","rwAttr":7}}
{"tick":"309","type":2201,"tid":"282","db":"rwRegister"}
{"tick":"310","type":2200,"tid":"290","db":"rwRegister"}
{"tick":"311","type":2300,"db":"rwRegister","cuid":"h786D8EA1B964/137","tid":"290","data":{"_key":"1","_id":"rwCol/1","_rev":"_f7J7g0q---","rwAttr":19}}
{"tick":"314","type":2300,"db":"rwRegister","cuid":"h786D8EA1B964/137","tid":"290","data":{"_key":"3","_id":"rwCol/3","_rev":"_f7J7g0u---","rwAttr":8}}
{"tick":"315","type":2201,"tid":"290","db":"rwRegister"}
{"tick":"316","type":2200,"tid":"294","db":"rwRegister"}
{"tick":"317","type":2300,"db":"rwRegister","cuid":"h786D8EA1B964/137","tid":"294","data":{"_key":"3","_id":"rwCol/3","_rev":"_f7J7g5S---","rwAttr":9}}
{"tick":"320","type":2300,"db":"rwRegister","cuid":"h786D8EA1B964/137","tid":"294","data":{"_key":"1","_id":"rwCol/1","_rev":"_f7J7g5W---","rwAttr":20}}
{"tick":"323","type":2300,"db":"rwRegister","cuid":"h786D8EA1B964/137","tid":"294","data":{"_key":"3","_id":"rwCol/3","_rev":"_f7J7g5e---","rwAttr":10}}
{"tick":"326","type":2300,"db":"rwRegister","cuid":"h786D8EA1B964/137","tid":"294","data":{"_key":"1","_id":"rwCol/1","_rev":"_f7J7g5m---","rwAttr":21}}
{"tick":"327","type":2201,"tid":"294","db":"rwRegister"}
{"tick":"328","type":2200,"tid":"303","db":"rwRegister"}
{"tick":"329","type":2300,"db":"rwRegister","cuid":"h786D8EA1B964/137","tid":"303","data":{"_key":"1","_id":"rwCol/1","_rev":"_f7J7hCa---","rwAttr":22}}
{"tick":"332","type":2300,"db":"rwRegister","cuid":"h786D8EA1B964/137","tid":"303","data":{"_key":"1","_id":"rwCol/1","_rev":"_f7J7hCm---","rwAttr":23}}
{"tick":"335","type":2300,"db":"rwRegister","cuid":"h786D8EA1B964/137","tid":"303","data":{"_key":"3","_id":"rwCol/3","_rev":"_f7J7hCq---","rwAttr":11}}
{"tick":"338","type":2300,"db":"rwRegister","cuid":"h786D8EA1B964/137","tid":"303","data":{"_key":"1","_id":"rwCol/1","_rev":"_f7J7hCq--_","rwAttr":24}}
{"tick":"339","type":2201,"tid":"303","db":"rwRegister"}
{"tick":"340","type":2200,"tid":"312","db":"rwRegister"}
{"tick":"341","type":2300,"db":"rwRegister","cuid":"h786D8EA1B964/137","tid":"312","data":{"_key":"1","_id":"rwCol/1","_rev":"_f7J7hKm---","rwAttr":25}}
{"tick":"344","type":2300,"db":"rwRegister","cuid":"h786D8EA1B964/137","tid":"312","data":{"_key":"1","_id":"rwCol/1","_rev":"_f7J7hKq---","rwAttr":26}}
{"tick":"345","type":2201,"tid":"312","db":"rwRegister"}
{"tick":"346","type":2200,"tid":"318","db":"rwRegister"}
{"tick":"347","type":2300,"db":"rwRegister","cuid":"h786D8EA1B964/137","tid":"318","data":{"_key":"3","_id":"rwCol/3","_rev":"_f7J7hO2---","rwAttr":12}}
{"tick":"350","type":2300,"db":"rwRegister","cuid":"h786D8EA1B964/137","tid":"318","data":{"_key":"3","_id":"rwCol/3","_rev":"_f7J7hO6---","rwAttr":13}}
{"tick":"353","type":2300,"db":"rwRegister","cuid":"h786D8EA1B964/137","tid":"318","data":{"_key":"1","_id":"rwCol/1","_rev":"_f7J7hP----","rwAttr":27}}
{"tick":"356","type":2300,"db":"rwRegister","cuid":"h786D8EA1B964/137","tid":"318","data":{"_key":"1","_id":"rwCol/1","_rev":"_f7J7hPG---","rwAttr":28}}
{"tick":"359","type":2300,"db":"rwRegister","cuid":"h786D8EA1B964/137","tid":"318","data":{"_key":"1","_id":"rwCol/1","_rev":"_f7J7hPG--_","rwAttr":29}}
{"tick":"362","type":2300,"db":"rwRegister","cuid":"h786D8EA1B964/137","tid":"318","data":{"_key":"1","_id":"rwCol/1","_rev":"_f7J7hPK---","rwAttr":30}}
{"tick":"363","type":2201,"tid":"318","db":"rwRegister"}
{"tick":"364","type":2200,"tid":"327","db":"rwRegister"}
{"tick":"365","type":2300,"db":"rwRegister","cuid":"h786D8EA1B964/137","tid":"327","data":{"_key":"3","_id":"rwCol/3","_rev":"_f7J7hYO---","rwAttr":14}}
{"tick":"368","type":2300,"db":"rwRegister","cuid":"h786D8EA1B964/137","tid":"327","data":{"_key":"0","_id":"rwCol/0","_rev":"_f7J7hYS---","rwAttr":12}}
{"tick":"369","type":2201,"tid":"327","db":"rwRegister"}
{"tick":"370","type":2200,"tid":"332","db":"rwRegister"}
{"tick":"371","type":2300,"db":"rwRegister","cuid":"h786D8EA1B964/137","tid":"332","data":{"_key":"1","_id":"rwCol/1","_rev":"_f7J7hfe---","rwAttr":31}}
{"tick":"374","type":2300,"db":"rwRegister","cuid":"h786D8EA1B964/137","tid":"332","data":{"_key":"3","_id":"rwCol/3","_rev":"_f7J7hfi---","rwAttr":15}}
{"tick":"377","type":2300,"db":"rwRegister","cuid":"h786D8EA1B964/137","tid":"332","data":{"_key":"3","_id":"rwCol/3","_rev":"_f7J7hfi--_","rwAttr":16}}
{"tick":"380","type":2300,"db":"rwRegister","cuid":"h786D8EA1B964/137","tid":"332","data":{"_key":"3","_id":"rwCol/3","_rev":"_f7J7hfm---","rwAttr":17}}
{"tick":"381","type":2201,"tid":"332","db":"rwRegister"}
{"tick":"382","type":2200,"tid":"339","db":"rwRegister"}
{"tick":"383","type":2300,"db":"rwRegister","cuid":"h786D8EA1B964/137","tid":"339","data":{"_key":"1","_id":"rwCol/1","_rev":"_f7J7hnO---","rwAttr":32}}
{"tick":"384","type":2201,"tid":"339","db":"rwRegister"}
{"tick":"385","type":2200,"tid":"344","db":"rwRegister"}
{"tick":"386","type":2300,"db":"rwRegister","cuid":"h786D8EA1B964/137","tid":"344","data":{"_key":"0","_id":"rwCol/0","_rev":"_f7J7hoW---","rwAttr":13}}
{"tick":"389","type":2300,"db":"rwRegister","cuid":"h786D8EA1B964/137","tid":"344","data":{"_key":"3","_id":"rwCol/3","_rev":"_f7J7hoa---","rwAttr":18}}
{"tick":"392","type":2300,"db":"rwRegister","cuid":"h786D8EA1B964/137","tid":"344","data":{"_key":"3","_id":"rwCol/3","_rev":"_f7J7hoe---","rwAttr":19}}
{"tick":"393","type":2201,"tid":"344","db":"rwRegister"}
{"tick":"394","type":2200,"tid":"353","db":"rwRegister"}
{"tick":"394","type":2300,"db":"rwRegister","cuid":"h786D8EA1B964/137","tid":"353","data":{"_key":"4","_id":"rwCol/4","_rev":"_f7J7hx----","rwAttr":1}}
{"tick":"397","type":2300,"db":"rwRegister","cuid":"h786D8EA1B964/137","tid":"353","data":{"_key":"3","_id":"rwCol/3","_rev":"_f7J7hxC---","rwAttr":20}}
{"tick":"400","type":2300,"db":"rwRegister","cuid":"h786D8EA1B964/137","tid":"353","data":{"_key":"3","_id":"rwCol/3","_rev":"_f7J7hxG---","rwAttr":21}}
{"tick":"403","type":2300,"db":"rwRegister","cuid":"h786D8EA1B964/137","tid":"353","data":{"_key":"4","_id":"rwCol/4","_rev":"_f7J7hxK---","rwAttr":2}}
{"tick":"404","type":2201,"tid":"353","db":"rwRegister"}
{"tick":"405","type":2200,"tid":"362","db":"rwRegister"}
{"tick":"406","type":2300,"db":"rwRegister","cuid":"h786D8EA1B964/137","tid":"362","data":{"_key":"0","_id":"rwCol/0","_rev":"_f7J7hym---","rwAttr":14}}
{"tick":"409","type":2300,"db":"rwRegister","cuid":"h786D8EA1B964/137","tid":"362","data":{"_key":"0","_id":"rwCol/0","_rev":"_f7J7hyq---","rwAttr":15}}
{"tick":"410","type":2201,"tid":"362","db":"rwRegister"}
{"tick":"411","type":2200,"tid":"367","db":"rwRegister"}
{"tick":"412","type":2300,"db":"rwRegister","cuid":"h786D8EA1B964/137","tid":"367","data":{"_key":"3","_id":"rwCol/3","_rev":"_f7J7h4m---","rwAttr":22}}
{"tick":"415","type":2300,"db":"rwRegister","cuid":"h786D8EA1B964/137","tid":"367","data":{"_key":"3","_id":"rwCol/3","_rev":"_f7J7h4q---","rwAttr":23}}
{"tick":"418","type":2300,"db":"rwRegister","cuid":"h786D8EA1B964/137","tid":"367","data":{"_key":"3","_id":"rwCol/3","_rev":"_f7J7h4u---","rwAttr":24}}
{"tick":"421","type":2300,"db":"rwRegister","cuid":"h786D8EA1B964/137","tid":"367","data":{"_key":"3","_id":"rwCol/3","_rev":"_f7J7h4y---","rwAttr":25}}
{"tick":"424","type":2300,"db":"rwRegister","cuid":"h786D8EA1B964/137","tid":"367","data":{"_key":"4","_id":"rwCol/4","_rev":"_f7J7h42---","rwAttr":3}}
{"tick":"427","type":2300,"db":"rwRegister","cuid":"h786D8EA1B964/137","tid":"367","data":{"_key":"4","_id":"rwCol/4","_rev":"_f7J7h46---","rwAttr":4}}
{"tick":"428","type":2201,"tid":"367","db":"rwRegister"}
{"tick":"429","type":2200,"tid":"375","db":"rwRegister"}
{"tick":"430","type":2300,"db":"rwRegister","cuid":"h786D8EA1B964/137","tid":"375","data":{"_key":"3","_id":"rwCol/3","_rev":"_f7J7iC2---","rwAttr":26}}
{"tick":"431","type":2201,"tid":"375","db":"rwRegister"}
{"tick":"432","type":2200,"tid":"382","db":"rwRegister"}
{"tick":"433","type":2300,"db":"rwRegister","cuid":"h786D8EA1B964/137","tid":"382","data":{"_key":"3","_id":"rwCol/3","_rev":"_f7J7iJK---","rwAttr":27}}
{"tick":"436","type":2300,"db":"rwRegister","cuid":"h786D8EA1B964/137","tid":"382","data":{"_key":"3","_id":"rwCol/3","_rev":"_f7J7iJO---","rwAttr":28}}
{"tick":"439","type":2300,"db":"rwRegister","cuid":"h786D8EA1B964/137","tid":"382","data":{"_key":"4","_id":"rwCol/4","_rev":"_f7J7iJO--_","rwAttr":5}}
{"tick":"440","type":2201,"tid":"382","db":"rwRegister"}
{"tick":"445","type":2200,"tid":"387","db":"rwRegister"}
{"tick":"446","type":2300,"db":"rwRegister","cuid":"h786D8EA1B964/137","tid":"387","data":{"_key":"3","_id":"rwCol/3","_rev":"_f7J7iMa---","rwAttr":29}}
{"tick":"449","type":2300,"db":"rwRegister","cuid":"h786D8EA1B964/137","tid":"387","data":{"_key":"3","_id":"rwCol/3","_rev":"_f7J7iMi---","rwAttr":30}}
{"tick":"452","type":2300,"db":"rwRegister","cuid":"h786D8EA1B964/137","tid":"387","data":{"_key":"3","_id":"rwCol/3","_rev":"_f7J7iMm---","rwAttr":31}}
{"tick":"455","type":2300,"db":"rwRegister","cuid":"h786D8EA1B964/137","tid":"387","data":{"_key":"3","_id":"rwCol/3","_rev":"_f7J7iMu---","rwAttr":32}}
{"tick":"456","type":2201,"tid":"387","db":"rwRegister"}
{"tick":"457","type":2200,"tid":"394","db":"rwRegister"}
{"tick":"458","type":2300,"db":"rwRegister","cuid":"h786D8EA1B964/137","tid":"394","data":{"_key":"4","_id":"rwCol/4","_rev":"_f7J7iY6---","rwAttr":6}}
{"tick":"460","type":2300,"db":"rwRegister","cuid":"h786D8EA1B964/137","tid":"394","data":{"_key":"5","_id":"rwCol/5","_rev":"_f7J7iZ----","rwAttr":1}}
{"tick":"461","type":2201,"tid":"394","db":"rwRegister"}
{"tick":"462","type":2200,"tid":"397","db":"rwRegister"}
{"tick":"463","type":2300,"db":"rwRegister","cuid":"h786D8EA1B964/137","tid":"397","data":{"_key":"5","_id":"rwCol/5","_rev":"_f7J7ifO---","rwAttr":2}}
{"tick":"466","type":2300,"db":"rwRegister","cuid":"h786D8EA1B964/137","tid":"397","data":{"_key":"4","_id":"rwCol/4","_rev":"_f7J7ifS---","rwAttr":7}}
{"tick":"469","type":2300,"db":"rwRegister","cuid":"h786D8EA1B964/137","tid":"397","data":{"_key":"5","_id":"rwCol/5","_rev":"_f7J7ifW---","rwAttr":3}}
{"tick":"472","type":2300,"db":"rwRegister","cuid":"h786D8EA1B964/137","tid":"397","data":{"_key":"5","_id":"rwCol/5","_rev":"_f7J7ifW--_","rwAttr":4}}
{"tick":"475","type":2300,"db":"rwRegister","cuid":"h786D8EA1B964/137","tid":"397","data":{"_key":"4","_id":"rwCol/4","_rev":"_f7J7ifa---","rwAttr":8}}
{"tick":"476","type":2201,"tid":"397","db":"rwRegister"}
{"tick":"477","type":2200,"tid":"404","db":"rwRegister"}
{"tick":"478","type":2300,"db":"rwRegister","cuid":"h786D8EA1B964/137","tid":"404","data":{"_key":"0","_id":"rwCol/0","_rev":"_f7J7ihC---","rwAttr":16}}
{"tick":"481","type":2300,"db":"rwRegister","cuid":"h786D8EA1B964/137","tid":"404","data":{"_key":"5","_id":"rwCol/5","_rev":"_f7J7ihK---","rwAttr":5}}
{"tick":"484","type":2300,"db":"rwRegister","cuid":"h786D8EA1B964/137","tid":"404","data":{"_key":"5","_id":"rwCol/5","_rev":"_f7J7ihO---","rwAttr":6}}
{"tick":"487","type":2300,"db":"rwRegister","cuid":"h786D8EA1B964/137","tid":"404","data":{"_key":"5","_id":"rwCol/5","_rev":"_f7J7ihO--_","rwAttr":7}}
{"tick":"488","type":2201,"tid":"404","db":"rwRegister"}
{"tick":"489","type":2200,"tid":"411","db":"rwRegister"}
{"tick":"490","type":2300,"db":"rwRegister","cuid":"h786D8EA1B964/137","tid":"411","data":{"_key":"4","_id":"rwCol/4","_rev":"_f7J7ite---","rwAttr":9}}
{"tick":"493","type":2300,"db":"rwRegister","cuid":"h786D8EA1B964/137","tid":"411","data":{"_key":"5","_id":"rwCol/5","_rev":"_f7J7iti---","rwAttr":8}}
{"tick":"494","type":2201,"tid":"411","db":"rwRegister"}
{"tick":"495","type":2200,"tid":"416","db":"rwRegister"}
{"tick":"496","type":2300,"db":"rwRegister","cuid":"h786D8EA1B964/137","tid":"416","data":{"_key":"5","_id":"rwCol/5","_rev":"_f7J7iva---","rwAttr":9}}
{"tick":"499","type":2300,"db":"rwRegister","cuid":"h786D8EA1B964/137","tid":"416","data":{"_key":"5","_id":"rwCol/5","_rev":"_f7J7ive---","rwAttr":10}}
{"tick":"502","type":2300,"db":"rwRegister","cuid":"h786D8EA1B964/137","tid":"416","data":{"_key":"4","_id":"rwCol/4","_rev":"_f7J7ivi---","rwAttr":10}}
{"tick":"505","type":2300,"db":"rwRegister","cuid":"h786D8EA1B964/137","tid":"416","data":{"_key":"5","_id":"rwCol/5","_rev":"_f7J7ivm---","rwAttr":11}}
{"tick":"508","type":2300,"db":"rwRegister","cuid":"h786D8EA1B964/137","tid":"416","data":{"_key":"5","_id":"rwCol/5","_rev":"_f7J7ivm--_","rwAttr":12}}
{"tick":"509","type":2201,"tid":"416","db":"rwRegister"}
{"tick":"510","type":2200,"tid":"423","db":"rwRegister"}
{"tick":"511","type":2300,"db":"rwRegister","cuid":"h786D8EA1B964/137","tid":"423","data":{"_key":"4","_id":"rwCol/4","_rev":"_f7J7i3a---","rwAttr":11}}
{"tick":"512","type":2201,"tid":"423","db":"rwRegister"}
{"tick":"513","type":2200,"tid":"426","db":"rwRegister"}
{"tick":"514","type":2300,"db":"rwRegister","cuid":"h786D8EA1B964/137","tid":"426","data":{"_key":"5","_id":"rwCol/5","_rev":"_f7J7i8O---","rwAttr":13}}
{"tick":"517","type":2300,"db":"rwRegister","cuid":"h786D8EA1B964/137","tid":"426","data":{"_key":"0","_id":"rwCol/0","_rev":"_f7J7i8O--_","rwAttr":17}}
{"tick":"518","type":2201,"tid":"426","db":"rwRegister"}
{"tick":"519","type":2200,"tid":"429","db":"rwRegister"}
{"tick":"520","type":2300,"db":"rwRegister","cuid":"h786D8EA1B964/137","tid":"429","data":{"_key":"4","_id":"rwCol/4","_rev":"_f7J7jAK---","rwAttr":12}}
{"tick":"523","type":2300,"db":"rwRegister","cuid":"h786D8EA1B964/137","tid":"429","data":{"_key":"4","_id":"rwCol/4","_rev":"_f7J7jAK--_","rwAttr":13}}
{"tick":"526","type":2300,"db":"rwRegister","cuid":"h786D8EA1B964/137","tid":"429","data":{"_key":"5","_id":"rwCol/5","_rev":"_f7J7jAO---","rwAttr":14}}
{"tick":"529","type":2300,"db":"rwRegister","cuid":"h786D8EA1B964/137","tid":"429","data":{"_key":"5","_id":"rwCol/5","_rev":"_f7J7jAS---","rwAttr":15}}
{"tick":"530","type":2201,"tid":"429","db":"rwRegister"}
{"tick":"531","type":2200,"tid":"444","db":"rwRegister"}
{"tick":"532","type":2300,"db":"rwRegister","cuid":"h786D8EA1B964/137","tid":"444","data":{"_key":"5","_id":"rwCol/5","_rev":"_f7J7jL6---","rwAttr":16}}
{"tick":"533","type":2201,"tid":"444","db":"rwRegister"}
{"tick":"534","type":2200,"tid":"448","db":"rwRegister"}
{"tick":"535","type":2300,"db":"rwRegister","cuid":"h786D8EA1B964/137","tid":"448","data":{"_key":"5","_id":"rwCol/5","_rev":"_f7J7jVa---","rwAttr":17}}
{"tick":"538","type":2300,"db":"rwRegister","cuid":"h786D8EA1B964/137","tid":"448","data":{"_key":"0","_id":"rwCol/0","_rev":"_f7J7jVe---","rwAttr":18}}
{"tick":"539","type":2201,"tid":"448","db":"rwRegister"}
{"tick":"540","type":2200,"tid":"452","db":"rwRegister"}
{"tick":"541","type":2300,"db":"rwRegister","cuid":"h786D8EA1B964/137","tid":"452","data":{"_key":"4","_id":"rwCol/4","_rev":"_f7J7jWa---","rwAttr":14}}
{"tick":"544","type":2300,"db":"rwRegister","cuid":"h786D8EA1B964/137","tid":"452","data":{"_key":"5","_id":"rwCol/5","_rev":"_f7J7jWa--_","rwAttr":18}}
{"tick":"547","type":2300,"db":"rwRegister","cuid":"h786D8EA1B964/137","tid":"452","data":{"_key":"4","_id":"rwCol/4","_rev":"_f7J7jWe---","rwAttr":15}}
{"tick":"550","type":2300,"db":"rwRegister","cuid":"h786D8EA1B964/137","tid":"452","data":{"_key":"5","_id":"rwCol/5","_rev":"_f7J7jWi---","rwAttr":19}}
{"tick":"551","type":2201,"tid":"452","db":"rwRegister"}
{"tick":"552","type":2200,"tid":"457","db":"rwRegister"}
{"tick":"553","type":2300,"db":"rwRegister","cuid":"h786D8EA1B964/137","tid":"457","data":{"_key":"0","_id":"rwCol/0","_rev":"_f7J7jZG---","rwAttr":19}}
{"tick":"556","type":2300,"db":"rwRegister","cuid":"h786D8EA1B964/137","tid":"457","data":{"_key":"5","_id":"rwCol/5","_rev":"_f7J7jZO---","rwAttr":20}}
{"tick":"559","type":2300,"db":"rwRegister","cuid":"h786D8EA1B964/137","tid":"457","data":{"_key":"0","_id":"rwCol/0","_rev":"_f7J7jZS---","rwAttr":20}}
{"tick":"560","type":2201,"tid":"457","db":"rwRegister"}
{"tick":"561","type":2200,"tid":"464","db":"rwRegister"}
{"tick":"562","type":2300,"db":"rwRegister","cuid":"h786D8EA1B964/137","tid":"464","data":{"_key":"5","_id":"rwCol/5","_rev":"_f7J7jam---","rwAttr":21}}
{"tick":"563","type":2201,"tid":"464","db":"rwRegister"}
{"tick":"564","type":2200,"tid":"467","db":"rwRegister"}
{"tick":"565","type":2300,"db":"rwRegister","cuid":"h786D8EA1B964/137","tid":"467","data":{"_key":"4","_id":"rwCol/4","_rev":"_f7J7jha---","rwAttr":16}}
{"tick":"568","type":2300,"db":"rwRegister","cuid":"h786D8EA1B964/137","tid":"467","data":{"_key":"4","_id":"rwCol/4","_rev":"_f7J7jhe---","rwAttr":17}}
{"tick":"569","type":2201,"tid":"467","db":"rwRegister"}
{"tick":"570","type":2200,"tid":"472","db":"rwRegister"}
{"tick":"571","type":2300,"db":"rwRegister","cuid":"h786D8EA1B964/137","tid":"472","data":{"_key":"4","_id":"rwCol/4","_rev":"_f7J7js2---","rwAttr":18}}
{"tick":"574","type":2300,"db":"rwRegister","cuid":"h786D8EA1B964/137","tid":"472","data":{"_key":"5","_id":"rwCol/5","_rev":"_f7J7js2--_","rwAttr":22}}
{"tick":"577","type":2300,"db":"rwRegister","cuid":"h786D8EA1B964/137","tid":"472","data":{"_key":"5","_id":"rwCol/5","_rev":"_f7J7js6---","rwAttr":23}}
{"tick":"578","type":2201,"tid":"472","db":"rwRegister"}
{"tick":"585","type":2200,"tid":"482","db":"rwRegister"}
{"tick":"586","type":2300,"db":"rwRegister","cuid":"h786D8EA1B964/137","tid":"482","data":{"_key":"4","_id":"rwCol/4","_rev":"_f7J7jxm---","rwAttr":19}}
{"tick":"587","type":2201,"tid":"482","db":"rwRegister"}
{"tick":"588","type":2200,"tid":"486","db":"rwRegister"}
{"tick":"589","type":2300,"db":"rwRegister","cuid":"h786D8EA1B964/137","tid":"486","data":{"_key":"5","_id":"rwCol/5","_rev":"_f7J7j3C---","rwAttr":24}}
{"tick":"592","type":2300,"db":"rwRegister","cuid":"h786D8EA1B964/137","tid":"486","data":{"_key":"5","_id":"rwCol/5","_rev":"_f7J7j3G---","rwAttr":25}}
{"tick":"593","type":2201,"tid":"486","db":"rwRegister"}
{"tick":"594","type":2200,"tid":"490","db":"rwRegister"}
{"tick":"595","type":2300,"db":"rwRegister","cuid":"h786D8EA1B964/137","tid":"490","data":{"_key":"5","_id":"rwCol/5","_rev":"_f7J7j5q---","rwAttr":26}}
{"tick":"596","type":2201,"tid":"490","db":"rwRegister"}
{"tick":"597","type":2200,"tid":"494","db":"rwRegister"}
{"tick":"598","type":2300,"db":"rwRegister","cuid":"h786D8EA1B964/137","tid":"494","data":{"_key":"4","_id":"rwCol/4","_rev":"_f7J7kDK---","rwAttr":20}}
{"tick":"601","type":2300,"db":"rwRegister","cuid":"h786D8EA1B964/137","tid":"494","data":{"_key":"5","_id":"rwCol/5","_rev":"_f7J7kDS---","rwAttr":27}}
{"tick":"604","type":2300,"db":"rwRegister","cuid":"h786D8EA1B964/137","tid":"494","data":{"_key":"0","_id":"rwCol/0","_rev":"_f7J7kDW---","rwAttr":21}}
{"tick":"607","type":2300,"db":"rwRegister","cuid":"h786D8EA1B964/137","tid":"494","data":{"_key":"0","_id":"rwCol/0","_rev":"_f7J7kDW--_","rwAttr":22}}
{"tick":"610","type":2300,"db":"rwRegister","cuid":"h786D8EA1B964/137","tid":"494","data":{"_key":"5","_id":"rwCol/5","_rev":"_f7J7kDa---","rwAttr":28}}
{"tick":"611","type":2201,"tid":"494","db":"rwRegister"}
{"tick":"612","type":2200,"tid":"502","db":"rwRegister"}
{"tick":"613","type":2300,"db":"rwRegister","cuid":"h786D8EA1B964/137","tid":"502","data":{"_key":"4","_id":"rwCol/4","_rev":"_f7J7kIy---","rwAttr":21}}
{"tick":"616","type":2300,"db":"rwRegister","cuid":"h786D8EA1B964/137","tid":"502","data":{"_key":"5","_id":"rwCol/5","_rev":"_f7J7kI2---","rwAttr":29}}
{"tick":"617","type":2201,"tid":"502","db":"rwRegister"}
{"tick":"618","type":2200,"tid":"506","db":"rwRegister"}
{"tick":"619","type":2300,"db":"rwRegister","cuid":"h786D8EA1B964/137","tid":"506","data":{"_key":"5","_id":"rwCol/5","_rev":"_f7J7kQ2---","rwAttr":30}}
{"tick":"622","type":2300,"db":"rwRegister","cuid":"h786D8EA1B964/137","tid":"506","data":{"_key":"4","_id":"rwCol/4","_rev":"_f7J7kQ6---","rwAttr":22}}
{"tick":"625","type":2300,"db":"rwRegister","cuid":"h786D8EA1B964/137","tid":"506","data":{"_key":"5","_id":"rwCol/5","_rev":"_f7J7kR----","rwAttr":31}}
{"tick":"628","type":2300,"db":"rwRegister","cuid":"h786D8EA1B964/137","tid":"506","data":{"_key":"5","_id":"rwCol/5","_rev":"_f7J7kRC---","rwAttr":32}}
{"tick":"629","type":2201,"tid":"506","db":"rwRegister"}
{"tick":"630","type":2200,"tid":"512","db":"rwRegister"}
{"tick":"631","type":2300,"db":"rwRegister","cuid":"h786D8EA1B964/137","tid":"512","data":{"_key":"4","_id":"rwCol/4","_rev":"_f7J7kd----","rwAttr":23}}
{"tick":"632","type":2201,"tid":"512","db":"rwRegister"}
{"tick":"633","type":2200,"tid":"517","db":"rwRegister"}
{"tick":"633","type":2300,"db":"rwRegister","cuid":"h786D8EA1B964/137","tid":"517","data":{"_key":"6","_id":"rwCol/6","_rev":"_f7J7kfS---","rwAttr":1}}
{"tick":"636","type":2300,"db":"rwRegister","cuid":"h786D8EA1B964/137","tid":"517","data":{"_key":"4","_id":"rwCol/4","_rev":"_f7J7kfW---","rwAttr":24}}
{"tick":"637","type":2201,"tid":"517","db":"rwRegister"}
{"tick":"646","type":2200,"tid":"523","db":"rwRegister"}
{"tick":"647","type":2300,"db":"rwRegister","cuid":"h786D8EA1B964/137","tid":"523","data":{"_key":"6","_id":"rwCol/6","_rev":"_f7J7kxa---","rwAttr":2}}
{"tick":"650","type":2300,"db":"rwRegister","cuid":"h786D8EA1B964/137","tid":"523","data":{"_key":"6","_id":"rwCol/6","_rev":"_f7J7kxe---","rwAttr":3}}
{"tick":"651","type":2201,"tid":"523","db":"rwRegister"}
{"tick":"652","type":2200,"tid":"528","db":"rwRegister"}
{"tick":"653","type":2300,"db":"rwRegister","cuid":"h786D8EA1B964/137","tid":"528","data":{"_key":"4","_id":"rwCol/4","_rev":"_f7J7k56---","rwAttr":25}}
{"tick":"656","type":2300,"db":"rwRegister","cuid":"h786D8EA1B964/137","tid":"528","data":{"_key":"6","_id":"rwCol/6","_rev":"_f7J7k6C---","rwAttr":4}}
{"tick":"657","type":2201,"tid":"528","db":"rwRegister"}
{"tick":"658","type":2200,"tid":"534","db":"rwRegister"}
{"tick":"659","type":2300,"db":"rwRegister","cuid":"h786D8EA1B964/137","tid":"534","data":{"_key":"4","_id":"rwCol/4","_rev":"_f7J7k82---","rwAttr":26}}
{"tick":"662","type":2300,"db":"rwRegister","cuid":"h786D8EA1B964/137","tid":"534","data":{"_key":"0","_id":"rwCol/0","_rev":"_f7J7k9----","rwAttr":23}}
{"tick":"665","type":2300,"db":"rwRegister","cuid":"h786D8EA1B964/137","tid":"534","data":{"_key":"4","_id":"rwCol/4","_rev":"_f7J7k9C---","rwAttr":27}}
{"tick":"668","type":2300,"db":"rwRegister","cuid":"h786D8EA1B964/137","tid":"534","data":{"_key":"0","_id":"rwCol/0","_rev":"_f7J7k9G---","rwAttr":24}}
{"tick":"669","type":2201,"tid":"534","db":"rwRegister"}
{"tick":"670","type":2200,"tid":"541","db":"rwRegister"}
{"tick":"671","type":2300,"db":"rwRegister","cuid":"h786D8EA1B964/137","tid":"541","data":{"_key":"0","_id":"rwCol/0","_rev":"_f7J7lI6---","rwAttr":25}}
{"tick":"674","type":2300,"db":"rwRegister","cuid":"h786D8EA1B964/137","tid":"541","data":{"_key":"6","_id":"rwCol/6","_rev":"_f7J7lJ----","rwAttr":5}}
{"tick":"675","type":2201,"tid":"541","db":"rwRegister"}
{"tick":"676","type":2200,"tid":"544","db":"rwRegister"}
{"tick":"677","type":2300,"db":"rwRegister","cuid":"h786D8EA1B964/137","tid":"544","data":{"_key":"4","_id":"rwCol/4","_rev":"_f7J7lQK---","rwAttr":28}}
{"tick":"678","type":2201,"tid":"544","db":"rwRegister"}
{"tick":"679","type":2200,"tid":"552","db":"rwRegister"}
{"tick":"680","type":2300,"db":"rwRegister","cuid":"h786D8EA1B964/137","tid":"552","data":{"_key":"6","_id":"rwCol/6","_rev":"_f7J7lZ2---","rwAttr":6}}
{"tick":"683","type":2300,"db":"rwRegister","cuid":"h786D8EA1B964/137","tid":"552","data":{"_key":"0","_id":"rwCol/0","_rev":"_f7J7la----","rwAttr":26}}
{"tick":"684","type":2201,"tid":"552","db":"rwRegister"}
{"tick":"685","type":2200,"tid":"557","db":"rwRegister"}
{"tick":"686","type":2300,"db":"rwRegister","cuid":"h786D8EA1B964/137","tid":"557","data":{"_key":"6","_id":"rwCol/6","_rev":"_f7J7lfa---","rwAttr":7}}
{"tick":"687","type":2201,"tid":"557","db":"rwRegister"}
{"tick":"688","type":2200,"tid":"560","db":"rwRegister"}
{"tick":"689","type":2300,"db":"rwRegister","cuid":"h786D8EA1B964/137","tid":"560","data":{"_key":"6","_id":"rwCol/6","_rev":"_f7J7lf6---","rwAttr":8}}
{"tick":"692","type":2300,"db":"rwRegister","cuid":"h786D8EA1B964/137","tid":"560","data":{"_key":"4","_id":"rwCol/4","_rev":"_f7J7lg----","rwAttr":29}}
{"tick":"695","type":2300,"db":"rwRegister","cuid":"h786D8EA1B964/137","tid":"560","data":{"_key":"6","_id":"rwCol/6","_rev":"_f7J7lgC---","rwAttr":9}}
{"tick":"696","type":2201,"tid":"560","db":"rwRegister"}
{"tick":"697","type":2200,"tid":"568","db":"rwRegister"}
{"tick":"698","type":2300,"db":"rwRegister","cuid":"h786D8EA1B964/137","tid":"568","data":{"_key":"0","_id":"rwCol/0","_rev":"_f7J7lsG---","rwAttr":27}}
{"tick":"699","type":2201,"tid":"568","db":"rwRegister"}
{"tick":"700","type":2200,"tid":"571","db":"rwRegister"}
{"tick":"701","type":2300,"db":"rwRegister","cuid":"h786D8EA1B964/137","tid":"571","data":{"_key":"6","_id":"rwCol/6","_rev":"_f7J7l3K---","rwAttr":10}}
{"tick":"702","type":2201,"tid":"571","db":"rwRegister"}
{"tick":"703","type":2200,"tid":"575","db":"rwRegister"}
{"tick":"704","type":2300,"db":"rwRegister","cuid":"h786D8EA1B964/137","tid":"575","data":{"_key":"6","_id":"rwCol/6","_rev":"_f7J7mAm---","rwAttr":11}}
{"tick":"705","type":2201,"tid":"575","db":"rwRegister"}
{"tick":"706","type":2200,"tid":"581","db":"rwRegister"}
{"tick":"707","type":2300,"db":"rwRegister","cuid":"h786D8EA1B964/137","tid":"581","data":{"_key":"6","_id":"rwCol/6","_rev":"_f7J7mBi---","rwAttr":12}}
{"tick":"710","type":2300,"db":"rwRegister","cuid":"h786D8EA1B964/137","tid":"581","data":{"_key":"6","_id":"rwCol/6","_rev":"_f7J7mBi--_","rwAttr":13}}
{"tick":"711","type":2201,"tid":"581","db":"rwRegister"}
{"tick":"712","type":2200,"tid":"588","db":"rwRegister"}
{"tick":"713","type":2300,"db":"rwRegister","cuid":"h786D8EA1B964/137","tid":"588","data":{"_key":"4","_id":"rwCol/4","_rev":"_f7J7mPS---","rwAttr":31}}
{"tick":"714","type":2201,"tid":"588","db":"rwRegister"}
{"tick":"715","type":2200,"tid":"596","db":"rwRegister"}
{"tick":"716","type":2300,"db":"rwRegister","cuid":"h786D8EA1B964/137","tid":"596","data":{"_key":"0","_id":"rwCol/0","_rev":"_f7J7mZC---","rwAttr":28}}
{"tick":"719","type":2300,"db":"rwRegister","cuid":"h786D8EA1B964/137","tid":"596","data":{"_key":"4","_id":"rwCol/4","_rev":"_f7J7mZK---","rwAttr":32}}
{"tick":"720","type":2201,"tid":"596","db":"rwRegister"}
{"tick":"721","type":2200,"tid":"601","db":"rwRegister"}
{"tick":"722","type":2300,"db":"rwRegister","cuid":"h786D8EA1B964/137","tid":"601","data":{"_key":"6","_id":"rwCol/6","_rev":"_f7J7mfa---","rwAttr":15}}
{"tick":"725","type":2300,"db":"rwRegister","cuid":"h786D8EA1B964/137","tid":"601","data":{"_key":"6","_id":"rwCol/6","_rev":"_f7J7mfm---","rwAttr":16}}
{"tick":"726","type":2201,"tid":"601","db":"rwRegister"}
{"tick":"727","type":2200,"tid":"607","db":"rwRegister"}
{"tick":"728","type":2300,"db":"rwRegister","cuid":"h786D8EA1B964/137","tid":"607","data":{"_key":"6","_id":"rwCol/6","_rev":"_f7J7miy---","rwAttr":17}}
{"tick":"731","type":2300,"db":"rwRegister","cuid":"h786D8EA1B964/137","tid":"607","data":{"_key":"6","_id":"rwCol/6","_rev":"_f7J7miy--_","rwAttr":18}}
{"tick":"733","type":2300,"db":"rwRegister","cuid":"h786D8EA1B964/137","tid":"607","data":{"_key":"7","_id":"rwCol/7","_rev":"_f7J7mi2---","rwAttr":1}}
{"tick":"736","type":2300,"db":"rwRegister","cuid":"h786D8EA1B964/137","tid":"607","data":{"_key":"7","_id":"rwCol/7","_rev":"_f7J7mi6---","rwAttr":2}}
{"tick":"739","type":2300,"db":"rwRegister","cuid":"h786D8EA1B964/137","tid":"607","data":{"_key":"6","_id":"rwCol/6","_rev":"_f7J7mj----","rwAttr":19}}
{"tick":"740","type":2201,"tid":"607","db":"rwRegister"}
{"tick":"741","type":2200,"tid":"616","db":"rwRegister"}
{"tick":"742","type":2300,"db":"rwRegister","cuid":"h786D8EA1B964/137","tid":"616","data":{"_key":"6","_id":"rwCol/6","_rev":"_f7J7mn2---","rwAttr":20}}
{"tick":"743","type":2201,"tid":"616","db":"rwRegister"}
{"tick":"744","type":2200,"tid":"619","db":"rwRegister"}
{"tick":"745","type":2300,"db":"rwRegister","cuid":"h786D8EA1B964/137","tid":"619","data":{"_key":"6","_id":"rwCol/6","_rev":"_f7J7muS---","rwAttr":21}}
{"tick":"748","type":2300,"db":"rwRegister","cuid":"h786D8EA1B964/137","tid":"619","data":{"_key":"6","_id":"rwCol/6","_rev":"_f7J7muW---","rwAttr":22}}
{"tick":"749","type":2201,"tid":"619","db":"rwRegister"}
{"tick":"750","type":2200,"tid":"622","db":"rwRegister"}
{"tick":"751","type":2300,"db":"rwRegister","cuid":"h786D8EA1B964/137","tid":"622","data":{"_key":"0","_id":"rwCol/0","_rev":"_f7J7mva---","rwAttr":29}}
{"tick":"754","type":2300,"db":"rwRegister","cuid":"h786D8EA1B964/137","tid":"622","data":{"_key":"0","_id":"rwCol/0","_rev":"_f7J7mva--_","rwAttr":30}}
{"tick":"757","type":2300,"db":"rwRegister","cuid":"h786D8EA1B964/137","tid":"622","data":{"_key":"6","_id":"rwCol/6","_rev":"_f7J7mve---","rwAttr":23}}
{"tick":"760","type":2300,"db":"rwRegister","cuid":"h786D8EA1B964/137","tid":"622","data":{"_key":"6","_id":"rwCol/6","_rev":"_f7J7mve--_","rwAttr":24}}
{"tick":"763","type":2300,"db":"rwRegister","cuid":"h786D8EA1B964/137","tid":"622","data":{"_key":"7","_id":"rwCol/7","_rev":"_f7J7mvi---","rwAttr":3}}
{"tick":"766","type":2300,"db":"rwRegister","cuid":"h786D8EA1B964/137","tid":"622","data":{"_key":"6","_id":"rwCol/6","_rev":"_f7J7mvm---","rwAttr":25}}
{"tick":"767","type":2201,"tid":"622","db":"rwRegister"}
{"tick":"768","type":2200,"tid":"631","db":"rwRegister"}
{"tick":"769","type":2300,"db":"rwRegister","cuid":"h786D8EA1B964/137","tid":"631","data":{"_key":"6","_id":"rwCol/6","_rev":"_f7J7mzO---","rwAttr":26}}
{"tick":"772","type":2300,"db":"rwRegister","cuid":"h786D8EA1B964/137","tid":"631","data":{"_key":"6","_id":"rwCol/6","_rev":"_f7J7mzS---","rwAttr":27}}
{"tick":"775","type":2300,"db":"rwRegister","cuid":"h786D8EA1B964/137","tid":"631","data":{"_key":"7","_id":"rwCol/7","_rev":"_f7J7mzW---","rwAttr":4}}
{"tick":"776","type":2201,"tid":"631","db":"rwRegister"}
{"tick":"777","type":2200,"tid":"636","db":"rwRegister"}
{"tick":"778","type":2300,"db":"rwRegister","cuid":"h786D8EA1B964/137","tid":"636","data":{"_key":"7","_id":"rwCol/7","_rev":"_f7J7m4W---","rwAttr":5}}
{"tick":"781","type":2300,"db":"rwRegister","cuid":"h786D8EA1B964/137","tid":"636","data":{"_key":"6","_id":"rwCol/6","_rev":"_f7J7m4i---","rwAttr":28}}
{"tick":"782","type":2201,"tid":"636","db":"rwRegister"}
{"tick":"783","type":2200,"tid":"644","db":"rwRegister"}
{"tick":"784","type":2300,"db":"rwRegister","cuid":"h786D8EA1B964/137","tid":"644","data":{"_key":"0","_id":"rwCol/0","_rev":"_f7J7nC6---","rwAttr":31}}
{"tick":"787","type":2300,"db":"rwRegister","cuid":"h786D8EA1B964/137","tid":"644","data":{"_key":"6","_id":"rwCol/6","_rev":"_f7J7nDC---","rwAttr":29}}
{"tick":"788","type":2201,"tid":"644","db":"rwRegister"}
{"tick":"792","type":2200,"tid":"647","db":"rwRegister"}
{"tick":"793","type":2300,"db":"rwRegister","cuid":"h786D8EA1B964/137","tid":"647","data":{"_key":"6","_id":"rwCol/6","_rev":"_f7J7nFC---","rwAttr":30}}
{"tick":"796","type":2300,"db":"rwRegister","cuid":"h786D8EA1B964/137","tid":"647","data":{"_key":"6","_id":"rwCol/6","_rev":"_f7J7nFG---","rwAttr":31}}
{"tick":"797","type":2201,"tid":"647","db":"rwRegister"}
{"tick":"798","type":2200,"tid":"655","db":"rwRegister"}
{"tick":"799","type":2300,"db":"rwRegister","cuid":"h786D8EA1B964/137","tid":"655","data":{"_key":"6","_id":"rwCol/6","_rev":"_f7J7nMK---","rwAttr":32}}
{"tick":"802","type":2300,"db":"rwRegister","cuid":"h786D8EA1B964/137","tid":"655","data":{"_key":"0","_id":"rwCol/0","_rev":"_f7J7nMS---","rwAttr":32}}
{"tick":"805","type":2300,"db":"rwRegister","cuid":"h786D8EA1B964/137","tid":"655","data":{"_key":"7","_id":"rwCol/7","_rev":"_f7J7nMW---","rwAttr":6}}
{"tick":"806","type":2201,"tid":"655","db":"rwRegister"}
{"tick":"807","type":2200,"tid":"662","db":"rwRegister"}
{"tick":"808","type":2300,"db":"rwRegister","cuid":"h786D8EA1B964/137","tid":"662","data":{"_key":"7","_id":"rwCol/7","_rev":"_f7J7nPe---","rwAttr":7}}
{"tick":"810","type":2300,"db":"rwRegister","cuid":"h786D8EA1B964/137","tid":"662","data":{"_key":"8","_id":"rwCol/8","_rev":"_f7J7nPi---","rwAttr":1}}
{"tick":"811","type":2201,"tid":"662","db":"rwRegister"}
{"tick":"812","type":2200,"tid":"667","db":"rwRegister"}
{"tick":"813","type":2300,"db":"rwRegister","cuid":"h786D8EA1B964/137","tid":"667","data":{"_key":"8","_id":"rwCol/8","_rev":"_f7J7nS6---","rwAttr":2}}
{"tick":"816","type":2300,"db":"rwRegister","cuid":"h786D8EA1B964/137","tid":"667","data":{"_key":"8","_id":"rwCol/8","_rev":"_f7J7nT----","rwAttr":3}}
{"tick":"819","type":2300,"db":"rwRegister","cuid":"h786D8EA1B964/137","tid":"667","data":{"_key":"8","_id":"rwCol/8","_rev":"_f7J7nT---_","rwAttr":4}}
{"tick":"822","type":2300,"db":"rwRegister","cuid":"h786D8EA1B964/137","tid":"667","data":{"_key":"7","_id":"rwCol/7","_rev":"_f7J7nTC---","rwAttr":8}}
{"tick":"824","type":2300,"db":"rwRegister","cuid":"h786D8EA1B964/137","tid":"667","data":{"_key":"9","_id":"rwCol/9","_rev":"_f7J7nTG---","rwAttr":1}}
{"tick":"825","type":2201,"tid":"667","db":"rwRegister"}
{"tick":"826","type":2200,"tid":"676","db":"rwRegister"}
{"tick":"827","type":2300,"db":"rwRegister","cuid":"h786D8EA1B964/137","tid":"676","data":{"_key":"8","_id":"rwCol/8","_rev":"_f7J7nZW---","rwAttr":5}}
{"tick":"830","type":2300,"db":"rwRegister","cuid":"h786D8EA1B964/137","tid":"676","data":{"_key":"8","_id":"rwCol/8","_rev":"_f7J7nZa---","rwAttr":6}}
{"tick":"833","type":2300,"db":"rwRegister","cuid":"h786D8EA1B964/137","tid":"676","data":{"_key":"8","_id":"rwCol/8","_rev":"_f7J7nZi---","rwAttr":7}}
{"tick":"836","type":2300,"db":"rwRegister","cuid":"h786D8EA1B964/137","tid":"676","data":{"_key":"8","_id":"rwCol/8","_rev":"_f7J7nZi--_","rwAttr":8}}
{"tick":"839","type":2300,"db":"rwRegister","cuid":"h786D8EA1B964/137","tid":"676","data":{"_key":"8","_id":"rwCol/8","_rev":"_f7J7nZm---","rwAttr":9}}
{"tick":"840","type":2201,"tid":"676","db":"rwRegister"}
{"tick":"841","type":2200,"tid":"685","db":"rwRegister"}
{"tick":"842","type":2300,"db":"rwRegister","cuid":"h786D8EA1B964/137","tid":"685","data":{"_key":"9","_id":"rwCol/9","_rev":"_f7J7ndm---","rwAttr":2}}
{"tick":"845","type":2300,"db":"rwRegister","cuid":"h786D8EA1B964/137","tid":"685","data":{"_key":"8","_id":"rwCol/8","_rev":"_f7J7ndu---","rwAttr":10}}
{"tick":"846","type":2201,"tid":"685","db":"rwRegister"}
{"tick":"847","type":2200,"tid":"688","db":"rwRegister"}
{"tick":"848","type":2300,"db":"rwRegister","cuid":"h786D8EA1B964/137","tid":"688","data":{"_key":"7","_id":"rwCol/7","_rev":"_f7J7noq---","rwAttr":9}}
{"tick":"851","type":2300,"db":"rwRegister","cuid":"h786D8EA1B964/137","tid":"688","data":{"_key":"8","_id":"rwCol/8","_rev":"_f7J7noy---","rwAttr":11}}
{"tick":"854","type":2300,"db":"rwRegister","cuid":"h786D8EA1B964/137","tid":"688","data":{"_key":"9","_id":"rwCol/9","_rev":"_f7J7no2---","rwAttr":3}}
{"tick":"857","type":2300,"db":"rwRegister","cuid":"h786D8EA1B964/137","tid":"688","data":{"_key":"7","_id":"rwCol/7","_rev":"_f7J7no6---","rwAttr":10}}
{"tick":"858","type":2201,"tid":"688","db":"rwRegister"}
{"tick":"859","type":2200,"tid":"695","db":"rwRegister"}
{"tick":"860","type":2300,"db":"rwRegister","cuid":"h786D8EA1B964/137","tid":"695","data":{"_key":"7","_id":"rwCol/7","_rev":"_f7J7nxK---","rwAttr":11}}
{"tick":"863","type":2300,"db":"rwRegister","cuid":"h786D8EA1B964/137","tid":"695","data":{"_key":"8","_id":"rwCol/8","_rev":"_f7J7nxO---","rwAttr":12}}
{"tick":"866","type":2300,"db":"rwRegister","cuid":"h786D8EA1B964/137","tid":"695","data":{"_key":"8","_id":"rwCol/8","_rev":"_f7J7nxS---","rwAttr":13}}
{"tick":"869","type":2300,"db":"rwRegister","cuid":"h786D8EA1B964/137","tid":"695","data":{"_key":"8","_id":"rwCol/8","_rev":"_f7J7nxW---","rwAttr":14}}
{"tick":"870","type":2201,"tid":"695","db":"rwRegister"}
{"tick":"871","type":2200,"tid":"703","db":"rwRegister"}
{"tick":"872","type":2300,"db":"rwRegister","cuid":"h786D8EA1B964/137","tid":"703","data":{"_key":"8","_id":"rwCol/8","_rev":"_f7J7n6K---","rwAttr":15}}
{"tick":"875","type":2300,"db":"rwRegister","cuid":"h786D8EA1B964/137","tid":"703","data":{"_key":"8","_id":"rwCol/8","_rev":"_f7J7n6K--_","rwAttr":16}}
{"tick":"876","type":2201,"tid":"703","db":"rwRegister"}
{"tick":"877","type":2200,"tid":"710","db":"rwRegister"}
{"tick":"878","type":2300,"db":"rwRegister","cuid":"h786D8EA1B964/137","tid":"710","data":{"_key":"7","_id":"rwCol/7","_rev":"_f7J7oEi---","rwAttr":12}}
{"tick":"881","type":2300,"db":"rwRegister","cuid":"h786D8EA1B964/137","tid":"710","data":{"_key":"8","_id":"rwCol/8","_rev":"_f7J7oEq---","rwAttr":17}}
{"tick":"884","type":2300,"db":"rwRegister","cuid":"h786D8EA1B964/137","tid":"710","data":{"_key":"8","_id":"rwCol/8","_rev":"_f7J7oEq--_","rwAttr":18}}
{"tick":"885","type":2201,"tid":"710","db":"rwRegister"}
{"tick":"886","type":2200,"tid":"723","db":"rwRegister"}
{"tick":"887","type":2300,"db":"rwRegister","cuid":"h786D8EA1B964/137","tid":"723","data":{"_key":"8","_id":"rwCol/8","_rev":"_f7J7oRK---","rwAttr":22}}
{"tick":"890","type":2300,"db":"rwRegister","cuid":"h786D8EA1B964/137","tid":"723","data":{"_key":"8","_id":"rwCol/8","_rev":"_f7J7oRS---","rwAttr":23}}
{"tick":"893","type":2300,"db":"rwRegister","cuid":"h786D8EA1B964/137","tid":"723","data":{"_key":"7","_id":"rwCol/7","_rev":"_f7J7oRS--_","rwAttr":14}}
{"tick":"894","type":2201,"tid":"723","db":"rwRegister"}
{"tick":"895","type":2200,"tid":"730","db":"rwRegister"}
{"tick":"896","type":2300,"db":"rwRegister","cuid":"h786D8EA1B964/137","tid":"730","data":{"_key":"7","_id":"rwCol/7","_rev":"_f7J7oY2---","rwAttr":15}}
{"tick":"897","type":2201,"tid":"730","db":"rwRegister"}
{"tick":"898","type":2200,"tid":"733","db":"rwRegister"}
{"tick":"899","type":2300,"db":"rwRegister","cuid":"h786D8EA1B964/137","tid":"733","data":{"_key":"8","_id":"rwCol/8","_rev":"_f7J7ojW---","rwAttr":24}}
{"tick":"902","type":2300,"db":"rwRegister","cuid":"h786D8EA1B964/137","tid":"733","data":{"_key":"8","_id":"rwCol/8","_rev":"_f7J7oji---","rwAttr":25}}
{"tick":"903","type":2201,"tid":"733","db":"rwRegister"}
{"tick":"904","type":2200,"tid":"738","db":"rwRegister"}
{"tick":"905","type":2300,"db":"rwRegister","cuid":"h786D8EA1B964/137","tid":"738","data":{"_key":"9","_id":"rwCol/9","_rev":"_f7J7ot6---","rwAttr":4}}
{"tick":"908","type":2300,"db":"rwRegister","cuid":"h786D8EA1B964/137","tid":"738","data":{"_key":"7","_id":"rwCol/7","_rev":"_f7J7ouC---","rwAttr":16}}
{"tick":"911","type":2300,"db":"rwRegister","cuid":"h786D8EA1B964/137","tid":"738","data":{"_key":"8","_id":"rwCol/8","_rev":"_f7J7ouG---","rwAttr":26}}
{"tick":"914","type":2300,"db":"rwRegister","cuid":"h786D8EA1B964/137","tid":"738","data":{"_key":"8","_id":"rwCol/8","_rev":"_f7J7ouK---","rwAttr":27}}
{"tick":"917","type":2300,"db":"rwRegister","cuid":"h786D8EA1B964/137","tid":"738","data":{"_key":"8","_id":"rwCol/8","_rev":"_f7J7ouK--_","rwAttr":28}}
{"tick":"918","type":2201,"tid":"738","db":"rwRegister"}
{"tick":"919","type":2200,"tid":"747","db":"rwRegister"}
{"tick":"920","type":2300,"db":"rwRegister","cuid":"h786D8EA1B964/137","tid":"747","data":{"_key":"9","_id":"rwCol/9","_rev":"_f7J7o6S---","rwAttr":5}}
{"tick":"923","type":2300,"db":"rwRegister","cuid":"h786D8EA1B964/137","tid":"747","data":{"_key":"8","_id":"rwCol/8","_rev":"_f7J7o6W---","rwAttr":29}}
{"tick":"926","type":2300,"db":"rwRegister","cuid":"h786D8EA1B964/137","tid":"747","data":{"_key":"8","_id":"rwCol/8","_rev":"_f7J7o6a---","rwAttr":30}}
{"tick":"929","type":2300,"db":"rwRegister","cuid":"h786D8EA1B964/137","tid":"747","data":{"_key":"9","_id":"rwCol/9","_rev":"_f7J7o6e---","rwAttr":6}}
{"tick":"930","type":2201,"tid":"747","db":"rwRegister"}
{"tick":"931","type":2200,"tid":"754","db":"rwRegister"}
{"tick":"932","type":2300,"db":"rwRegister","cuid":"h786D8EA1B964/137","tid":"754","data":{"_key":"9","_id":"rwCol/9","_rev":"_f7J7o8K---","rwAttr":7}}
{"tick":"935","type":2300,"db":"rwRegister","cuid":"h786D8EA1B964/137","tid":"754","data":{"_key":"9","_id":"rwCol/9","_rev":"_f7J7o8O---","rwAttr":8}}
{"tick":"938","type":2300,"db":"rwRegister","cuid":"h786D8EA1B964/137","tid":"754","data":{"_key":"8","_id":"rwCol/8","_rev":"_f7J7o8O--_","rwAttr":31}}
{"tick":"939","type":2201,"tid":"754","db":"rwRegister"}
{"tick":"940","type":2200,"tid":"758","db":"rwRegister"}
{"tick":"941","type":2300,"db":"rwRegister","cuid":"h786D8EA1B964/137","tid":"758","data":{"_key":"9","_id":"rwCol/9","_rev":"_f7J7pFG---","rwAttr":9}}
{"tick":"942","type":2201,"tid":"758","db":"rwRegister"}
{"tick":"943","type":2200,"tid":"761","db":"rwRegister"}
{"tick":"944","type":2300,"db":"rwRegister","cuid":"h786D8EA1B964/137","tid":"761","data":{"_key":"7","_id":"rwCol/7","_rev":"_f7J7pJS---","rwAttr":17}}
{"tick":"947","type":2300,"db":"rwRegister","cuid":"h786D8EA1B964/137","tid":"761","data":{"_key":"8","_id":"rwCol/8","_rev":"_f7J7pJS--_","rwAttr":32}}
{"tick":"949","type":2300,"db":"rwRegister","cuid":"h786D8EA1B964/137","tid":"761","data":{"_key":"10","_id":"rwCol/10","_rev":"_f7J7pJa---","rwAttr":1}}
{"tick":"952","type":2300,"db":"rwRegister","cuid":"h786D8EA1B964/137","tid":"761","data":{"_key":"7","_id":"rwCol/7","_rev":"_f7J7pJe---","rwAttr":18}}
{"tick":"955","type":2300,"db":"rwRegister","cuid":"h786D8EA1B964/137","tid":"761","data":{"_key":"10","_id":"rwCol/10","_rev":"_f7J7pJi---","rwAttr":2}}
{"tick":"956","type":2201,"tid":"761","db":"rwRegister"}
{"tick":"957","type":2200,"tid":"770","db":"rwRegister"}
{"tick":"958","type":2300,"db":"rwRegister","cuid":"h786D8EA1B964/137","tid":"770","data":{"_key":"9","_id":"rwCol/9","_rev":"_f7J7pOK---","rwAttr":10}}
{"tick":"961","type":2300,"db":"rwRegister","cuid":"h786D8EA1B964/137","tid":"770","data":{"_key":"10","_id":"rwCol/10","_rev":"_f7J7pOS---","rwAttr":3}}
{"tick":"962","type":2201,"tid":"770","db":"rwRegister"}
{"tick":"963","type":2200,"tid":"779","db":"rwRegister"}
{"tick":"964","type":2300,"db":"rwRegister","cuid":"h786D8EA1B964/137","tid":"779","data":{"_key":"10","_id":"rwCol/10","_rev":"_f7J7pVC---","rwAttr":4}}
{"tick":"967","type":2300,"db":"rwRegister","cuid":"h786D8EA1B964/137","tid":"779","data":{"_key":"10","_id":"rwCol/10","_rev":"_f7J7pVG---","rwAttr":5}}
{"tick":"970","type":2300,"db":"rwRegister","cuid":"h786D8EA1B964/137","tid":"779","data":{"_key":"10","_id":"rwCol/10","_rev":"_f7J7pVK---","rwAttr":6}}
{"tick":"971","type":2201,"tid":"779","db":"rwRegister"}
{"tick":"972","type":2200,"tid":"787","db":"rwRegister"}
{"tick":"973","type":2300,"db":"rwRegister","cuid":"h786D8EA1B964/137","tid":"787","data":{"_key":"9","_id":"rwCol/9","_rev":"_f7J7pei---","rwAttr":11}}
{"tick":"976","type":2300,"db":"rwRegister","cuid":"h786D8EA1B964/137","tid":"787","data":{"_key":"9","_id":"rwCol/9","_rev":"_f7J7peq---","rwAttr":12}}
{"tick":"979","type":2300,"db":"rwRegister","cuid":"h786D8EA1B964/137","tid":"787","data":{"_key":"9","_id":"rwCol/9","_rev":"_f7J7peu---","rwAttr":13}}
{"tick":"980","type":2201,"tid":"787","db":"rwRegister"}
{"tick":"985","type":2200,"tid":"792","db":"rwRegister"}
{"tick":"986","type":2300,"db":"rwRegister","cuid":"h786D8EA1B964/137","tid":"792","data":{"_key":"10","_id":"rwCol/10","_rev":"_f7J7plG---","rwAttr":7}}
{"tick":"989","type":2300,"db":"rwRegister","cuid":"h786D8EA1B964/137","tid":"792","data":{"_key":"10","_id":"rwCol/10","_rev":"_f7J7plK---","rwAttr":8}}
{"tick":"992","type":2300,"db":"rwRegister","cuid":"h786D8EA1B964/137","tid":"792","data":{"_key":"10","_id":"rwCol/10","_rev":"_f7J7plO---","rwAttr":9}}
{"tick":"995","type":2300,"db":"rwRegister","cuid":"h786D8EA1B964/137","tid":"792","data":{"_key":"10","_id":"rwCol/10","_rev":"_f7J7plS---","rwAttr":10}}
{"tick":"998","type":2300,"db":"rwRegister","cuid":"h786D8EA1B964/137","tid":"792","data":{"_key":"10","_id":"rwCol/10","_rev":"_f7J7plS--_","rwAttr":11}}
{"tick":"999","type":2201,"tid":"792","db":"rwRegister"}
{"tick":"1000","type":2200,"tid":"800","db":"rwRegister"}
{"tick":"1001","type":2300,"db":"rwRegister","cuid":"h786D8EA1B964/137","tid":"800","data":{"_key":"10","_id":"rwCol/10","_rev":"_f7J7pqG---","rwAttr":12}}
{"tick":"1004","type":2300,"db":"rwRegister","cuid":"h786D8EA1B964/137","tid":"800","data":{"_key":"10","_id":"rwCol/10","_rev":"_f7J7pqK---","rwAttr":13}}
{"tick":"1007","type":2300,"db":"rwRegister","cuid":"h786D8EA1B964/137","tid":"800","data":{"_key":"10","_id":"rwCol/10","_rev":"_f7J7pqS---","rwAttr":14}}
{"tick":"1008","type":2201,"tid":"800","db":"rwRegister"}
{"tick":"1009","type":2200,"tid":"805","db":"rwRegister"}
{"tick":"1010","type":2300,"db":"rwRegister","cuid":"h786D8EA1B964/137","tid":"805","data":{"_key":"7","_id":"rwCol/7","_rev":"_f7J7pzm---","rwAttr":19}}
{"tick":"1013","type":2300,"db":"rwRegister","cuid":"h786D8EA1B964/137","tid":"805","data":{"_key":"10","_id":"rwCol/10","_rev":"_f7J7pzm--_","rwAttr":15}}
{"tick":"1016","type":2300,"db":"rwRegister","cuid":"h786D8EA1B964/137","tid":"805","data":{"_key":"10","_id":"rwCol/10","_rev":"_f7J7pzu---","rwAttr":16}}
{"tick":"1019","type":2300,"db":"rwRegister","cuid":"h786D8EA1B964/137","tid":"805","data":{"_key":"9","_id":"rwCol/9","_rev":"_f7J7pzu--_","rwAttr":14}}
{"tick":"1020","type":2201,"tid":"805","db":"rwRegister"}
{"tick":"1021","type":2200,"tid":"814","db":"rwRegister"}
{"tick":"1022","type":2300,"db":"rwRegister","cuid":"h786D8EA1B964/137","tid":"814","data":{"_key":"10","_id":"rwCol/10","_rev":"_f7J7p9C---","rwAttr":17}}
{"tick":"1025","type":2300,"db":"rwRegister","cuid":"h786D8EA1B964/137","tid":"814","data":{"_key":"10","_id":"rwCol/10","_rev":"_f7J7p9C--_","rwAttr":18}}
{"tick":"1026","type":2201,"tid":"814","db":"rwRegister"}
{"tick":"1027","type":2200,"tid":"818","db":"rwRegister"}
{"tick":"1028","type":2300,"db":"rwRegister","cuid":"h786D8EA1B964/137","tid":"818","data":{"_key":"7","_id":"rwCol/7","_rev":"_f7J7q-a---","rwAttr":20}}
{"tick":"1029","type":2201,"tid":"818","db":"rwRegister"}
{"tick":"1030","type":2200,"tid":"821","db":"rwRegister"}
{"tick":"1031","type":2300,"db":"rwRegister","cuid":"h786D8EA1B964/137","tid":"821","data":{"_key":"10","_id":"rwCol/10","_rev":"_f7J7qBS---","rwAttr":19}}
{"tick":"1034","type":2300,"db":"rwRegister","cuid":"h786D8EA1B964/137","tid":"821","data":{"_key":"10","_id":"rwCol/10","_rev":"_f7J7qBW---","rwAttr":20}}
{"tick":"1037","type":2300,"db":"rwRegister","cuid":"h786D8EA1B964/137","tid":"821","data":{"_key":"10","_id":"rwCol/10","_rev":"_f7J7qBa---","rwAttr":21}}
{"tick":"1038","type":2201,"tid":"821","db":"rwRegister"}
{"tick":"1039","type":2200,"tid":"827","db":"rwRegister"}
{"tick":"1040","type":2300,"db":"rwRegister","cuid":"h786D8EA1B964/137","tid":"827","data":{"_key":"10","_id":"rwCol/10","_rev":"_f7J7qHW---","rwAttr":22}}
{"tick":"1043","type":2300,"db":"rwRegister","cuid":"h786D8EA1B964/137","tid":"827","data":{"_key":"10","_id":"rwCol/10","_rev":"_f7J7qHa---","rwAttr":23}}
{"tick":"1046","type":2300,"db":"rwRegister","cuid":"h786D8EA1B964/137","tid":"827","data":{"_key":"9","_id":"rwCol/9","_rev":"_f7J7qHe---","rwAttr":15}}
{"tick":"1047","type":2201,"tid":"827","db":"rwRegister"}
{"tick":"1048","type":2200,"tid":"836","db":"rwRegister"}
{"tick":"1049","type":2300,"db":"rwRegister","cuid":"h786D8EA1B964/137","tid":"836","data":{"_key":"10","_id":"rwCol/10","_rev":"_f7J7qNC---","rwAttr":24}}
{"tick":"1052","type":2300,"db":"rwRegister","cuid":"h786D8EA1B964/137","tid":"836","data":{"_key":"9","_id":"rwCol/9","_rev":"_f7J7qNG---","rwAttr":16}}
{"tick":"1053","type":2201,"tid":"836","db":"rwRegister"}
{"tick":"1054","type":2200,"tid":"844","db":"rwRegister"}
{"tick":"1055","type":2300,"db":"rwRegister","cuid":"h786D8EA1B964/137","tid":"844","data":{"_key":"10","_id":"rwCol/10","_rev":"_f7J7qT6---","rwAttr":25}}
{"tick":"1058","type":2300,"db":"rwRegister","cuid":"h786D8EA1B964/137","tid":"844","data":{"_key":"10","_id":"rwCol/10","_rev":"_f7J7qU----","rwAttr":26}}
{"tick":"1059","type":2201,"tid":"844","db":"rwRegister"}
{"tick":"1060","type":2200,"tid":"851","db":"rwRegister"}
{"tick":"1061","type":2300,"db":"rwRegister","cuid":"h786D8EA1B964/137","tid":"851","data":{"_key":"7","_id":"rwCol/7","_rev":"_f7J7qaK---","rwAttr":21}}
{"tick":"1064","type":2300,"db":"rwRegister","cuid":"h786D8EA1B964/137","tid":"851","data":{"_key":"10","_id":"rwCol/10","_rev":"_f7J7qaS---","rwAttr":27}}
{"tick":"1067","type":2300,"db":"rwRegister","cuid":"h786D8EA1B964/137","tid":"851","data":{"_key":"7","_id":"rwCol/7","_rev":"_f7J7qai---","rwAttr":22}}
{"tick":"1068","type":2201,"tid":"851","db":"rwRegister"}
{"tick":"1069","type":2200,"tid":"860","db":"rwRegister"}
{"tick":"1070","type":2300,"db":"rwRegister","cuid":"h786D8EA1B964/137","tid":"860","data":{"_key":"7","_id":"rwCol/7","_rev":"_f7J7qbG---","rwAttr":23}}
{"tick":"1071","type":2201,"tid":"860","db":"rwRegister"}
{"tick":"1072","type":2200,"tid":"866","db":"rwRegister"}
{"tick":"1073","type":2300,"db":"rwRegister","cuid":"h786D8EA1B964/137","tid":"866","data":{"_key":"10","_id":"rwCol/10","_rev":"_f7J7qmK---","rwAttr":28}}
{"tick":"1074","type":2201,"tid":"866","db":"rwRegister"}
{"tick":"1075","type":2200,"tid":"872","db":"rwRegister"}
{"tick":"1076","type":2300,"db":"rwRegister","cuid":"h786D8EA1B964/137","tid":"872","data":{"_key":"7","_id":"rwCol/7","_rev":"_f7J7qvu---","rwAttr":24}}
{"tick":"1079","type":2300,"db":"rwRegister","cuid":"h786D8EA1B964/137","tid":"872","data":{"_key":"10","_id":"rwCol/10","_rev":"_f7J7qv2---","rwAttr":29}}
{"tick":"1080","type":2201,"tid":"872","db":"rwRegister"}
{"tick":"1081","type":2200,"tid":"879","db":"rwRegister"}
{"tick":"1082","type":2300,"db":"rwRegister","cuid":"h786D8EA1B964/137","tid":"879","data":{"_key":"10","_id":"rwCol/10","_rev":"_f7J7qzu---","rwAttr":30}}
{"tick":"1085","type":2300,"db":"rwRegister","cuid":"h786D8EA1B964/137","tid":"879","data":{"_key":"7","_id":"rwCol/7","_rev":"_f7J7qzu--_","rwAttr":25}}
{"tick":"1088","type":2300,"db":"rwRegister","cuid":"h786D8EA1B964/137","tid":"879","data":{"_key":"10","_id":"rwCol/10","_rev":"_f7J7qzy---","rwAttr":31}}
{"tick":"1091","type":2300,"db":"rwRegister","cuid":"h786D8EA1B964/137","tid":"879","data":{"_key":"9","_id":"rwCol/9","_rev":"_f7J7qz6---","rwAttr":17}}
{"tick":"1094","type":2300,"db":"rwRegister","cuid":"h786D8EA1B964/137","tid":"879","data":{"_key":"10","_id":"rwCol/10","_rev":"_f7J7q0C---","rwAttr":32}}
{"tick":"1095","type":2201,"tid":"879","db":"rwRegister"}
{"tick":"1096","type":2200,"tid":"886","db":"rwRegister"}
{"tick":"1096","type":2300,"db":"rwRegister","cuid":"h786D8EA1B964/137","tid":"886","data":{"_key":"11","_id":"rwCol/11","_rev":"_f7J7q8W---","rwAttr":1}}
{"tick":"1099","type":2300,"db":"rwRegister","cuid":"h786D8EA1B964/137","tid":"886","data":{"_key":"9","_id":"rwCol/9","_rev":"_f7J7q8a---","rwAttr":18}}
{"tick":"1102","type":2300,"db":"rwRegister","cuid":"h786D8EA1B964/137","tid":"886","data":{"_key":"11","_id":"rwCol/11","_rev":"_f7J7q8i---","rwAttr":2}}
{"tick":"1103","type":2201,"tid":"886","db":"rwRegister"}
{"tick":"1104","type":2200,"tid":"894","db":"rwRegister"}
{"tick":"1105","type":2300,"db":"rwRegister","cuid":"h786D8EA1B964/137","tid":"894","data":{"_key":"11","_id":"rwCol/11","_rev":"_f7J7q86---","rwAttr":3}}
{"tick":"1108","type":2300,"db":"rwRegister","cuid":"h786D8EA1B964/137","tid":"894","data":{"_key":"11","_id":"rwCol/11","_rev":"_f7J7q86--_","rwAttr":4}}
{"tick":"1109","type":2201,"tid":"894","db":"rwRegister"}
{"tick":"1110","type":2200,"tid":"899","db":"rwRegister"}
{"tick":"1111","type":2300,"db":"rwRegister","cuid":"h786D8EA1B964/137","tid":"899","data":{"_key":"11","_id":"rwCol/11","_rev":"_f7J7r-S---","rwAttr":5}}
{"tick":"1114","type":2300,"db":"rwRegister","cuid":"h786D8EA1B964/137","tid":"899","data":{"_key":"11","_id":"rwCol/11","_rev":"_f7J7r-W---","rwAttr":6}}
{"tick":"1117","type":2300,"db":"rwRegister","cuid":"h786D8EA1B964/137","tid":"899","data":{"_key":"11","_id":"rwCol/11","_rev":"_f7J7r-e---","rwAttr":7}}
{"tick":"1120","type":2300,"db":"rwRegister","cuid":"h786D8EA1B964/137","tid":"899","data":{"_key":"11","_id":"rwCol/11","_rev":"_f7J7r-i---","rwAttr":8}}
{"tick":"1123","type":2300,"db":"rwRegister","cuid":"h786D8EA1B964/137","tid":"899","data":{"_key":"11","_id":"rwCol/11","_rev":"_f7J7r-i--_","rwAttr":9}}
{"tick":"1124","type":2201,"tid":"899","db":"rwRegister"}
{"tick":"1125","type":2200,"tid":"908","db":"rwRegister"}
{"tick":"1126","type":2300,"db":"rwRegister","cuid":"h786D8EA1B964/137","tid":"908","data":{"_key":"11","_id":"rwCol/11","_rev":"_f7J7rE2---","rwAttr":10}}
{"tick":"1129","type":2300,"db":"rwRegister","cuid":"h786D8EA1B964/137","tid":"908","data":{"_key":"7","_id":"rwCol/7","_rev":"_f7J7rFC---","rwAttr":26}}
{"tick":"1130","type":2201,"tid":"908","db":"rwRegister"}
{"tick":"1131","type":2200,"tid":"919","db":"rwRegister"}
{"tick":"1132","type":2300,"db":"rwRegister","cuid":"h786D8EA1B964/137","tid":"919","data":{"_key":"7","_id":"rwCol/7","_rev":"_f7J7rMS---","rwAttr":27}}
{"tick":"1133","type":2201,"tid":"919","db":"rwRegister"}
{"tick":"1134","type":2200,"tid":"925","db":"rwRegister"}
{"tick":"1135","type":2300,"db":"rwRegister","cuid":"h786D8EA1B964/137","tid":"925","data":{"_key":"7","_id":"rwCol/7","_rev":"_f7J7rPu---","rwAttr":28}}
{"tick":"1136","type":2201,"tid":"925","db":"rwRegister"}
{"tick":"1137","type":2200,"tid":"928","db":"rwRegister"}
{"tick":"1138","type":2300,"db":"rwRegister","cuid":"h786D8EA1B964/137","tid":"928","data":{"_key":"11","_id":"rwCol/11","_rev":"_f7J7rVm---","rwAttr":15}}
{"tick":"1141","type":2300,"db":"rwRegister","cuid":"h786D8EA1B964/137","tid":"928","data":{"_key":"7","_id":"rwCol/7","_rev":"_f7J7rVq---","rwAttr":29}}
{"tick":"1144","type":2300,"db":"rwRegister","cuid":"h786D8EA1B964/137","tid":"928","data":{"_key":"9","_id":"rwCol/9","_rev":"_f7J7rVu---","rwAttr":20}}
{"tick":"1147","type":2300,"db":"rwRegister","cuid":"h786D8EA1B964/137","tid":"928","data":{"_key":"9","_id":"rwCol/9","_rev":"_f7J7rVy---","rwAttr":21}}
{"tick":"1150","type":2300,"db":"rwRegister","cuid":"h786D8EA1B964/137","tid":"928","data":{"_key":"7","_id":"rwCol/7","_rev":"_f7J7rV2---","rwAttr":30}}
{"tick":"1151","type":2201,"tid":"928","db":"rwRegister"}
{"tick":"1152","type":2200,"tid":"934","db":"rwRegister"}
{"tick":"1153","type":2300,"db":"rwRegister","cuid":"h786D8EA1B964/137","tid":"934","data":{"_key":"11","_id":"rwCol/11","_rev":"_f7J7rX----","rwAttr":16}}
{"tick":"1156","type":2300,"db":"rwRegister","cuid":"h786D8EA1B964/137","tid":"934","data":{"_key":"11","_id":"rwCol/11","_rev":"_f7J7rX---_","rwAttr":17}}
{"tick":"1159","type":2300,"db":"rwRegister","cuid":"h786D8EA1B964/137","tid":"934","data":{"_key":"11","_id":"rwCol/11","_rev":"_f7J7rXC---","rwAttr":18}}
{"tick":"1162","type":2300,"db":"rwRegister","cuid":"h786D8EA1B964/137","tid":"934","data":{"_key":"11","_id":"rwCol/11","_rev":"_f7J7rXK---","rwAttr":19}}
{"tick":"1163","type":2201,"tid":"934","db":"rwRegister"}
{"tick":"1164","type":2200,"tid":"943","db":"rwRegister"}
{"tick":"1165","type":2300,"db":"rwRegister","cuid":"h786D8EA1B964/137","tid":"943","data":{"_key":"7","_id":"rwCol/7","_rev":"_f7J7rhC---","rwAttr":31}}
{"tick":"1168","type":2300,"db":"rwRegister","cuid":"h786D8EA1B964/137","tid":"943","data":{"_key":"11","_id":"rwCol/11","_rev":"_f7J7rhG---","rwAttr":20}}
{"tick":"1169","type":2201,"tid":"943","db":"rwRegister"}
{"tick":"1170","type":2200,"tid":"949","db":"rwRegister"}
{"tick":"1171","type":2300,"db":"rwRegister","cuid":"h786D8EA1B964/137","tid":"949","data":{"_key":"11","_id":"rwCol/11","_rev":"_f7J7rmO---","rwAttr":22}}
{"tick":"1174","type":2300,"db":"rwRegister","cuid":"h786D8EA1B964/137","tid":"949","data":{"_key":"11","_id":"rwCol/11","_rev":"_f7J7rmW---","rwAttr":23}}
{"tick":"1177","type":2300,"db":"rwRegister","cuid":"h786D8EA1B964/137","tid":"949","data":{"_key":"11","_id":"rwCol/11","_rev":"_f7J7rme---","rwAttr":24}}
{"tick":"1179","type":2300,"db":"rwRegister","cuid":"h786D8EA1B964/137","tid":"949","data":{"_key":"12","_id":"rwCol/12","_rev":"_f7J7rmi---","rwAttr":1}}
{"tick":"1182","type":2300,"db":"rwRegister","cuid":"h786D8EA1B964/137","tid":"949","data":{"_key":"12","_id":"rwCol/12","_rev":"_f7J7rmm---","rwAttr":2}}
{"tick":"1183","type":2201,"tid":"949","db":"rwRegister"}
{"tick":"1184","type":2200,"tid":"963","db":"rwRegister"}
{"tick":"1185","type":2300,"db":"rwRegister","cuid":"h786D8EA1B964/137","tid":"963","data":{"_key":"12","_id":"rwCol/12","_rev":"_f7J7ruS---","rwAttr":3}}
{"tick":"1188","type":2300,"db":"rwRegister","cuid":"h786D8EA1B964/137","tid":"963","data":{"_key":"9","_id":"rwCol/9","_rev":"_f7J7ruW---","rwAttr":23}}
{"tick":"1191","type":2300,"db":"rwRegister","cuid":"h786D8EA1B964/137","tid":"963","data":{"_key":"9","_id":"rwCol/9","_rev":"_f7J7rum---","rwAttr":24}}
{"tick":"1194","type":2300,"db":"rwRegister","cuid":"h786D8EA1B964/137","tid":"963","data":{"_key":"9","_id":"rwCol/9","_rev":"_f7J7ruq---","rwAttr":25}}
{"tick":"1195","type":2201,"tid":"963","db":"rwRegister"}
{"tick":"1196","type":2200,"tid":"972","db":"rwRegister"}
{"tick":"1197","type":2300,"db":"rwRegister","cuid":"h786D8EA1B964/137","tid":"972","data":{"_key":"11","_id":"rwCol/11","_rev":"_f7J7r0e---","rwAttr":25}}
{"tick":"1198","type":2201,"tid":"972","db":"rwRegister"}
{"tick":"1199","type":2200,"tid":"976","db":"rwRegister"}
{"tick":"1200","type":2300,"db":"rwRegister","cuid":"h786D8EA1B964/137","tid":"976","data":{"_key":"11","_id":"rwCol/11","_rev":"_f7J7r3q---","rwAttr":26}}
{"tick":"1203","type":2300,"db":"rwRegister","cuid":"h786D8EA1B964/137","tid":"976","data":{"_key":"11","_id":"rwCol/11","_rev":"_f7J7r3u---","rwAttr":27}}
{"tick":"1204","type":2201,"tid":"976","db":"rwRegister"}
{"tick":"1208","type":2200,"tid":"979","db":"rwRegister"}
{"tick":"1209","type":2300,"db":"rwRegister","cuid":"h786D8EA1B964/137","tid":"979","data":{"_key":"12","_id":"rwCol/12","_rev":"_f7J7r92---","rwAttr":4}}
{"tick":"1212","type":2300,"db":"rwRegister","cuid":"h786D8EA1B964/137","tid":"979","data":{"_key":"12","_id":"rwCol/12","_rev":"_f7J7r96---","rwAttr":5}}
{"tick":"1215","type":2300,"db":"rwRegister","cuid":"h786D8EA1B964/137","tid":"979","data":{"_key":"11","_id":"rwCol/11","_rev":"_f7J7s-----","rwAttr":28}}
{"tick":"1216","type":2201,"tid":"979","db":"rwRegister"}
{"tick":"1217","type":2200,"tid":"987","db":"rwRegister"}
{"tick":"1218","type":2300,"db":"rwRegister","cuid":"h786D8EA1B964/137","tid":"987","data":{"_key":"9","_id":"rwCol/9","_rev":"_f7J7sOG---","rwAttr":26}}
{"tick":"1221","type":2300,"db":"rwRegister","cuid":"h786D8EA1B964/137","tid":"987","data":{"_key":"11","_id":"rwCol/11","_rev":"_f7J7sOS---","rwAttr":29}}
{"tick":"1224","type":2300,"db":"rwRegister","cuid":"h786D8EA1B964/137","tid":"987","data":{"_key":"11","_id":"rwCol/11","_rev":"_f7J7sOW---","rwAttr":30}}
{"tick":"1227","type":2300,"db":"rwRegister","cuid":"h786D8EA1B964/137","tid":"987","data":{"_key":"11","_id":"rwCol/11","_rev":"_f7J7sOa---","rwAttr":31}}
{"tick":"1228","type":2201,"tid":"987","db":"rwRegister"}
{"tick":"1229","type":2200,"tid":"994","db":"rwRegister"}
{"tick":"1230","type":2300,"db":"rwRegister","cuid":"h786D8EA1B964/137","tid":"994","data":{"_key":"11","_id":"rwCol/11","_rev":"_f7J7sPe---","rwAttr":32}}
{"tick":"1231","type":2201,"tid":"994","db":"rwRegister"}
{"tick":"1232","type":2200,"tid":"1000","db":"rwRegister"}
{"tick":"1233","type":2300,"db":"rwRegister","cuid":"h786D8EA1B964/137","tid":"1000","data":{"_key":"12","_id":"rwCol/12","_rev":"_f7J7sS----","rwAttr":6}}
{"tick":"1234","type":2201,"tid":"1000","db":"rwRegister"}
{"tick":"1235","type":2200,"tid":"1006","db":"rwRegister"}
{"tick":"1235","type":2300,"db":"rwRegister","cuid":"h786D8EA1B964/137","tid":"1006","data":{"_key":"13","_id":"rwCol/13","_rev":"_f7J7sZG---","rwAttr":1}}
{"tick":"1238","type":2300,"db":"rwRegister","cuid":"h786D8EA1B964/137","tid":"1006","data":{"_key":"13","_id":"rwCol/13","_rev":"_f7J7sZK---","rwAttr":2}}
{"tick":"1241","type":2300,"db":"rwRegister","cuid":"h786D8EA1B964/137","tid":"1006","data":{"_key":"12","_id":"rwCol/12","_rev":"_f7J7sZO---","rwAttr":7}}
{"tick":"1244","type":2300,"db":"rwRegister","cuid":"h786D8EA1B964/137","tid":"1006","data":{"_key":"12","_id":"rwCol/12","_rev":"_f7J7sZS---","rwAttr":8}}
{"tick":"1247","type":2300,"db":"rwRegister","cuid":"h786D8EA1B964/137","tid":"1006","data":{"_key":"13","_id":"rwCol/13","_rev":"_f7J7sZS--_","rwAttr":3}}
{"tick":"1250","type":2300,"db":"rwRegister","cuid":"h786D8EA1B964/137","tid":"1006","data":{"_key":"12","_id":"rwCol/12","_rev":"_f7J7sZW---","rwAttr":9}}
{"tick":"1251","type":2201,"tid":"1006","db":"rwRegister"}
{"tick":"1252","type":2200,"tid":"1013","db":"rwRegister"}
{"tick":"1253","type":2300,"db":"rwRegister","cuid":"h786D8EA1B964/137","tid":"1013","data":{"_key":"9","_id":"rwCol/9","_rev":"_f7J7siq---","rwAttr":27}}
{"tick":"1254","type":2201,"tid":"1013","db":"rwRegister"}
{"tick":"1255","type":2200,"tid":"1017","db":"rwRegister"}
{"tick":"1256","type":2300,"db":"rwRegister","cuid":"h786D8EA1B964/137","tid":"1017","data":{"_key":"12","_id":"rwCol/12","_rev":"_f7J7sq----","rwAttr":10}}
{"tick":"1259","type":2300,"db":"rwRegister","cuid":"h786D8EA1B964/137","tid":"1017","data":{"_key":"13","_id":"rwCol/13","_rev":"_f7J7sqC---","rwAttr":4}}
{"tick":"1262","type":2300,"db":"rwRegister","cuid":"h786D8EA1B964/137","tid":"1017","data":{"_key":"9","_id":"rwCol/9","_rev":"_f7J7sqK---","rwAttr":28}}
{"tick":"1263","type":2201,"tid":"1017","db":"rwRegister"}
{"tick":"1264","type":2200,"tid":"1023","db":"rwRegister"}
{"tick":"1265","type":2300,"db":"rwRegister","cuid":"h786D8EA1B964/137","tid":"1023","data":{"_key":"13","_id":"rwCol/13","_rev":"_f7J7svG---","rwAttr":5}}
{"tick":"1268","type":2300,"db":"rwRegister","cuid":"h786D8EA1B964/137","tid":"1023","data":{"_key":"13","_id":"rwCol/13","_rev":"_f7J7svK---","rwAttr":6}}
{"tick":"1271","type":2300,"db":"rwRegister","cuid":"h786D8EA1B964/137","tid":"1023","data":{"_key":"13","_id":"rwCol/13","_rev":"_f7J7svK--_","rwAttr":7}}
{"tick":"1274","type":2300,"db":"rwRegister","cuid":"h786D8EA1B964/137","tid":"1023","data":{"_key":"12","_id":"rwCol/12","_rev":"_f7J7svO---","rwAttr":11}}
{"tick":"1275","type":2201,"tid":"1023","db":"rwRegister"}
{"tick":"1276","type":2200,"tid":"1032","db":"rwRegister"}
{"tick":"1277","type":2300,"db":"rwRegister","cuid":"h786D8EA1B964/137","tid":"1032","data":{"_key":"13","_id":"rwCol/13","_rev":"_f7J7s1S---","rwAttr":8}}
{"tick":"1278","type":2201,"tid":"1032","db":"rwRegister"}
{"tick":"1279","type":2200,"tid":"1035","db":"rwRegister"}
{"tick":"1280","type":2300,"db":"rwRegister","cuid":"h786D8EA1B964/137","tid":"1035","data":{"_key":"12","_id":"rwCol/12","_rev":"_f7J7tBW---","rwAttr":12}}
{"tick":"1283","type":2300,"db":"rwRegister","cuid":"h786D8EA1B964/137","tid":"1035","data":{"_key":"13","_id":"rwCol/13","_rev":"_f7J7tBa---","rwAttr":9}}
{"tick":"1286","type":2300,"db":"rwRegister","cuid":"h786D8EA1B964/137","tid":"1035","data":{"_key":"13","_id":"rwCol/13","_rev":"_f7J7tBa--_","rwAttr":10}}
{"tick":"1289","type":2300,"db":"rwRegister","cuid":"h786D8EA1B964/137","tid":"1035","data":{"_key":"9","_id":"rwCol/9","_rev":"_f7J7tBi---","rwAttr":29}}
{"tick":"1292","type":2300,"db":"rwRegister","cuid":"h786D8EA1B964/137","tid":"1035","data":{"_key":"12","_id":"rwCol/12","_rev":"_f7J7tBm---","rwAttr":13}}
{"tick":"1293","type":2201,"tid":"1035","db":"rwRegister"}
{"tick":"1294","type":2200,"tid":"1043","db":"rwRegister"}
{"tick":"1295","type":2300,"db":"rwRegister","cuid":"h786D8EA1B964/137","tid":"1043","data":{"_key":"12","_id":"rwCol/12","_rev":"_f7J7tBu---","rwAttr":14}}
{"tick":"1296","type":2201,"tid":"1043","db":"rwRegister"}
{"tick":"1297","type":2200,"tid":"1046","db":"rwRegister"}
{"tick":"1298","type":2300,"db":"rwRegister","cuid":"h786D8EA1B964/137","tid":"1046","data":{"_key":"13","_id":"rwCol/13","_rev":"_f7J7tMa---","rwAttr":11}}
{"tick":"1299","type":2201,"tid":"1046","db":"rwRegister"}
{"tick":"1300","type":2200,"tid":"1052","db":"rwRegister"}
{"tick":"1301","type":2300,"db":"rwRegister","cuid":"h786D8EA1B964/137","tid":"1052","data":{"_key":"12","_id":"rwCol/12","_rev":"_f7J7tPK---","rwAttr":15}}
{"tick":"1304","type":2300,"db":"rwRegister","cuid":"h786D8EA1B964/137","tid":"1052","data":{"_key":"9","_id":"rwCol/9","_rev":"_f7J7tPO---","rwAttr":30}}
{"tick":"1307","type":2300,"db":"rwRegister","cuid":"h786D8EA1B964/137","tid":"1052","data":{"_key":"13","_id":"rwCol/13","_rev":"_f7J7tPO--_","rwAttr":12}}
{"tick":"1310","type":2300,"db":"rwRegister","cuid":"h786D8EA1B964/137","tid":"1052","data":{"_key":"12","_id":"rwCol/12","_rev":"_f7J7tPS---","rwAttr":16}}
{"tick":"1311","type":2201,"tid":"1052","db":"rwRegister"}
{"tick":"1312","type":2200,"tid":"1060","db":"rwRegister"}
{"tick":"1313","type":2300,"db":"rwRegister","cuid":"h786D8EA1B964/137","tid":"1060","data":{"_key":"13","_id":"rwCol/13","_rev":"_f7J7tWu---","rwAttr":13}}
{"tick":"1316","type":2300,"db":"rwRegister","cuid":"h786D8EA1B964/137","tid":"1060","data":{"_key":"9","_id":"rwCol/9","_rev":"_f7J7tWy---","rwAttr":31}}
{"tick":"1317","type":2201,"tid":"1060","db":"rwRegister"}
{"tick":"1318","type":2200,"tid":"1069","db":"rwRegister"}
{"tick":"1319","type":2300,"db":"rwRegister","cuid":"h786D8EA1B964/137","tid":"1069","data":{"_key":"12","_id":"rwCol/12","_rev":"_f7J7tfC---","rwAttr":17}}
{"tick":"1322","type":2300,"db":"rwRegister","cuid":"h786D8EA1B964/137","tid":"1069","data":{"_key":"13","_id":"rwCol/13","_rev":"_f7J7tfG---","rwAttr":14}}
{"tick":"1325","type":2300,"db":"rwRegister","cuid":"h786D8EA1B964/137","tid":"1069","data":{"_key":"12","_id":"rwCol/12","_rev":"_f7J7tfG--_","rwAttr":18}}
{"tick":"1328","type":2300,"db":"rwRegister","cuid":"h786D8EA1B964/137","tid":"1069","data":{"_key":"13","_id":"rwCol/13","_rev":"_f7J7tfK---","rwAttr":15}}
{"tick":"1329","type":2201,"tid":"1069","db":"rwRegister"}
{"tick":"1330","type":2200,"tid":"1077","db":"rwRegister"}
{"tick":"1331","type":2300,"db":"rwRegister","cuid":"h786D8EA1B964/137","tid":"1077","data":{"_key":"12","_id":"rwCol/12","_rev":"_f7J7tje---","rwAttr":19}}
{"tick":"1334","type":2300,"db":"rwRegister","cuid":"h786D8EA1B964/137","tid":"1077","data":{"_key":"12","_id":"rwCol/12","_rev":"_f7J7tji---","rwAttr":20}}
{"tick":"1337","type":2300,"db":"rwRegister","cuid":"h786D8EA1B964/137","tid":"1077","data":{"_key":"13","_id":"rwCol/13","_rev":"_f7J7tjm---","rwAttr":16}}
{"tick":"1340","type":2300,"db":"rwRegister","cuid":"h786D8EA1B964/137","tid":"1077","data":{"_key":"12","_id":"rwCol/12","_rev":"_f7J7tjm--_","rwAttr":21}}
{"tick":"1341","type":2201,"tid":"1077","db":"rwRegister"}
{"tick":"1348","type":2200,"tid":"1088","db":"rwRegister"}
{"tick":"1349","type":2300,"db":"rwRegister","cuid":"h786D8EA1B964/137","tid":"1088","data":{"_key":"13","_id":"rwCol/13","_rev":"_f7J7tp----","rwAttr":17}}
{"tick":"1350","type":2201,"tid":"1088","db":"rwRegister"}
{"tick":"1351","type":2200,"tid":"1091","db":"rwRegister"}
{"tick":"1352","type":2300,"db":"rwRegister","cuid":"h786D8EA1B964/137","tid":"1091","data":{"_key":"12","_id":"rwCol/12","_rev":"_f7J7twW---","rwAttr":22}}
{"tick":"1355","type":2300,"db":"rwRegister","cuid":"h786D8EA1B964/137","tid":"1091","data":{"_key":"13","_id":"rwCol/13","_rev":"_f7J7twe---","rwAttr":18}}
{"tick":"1358","type":2300,"db":"rwRegister","cuid":"h786D8EA1B964/137","tid":"1091","data":{"_key":"13","_id":"rwCol/13","_rev":"_f7J7twi---","rwAttr":19}}
{"tick":"1361","type":2300,"db":"rwRegister","cuid":"h786D8EA1B964/137","tid":"1091","data":{"_key":"13","_id":"rwCol/13","_rev":"_f7J7twq---","rwAttr":20}}
{"tick":"1362","type":2201,"tid":"1091","db":"rwRegister"}
{"tick":"1363","type":2200,"tid":"1100","db":"rwRegister"}
{"tick":"1364","type":2300,"db":"rwRegister","cuid":"h786D8EA1B964/137","tid":"1100","data":{"_key":"12","_id":"rwCol/12","_rev":"_f7J7t2u---","rwAttr":23}}
{"tick":"1367","type":2300,"db":"rwRegister","cuid":"h786D8EA1B964/137","tid":"1100","data":{"_key":"9","_id":"rwCol/9","_rev":"_f7J7t2u--_","rwAttr":32}}
{"tick":"1370","type":2300,"db":"rwRegister","cuid":"h786D8EA1B964/137","tid":"1100","data":{"_key":"13","_id":"rwCol/13","_rev":"_f7J7t2y---","rwAttr":21}}
{"tick":"1371","type":2201,"tid":"1100","db":"rwRegister"}
{"tick":"1372","type":2200,"tid":"1107","db":"rwRegister"}
{"tick":"1373","type":2300,"db":"rwRegister","cuid":"h786D8EA1B964/137","tid":"1107","data":{"_key":"13","_id":"rwCol/13","_rev":"_f7J7uCS---","rwAttr":22}}
{"tick":"1376","type":2300,"db":"rwRegister","cuid":"h786D8EA1B964/137","tid":"1107","data":{"_key":"13","_id":"rwCol/13","_rev":"_f7J7uCe---","rwAttr":23}}
{"tick":"1379","type":2300,"db":"rwRegister","cuid":"h786D8EA1B964/137","tid":"1107","data":{"_key":"13","_id":"rwCol/13","_rev":"_f7J7uCi---","rwAttr":24}}
{"tick":"1382","type":2300,"db":"rwRegister","cuid":"h786D8EA1B964/137","tid":"1107","data":{"_key":"13","_id":"rwCol/13","_rev":"_f7J7uCq---","rwAttr":25}}
{"tick":"1383","type":2201,"tid":"1107","db":"rwRegister"}
{"tick":"1384","type":2200,"tid":"1115","db":"rwRegister"}
{"tick":"1385","type":2300,"db":"rwRegister","cuid":"h786D8EA1B964/137","tid":"1115","data":{"_key":"13","_id":"rwCol/13","_rev":"_f7J7uE6---","rwAttr":26}}
{"tick":"1388","type":2300,"db":"rwRegister","cuid":"h786D8EA1B964/137","tid":"1115","data":{"_key":"12","_id":"rwCol/12","_rev":"_f7J7uF----","rwAttr":24}}
{"tick":"1391","type":2300,"db":"rwRegister","cuid":"h786D8EA1B964/137","tid":"1115","data":{"_key":"13","_id":"rwCol/13","_rev":"_f7J7uFC---","rwAttr":27}}
{"tick":"1394","type":2300,"db":"rwRegister","cuid":"h786D8EA1B964/137","tid":"1115","data":{"_key":"13","_id":"rwCol/13","_rev":"_f7J7uFG---","rwAttr":28}}
{"tick":"1395","type":2201,"tid":"1115","db":"rwRegister"}
{"tick":"1396","type":2200,"tid":"1124","db":"rwRegister"}
{"tick":"1396","type":2300,"db":"rwRegister","cuid":"h786D8EA1B964/137","tid":"1124","data":{"_key":"14","_id":"rwCol/14","_rev":"_f7J7uQS---","rwAttr":1}}
{"tick":"1399","type":2300,"db":"rwRegister","cuid":"h786D8EA1B964/137","tid":"1124","data":{"_key":"13","_id":"rwCol/13","_rev":"_f7J7uQW---","rwAttr":29}}
{"tick":"1402","type":2300,"db":"rwRegister","cuid":"h786D8EA1B964/137","tid":"1124","data":{"_key":"12","_id":"rwCol/12","_rev":"_f7J7uQW--_","rwAttr":25}}
{"tick":"1405","type":2300,"db":"rwRegister","cuid":"h786D8EA1B964/137","tid":"1124","data":{"_key":"13","_id":"rwCol/13","_rev":"_f7J7uQa---","rwAttr":30}}
{"tick":"1406","type":2201,"tid":"1124","db":"rwRegister"}
{"tick":"1414","type":2200,"tid":"1130","db":"rwRegister"}
{"tick":"1415","type":2300,"db":"rwRegister","cuid":"h786D8EA1B964/137","tid":"1130","data":{"_key":"13","_id":"rwCol/13","_rev":"_f7J7uai---","rwAttr":31}}
{"tick":"1416","type":2201,"tid":"1130","db":"rwRegister"}
{"tick":"1417","type":2200,"tid":"1139","db":"rwRegister"}
{"tick":"1418","type":2300,"db":"rwRegister","cuid":"h786D8EA1B964/137","tid":"1139","data":{"_key":"13","_id":"rwCol/13","_rev":"_f7J7uc2---","rwAttr":32}}
{"tick":"1420","type":2300,"db":"rwRegister","cuid":"h786D8EA1B964/137","tid":"1139","data":{"_key":"15","_id":"rwCol/15","_rev":"_f7J7uc6---","rwAttr":1}}
{"tick":"1423","type":2300,"db":"rwRegister","cuid":"h786D8EA1B964/137","tid":"1139","data":{"_key":"12","_id":"rwCol/12","_rev":"_f7J7ud----","rwAttr":26}}
{"tick":"1426","type":2300,"db":"rwRegister","cuid":"h786D8EA1B964/137","tid":"1139","data":{"_key":"14","_id":"rwCol/14","_rev":"_f7J7udC---","rwAttr":2}}
{"tick":"1429","type":2300,"db":"rwRegister","cuid":"h786D8EA1B964/137","tid":"1139","data":{"_key":"15","_id":"rwCol/15","_rev":"_f7J7udG---","rwAttr":2}}
{"tick":"1430","type":2201,"tid":"1139","db":"rwRegister"}
{"tick":"1431","type":2200,"tid":"1148","db":"rwRegister"}
{"tick":"1432","type":2300,"db":"rwRegister","cuid":"h786D8EA1B964/137","tid":"1148","data":{"_key":"15","_id":"rwCol/15","_rev":"_f7J7upS---","rwAttr":3}}
{"tick":"1435","type":2300,"db":"rwRegister","cuid":"h786D8EA1B964/137","tid":"1148","data":{"_key":"12","_id":"rwCol/12","_rev":"_f7J7upW---","rwAttr":27}}
{"tick":"1436","type":2201,"tid":"1148","db":"rwRegister"}
{"tick":"1437","type":2200,"tid":"1152","db":"rwRegister"}
{"tick":"1438","type":2300,"db":"rwRegister","cuid":"h786D8EA1B964/137","tid":"1152","data":{"_key":"15","_id":"rwCol/15","_rev":"_f7J7u1q---","rwAttr":4}}
{"tick":"1441","type":2300,"db":"rwRegister","cuid":"h786D8EA1B964/137","tid":"1152","data":{"_key":"12","_id":"rwCol/12","_rev":"_f7J7u1y---","rwAttr":28}}
{"tick":"1444","type":2300,"db":"rwRegister","cuid":"h786D8EA1B964/137","tid":"1152","data":{"_key":"15","_id":"rwCol/15","_rev":"_f7J7u12---","rwAttr":5}}
{"tick":"1447","type":2300,"db":"rwRegister","cuid":"h786D8EA1B964/137","tid":"1152","data":{"_key":"12","_id":"rwCol/12","_rev":"_f7J7u2----","rwAttr":29}}
{"tick":"1450","type":2300,"db":"rwRegister","cuid":"h786D8EA1B964/137","tid":"1152","data":{"_key":"12","_id":"rwCol/12","_rev":"_f7J7u2---_","rwAttr":30}}
{"tick":"1451","type":2201,"tid":"1152","db":"rwRegister"}
{"tick":"1452","type":2200,"tid":"1166","db":"rwRegister"}
{"tick":"1453","type":2300,"db":"rwRegister","cuid":"h786D8EA1B964/137","tid":"1166","data":{"_key":"15","_id":"rwCol/15","_rev":"_f7J7v_----","rwAttr":6}}
{"tick":"1456","type":2300,"db":"rwRegister","cuid":"h786D8EA1B964/137","tid":"1166","data":{"_key":"15","_id":"rwCol/15","_rev":"_f7J7v_---_","rwAttr":7}}
{"tick":"1457","type":2201,"tid":"1166","db":"rwRegister"}
{"tick":"1458","type":2200,"tid":"1172","db":"rwRegister"}
{"tick":"1459","type":2300,"db":"rwRegister","cuid":"h786D8EA1B964/137","tid":"1172","data":{"_key":"15","_id":"rwCol/15","_rev":"_f7J7vBe---","rwAttr":8}}
{"tick":"1462","type":2300,"db":"rwRegister","cuid":"h786D8EA1B964/137","tid":"1172","data":{"_key":"12","_id":"rwCol/12","_rev":"_f7J7vBe--_","rwAttr":31}}
{"tick":"1463","type":2201,"tid":"1172","db":"rwRegister"}
{"tick":"1464","type":2200,"tid":"1178","db":"rwRegister"}
{"tick":"1465","type":2300,"db":"rwRegister","cuid":"h786D8EA1B964/137","tid":"1178","data":{"_key":"12","_id":"rwCol/12","_rev":"_f7J7vMa---","rwAttr":32}}
{"tick":"1468","type":2300,"db":"rwRegister","cuid":"h786D8EA1B964/137","tid":"1178","data":{"_key":"15","_id":"rwCol/15","_rev":"_f7J7vMa--_","rwAttr":9}}
{"tick":"1471","type":2300,"db":"rwRegister","cuid":"h786D8EA1B964/137","tid":"1178","data":{"_key":"15","_id":"rwCol/15","_rev":"_f7J7vMi---","rwAttr":10}}
{"tick":"1472","type":2201,"tid":"1178","db":"rwRegister"}
{"tick":"1473","type":2200,"tid":"1186","db":"rwRegister"}
{"tick":"1474","type":2300,"db":"rwRegister","cuid":"h786D8EA1B964/137","tid":"1186","data":{"_key":"15","_id":"rwCol/15","_rev":"_f7J7vRu---","rwAttr":11}}
{"tick":"1477","type":2300,"db":"rwRegister","cuid":"h786D8EA1B964/137","tid":"1186","data":{"_key":"14","_id":"rwCol/14","_rev":"_f7J7vRy---","rwAttr":3}}
{"tick":"1478","type":2201,"tid":"1186","db":"rwRegister"}
{"tick":"1479","type":2200,"tid":"1190","db":"rwRegister"}
{"tick":"1480","type":2300,"db":"rwRegister","cuid":"h786D8EA1B964/137","tid":"1190","data":{"_key":"15","_id":"rwCol/15","_rev":"_f7J7vY6---","rwAttr":12}}
{"tick":"1483","type":2300,"db":"rwRegister","cuid":"h786D8EA1B964/137","tid":"1190","data":{"_key":"15","_id":"rwCol/15","_rev":"_f7J7vZ----","rwAttr":13}}
{"tick":"1485","type":2300,"db":"rwRegister","cuid":"h786D8EA1B964/137","tid":"1190","data":{"_key":"16","_id":"rwCol/16","_rev":"_f7J7vZG---","rwAttr":1}}
{"tick":"1488","type":2300,"db":"rwRegister","cuid":"h786D8EA1B964/137","tid":"1190","data":{"_key":"15","_id":"rwCol/15","_rev":"_f7J7vZG--_","rwAttr":14}}
{"tick":"1489","type":2201,"tid":"1190","db":"rwRegister"}
{"tick":"1490","type":2200,"tid":"1202","db":"rwRegister"}
{"tick":"1491","type":2300,"db":"rwRegister","cuid":"h786D8EA1B964/137","tid":"1202","data":{"_key":"15","_id":"rwCol/15","_rev":"_f7J7vqa---","rwAttr":15}}
{"tick":"1494","type":2300,"db":"rwRegister","cuid":"h786D8EA1B964/137","tid":"1202","data":{"_key":"15","_id":"rwCol/15","_rev":"_f7J7vqe---","rwAttr":16}}
{"tick":"1495","type":2201,"tid":"1202","db":"rwRegister"}
{"tick":"1496","type":2200,"tid":"1205","db":"rwRegister"}
{"tick":"1497","type":2300,"db":"rwRegister","cuid":"h786D8EA1B964/137","tid":"1205","data":{"_key":"15","_id":"rwCol/15","_rev":"_f7J7vsC---","rwAttr":17}}
{"tick":"1500","type":2300,"db":"rwRegister","cuid":"h786D8EA1B964/137","tid":"1205","data":{"_key":"16","_id":"rwCol/16","_rev":"_f7J7vsG---","rwAttr":2}}
{"tick":"1503","type":2300,"db":"rwRegister","cuid":"h786D8EA1B964/137","tid":"1205","data":{"_key":"15","_id":"rwCol/15","_rev":"_f7J7vsG--_","rwAttr":18}}
{"tick":"1504","type":2201,"tid":"1205","db":"rwRegister"}
{"tick":"1505","type":2200,"tid":"1211","db":"rwRegister"}
{"tick":"1506","type":2300,"db":"rwRegister","cuid":"h786D8EA1B964/137","tid":"1211","data":{"_key":"15","_id":"rwCol/15","_rev":"_f7J7vyW---","rwAttr":19}}
{"tick":"1509","type":2300,"db":"rwRegister","cuid":"h786D8EA1B964/137","tid":"1211","data":{"_key":"15","_id":"rwCol/15","_rev":"_f7J7vya---","rwAttr":20}}
{"tick":"1512","type":2300,"db":"rwRegister","cuid":"h786D8EA1B964/137","tid":"1211","data":{"_key":"14","_id":"rwCol/14","_rev":"_f7J7vye---","rwAttr":4}}
{"tick":"1515","type":2300,"db":"rwRegister","cuid":"h786D8EA1B964/137","tid":"1211","data":{"_key":"15","_id":"rwCol/15","_rev":"_f7J7vyi---","rwAttr":21}}
{"tick":"1518","type":2300,"db":"rwRegister","cuid":"h786D8EA1B964/137","tid":"1211","data":{"_key":"16","_id":"rwCol/16","_rev":"_f7J7vyi--_","rwAttr":3}}
{"tick":"1519","type":2201,"tid":"1211","db":"rwRegister"}
{"tick":"1520","type":2200,"tid":"1219","db":"rwRegister"}
{"tick":"1521","type":2300,"db":"rwRegister","cuid":"h786D8EA1B964/137","tid":"1219","data":{"_key":"15","_id":"rwCol/15","_rev":"_f7J7v8i---","rwAttr":22}}
{"tick":"1524","type":2300,"db":"rwRegister","cuid":"h786D8EA1B964/137","tid":"1219","data":{"_key":"15","_id":"rwCol/15","_rev":"_f7J7v8m---","rwAttr":23}}
{"tick":"1527","type":2300,"db":"rwRegister","cuid":"h786D8EA1B964/137","tid":"1219","data":{"_key":"16","_id":"rwCol/16","_rev":"_f7J7v8q---","rwAttr":4}}
{"tick":"1530","type":2300,"db":"rwRegister","cuid":"h786D8EA1B964/137","tid":"1219","data":{"_key":"15","_id":"rwCol/15","_rev":"_f7J7v8u---","rwAttr":24}}
{"tick":"1531","type":2201,"tid":"1219","db":"rwRegister"}
{"tick":"1532","type":2200,"tid":"1225","db":"rwRegister"}
{"tick":"1533","type":2300,"db":"rwRegister","cuid":"h786D8EA1B964/137","tid":"1225","data":{"_key":"16","_id":"rwCol/16","_rev":"_f7J7wCC---","rwAttr":5}}
{"tick":"1536","type":2300,"db":"rwRegister","cuid":"h786D8EA1B964/137","tid":"1225","data":{"_key":"15","_id":"rwCol/15","_rev":"_f7J7wCW---","rwAttr":25}}
{"tick":"1537","type":2201,"tid":"1225","db":"rwRegister"}
{"tick":"1538","type":2200,"tid":"1233","db":"rwRegister"}
{"tick":"1539","type":2300,"db":"rwRegister","cuid":"h786D8EA1B964/137","tid":"1233","data":{"_key":"15","_id":"rwCol/15","_rev":"_f7J7wI----","rwAttr":26}}
{"tick":"1540","type":2201,"tid":"1233","db":"rwRegister"}
{"tick":"1541","type":2200,"tid":"1236","db":"rwRegister"}
{"tick":"1542","type":2300,"db":"rwRegister","cuid":"h786D8EA1B964/137","tid":"1236","data":{"_key":"16","_id":"rwCol/16","_rev":"_f7J7wRq---","rwAttr":6}}
{"tick":"1545","type":2300,"db":"rwRegister","cuid":"h786D8EA1B964/137","tid":"1236","data":{"_key":"15","_id":"rwCol/15","_rev":"_f7J7wRu---","rwAttr":27}}
{"tick":"1548","type":2300,"db":"rwRegister","cuid":"h786D8EA1B964/137","tid":"1236","data":{"_key":"15","_id":"rwCol/15","_rev":"_f7J7wR2---","rwAttr":28}}
{"tick":"1549","type":2201,"tid":"1236","db":"rwRegister"}
{"tick":"1550","type":2200,"tid":"1245","db":"rwRegister"}
{"tick":"1551","type":2300,"db":"rwRegister","cuid":"h786D8EA1B964/137","tid":"1245","data":{"_key":"15","_id":"rwCol/15","_rev":"_f7J7wUS---","rwAttr":29}}
{"tick":"1554","type":2300,"db":"rwRegister","cuid":"h786D8EA1B964/137","tid":"1245","data":{"_key":"16","_id":"rwCol/16","_rev":"_f7J7wUW---","rwAttr":7}}
{"tick":"1557","type":2300,"db":"rwRegister","cuid":"h786D8EA1B964/137","tid":"1245","data":{"_key":"15","_id":"rwCol/15","_rev":"_f7J7wUa---","rwAttr":30}}
{"tick":"1560","type":2300,"db":"rwRegister","cuid":"h786D8EA1B964/137","tid":"1245","data":{"_key":"14","_id":"rwCol/14","_rev":"_f7J7wUe---","rwAttr":5}}
{"tick":"1561","type":2201,"tid":"1245","db":"rwRegister"}
{"tick":"1562","type":2200,"tid":"1254","db":"rwRegister"}
{"tick":"1563","type":2300,"db":"rwRegister","cuid":"h786D8EA1B964/137","tid":"1254","data":{"_key":"15","_id":"rwCol/15","_rev":"_f7J7wcG---","rwAttr":31}}
{"tick":"1564","type":2201,"tid":"1254","db":"rwRegister"}
{"tick":"1565","type":2200,"tid":"1264","db":"rwRegister"}
{"tick":"1566","type":2300,"db":"rwRegister","cuid":"h786D8EA1B964/137","tid":"1264","data":{"_key":"15","_id":"rwCol/15","_rev":"_f7J7wtO---","rwAttr":32}}
{"tick":"1567","type":2201,"tid":"1264","db":"rwRegister"}
{"tick":"1568","type":2200,"tid":"1267","db":"rwRegister"}
{"tick":"1568","type":2300,"db":"rwRegister","cuid":"h786D8EA1B964/137","tid":"1267","data":{"_key":"17","_id":"rwCol/17","_rev":"_f7J7wuy---","rwAttr":1}}
{"tick":"1571","type":2300,"db":"rwRegister","cuid":"h786D8EA1B964/137","tid":"1267","data":{"_key":"17","_id":"rwCol/17","_rev":"_f7J7wu2---","rwAttr":2}}
{"tick":"1574","type":2300,"db":"rwRegister","cuid":"h786D8EA1B964/137","tid":"1267","data":{"_key":"16","_id":"rwCol/16","_rev":"_f7J7wu6---","rwAttr":8}}
{"tick":"1575","type":2201,"tid":"1267","db":"rwRegister"}
{"tick":"1580","type":2200,"tid":"1273","db":"rwRegister"}
{"tick":"1581","type":2300,"db":"rwRegister","cuid":"h786D8EA1B964/137","tid":"1273","data":{"_key":"17","_id":"rwCol/17","_rev":"_f7J7w3u---","rwAttr":3}}
{"tick":"1584","type":2300,"db":"rwRegister","cuid":"h786D8EA1B964/137","tid":"1273","data":{"_key":"16","_id":"rwCol/16","_rev":"_f7J7w3y---","rwAttr":9}}
{"tick":"1587","type":2300,"db":"rwRegister","cuid":"h786D8EA1B964/137","tid":"1273","data":{"_key":"17","_id":"rwCol/17","_rev":"_f7J7w32---","rwAttr":4}}
{"tick":"1590","type":2300,"db":"rwRegister","cuid":"h786D8EA1B964/137","tid":"1273","data":{"_key":"14","_id":"rwCol/14","_rev":"_f7J7w32--_","rwAttr":6}}
{"tick":"1593","type":2300,"db":"rwRegister","cuid":"h786D8EA1B964/137","tid":"1273","data":{"_key":"17","_id":"rwCol/17","_rev":"_f7J7w36---","rwAttr":5}}
{"tick":"1594","type":2201,"tid":"1273","db":"rwRegister"}
{"tick":"1595","type":2200,"tid":"1283","db":"rwRegister"}
{"tick":"1596","type":2300,"db":"rwRegister","cuid":"h786D8EA1B964/137","tid":"1283","data":{"_key":"17","_id":"rwCol/17","_rev":"_f7J7xCu---","rwAttr":8}}
{"tick":"1599","type":2300,"db":"rwRegister","cuid":"h786D8EA1B964/137","tid":"1283","data":{"_key":"14","_id":"rwCol/14","_rev":"_f7J7xCy---","rwAttr":7}}
{"tick":"1602","type":2300,"db":"rwRegister","cuid":"h786D8EA1B964/137","tid":"1283","data":{"_key":"17","_id":"rwCol/17","_rev":"_f7J7xCy--_","rwAttr":9}}
{"tick":"1605","type":2300,"db":"rwRegister","cuid":"h786D8EA1B964/137","tid":"1283","data":{"_key":"17","_id":"rwCol/17","_rev":"_f7J7xC2---","rwAttr":10}}
{"tick":"1606","type":2201,"tid":"1283","db":"rwRegister"}
{"tick":"1607","type":2200,"tid":"1291","db":"rwRegister"}
{"tick":"1608","type":2300,"db":"rwRegister","cuid":"h786D8EA1B964/137","tid":"1291","data":{"_key":"14","_id":"rwCol/14","_rev":"_f7J7xMm---","rwAttr":8}}
{"tick":"1609","type":2201,"tid":"1291","db":"rwRegister"}
{"tick":"1610","type":2200,"tid":"1295","db":"rwRegister"}
{"tick":"1611","type":2300,"db":"rwRegister","cuid":"h786D8EA1B964/137","tid":"1295","data":{"_key":"17","_id":"rwCol/17","_rev":"_f7J7xYi---","rwAttr":11}}
{"tick":"1614","type":2300,"db":"rwRegister","cuid":"h786D8EA1B964/137","tid":"1295","data":{"_key":"16","_id":"rwCol/16","_rev":"_f7J7xYm---","rwAttr":10}}
{"tick":"1615","type":2201,"tid":"1295","db":"rwRegister"}
{"tick":"1616","type":2200,"tid":"1300","db":"rwRegister"}
{"tick":"1617","type":2300,"db":"rwRegister","cuid":"h786D8EA1B964/137","tid":"1300","data":{"_key":"17","_id":"rwCol/17","_rev":"_f7J7xeC---","rwAttr":12}}
{"tick":"1620","type":2300,"db":"rwRegister","cuid":"h786D8EA1B964/137","tid":"1300","data":{"_key":"14","_id":"rwCol/14","_rev":"_f7J7xeK---","rwAttr":9}}
{"tick":"1623","type":2300,"db":"rwRegister","cuid":"h786D8EA1B964/137","tid":"1300","data":{"_key":"16","_id":"rwCol/16","_rev":"_f7J7xeS---","rwAttr":11}}
{"tick":"1624","type":2201,"tid":"1300","db":"rwRegister"}
