{"tick":"74","type":1100,"db":"rwRegister","data":{"id":"94","name":"rwRegister","isSystem":false}}
{"tick":"89","db":"rwRegister","cuid":"h83E1C8303B00/133","type":2000,"data":{"allowUserKeys":true,"cacheEnabled":false,"cid":"133","deleted":false,"globallyUniqueId":"h83E1C8303B00/133","id":"133","indexes":[{"fields":["_key"],"id":"0","name":"primary","sparse":false,"type":"primary","unique":true}],"internalValidatorType":0,"isDisjoint":false,"isSmart":false,"isSmartChild":false,"isSystem":false,"keyOptions":{"allowUserKeys":true,"lastValue":0,"type":"traditional"},"minReplicationFactor":1,"name":"rwCol","numberOfShards":1,"planId":"133","replicationFactor":1,"schema":null,"shardKeys":["_key"],"shards":{},"status":3,"syncByRevision":true,"type":2,"usesRevisionsAsDocumentIds":true,"version":9,"waitForSync":false,"writeConcern":1}}
{"tick":"94","type":2200,"tid":"137","db":"rwRegister"}
{"tick":"94","type":2300,"db":"rwRegister","cuid":"h83E1C8303B00/133","tid":"137","data":{"_key":"1","_id":"rwCol/1","_rev":"_fz2tHHq---","rwAttr":1}}
{"tick":"96","type":2300,"db":"rwRegister","cuid":"h83E1C8303B00/133","tid":"137","data":{"_key":"3","_id":"rwCol/3","_rev":"_fz2tHH2---","rwAttr":1}}
{"tick":"97","type":2201,"tid":"137","db":"rwRegister"}
{"tick":"98","type":2200,"tid":"142","db":"rwRegister"}
{"tick":"98","type":2300,"db":"rwRegister","cuid":"h83E1C8303B00/133","tid":"142","data":{"_key":"4","_id":"rwCol/4","_rev":"_fz2tHP----","rwAttr":1}}
{"tick":"100","type":2300,"db":"rwRegister","cuid":"h83E1C8303B00/133","tid":"142","data":{"_key":"2","_id":"rwCol/2","_rev":"_fz2tHPC---","rwAttr":1}}
{"tick":"103","type":2300,"db":"rwRegister","cuid":"h83E1C8303B00/133","tid":"142","data":{"_key":"4","_id":"rwCol/4","_rev":"_fz2tHPG---","rwAttr":2}}
{"tick":"106","type":2300,"db":"rwRegister","cuid":"h83E1C8303B00/133","tid":"142","data":{"_key":"3","_id":"rwCol/3","_rev":"_fz2tHPK---","rwAttr":2}}
{"tick":"107","type":2201,"tid":"142","db":"rwRegister"}
{"tick":"108","type":2200,"tid":"148","db":"rwRegister"}
{"tick":"109","type":2300,"db":"rwRegister","cuid":"h83E1C8303B00/133","tid":"148","data":{"_key":"3","_id":"rwCol/3","_rev":"_fz2tHXm---","rwAttr":3}}
{"tick":"112","type":2300,"db":"rwRegister","cuid":"h83E1C8303B00/133","tid":"148","data":{"_key":"4","_id":"rwCol/4","_rev":"_fz2tHXu---","rwAttr":3}}
{"tick":"114","type":2300,"db":"rwRegister","cuid":"h83E1C8303B00/133","tid":"148","data":{"_key":"5","_id":"rwCol/5","_rev":"_fz2tHX2---","rwAttr":1}}
{"tick":"117","type":2300,"db":"rwRegister","cuid":"h83E1C8303B00/133","tid":"148","data":{"_key":"5","_id":"rwCol/5","_rev":"_fz2tHX6---","rwAttr":2}}
{"tick":"119","type":2300,"db":"rwRegister","cuid":"h83E1C8303B00/133","tid":"148","data":{"_key":"6","_id":"rwCol/6","_rev":"_fz2tHY----","rwAttr":1}}
{"tick":"120","type":2201,"tid":"148","db":"rwRegister"}
{"tick":"121","type":2200,"tid":"156","db":"rwRegister"}
{"tick":"122","type":2300,"db":"rwRegister","cuid":"h83E1C8303B00/133","tid":"156","data":{"_key":"5","_id":"rwCol/5","_rev":"_fz2tHae---","rwAttr":3}}
{"tick":"125","type":2300,"db":"rwRegister","cuid":"h83E1C8303B00/133","tid":"156","data":{"_key":"2","_id":"rwCol/2","_rev":"_fz2tHae--_","rwAttr":2}}
{"tick":"126","type":2201,"tid":"156","db":"rwRegister"}
{"tick":"127","type":2200,"tid":"165","db":"rwRegister"}
{"tick":"127","type":2300,"db":"rwRegister","cuid":"h83E1C8303B00/133","tid":"165","data":{"_key":"7","_id":"rwCol/7","_rev":"_fz2tHiG---","rwAttr":1}}
{"tick":"130","type":2300,"db":"rwRegister","cuid":"h83E1C8303B00/133","tid":"165","data":{"_key":"6","_id":"rwCol/6","_rev":"_fz2tHiK---","rwAttr":2}}
{"tick":"133","type":2300,"db":"rwRegister","cuid":"h83E1C8303B00/133","tid":"165","data":{"_key":"7","_id":"rwCol/7","_rev":"_fz2tHiO---","rwAttr":2}}
{"tick":"136","type":2300,"db":"rwRegister","cuid":"h83E1C8303B00/133","tid":"165","data":{"_key":"7","_id":"rwCol/7","_rev":"_fz2tHiO--_","rwAttr":3}}
{"tick":"138","type":2300,"db":"rwRegister","cuid":"h83E1C8303B00/133","tid":"165","data":{"_key":"8","_id":"rwCol/8","_rev":"_fz2tHiS---","rwAttr":1}}
{"tick":"139","type":2201,"tid":"165","db":"rwRegister"}
{"tick":"140","type":2200,"tid":"173","db":"rwRegister"}
{"tick":"141","type":2300,"db":"rwRegister","cuid":"h83E1C8303B00/133","tid":"173","data":{"_key":"8","_id":"rwCol/8","_rev":"_fz2tHsW---","rwAttr":2}}
{"tick":"144","type":2300,"db":"rwRegister","cuid":"h83E1C8303B00/133","tid":"173","data":{"_key":"8","_id":"rwCol/8","_rev":"_fz2tHsa---","rwAttr":3}}
{"tick":"147","type":2300,"db":"rwRegister","cuid":"h83E1C8303B00/133","tid":"173","data":{"_key":"6","_id":"rwCol/6","_rev":"_fz2tHsm---","rwAttr":3}}
{"tick":"149","type":2300,"db":"rwRegister","cuid":"h83E1C8303B00/133","tid":"173","data":{"_key":"9","_id":"rwCol/9","_rev":"_fz2tHsq---","rwAttr":1}}
{"tick":"150","type":2201,"tid":"173","db":"rwRegister"}
{"tick":"151","type":2200,"tid":"182","db":"rwRegister"}
{"tick":"151","type":2300,"db":"rwRegister","cuid":"h83E1C8303B00/133","tid":"182","data":{"_key":"10","_id":"rwCol/10","_rev":"_fz2tH1m---","rwAttr":1}}
{"tick":"152","type":2201,"tid":"182","db":"rwRegister"}
{"tick":"153","type":2200,"tid":"187","db":"rwRegister"}
{"tick":"154","type":2300,"db":"rwRegister","cuid":"h83E1C8303B00/133","tid":"187","data":{"_key":"9","_id":"rwCol/9","_rev":"_fz2tH6q---","rwAttr":2}}
{"tick":"157","type":2300,"db":"rwRegister","cuid":"h83E1C8303B00/133","tid":"187","data":{"_key":"10","_id":"rwCol/10","_rev":"_fz2tH6u---","rwAttr":2}}
{"tick":"160","type":2300,"db":"rwRegister","cuid":"h83E1C8303B00/133","tid":"187","data":{"_key":"9","_id":"rwCol/9","_rev":"_fz2tH6u--_","rwAttr":3}}
{"tick":"163","type":2300,"db":"rwRegister","cuid":"h83E1C8303B00/133","tid":"187","data":{"_key":"10","_id":"rwCol/10","_rev":"_fz2tH6y---","rwAttr":3}}
{"tick":"164","type":2201,"tid":"187","db":"rwRegister"}
{"tick":"165","type":2200,"tid":"194","db":"rwRegister"}
{"tick":"166","type":2300,"db":"rwRegister","cuid":"h83E1C8303B00/133","tid":"194","data":{"_key":"2","_id":"rwCol/2","_rev":"_fz2tIA6---","rwAttr":3}}
{"tick":"167","type":2201,"tid":"194","db":"rwRegister"}
{"tick":"168","type":2200,"tid":"200","db":"rwRegister"}
{"tick":"168","type":2300,"db":"rwRegister","cuid":"h83E1C8303B00/133","tid":"200","data":{"_key":"11","_id":"rwCol/11","_rev":"_fz2tIJ2---","rwAttr":1}}
{"tick":"169","type":2201,"tid":"200","db":"rwRegister"}
{"tick":"170","type":2200,"tid":"206","db":"rwRegister"}
{"tick":"170","type":2300,"db":"rwRegister","cuid":"h83E1C8303B00/133","tid":"206","data":{"_key":"12","_id":"rwCol/12","_rev":"_fz2tIP2---","rwAttr":1}}
{"tick":"173","type":2300,"db":"rwRegister","cuid":"h83E1C8303B00/133","tid":"206","data":{"_key":"11","_id":"rwCol/11","_rev":"_fz2tIQ----","rwAttr":2}}
{"tick":"176","type":2300,"db":"rwRegister","cuid":"h83E1C8303B00/133","tid":"206","data":{"_key":"11","_id":"rwCol/11","_rev":"_fz2tIQ---_","rwAttr":3}}
{"tick":"177","type":2201,"tid":"206","db":"rwRegister"}
{"tick":"178","type":2200,"tid":"216","db":"rwRegister"}
{"tick":"179","type":2300,"db":"rwRegister","cuid":"h83E1C8303B00/133","tid":"216","data":{"_key":"12","_id":"rwCol/12","_rev":"_fz2tIV6---","rwAttr":3}}
{"tick":"181","type":2300,"db":"rwRegister","cuid":"h83E1C8303B00/133","tid":"216","data":{"_key":"14","_id":"rwCol/14","_rev":"_fz2tIW----","rwAttr":1}}
{"tick":"183","type":2300,"db":"rwRegister","cuid":"h83E1C8303B00/133","tid":"216","data":{"_key":"15","_id":"rwCol/15","_rev":"_fz2tIW---_","rwAttr":1}}
{"tick":"186","type":2300,"db":"rwRegister","cuid":"h83E1C8303B00/133","tid":"216","data":{"_key":"15","_id":"rwCol/15","_rev":"_fz2tIWG---","rwAttr":2}}
{"tick":"189","type":2300,"db":"rwRegister","cuid":"h83E1C8303B00/133","tid":"216","data":{"_key":"15","_id":"rwCol/15","_rev":"_fz2tIWK---","rwAttr":3}}
{"tick":"190","type":2201,"tid":"216","db":"rwRegister"}
{"tick":"191","type":2200,"tid":"231","db":"rwRegister"}
{"tick":"192","type":2300,"db":"rwRegister","cuid":"h83E1C8303B00/133","tid":"231","data":{"_key":"14","_id":"rwCol/14","_rev":"_fz2tIXO---","rwAttr":2}}
{"tick":"195","type":2300,"db":"rwRegister","cuid":"h83E1C8303B00/133","tid":"231","data":{"_key":"14","_id":"rwCol/14","_rev":"_fz2tIXS---","rwAttr":3}}
{"tick":"196","type":2201,"tid":"231","db":"rwRegister"}
{"tick":"197","type":2200,"tid":"238","db":"rwRegister"}
{"tick":"197","type":2300,"db":"rwRegister","cuid":"h83E1C8303B00/133","tid":"238","data":{"_key":"17","_id":"rwCol/17","_rev":"_fz2tIeW---","rwAttr":1}}
{"tick":"200","type":2300,"db":"rwRegister","cuid":"h83E1C8303B00/133","tid":"238","data":{"_key":"17","_id":"rwCol/17","_rev":"_fz2tIeW--_","rwAttr":2}}
{"tick":"201","type":2201,"tid":"238","db":"rwRegister"}
{"tick":"202","type":2200,"tid":"244","db":"rwRegister"}
{"tick":"202","type":2300,"db":"rwRegister","cuid":"h83E1C8303B00/133","tid":"244","data":{"_key":"16","_id":"rwCol/16","_rev":"_fz2tIku---","rwAttr":1}}
{"tick":"204","type":2300,"db":"rwRegister","cuid":"h83E1C8303B00/133","tid":"244","data":{"_key":"0","_id":"rwCol/0","_rev":"_fz2tIky---","rwAttr":1}}
{"tick":"207","type":2300,"db":"rwRegister","cuid":"h83E1C8303B00/133","tid":"244","data":{"_key":"16","_id":"rwCol/16","_rev":"_fz2tIk2---","rwAttr":2}}
{"tick":"208","type":2201,"tid":"244","db":"rwRegister"}
{"tick":"209","type":2200,"tid":"250","db":"rwRegister"}
{"tick":"210","type":2300,"db":"rwRegister","cuid":"h83E1C8303B00/133","tid":"250","data":{"_key":"17","_id":"rwCol/17","_rev":"_fz2tIqe---","rwAttr":3}}
{"tick":"212","type":2300,"db":"rwRegister","cuid":"h83E1C8303B00/133","tid":"250","data":{"_key":"13","_id":"rwCol/13","_rev":"_fz2tIqi---","rwAttr":1}}
{"tick":"215","type":2300,"db":"rwRegister","cuid":"h83E1C8303B00/133","tid":"250","data":{"_key":"13","_id":"rwCol/13","_rev":"_fz2tIqm---","rwAttr":2}}
{"tick":"218","type":2300,"db":"rwRegister","cuid":"h83E1C8303B00/133","tid":"250","data":{"_key":"1","_id":"rwCol/1","_rev":"_fz2tIqy---","rwAttr":3}}
{"tick":"219","type":2201,"tid":"250","db":"rwRegister"}
{"tick":"220","type":2200,"tid":"259","db":"rwRegister"}
{"tick":"221","type":2300,"db":"rwRegister","cuid":"h83E1C8303B00/133","tid":"259","data":{"_key":"16","_id":"rwCol/16","_rev":"_fz2tIx----","rwAttr":3}}
{"tick":"223","type":2300,"db":"rwRegister","cuid":"h83E1C8303B00/133","tid":"259","data":{"_key":"18","_id":"rwCol/18","_rev":"_fz2tIxC---","rwAttr":1}}
{"tick":"226","type":2300,"db":"rwRegister","cuid":"h83E1C8303B00/133","tid":"259","data":{"_key":"0","_id":"rwCol/0","_rev":"_fz2tIxK---","rwAttr":2}}
{"tick":"227","type":2201,"tid":"259","db":"rwRegister"}
{"tick":"234","type":2200,"tid":"264","db":"rwRegister"}
{"tick":"235","type":2300,"db":"rwRegister","cuid":"h83E1C8303B00/133","tid":"264","data":{"_key":"18","_id":"rwCol/18","_rev":"_fz2tI9O---","rwAttr":2}}
{"tick":"237","type":2300,"db":"rwRegister","cuid":"h83E1C8303B00/133","tid":"264","data":{"_key":"19","_id":"rwCol/19","_rev":"_fz2tI9S---","rwAttr":1}}
{"tick":"240","type":2300,"db":"rwRegister","cuid":"h83E1C8303B00/133","tid":"264","data":{"_key":"18","_id":"rwCol/18","_rev":"_fz2tI9W---","rwAttr":3}}
{"tick":"243","type":2300,"db":"rwRegister","cuid":"h83E1C8303B00/133","tid":"264","data":{"_key":"19","_id":"rwCol/19","_rev":"_fz2tI9W--_","rwAttr":2}}
{"tick":"245","type":2300,"db":"rwRegister","cuid":"h83E1C8303B00/133","tid":"264","data":{"_key":"20","_id":"rwCol/20","_rev":"_fz2tI9a---","rwAttr":1}}
{"tick":"248","type":2300,"db":"rwRegister","cuid":"h83E1C8303B00/133","tid":"264","data":{"_key":"20","_id":"rwCol/20","_rev":"_fz2tI9e---","rwAttr":2}}
{"tick":"249","type":2201,"tid":"264","db":"rwRegister"}
{"tick":"250","type":2200,"tid":"272","db":"rwRegister"}
{"tick":"251","type":2300,"db":"rwRegister","cuid":"h83E1C8303B00/133","tid":"272","data":{"_key":"20","_id":"rwCol/20","_rev":"_fz2tJGG---","rwAttr":3}}
{"tick":"254","type":2300,"db":"rwRegister","cuid":"h83E1C8303B00/133","tid":"272","data":{"_key":"19","_id":"rwCol/19","_rev":"_fz2tJGK---","rwAttr":3}}
{"tick":"255","type":2201,"tid":"272","db":"rwRegister"}
{"tick":"256","type":2200,"tid":"277","db":"rwRegister"}
{"tick":"256","type":2300,"db":"rwRegister","cuid":"h83E1C8303B00/133","tid":"277","data":{"_key":"21","_id":"rwCol/21","_rev":"_fz2tJJi---","rwAttr":1}}
{"tick":"259","type":2300,"db":"rwRegister","cuid":"h83E1C8303B00/133","tid":"277","data":{"_key":"21","_id":"rwCol/21","_rev":"_fz2tJJm---","rwAttr":2}}
{"tick":"262","type":2300,"db":"rwRegister","cuid":"h83E1C8303B00/133","tid":"277","data":{"_key":"21","_id":"rwCol/21","_rev":"_fz2tJJq---","rwAttr":3}}
{"tick":"264","type":2300,"db":"rwRegister","cuid":"h83E1C8303B00/133","tid":"277","data":{"_key":"22","_id":"rwCol/22","_rev":"_fz2tJJy---","rwAttr":1}}
{"tick":"267","type":2300,"db":"rwRegister","cuid":"h83E1C8303B00/133","tid":"277","data":{"_key":"13","_id":"rwCol/13","_rev":"_fz2tJJy--_","rwAttr":3}}
{"tick":"268","type":2201,"tid":"277","db":"rwRegister"}
{"tick":"269","type":2200,"tid":"285","db":"rwRegister"}
{"tick":"270","type":2300,"db":"rwRegister","cuid":"h83E1C8303B00/133","tid":"285","data":{"_key":"22","_id":"rwCol/22","_rev":"_fz2tJLO---","rwAttr":2}}
{"tick":"272","type":2300,"db":"rwRegister","cuid":"h83E1C8303B00/133","tid":"285","data":{"_key":"23","_id":"rwCol/23","_rev":"_fz2tJLS---","rwAttr":1}}
{"tick":"273","type":2201,"tid":"285","db":"rwRegister"}
{"tick":"274","type":2200,"tid":"291","db":"rwRegister"}
{"tick":"275","type":2300,"db":"rwRegister","cuid":"h83E1C8303B00/133","tid":"291","data":{"_key":"22","_id":"rwCol/22","_rev":"_fz2tJO----","rwAttr":3}}
{"tick":"277","type":2300,"db":"rwRegister","cuid":"h83E1C8303B00/133","tid":"291","data":{"_key":"24","_id":"rwCol/24","_rev":"_fz2tJOG---","rwAttr":1}}
{"tick":"278","type":2201,"tid":"291","db":"rwRegister"}
{"tick":"279","type":2200,"tid":"298","db":"rwRegister"}
{"tick":"280","type":2300,"db":"rwRegister","cuid":"h83E1C8303B00/133","tid":"298","data":{"_key":"23","_id":"rwCol/23","_rev":"_fz2tJQi---","rwAttr":2}}
{"tick":"281","type":2201,"tid":"298","db":"rwRegister"}
{"tick":"282","type":2200,"tid":"304","db":"rwRegister"}
{"tick":"283","type":2300,"db":"rwRegister","cuid":"h83E1C8303B00/133","tid":"304","data":{"_key":"23","_id":"rwCol/23","_rev":"_fz2tJa6---","rwAttr":3}}
{"tick":"286","type":2300,"db":"rwRegister","cuid":"h83E1C8303B00/133","tid":"304","data":{"_key":"24","_id":"rwCol/24","_rev":"_fz2tJbC---","rwAttr":2}}
{"tick":"287","type":2201,"tid":"304","db":"rwRegister"}
{"tick":"288","type":2200,"tid":"311","db":"rwRegister"}
{"tick":"288","type":2300,"db":"rwRegister","cuid":"h83E1C8303B00/133","tid":"311","data":{"_key":"25","_id":"rwCol/25","_rev":"_fz2tJeW---","rwAttr":1}}
{"tick":"291","type":2300,"db":"rwRegister","cuid":"h83E1C8303B00/133","tid":"311","data":{"_key":"0","_id":"rwCol/0","_rev":"_fz2tJea---","rwAttr":3}}
{"tick":"292","type":2201,"tid":"311","db":"rwRegister"}
{"tick":"293","type":2200,"tid":"320","db":"rwRegister"}
{"tick":"294","type":2300,"db":"rwRegister","cuid":"h83E1C8303B00/133","tid":"320","data":{"_key":"24","_id":"rwCol/24","_rev":"_fz2tJp2---","rwAttr":3}}
{"tick":"295","type":2201,"tid":"320","db":"rwRegister"}
{"tick":"296","type":2200,"tid":"326","db":"rwRegister"}
{"tick":"296","type":2300,"db":"rwRegister","cuid":"h83E1C8303B00/133","tid":"326","data":{"_key":"27","_id":"rwCol/27","_rev":"_fz2tJ2C---","rwAttr":1}}
{"tick":"299","type":2300,"db":"rwRegister","cuid":"h83E1C8303B00/133","tid":"326","data":{"_key":"25","_id":"rwCol/25","_rev":"_fz2tJ2G---","rwAttr":2}}
{"tick":"300","type":2201,"tid":"326","db":"rwRegister"}
{"tick":"307","type":2200,"tid":"336","db":"rwRegister"}
{"tick":"308","type":2300,"db":"rwRegister","cuid":"h83E1C8303B00/133","tid":"336","data":{"_key":"27","_id":"rwCol/27","_rev":"_fz2tKAC---","rwAttr":2}}
{"tick":"310","type":2300,"db":"rwRegister","cuid":"h83E1C8303B00/133","tid":"336","data":{"_key":"28","_id":"rwCol/28","_rev":"_fz2tKAG---","rwAttr":1}}
{"tick":"313","type":2300,"db":"rwRegister","cuid":"h83E1C8303B00/133","tid":"336","data":{"_key":"27","_id":"rwCol/27","_rev":"_fz2tKAK---","rwAttr":3}}
{"tick":"314","type":2201,"tid":"336","db":"rwRegister"}
{"tick":"315","type":2200,"tid":"345","db":"rwRegister"}
{"tick":"316","type":2300,"db":"rwRegister","cuid":"h83E1C8303B00/133","tid":"345","data":{"_key":"25","_id":"rwCol/25","_rev":"_fz2tKCm---","rwAttr":3}}
{"tick":"318","type":2300,"db":"rwRegister","cuid":"h83E1C8303B00/133","tid":"345","data":{"_key":"29","_id":"rwCol/29","_rev":"_fz2tKCq---","rwAttr":1}}
{"tick":"319","type":2201,"tid":"345","db":"rwRegister"}
{"tick":"320","type":2200,"tid":"350","db":"rwRegister"}
{"tick":"321","type":2300,"db":"rwRegister","cuid":"h83E1C8303B00/133","tid":"350","data":{"_key":"29","_id":"rwCol/29","_rev":"_fz2tKFS---","rwAttr":2}}
{"tick":"324","type":2300,"db":"rwRegister","cuid":"h83E1C8303B00/133","tid":"350","data":{"_key":"29","_id":"rwCol/29","_rev":"_fz2tKFW---","rwAttr":3}}
{"tick":"326","type":2300,"db":"rwRegister","cuid":"h83E1C8303B00/133","tid":"350","data":{"_key":"30","_id":"rwCol/30","_rev":"_fz2tKFa---","rwAttr":1}}
{"tick":"327","type":2201,"tid":"350","db":"rwRegister"}
{"tick":"328","type":2200,"tid":"357","db":"rwRegister"}
{"tick":"329","type":2300,"db":"rwRegister","cuid":"h83E1C8303B00/133","tid":"357","data":{"_key":"30","_id":"rwCol/30","_rev":"_fz2tKKO---","rwAttr":2}}
{"tick":"332","type":2300,"db":"rwRegister","cuid":"h83E1C8303B00/133","tid":"357","data":{"_key":"30","_id":"rwCol/30","_rev":"_fz2tKKO--_","rwAttr":3}}
{"tick":"333","type":2201,"tid":"357","db":"rwRegister"}
{"tick":"334","type":2200,"tid":"363","db":"rwRegister"}
{"tick":"334","type":2300,"db":"rwRegister","cuid":"h83E1C8303B00/133","tid":"363","data":{"_key":"26","_id":"rwCol/26","_rev":"_fz2tKU6---","rwAttr":1}}
{"tick":"337","type":2300,"db":"rwRegister","cuid":"h83E1C8303B00/133","tid":"363","data":{"_key":"26","_id":"rwCol/26","_rev":"_fz2tKV----","rwAttr":2}}
{"tick":"339","type":2300,"db":"rwRegister","cuid":"h83E1C8303B00/133","tid":"363","data":{"_key":"32","_id":"rwCol/32","_rev":"_fz2tKV---_","rwAttr":1}}
{"tick":"342","type":2300,"db":"rwRegister","cuid":"h83E1C8303B00/133","tid":"363","data":{"_key":"32","_id":"rwCol/32","_rev":"_fz2tKVC---","rwAttr":2}}
{"tick":"343","type":2201,"tid":"363","db":"rwRegister"}
{"tick":"344","type":2200,"tid":"369","db":"rwRegister"}
{"tick":"345","type":2300,"db":"rwRegister","cuid":"h83E1C8303B00/133","tid":"369","data":{"_key":"26","_id":"rwCol/26","_rev":"_fz2tKhG---","rwAttr":3}}
{"tick":"347","type":2300,"db":"rwRegister","cuid":"h83E1C8303B00/133","tid":"369","data":{"_key":"33","_id":"rwCol/33","_rev":"_fz2tKhG--_","rwAttr":1}}
{"tick":"350","type":2300,"db":"rwRegister","cuid":"h83E1C8303B00/133","tid":"369","data":{"_key":"32","_id":"rwCol/32","_rev":"_fz2tKhK---","rwAttr":3}}
{"tick":"352","type":2300,"db":"rwRegister","cuid":"h83E1C8303B00/133","tid":"369","data":{"_key":"34","_id":"rwCol/34","_rev":"_fz2tKhO---","rwAttr":1}}
{"tick":"353","type":2201,"tid":"369","db":"rwRegister"}
{"tick":"354","type":2200,"tid":"378","db":"rwRegister"}
{"tick":"355","type":2300,"db":"rwRegister","cuid":"h83E1C8303B00/133","tid":"378","data":{"_key":"34","_id":"rwCol/34","_rev":"_fz2tKlW---","rwAttr":2}}
{"tick":"356","type":2201,"tid":"378","db":"rwRegister"}
{"tick":"357","type":2200,"tid":"383","db":"rwRegister"}
{"tick":"358","type":2300,"db":"rwRegister","cuid":"h83E1C8303B00/133","tid":"383","data":{"_key":"34","_id":"rwCol/34","_rev":"_fz2tKqy---","rwAttr":3}}
{"tick":"359","type":2201,"tid":"383","db":"rwRegister"}
{"tick":"360","type":2200,"tid":"388","db":"rwRegister"}
{"tick":"360","type":2300,"db":"rwRegister","cuid":"h83E1C8303B00/133","tid":"388","data":{"_key":"35","_id":"rwCol/35","_rev":"_fz2tKxi---","rwAttr":1}}
{"tick":"363","type":2300,"db":"rwRegister","cuid":"h83E1C8303B00/133","tid":"388","data":{"_key":"35","_id":"rwCol/35","_rev":"_fz2tKxq---","rwAttr":2}}
{"tick":"364","type":2201,"tid":"388","db":"rwRegister"}
{"tick":"365","type":2200,"tid":"393","db":"rwRegister"}
{"tick":"365","type":2300,"db":"rwRegister","cuid":"h83E1C8303B00/133","tid":"393","data":{"_key":"36","_id":"rwCol/36","_rev":"_fz2tK1y---","rwAttr":1}}
{"tick":"366","type":2201,"tid":"393","db":"rwRegister"}
{"tick":"367","type":2200,"tid":"402","db":"rwRegister"}
{"tick":"368","type":2300,"db":"rwRegister","cuid":"h83E1C8303B00/133","tid":"402","data":{"_key":"36","_id":"rwCol/36","_rev":"_fz2tL-S---","rwAttr":2}}
{"tick":"371","type":2300,"db":"rwRegister","cuid":"h83E1C8303B00/133","tid":"402","data":{"_key":"33","_id":"rwCol/33","_rev":"_fz2tL-e---","rwAttr":2}}
{"tick":"374","type":2300,"db":"rwRegister","cuid":"h83E1C8303B00/133","tid":"402","data":{"_key":"36","_id":"rwCol/36","_rev":"_fz2tL-i---","rwAttr":3}}
{"tick":"375","type":2201,"tid":"402","db":"rwRegister"}
{"tick":"376","type":2200,"tid":"407","db":"rwRegister"}
{"tick":"376","type":2300,"db":"rwRegister","cuid":"h83E1C8303B00/133","tid":"407","data":{"_key":"31","_id":"rwCol/31","_rev":"_fz2tLCW---","rwAttr":1}}
{"tick":"379","type":2300,"db":"rwRegister","cuid":"h83E1C8303B00/133","tid":"407","data":{"_key":"35","_id":"rwCol/35","_rev":"_fz2tLCe---","rwAttr":3}}
{"tick":"382","type":2300,"db":"rwRegister","cuid":"h83E1C8303B00/133","tid":"407","data":{"_key":"33","_id":"rwCol/33","_rev":"_fz2tLCi---","rwAttr":3}}
{"tick":"383","type":2201,"tid":"407","db":"rwRegister"}
{"tick":"384","type":2200,"tid":"412","db":"rwRegister"}
{"tick":"384","type":2300,"db":"rwRegister","cuid":"h83E1C8303B00/133","tid":"412","data":{"_key":"37","_id":"rwCol/37","_rev":"_fz2tLJ2---","rwAttr":1}}
{"tick":"387","type":2300,"db":"rwRegister","cuid":"h83E1C8303B00/133","tid":"412","data":{"_key":"37","_id":"rwCol/37","_rev":"_fz2tLJ6---","rwAttr":2}}
{"tick":"390","type":2300,"db":"rwRegister","cuid":"h83E1C8303B00/133","tid":"412","data":{"_key":"37","_id":"rwCol/37","_rev":"_fz2tLK----","rwAttr":3}}
{"tick":"391","type":2201,"tid":"412","db":"rwRegister"}
{"tick":"392","type":2200,"tid":"420","db":"rwRegister"}
{"tick":"392","type":2300,"db":"rwRegister","cuid":"h83E1C8303B00/133","tid":"420","data":{"_key":"39","_id":"rwCol/39","_rev":"_fz2tLSS---","rwAttr":1}}
{"tick":"395","type":2300,"db":"rwRegister","cuid":"h83E1C8303B00/133","tid":"420","data":{"_key":"31","_id":"rwCol/31","_rev":"_fz2tLSS--_","rwAttr":2}}
{"tick":"396","type":2201,"tid":"420","db":"rwRegister"}
{"tick":"407","type":2200,"tid":"425","db":"rwRegister"}
{"tick":"407","type":2300,"db":"rwRegister","cuid":"h83E1C8303B00/133","tid":"425","data":{"_key":"38","_id":"rwCol/38","_rev":"_fz2tLZW---","rwAttr":1}}
{"tick":"410","type":2300,"db":"rwRegister","cuid":"h83E1C8303B00/133","tid":"425","data":{"_key":"39","_id":"rwCol/39","_rev":"_fz2tLZa---","rwAttr":2}}
{"tick":"411","type":2201,"tid":"425","db":"rwRegister"}
{"tick":"412","type":2200,"tid":"433","db":"rwRegister"}
{"tick":"413","type":2300,"db":"rwRegister","cuid":"h83E1C8303B00/133","tid":"433","data":{"_key":"38","_id":"rwCol/38","_rev":"_fz2tLle---","rwAttr":2}}
{"tick":"416","type":2300,"db":"rwRegister","cuid":"h83E1C8303B00/133","tid":"433","data":{"_key":"31","_id":"rwCol/31","_rev":"_fz2tLli---","rwAttr":3}}
{"tick":"419","type":2300,"db":"rwRegister","cuid":"h83E1C8303B00/133","tid":"433","data":{"_key":"39","_id":"rwCol/39","_rev":"_fz2tLlq---","rwAttr":3}}
{"tick":"420","type":2201,"tid":"433","db":"rwRegister"}
{"tick":"421","type":2200,"tid":"440","db":"rwRegister"}
{"tick":"421","type":2300,"db":"rwRegister","cuid":"h83E1C8303B00/133","tid":"440","data":{"_key":"40","_id":"rwCol/40","_rev":"_fz2tLwu---","rwAttr":1}}
{"tick":"422","type":2201,"tid":"440","db":"rwRegister"}
{"tick":"423","type":2200,"tid":"445","db":"rwRegister"}
{"tick":"424","type":2300,"db":"rwRegister","cuid":"h83E1C8303B00/133","tid":"445","data":{"_key":"40","_id":"rwCol/40","_rev":"_fz2tL7O---","rwAttr":2}}
{"tick":"425","type":2201,"tid":"445","db":"rwRegister"}
{"tick":"426","type":2200,"tid":"452","db":"rwRegister"}
{"tick":"427","type":2300,"db":"rwRegister","cuid":"h83E1C8303B00/133","tid":"452","data":{"_key":"40","_id":"rwCol/40","_rev":"_fz2tMAy---","rwAttr":3}}
{"tick":"428","type":2201,"tid":"452","db":"rwRegister"}
{"tick":"429","type":2200,"tid":"458","db":"rwRegister"}
{"tick":"429","type":2300,"db":"rwRegister","cuid":"h83E1C8303B00/133","tid":"458","data":{"_key":"43","_id":"rwCol/43","_rev":"_fz2tML----","rwAttr":1}}
{"tick":"430","type":2201,"tid":"458","db":"rwRegister"}
{"tick":"431","type":2200,"tid":"466","db":"rwRegister"}
{"tick":"432","type":2300,"db":"rwRegister","cuid":"h83E1C8303B00/133","tid":"466","data":{"_key":"43","_id":"rwCol/43","_rev":"_fz2tMVq---","rwAttr":2}}
{"tick":"435","type":2300,"db":"rwRegister","cuid":"h83E1C8303B00/133","tid":"466","data":{"_key":"43","_id":"rwCol/43","_rev":"_fz2tMV2---","rwAttr":3}}
{"tick":"437","type":2300,"db":"rwRegister","cuid":"h83E1C8303B00/133","tid":"466","data":{"_key":"41","_id":"rwCol/41","_rev":"_fz2tMV2--_","rwAttr":1}}
{"tick":"438","type":2201,"tid":"466","db":"rwRegister"}
{"tick":"439","type":2200,"tid":"474","db":"rwRegister"}
{"tick":"439","type":2300,"db":"rwRegister","cuid":"h83E1C8303B00/133","tid":"474","data":{"_key":"44","_id":"rwCol/44","_rev":"_fz2tMY----","rwAttr":1}}
{"tick":"442","type":2300,"db":"rwRegister","cuid":"h83E1C8303B00/133","tid":"474","data":{"_key":"44","_id":"rwCol/44","_rev":"_fz2tMYG--_","rwAttr":2}}
{"tick":"443","type":2201,"tid":"474","db":"rwRegister"}
{"tick":"444","type":2200,"tid":"481","db":"rwRegister"}
{"tick":"444","type":2300,"db":"rwRegister","cuid":"h83E1C8303B00/133","tid":"481","data":{"_key":"45","_id":"rwCol/45","_rev":"_fz2tMjy---","rwAttr":3}}
{"tick":"445","type":2201,"tid":"481","db":"rwRegister"}
{"tick":"446","type":2200,"tid":"488","db":"rwRegister"}
{"tick":"446","type":2300,"db":"rwRegister","cuid":"h83E1C8303B00/133","tid":"488","data":{"_key":"47","_id":"rwCol/47","_rev":"_fz2tMry---","rwAttr":1}}
{"tick":"449","type":2300,"db":"rwRegister","cuid":"h83E1C8303B00/133","tid":"488","data":{"_key":"47","_id":"rwCol/47","_rev":"_fz2tMr6---","rwAttr":2}}
{"tick":"451","type":2300,"db":"rwRegister","cuid":"h83E1C8303B00/133","tid":"488","data":{"_key":"46","_id":"rwCol/46","_rev":"_fz2tMsC---","rwAttr":1}}
{"tick":"454","type":2300,"db":"rwRegister","cuid":"h83E1C8303B00/133","tid":"488","data":{"_key":"47","_id":"rwCol/47","_rev":"_fz2tMsK---","rwAttr":3}}
{"tick":"455","type":2201,"tid":"488","db":"rwRegister"}
{"tick":"456","type":2200,"tid":"497","db":"rwRegister"}
{"tick":"456","type":2300,"db":"rwRegister","cuid":"h83E1C8303B00/133","tid":"497","data":{"_key":"48","_id":"rwCol/48","_rev":"_fz2tM4S---","rwAttr":1}}
{"tick":"459","type":2300,"db":"rwRegister","cuid":"h83E1C8303B00/133","tid":"497","data":{"_key":"46","_id":"rwCol/46","_rev":"_fz2tM4W---","rwAttr":2}}
{"tick":"462","type":2300,"db":"rwRegister","cuid":"h83E1C8303B00/133","tid":"497","data":{"_key":"48","_id":"rwCol/48","_rev":"_fz2tM4a---","rwAttr":2}}
{"tick":"465","type":2300,"db":"rwRegister","cuid":"h83E1C8303B00/133","tid":"497","data":{"_key":"28","_id":"rwCol/28","_rev":"_fz2tM4e---","rwAttr":2}}
{"tick":"466","type":2201,"tid":"497","db":"rwRegister"}
{"tick":"467","type":2200,"tid":"505","db":"rwRegister"}
{"tick":"468","type":2300,"db":"rwRegister","cuid":"h83E1C8303B00/133","tid":"505","data":{"_key":"41","_id":"rwCol/41","_rev":"_fz2tM4u---","rwAttr":2}}
{"tick":"471","type":2300,"db":"rwRegister","cuid":"h83E1C8303B00/133","tid":"505","data":{"_key":"48","_id":"rwCol/48","_rev":"_fz2tM4y---","rwAttr":3}}
{"tick":"473","type":2300,"db":"rwRegister","cuid":"h83E1C8303B00/133","tid":"505","data":{"_key":"42","_id":"rwCol/42","_rev":"_fz2tM46---","rwAttr":1}}
{"tick":"474","type":2201,"tid":"505","db":"rwRegister"}
{"tick":"475","type":2200,"tid":"510","db":"rwRegister"}
{"tick":"476","type":2300,"db":"rwRegister","cuid":"h83E1C8303B00/133","tid":"510","data":{"_key":"46","_id":"rwCol/46","_rev":"_fz2tNDm---","rwAttr":3}}
{"tick":"478","type":2300,"db":"rwRegister","cuid":"h83E1C8303B00/133","tid":"510","data":{"_key":"49","_id":"rwCol/49","_rev":"_fz2tNDq---","rwAttr":1}}
{"tick":"481","type":2300,"db":"rwRegister","cuid":"h83E1C8303B00/133","tid":"510","data":{"_key":"41","_id":"rwCol/41","_rev":"_fz2tNDq--_","rwAttr":3}}
{"tick":"482","type":2201,"tid":"510","db":"rwRegister"}
{"tick":"483","type":2200,"tid":"517","db":"rwRegister"}
{"tick":"484","type":2300,"db":"rwRegister","cuid":"h83E1C8303B00/133","tid":"517","data":{"_key":"49","_id":"rwCol/49","_rev":"_fz2tNIC---","rwAttr":2}}
{"tick":"487","type":2300,"db":"rwRegister","cuid":"h83E1C8303B00/133","tid":"517","data":{"_key":"49","_id":"rwCol/49","_rev":"_fz2tNIG---","rwAttr":3}}
{"tick":"489","type":2300,"db":"rwRegister","cuid":"h83E1C8303B00/133","tid":"517","data":{"_key":"50","_id":"rwCol/50","_rev":"_fz2tNIK---","rwAttr":1}}
{"tick":"492","type":2300,"db":"rwRegister","cuid":"h83E1C8303B00/133","tid":"517","data":{"_key":"42","_id":"rwCol/42","_rev":"_fz2tNIO---","rwAttr":2}}
{"tick":"495","type":2300,"db":"rwRegister","cuid":"h83E1C8303B00/133","tid":"517","data":{"_key":"50","_id":"rwCol/50","_rev":"_fz2tNIW---","rwAttr":2}}
{"tick":"496","type":2201,"tid":"517","db":"rwRegister"}
{"tick":"497","type":2200,"tid":"526","db":"rwRegister"}
{"tick":"497","type":2300,"db":"rwRegister","cuid":"h83E1C8303B00/133","tid":"526","data":{"_key":"52","_id":"rwCol/52","_rev":"_fz2tNLK---","rwAttr":1}}
{"tick":"500","type":2300,"db":"rwRegister","cuid":"h83E1C8303B00/133","tid":"526","data":{"_key":"42","_id":"rwCol/42","_rev":"_fz2tNLS---","rwAttr":3}}
{"tick":"501","type":2201,"tid":"526","db":"rwRegister"}
{"tick":"502","type":2200,"tid":"534","db":"rwRegister"}
{"tick":"503","type":2300,"db":"rwRegister","cuid":"h83E1C8303B00/133","tid":"534","data":{"_key":"52","_id":"rwCol/52","_rev":"_fz2tNNK---","rwAttr":2}}
{"tick":"506","type":2300,"db":"rwRegister","cuid":"h83E1C8303B00/133","tid":"534","data":{"_key":"52","_id":"rwCol/52","_rev":"_fz2tNNS---","rwAttr":3}}
{"tick":"509","type":2300,"db":"rwRegister","cuid":"h83E1C8303B00/133","tid":"534","data":{"_key":"50","_id":"rwCol/50","_rev":"_fz2tNNW---","rwAttr":3}}
{"tick":"510","type":2201,"tid":"534","db":"rwRegister"}
{"tick":"511","type":2200,"tid":"543","db":"rwRegister"}
{"tick":"511","type":2300,"db":"rwRegister","cuid":"h83E1C8303B00/133","tid":"543","data":{"_key":"54","_id":"rwCol/54","_rev":"_fz2tNYO---","rwAttr":1}}
{"tick":"514","type":2300,"db":"rwRegister","cuid":"h83E1C8303B00/133","tid":"543","data":{"_key":"54","_id":"rwCol/54","_rev":"_fz2tNYa---","rwAttr":2}}
{"tick":"515","type":2201,"tid":"543","db":"rwRegister"}
{"tick":"516","type":2200,"tid":"551","db":"rwRegister"}
{"tick":"516","type":2300,"db":"rwRegister","cuid":"h83E1C8303B00/133","tid":"551","data":{"_key":"53","_id":"rwCol/53","_rev":"_fz2tNk2---","rwAttr":1}}
{"tick":"517","type":2201,"tid":"551","db":"rwRegister"}
{"tick":"518","type":2200,"tid":"558","db":"rwRegister"}
{"tick":"518","type":2300,"db":"rwRegister","cuid":"h83E1C8303B00/133","tid":"558","data":{"_key":"51","_id":"rwCol/51","_rev":"_fz2tNoi---","rwAttr":1}}
{"tick":"520","type":2300,"db":"rwRegister","cuid":"h83E1C8303B00/133","tid":"558","data":{"_key":"55","_id":"rwCol/55","_rev":"_fz2tNoq---","rwAttr":1}}
{"tick":"523","type":2300,"db":"rwRegister","cuid":"h83E1C8303B00/133","tid":"558","data":{"_key":"54","_id":"rwCol/54","_rev":"_fz2tNou---","rwAttr":3}}
{"tick":"524","type":2201,"tid":"558","db":"rwRegister"}
{"tick":"529","type":2200,"tid":"566","db":"rwRegister"}
{"tick":"530","type":2300,"db":"rwRegister","cuid":"h83E1C8303B00/133","tid":"566","data":{"_key":"51","_id":"rwCol/51","_rev":"_fz2tNxa---","rwAttr":2}}
{"tick":"533","type":2300,"db":"rwRegister","cuid":"h83E1C8303B00/133","tid":"566","data":{"_key":"55","_id":"rwCol/55","_rev":"_fz2tNxi---","rwAttr":2}}
{"tick":"535","type":2300,"db":"rwRegister","cuid":"h83E1C8303B00/133","tid":"566","data":{"_key":"56","_id":"rwCol/56","_rev":"_fz2tNxm---","rwAttr":1}}
{"tick":"536","type":2201,"tid":"566","db":"rwRegister"}
{"tick":"537","type":2200,"tid":"573","db":"rwRegister"}
{"tick":"538","type":2300,"db":"rwRegister","cuid":"h83E1C8303B00/133","tid":"573","data":{"_key":"56","_id":"rwCol/56","_rev":"_fz2tN2G---","rwAttr":2}}
{"tick":"539","type":2201,"tid":"573","db":"rwRegister"}
{"tick":"540","type":2200,"tid":"581","db":"rwRegister"}
{"tick":"541","type":2300,"db":"rwRegister","cuid":"h83E1C8303B00/133","tid":"581","data":{"_key":"55","_id":"rwCol/55","_rev":"_fz2tN6----","rwAttr":3}}
{"tick":"544","type":2300,"db":"rwRegister","cuid":"h83E1C8303B00/133","tid":"581","data":{"_key":"56","_id":"rwCol/56","_rev":"_fz2tN6G---","rwAttr":3}}
{"tick":"545","type":2201,"tid":"581","db":"rwRegister"}
{"tick":"546","type":2200,"tid":"588","db":"rwRegister"}
{"tick":"546","type":2300,"db":"rwRegister","cuid":"h83E1C8303B00/133","tid":"588","data":{"_key":"58","_id":"rwCol/58","_rev":"_fz2tOF6---","rwAttr":1}}
{"tick":"548","type":2300,"db":"rwRegister","cuid":"h83E1C8303B00/133","tid":"588","data":{"_key":"57","_id":"rwCol/57","_rev":"_fz2tOG----","rwAttr":1}}
{"tick":"549","type":2201,"tid":"588","db":"rwRegister"}
{"tick":"550","type":2200,"tid":"596","db":"rwRegister"}
{"tick":"551","type":2300,"db":"rwRegister","cuid":"h83E1C8303B00/133","tid":"596","data":{"_key":"58","_id":"rwCol/58","_rev":"_fz2tORm---","rwAttr":2}}
{"tick":"552","type":2201,"tid":"596","db":"rwRegister"}
{"tick":"553","type":2200,"tid":"603","db":"rwRegister"}
{"tick":"554","type":2300,"db":"rwRegister","cuid":"h83E1C8303B00/133","tid":"603","data":{"_key":"58","_id":"rwCol/58","_rev":"_fz2tOXG---","rwAttr":3}}
{"tick":"557","type":2300,"db":"rwRegister","cuid":"h83E1C8303B00/133","tid":"603","data":{"_key":"51","_id":"rwCol/51","_rev":"_fz2tOXK---","rwAttr":3}}
{"tick":"560","type":2300,"db":"rwRegister","cuid":"h83E1C8303B00/133","tid":"603","data":{"_key":"57","_id":"rwCol/57","_rev":"_fz2tOXO---","rwAttr":2}}
{"tick":"561","type":2201,"tid":"603","db":"rwRegister"}
{"tick":"562","type":2200,"tid":"608","db":"rwRegister"}
{"tick":"563","type":2300,"db":"rwRegister","cuid":"h83E1C8303B00/133","tid":"608","data":{"_key":"57","_id":"rwCol/57","_rev":"_fz2tOc----","rwAttr":3}}
{"tick":"566","type":2300,"db":"rwRegister","cuid":"h83E1C8303B00/133","tid":"608","data":{"_key":"28","_id":"rwCol/28","_rev":"_fz2tOc---_","rwAttr":3}}
{"tick":"567","type":2201,"tid":"608","db":"rwRegister"}
{"tick":"568","type":2200,"tid":"616","db":"rwRegister"}
{"tick":"568","type":2300,"db":"rwRegister","cuid":"h83E1C8303B00/133","tid":"616","data":{"_key":"59","_id":"rwCol/59","_rev":"_fz2tOji---","rwAttr":1}}
{"tick":"571","type":2300,"db":"rwRegister","cuid":"h83E1C8303B00/133","tid":"616","data":{"_key":"59","_id":"rwCol/59","_rev":"_fz2tOju---","rwAttr":2}}
{"tick":"572","type":2201,"tid":"616","db":"rwRegister"}
{"tick":"573","type":2200,"tid":"622","db":"rwRegister"}
{"tick":"574","type":2300,"db":"rwRegister","cuid":"h83E1C8303B00/133","tid":"622","data":{"_key":"53","_id":"rwCol/53","_rev":"_fz2tOoS---","rwAttr":2}}
{"tick":"575","type":2201,"tid":"622","db":"rwRegister"}
{"tick":"576","type":2200,"tid":"627","db":"rwRegister"}
{"tick":"576","type":2300,"db":"rwRegister","cuid":"h83E1C8303B00/133","tid":"627","data":{"_key":"61","_id":"rwCol/61","_rev":"_fz2tOwa---","rwAttr":1}}
{"tick":"577","type":2201,"tid":"627","db":"rwRegister"}
{"tick":"578","type":2200,"tid":"634","db":"rwRegister"}
{"tick":"579","type":2300,"db":"rwRegister","cuid":"h83E1C8303B00/133","tid":"634","data":{"_key":"59","_id":"rwCol/59","_rev":"_fz2tO1q---","rwAttr":3}}
{"tick":"582","type":2300,"db":"rwRegister","cuid":"h83E1C8303B00/133","tid":"634","data":{"_key":"61","_id":"rwCol/61","_rev":"_fz2tO1y---","rwAttr":2}}
{"tick":"584","type":2300,"db":"rwRegister","cuid":"h83E1C8303B00/133","tid":"634","data":{"_key":"62","_id":"rwCol/62","_rev":"_fz2tO1y--_","rwAttr":1}}
{"tick":"586","type":2300,"db":"rwRegister","cuid":"h83E1C8303B00/133","tid":"634","data":{"_key":"60","_id":"rwCol/60","_rev":"_fz2tO12---","rwAttr":1}}
{"tick":"589","type":2300,"db":"rwRegister","cuid":"h83E1C8303B00/133","tid":"634","data":{"_key":"62","_id":"rwCol/62","_rev":"_fz2tO16---","rwAttr":2}}
{"tick":"592","type":2300,"db":"rwRegister","cuid":"h83E1C8303B00/133","tid":"634","data":{"_key":"61","_id":"rwCol/61","_rev":"_fz2tO2----","rwAttr":3}}
{"tick":"593","type":2201,"tid":"634","db":"rwRegister"}
{"tick":"594","type":2200,"tid":"642","db":"rwRegister"}
{"tick":"595","type":2300,"db":"rwRegister","cuid":"h83E1C8303B00/133","tid":"642","data":{"_key":"62","_id":"rwCol/62","_rev":"_fz2tO9W---","rwAttr":3}}
{"tick":"597","type":2300,"db":"rwRegister","cuid":"h83E1C8303B00/133","tid":"642","data":{"_key":"63","_id":"rwCol/63","_rev":"_fz2tO9e---","rwAttr":1}}
{"tick":"600","type":2300,"db":"rwRegister","cuid":"h83E1C8303B00/133","tid":"642","data":{"_key":"63","_id":"rwCol/63","_rev":"_fz2tO9m---","rwAttr":2}}
{"tick":"601","type":2201,"tid":"642","db":"rwRegister"}
{"tick":"602","type":2200,"tid":"651","db":"rwRegister"}
{"tick":"603","type":2300,"db":"rwRegister","cuid":"h83E1C8303B00/133","tid":"651","data":{"_key":"63","_id":"rwCol/63","_rev":"_fz2tPFO---","rwAttr":3}}
{"tick":"604","type":2201,"tid":"651","db":"rwRegister"}
{"tick":"605","type":2200,"tid":"657","db":"rwRegister"}
{"tick":"605","type":2300,"db":"rwRegister","cuid":"h83E1C8303B00/133","tid":"657","data":{"_key":"64","_id":"rwCol/64","_rev":"_fz2tPG2---","rwAttr":1}}
{"tick":"606","type":2201,"tid":"657","db":"rwRegister"}
{"tick":"607","type":2200,"tid":"663","db":"rwRegister"}
{"tick":"608","type":2300,"db":"rwRegister","cuid":"h83E1C8303B00/133","tid":"663","data":{"_key":"53","_id":"rwCol/53","_rev":"_fz2tPJK---","rwAttr":3}}
{"tick":"610","type":2300,"db":"rwRegister","cuid":"h83E1C8303B00/133","tid":"663","data":{"_key":"65","_id":"rwCol/65","_rev":"_fz2tPJS---","rwAttr":1}}
{"tick":"613","type":2300,"db":"rwRegister","cuid":"h83E1C8303B00/133","tid":"663","data":{"_key":"65","_id":"rwCol/65","_rev":"_fz2tPJS--_","rwAttr":2}}
{"tick":"614","type":2201,"tid":"663","db":"rwRegister"}
{"tick":"615","type":2200,"tid":"670","db":"rwRegister"}
{"tick":"616","type":2300,"db":"rwRegister","cuid":"h83E1C8303B00/133","tid":"670","data":{"_key":"64","_id":"rwCol/64","_rev":"_fz2tPMC---","rwAttr":2}}
{"tick":"619","type":2300,"db":"rwRegister","cuid":"h83E1C8303B00/133","tid":"670","data":{"_key":"64","_id":"rwCol/64","_rev":"_fz2tPMG---","rwAttr":3}}
{"tick":"622","type":2300,"db":"rwRegister","cuid":"h83E1C8303B00/133","tid":"670","data":{"_key":"65","_id":"rwCol/65","_rev":"_fz2tPMK---","rwAttr":3}}
{"tick":"623","type":2201,"tid":"670","db":"rwRegister"}
{"tick":"624","type":2200,"tid":"675","db":"rwRegister"}
{"tick":"625","type":2300,"db":"rwRegister","cuid":"h83E1C8303B00/133","tid":"675","data":{"_key":"60","_id":"rwCol/60","_rev":"_fz2tPQu---","rwAttr":2}}
{"tick":"628","type":2300,"db":"rwRegister","cuid":"h83E1C8303B00/133","tid":"675","data":{"_key":"60","_id":"rwCol/60","_rev":"_fz2tPQ6---","rwAttr":3}}
{"tick":"630","type":2300,"db":"rwRegister","cuid":"h83E1C8303B00/133","tid":"675","data":{"_key":"67","_id":"rwCol/67","_rev":"_fz2tPR----","rwAttr":1}}
{"tick":"631","type":2201,"tid":"675","db":"rwRegister"}
{"tick":"632","type":2200,"tid":"683","db":"rwRegister"}
{"tick":"632","type":2300,"db":"rwRegister","cuid":"h83E1C8303B00/133","tid":"683","data":{"_key":"66","_id":"rwCol/66","_rev":"_fz2tPVq---","rwAttr":1}}
{"tick":"635","type":2300,"db":"rwRegister","cuid":"h83E1C8303B00/133","tid":"683","data":{"_key":"66","_id":"rwCol/66","_rev":"_fz2tPVq--_","rwAttr":2}}
{"tick":"638","type":2300,"db":"rwRegister","cuid":"h83E1C8303B00/133","tid":"683","data":{"_key":"67","_id":"rwCol/67","_rev":"_fz2tPVu---","rwAttr":2}}
{"tick":"641","type":2300,"db":"rwRegister","cuid":"h83E1C8303B00/133","tid":"683","data":{"_key":"67","_id":"rwCol/67","_rev":"_fz2tPVy---","rwAttr":3}}
{"tick":"642","type":2201,"tid":"683","db":"rwRegister"}
{"tick":"643","type":2200,"tid":"689","db":"rwRegister"}
{"tick":"643","type":2300,"db":"rwRegister","cuid":"h83E1C8303B00/133","tid":"689","data":{"_key":"69","_id":"rwCol/69","_rev":"_fz2tPau---","rwAttr":1}}
{"tick":"646","type":2300,"db":"rwRegister","cuid":"h83E1C8303B00/133","tid":"689","data":{"_key":"69","_id":"rwCol/69","_rev":"_fz2tPay---","rwAttr":2}}
{"tick":"649","type":2300,"db":"rwRegister","cuid":"h83E1C8303B00/133","tid":"689","data":{"_key":"66","_id":"rwCol/66","_rev":"_fz2tPa2---","rwAttr":3}}
{"tick":"652","type":2300,"db":"rwRegister","cuid":"h83E1C8303B00/133","tid":"689","data":{"_key":"69","_id":"rwCol/69","_rev":"_fz2tPa6---","rwAttr":3}}
{"tick":"654","type":2300,"db":"rwRegister","cuid":"h83E1C8303B00/133","tid":"689","data":{"_key":"71","_id":"rwCol/71","_rev":"_fz2tPb----","rwAttr":1}}
{"tick":"655","type":2201,"tid":"689","db":"rwRegister"}
{"tick":"656","type":2200,"tid":"698","db":"rwRegister"}
{"tick":"657","type":2300,"db":"rwRegister","cuid":"h83E1C8303B00/133","tid":"698","data":{"_key":"71","_id":"rwCol/71","_rev":"_fz2tPh2---","rwAttr":2}}
{"tick":"659","type":2300,"db":"rwRegister","cuid":"h83E1C8303B00/133","tid":"698","data":{"_key":"72","_id":"rwCol/72","_rev":"_fz2tPh6---","rwAttr":1}}
{"tick":"662","type":2300,"db":"rwRegister","cuid":"h83E1C8303B00/133","tid":"698","data":{"_key":"72","_id":"rwCol/72","_rev":"_fz2tPi----","rwAttr":2}}
{"tick":"663","type":2201,"tid":"698","db":"rwRegister"}
{"tick":"664","type":2200,"tid":"705","db":"rwRegister"}
{"tick":"664","type":2300,"db":"rwRegister","cuid":"h83E1C8303B00/133","tid":"705","data":{"_key":"70","_id":"rwCol/70","_rev":"_fz2tPjy---","rwAttr":1}}
{"tick":"667","type":2300,"db":"rwRegister","cuid":"h83E1C8303B00/133","tid":"705","data":{"_key":"70","_id":"rwCol/70","_rev":"_fz2tPj2---","rwAttr":2}}
{"tick":"670","type":2300,"db":"rwRegister","cuid":"h83E1C8303B00/133","tid":"705","data":{"_key":"71","_id":"rwCol/71","_rev":"_fz2tPk----","rwAttr":3}}
{"tick":"671","type":2201,"tid":"705","db":"rwRegister"}
{"tick":"672","type":2200,"tid":"712","db":"rwRegister"}
{"tick":"672","type":2300,"db":"rwRegister","cuid":"h83E1C8303B00/133","tid":"712","data":{"_key":"73","_id":"rwCol/73","_rev":"_fz2tPuW---","rwAttr":1}}
{"tick":"675","type":2300,"db":"rwRegister","cuid":"h83E1C8303B00/133","tid":"712","data":{"_key":"70","_id":"rwCol/70","_rev":"_fz2tPua---","rwAttr":3}}
{"tick":"678","type":2300,"db":"rwRegister","cuid":"h83E1C8303B00/133","tid":"712","data":{"_key":"72","_id":"rwCol/72","_rev":"_fz2tPui---","rwAttr":3}}
{"tick":"679","type":2201,"tid":"712","db":"rwRegister"}
{"tick":"680","type":2200,"tid":"720","db":"rwRegister"}
{"tick":"680","type":2300,"db":"rwRegister","cuid":"h83E1C8303B00/133","tid":"720","data":{"_key":"74","_id":"rwCol/74","_rev":"_fz2tP06---","rwAttr":1}}
{"tick":"683","type":2300,"db":"rwRegister","cuid":"h83E1C8303B00/133","tid":"720","data":{"_key":"74","_id":"rwCol/74","_rev":"_fz2tP1G---","rwAttr":2}}
{"tick":"684","type":2201,"tid":"720","db":"rwRegister"}
{"tick":"685","type":2200,"tid":"728","db":"rwRegister"}
{"tick":"686","type":2300,"db":"rwRegister","cuid":"h83E1C8303B00/133","tid":"728","data":{"_key":"74","_id":"rwCol/74","_rev":"_fz2tP9m---","rwAttr":3}}
{"tick":"689","type":2300,"db":"rwRegister","cuid":"h83E1C8303B00/133","tid":"728","data":{"_key":"73","_id":"rwCol/73","_rev":"_fz2tP9u---","rwAttr":2}}
{"tick":"692","type":2300,"db":"rwRegister","cuid":"h83E1C8303B00/133","tid":"728","data":{"_key":"73","_id":"rwCol/73","_rev":"_fz2tP9y---","rwAttr":3}}
{"tick":"693","type":2201,"tid":"728","db":"rwRegister"}
{"tick":"694","type":2200,"tid":"736","db":"rwRegister"}
{"tick":"694","type":2300,"db":"rwRegister","cuid":"h83E1C8303B00/133","tid":"736","data":{"_key":"77","_id":"rwCol/77","_rev":"_fz2tQAO---","rwAttr":1}}
{"tick":"697","type":2300,"db":"rwRegister","cuid":"h83E1C8303B00/133","tid":"736","data":{"_key":"77","_id":"rwCol/77","_rev":"_fz2tQAS---","rwAttr":2}}
{"tick":"699","type":2300,"db":"rwRegister","cuid":"h83E1C8303B00/133","tid":"736","data":{"_key":"76","_id":"rwCol/76","_rev":"_fz2tQAe---","rwAttr":1}}
{"tick":"700","type":2201,"tid":"736","db":"rwRegister"}
{"tick":"701","type":2200,"tid":"745","db":"rwRegister"}
{"tick":"702","type":2300,"db":"rwRegister","cuid":"h83E1C8303B00/133","tid":"745","data":{"_key":"77","_id":"rwCol/77","_rev":"_fz2tQFa---","rwAttr":3}}
{"tick":"704","type":2300,"db":"rwRegister","cuid":"h83E1C8303B00/133","tid":"745","data":{"_key":"68","_id":"rwCol/68","_rev":"_fz2tQFe---","rwAttr":1}}
{"tick":"707","type":2300,"db":"rwRegister","cuid":"h83E1C8303B00/133","tid":"745","data":{"_key":"68","_id":"rwCol/68","_rev":"_fz2tQFq---","rwAttr":2}}
{"tick":"710","type":2300,"db":"rwRegister","cuid":"h83E1C8303B00/133","tid":"745","data":{"_key":"76","_id":"rwCol/76","_rev":"_fz2tQFu---","rwAttr":2}}
{"tick":"711","type":2201,"tid":"745","db":"rwRegister"}
{"tick":"712","type":2200,"tid":"754","db":"rwRegister"}
{"tick":"712","type":2300,"db":"rwRegister","cuid":"h83E1C8303B00/133","tid":"754","data":{"_key":"78","_id":"rwCol/78","_rev":"_fz2tQGS---","rwAttr":1}}
{"tick":"715","type":2300,"db":"rwRegister","cuid":"h83E1C8303B00/133","tid":"754","data":{"_key":"78","_id":"rwCol/78","_rev":"_fz2tQGW---","rwAttr":2}}
{"tick":"717","type":2300,"db":"rwRegister","cuid":"h83E1C8303B00/133","tid":"754","data":{"_key":"79","_id":"rwCol/79","_rev":"_fz2tQGa---","rwAttr":1}}
{"tick":"718","type":2201,"tid":"754","db":"rwRegister"}
{"tick":"719","type":2200,"tid":"763","db":"rwRegister"}
{"tick":"720","type":2300,"db":"rwRegister","cuid":"h83E1C8303B00/133","tid":"763","data":{"_key":"78","_id":"rwCol/78","_rev":"_fz2tQHa---","rwAttr":3}}
{"tick":"723","type":2300,"db":"rwRegister","cuid":"h83E1C8303B00/133","tid":"763","data":{"_key":"76","_id":"rwCol/76","_rev":"_fz2tQHe---","rwAttr":3}}
{"tick":"726","type":2300,"db":"rwRegister","cuid":"h83E1C8303B00/133","tid":"763","data":{"_key":"79","_id":"rwCol/79","_rev":"_fz2tQHm---","rwAttr":2}}
{"tick":"727","type":2201,"tid":"763","db":"rwRegister"}
{"tick":"728","type":2200,"tid":"771","db":"rwRegister"}
{"tick":"728","type":2300,"db":"rwRegister","cuid":"h83E1C8303B00/133","tid":"771","data":{"_key":"80","_id":"rwCol/80","_rev":"_fz2tQK2---","rwAttr":1}}
{"tick":"731","type":2300,"db":"rwRegister","cuid":"h83E1C8303B00/133","tid":"771","data":{"_key":"80","_id":"rwCol/80","_rev":"_fz2tQK2--_","rwAttr":2}}
{"tick":"734","type":2300,"db":"rwRegister","cuid":"h83E1C8303B00/133","tid":"771","data":{"_key":"79","_id":"rwCol/79","_rev":"_fz2tQK6---","rwAttr":3}}
{"tick":"735","type":2201,"tid":"771","db":"rwRegister"}
{"tick":"740","type":2200,"tid":"780","db":"rwRegister"}
{"tick":"740","type":2300,"db":"rwRegister","cuid":"h83E1C8303B00/133","tid":"780","data":{"_key":"81","_id":"rwCol/81","_rev":"_fz2tQTi---","rwAttr":1}}
{"tick":"743","type":2300,"db":"rwRegister","cuid":"h83E1C8303B00/133","tid":"780","data":{"_key":"80","_id":"rwCol/80","_rev":"_fz2tQTq---","rwAttr":3}}
{"tick":"746","type":2300,"db":"rwRegister","cuid":"h83E1C8303B00/133","tid":"780","data":{"_key":"68","_id":"rwCol/68","_rev":"_fz2tQTu---","rwAttr":3}}
{"tick":"747","type":2201,"tid":"780","db":"rwRegister"}
{"tick":"748","type":2200,"tid":"788","db":"rwRegister"}
{"tick":"748","type":2300,"db":"rwRegister","cuid":"h83E1C8303B00/133","tid":"788","data":{"_key":"83","_id":"rwCol/83","_rev":"_fz2tQai---","rwAttr":1}}
{"tick":"751","type":2300,"db":"rwRegister","cuid":"h83E1C8303B00/133","tid":"788","data":{"_key":"81","_id":"rwCol/81","_rev":"_fz2tQaq---","rwAttr":2}}
{"tick":"753","type":2300,"db":"rwRegister","cuid":"h83E1C8303B00/133","tid":"788","data":{"_key":"82","_id":"rwCol/82","_rev":"_fz2tQau---","rwAttr":1}}
{"tick":"756","type":2300,"db":"rwRegister","cuid":"h83E1C8303B00/133","tid":"788","data":{"_key":"83","_id":"rwCol/83","_rev":"_fz2tQay---","rwAttr":2}}
{"tick":"759","type":2300,"db":"rwRegister","cuid":"h83E1C8303B00/133","tid":"788","data":{"_key":"82","_id":"rwCol/82","_rev":"_fz2tQa2---","rwAttr":2}}
{"tick":"760","type":2201,"tid":"788","db":"rwRegister"}
{"tick":"761","type":2200,"tid":"795","db":"rwRegister"}
{"tick":"761","type":2300,"db":"rwRegister","cuid":"h83E1C8303B00/133","tid":"795","data":{"_key":"75","_id":"rwCol/75","_rev":"_fz2tQiW---","rwAttr":1}}
{"tick":"764","type":2300,"db":"rwRegister","cuid":"h83E1C8303B00/133","tid":"795","data":{"_key":"83","_id":"rwCol/83","_rev":"_fz2tQii---","rwAttr":3}}
{"tick":"766","type":2300,"db":"rwRegister","cuid":"h83E1C8303B00/133","tid":"795","data":{"_key":"85","_id":"rwCol/85","_rev":"_fz2tQim---","rwAttr":1}}
{"tick":"769","type":2300,"db":"rwRegister","cuid":"h83E1C8303B00/133","tid":"795","data":{"_key":"82","_id":"rwCol/82","_rev":"_fz2tQiq---","rwAttr":3}}
{"tick":"770","type":2201,"tid":"795","db":"rwRegister"}
{"tick":"771","type":2200,"tid":"807","db":"rwRegister"}
{"tick":"772","type":2300,"db":"rwRegister","cuid":"h83E1C8303B00/133","tid":"807","data":{"_key":"85","_id":"rwCol/85","_rev":"_fz2tQt----","rwAttr":2}}
{"tick":"775","type":2300,"db":"rwRegister","cuid":"h83E1C8303B00/133","tid":"807","data":{"_key":"85","_id":"rwCol/85","_rev":"_fz2tQtG---","rwAttr":3}}
{"tick":"776","type":2201,"tid":"807","db":"rwRegister"}
{"tick":"777","type":2200,"tid":"816","db":"rwRegister"}
{"tick":"777","type":2300,"db":"rwRegister","cuid":"h83E1C8303B00/133","tid":"816","data":{"_key":"84","_id":"rwCol/84","_rev":"_fz2tQy2---","rwAttr":1}}
{"tick":"779","type":2300,"db":"rwRegister","cuid":"h83E1C8303B00/133","tid":"816","data":{"_key":"86","_id":"rwCol/86","_rev":"_fz2tQz----","rwAttr":1}}
{"tick":"781","type":2300,"db":"rwRegister","cuid":"h83E1C8303B00/133","tid":"816","data":{"_key":"87","_id":"rwCol/87","_rev":"_fz2tQzC---","rwAttr":1}}
{"tick":"783","type":2300,"db":"rwRegister","cuid":"h83E1C8303B00/133","tid":"816","data":{"_key":"88","_id":"rwCol/88","_rev":"_fz2tQzG---","rwAttr":1}}
{"tick":"786","type":2300,"db":"rwRegister","cuid":"h83E1C8303B00/133","tid":"816","data":{"_key":"75","_id":"rwCol/75","_rev":"_fz2tQzG--_","rwAttr":3}}
{"tick":"787","type":2201,"tid":"816","db":"rwRegister"}
{"tick":"788","type":2200,"tid":"825","db":"rwRegister"}
{"tick":"789","type":2300,"db":"rwRegister","cuid":"h83E1C8303B00/133","tid":"825","data":{"_key":"87","_id":"rwCol/87","_rev":"_fz2tQ8u---","rwAttr":2}}
{"tick":"790","type":2201,"tid":"825","db":"rwRegister"}
{"tick":"791","type":2200,"tid":"832","db":"rwRegister"}
{"tick":"792","type":2300,"db":"rwRegister","cuid":"h83E1C8303B00/133","tid":"832","data":{"_key":"87","_id":"rwCol/87","_rev":"_fz2tR_G---","rwAttr":3}}
{"tick":"795","type":2300,"db":"rwRegister","cuid":"h83E1C8303B00/133","tid":"832","data":{"_key":"86","_id":"rwCol/86","_rev":"_fz2tR_K---","rwAttr":2}}
{"tick":"796","type":2201,"tid":"832","db":"rwRegister"}
{"tick":"797","type":2200,"tid":"838","db":"rwRegister"}
{"tick":"797","type":2300,"db":"rwRegister","cuid":"h83E1C8303B00/133","tid":"838","data":{"_key":"89","_id":"rwCol/89","_rev":"_fz2tRKe---","rwAttr":1}}
{"tick":"800","type":2300,"db":"rwRegister","cuid":"h83E1C8303B00/133","tid":"838","data":{"_key":"88","_id":"rwCol/88","_rev":"_fz2tRKi---","rwAttr":2}}
{"tick":"803","type":2300,"db":"rwRegister","cuid":"h83E1C8303B00/133","tid":"838","data":{"_key":"88","_id":"rwCol/88","_rev":"_fz2tRKm---","rwAttr":3}}
{"tick":"805","type":2300,"db":"rwRegister","cuid":"h83E1C8303B00/133","tid":"838","data":{"_key":"90","_id":"rwCol/90","_rev":"_fz2tRKq---","rwAttr":1}}
{"tick":"808","type":2300,"db":"rwRegister","cuid":"h83E1C8303B00/133","tid":"838","data":{"_key":"86","_id":"rwCol/86","_rev":"_fz2tRKy---","rwAttr":3}}
{"tick":"810","type":2300,"db":"rwRegister","cuid":"h83E1C8303B00/133","tid":"838","data":{"_key":"91","_id":"rwCol/91","_rev":"_fz2tRKy--_","rwAttr":1}}
{"tick":"811","type":2201,"tid":"838","db":"rwRegister"}
{"tick":"812","type":2200,"tid":"856","db":"rwRegister"}
{"tick":"813","type":2300,"db":"rwRegister","cuid":"h83E1C8303B00/133","tid":"856","data":{"_key":"91","_id":"rwCol/91","_rev":"_fz2tRhm---","rwAttr":2}}
{"tick":"814","type":2201,"tid":"856","db":"rwRegister"}
{"tick":"815","type":2200,"tid":"861","db":"rwRegister"}
{"tick":"816","type":2300,"db":"rwRegister","cuid":"h83E1C8303B00/133","tid":"861","data":{"_key":"91","_id":"rwCol/91","_rev":"_fz2tRi2---","rwAttr":3}}
{"tick":"818","type":2300,"db":"rwRegister","cuid":"h83E1C8303B00/133","tid":"861","data":{"_key":"92","_id":"rwCol/92","_rev":"_fz2tRi6---","rwAttr":1}}
{"tick":"821","type":2300,"db":"rwRegister","cuid":"h83E1C8303B00/133","tid":"861","data":{"_key":"92","_id":"rwCol/92","_rev":"_fz2tRj----","rwAttr":2}}
{"tick":"822","type":2201,"tid":"861","db":"rwRegister"}
{"tick":"823","type":2200,"tid":"870","db":"rwRegister"}
{"tick":"824","type":2300,"db":"rwRegister","cuid":"h83E1C8303B00/133","tid":"870","data":{"_key":"92","_id":"rwCol/92","_rev":"_fz2tRmq---","rwAttr":3}}
{"tick":"825","type":2201,"tid":"870","db":"rwRegister"}
{"tick":"826","type":2200,"tid":"881","db":"rwRegister"}
{"tick":"826","type":2300,"db":"rwRegister","cuid":"h83E1C8303B00/133","tid":"881","data":{"_key":"94","_id":"rwCol/94","_rev":"_fz2tRtO---","rwAttr":1}}
{"tick":"827","type":2201,"tid":"881","db":"rwRegister"}
{"tick":"828","type":2200,"tid":"886","db":"rwRegister"}
{"tick":"828","type":2300,"db":"rwRegister","cuid":"h83E1C8303B00/133","tid":"886","data":{"_key":"93","_id":"rwCol/93","_rev":"_fz2tRwO---","rwAttr":1}}
{"tick":"829","type":2201,"tid":"886","db":"rwRegister"}
{"tick":"830","type":2200,"tid":"895","db":"rwRegister"}
{"tick":"831","type":2300,"db":"rwRegister","cuid":"h83E1C8303B00/133","tid":"895","data":{"_key":"94","_id":"rwCol/94","_rev":"_fz2tR1i---","rwAttr":2}}
{"tick":"834","type":2300,"db":"rwRegister","cuid":"h83E1C8303B00/133","tid":"895","data":{"_key":"94","_id":"rwCol/94","_rev":"_fz2tR1m---","rwAttr":3}}
{"tick":"837","type":2300,"db":"rwRegister","cuid":"h83E1C8303B00/133","tid":"895","data":{"_key":"93","_id":"rwCol/93","_rev":"_fz2tR1q---","rwAttr":2}}
{"tick":"838","type":2201,"tid":"895","db":"rwRegister"}
{"tick":"839","type":2200,"tid":"903","db":"rwRegister"}
{"tick":"840","type":2300,"db":"rwRegister","cuid":"h83E1C8303B00/133","tid":"903","data":{"_key":"84","_id":"rwCol/84","_rev":"_fz2tS_G---","rwAttr":2}}
{"tick":"842","type":2300,"db":"rwRegister","cuid":"h83E1C8303B00/133","tid":"903","data":{"_key":"95","_id":"rwCol/95","_rev":"_fz2tS_O---","rwAttr":1}}
{"tick":"843","type":2201,"tid":"903","db":"rwRegister"}
{"tick":"844","type":2200,"tid":"911","db":"rwRegister"}
{"tick":"845","type":2300,"db":"rwRegister","cuid":"h83E1C8303B00/133","tid":"911","data":{"_key":"90","_id":"rwCol/90","_rev":"_fz2tSJ2---","rwAttr":2}}
{"tick":"848","type":2300,"db":"rwRegister","cuid":"h83E1C8303B00/133","tid":"911","data":{"_key":"84","_id":"rwCol/84","_rev":"_fz2tSJ6---","rwAttr":3}}
{"tick":"849","type":2201,"tid":"911","db":"rwRegister"}
{"tick":"850","type":2200,"tid":"917","db":"rwRegister"}
{"tick":"851","type":2300,"db":"rwRegister","cuid":"h83E1C8303B00/133","tid":"917","data":{"_key":"95","_id":"rwCol/95","_rev":"_fz2tSMe---","rwAttr":2}}
{"tick":"852","type":2201,"tid":"917","db":"rwRegister"}
{"tick":"853","type":2200,"tid":"922","db":"rwRegister"}
{"tick":"854","type":2300,"db":"rwRegister","cuid":"h83E1C8303B00/133","tid":"922","data":{"_key":"90","_id":"rwCol/90","_rev":"_fz2tSUa---","rwAttr":3}}
{"tick":"857","type":2300,"db":"rwRegister","cuid":"h83E1C8303B00/133","tid":"922","data":{"_key":"93","_id":"rwCol/93","_rev":"_fz2tSUe---","rwAttr":3}}
{"tick":"860","type":2300,"db":"rwRegister","cuid":"h83E1C8303B00/133","tid":"922","data":{"_key":"89","_id":"rwCol/89","_rev":"_fz2tSUe--_","rwAttr":2}}
{"tick":"861","type":2201,"tid":"922","db":"rwRegister"}
{"tick":"862","type":2200,"tid":"930","db":"rwRegister"}
{"tick":"863","type":2300,"db":"rwRegister","cuid":"h83E1C8303B00/133","tid":"930","data":{"_key":"95","_id":"rwCol/95","_rev":"_fz2tSW2---","rwAttr":3}}
{"tick":"864","type":2201,"tid":"930","db":"rwRegister"}
{"tick":"865","type":2200,"tid":"936","db":"rwRegister"}
{"tick":"865","type":2300,"db":"rwRegister","cuid":"h83E1C8303B00/133","tid":"936","data":{"_key":"97","_id":"rwCol/97","_rev":"_fz2tSb----","rwAttr":1}}
{"tick":"866","type":2201,"tid":"936","db":"rwRegister"}
{"tick":"867","type":2200,"tid":"941","db":"rwRegister"}
{"tick":"868","type":2300,"db":"rwRegister","cuid":"h83E1C8303B00/133","tid":"941","data":{"_key":"97","_id":"rwCol/97","_rev":"_fz2tSce---","rwAttr":2}}
{"tick":"871","type":2300,"db":"rwRegister","cuid":"h83E1C8303B00/133","tid":"941","data":{"_key":"97","_id":"rwCol/97","_rev":"_fz2tSci---","rwAttr":3}}
{"tick":"872","type":2201,"tid":"941","db":"rwRegister"}
{"tick":"873","type":2200,"tid":"946","db":"rwRegister"}
{"tick":"873","type":2300,"db":"rwRegister","cuid":"h83E1C8303B00/133","tid":"946","data":{"_key":"99","_id":"rwCol/99","_rev":"_fz2tShK---","rwAttr":1}}
{"tick":"876","type":2300,"db":"rwRegister","cuid":"h83E1C8303B00/133","tid":"946","data":{"_key":"99","_id":"rwCol/99","_rev":"_fz2tShW---","rwAttr":2}}
{"tick":"877","type":2201,"tid":"946","db":"rwRegister"}
{"tick":"881","type":2200,"tid":"955","db":"rwRegister"}
{"tick":"882","type":2300,"db":"rwRegister","cuid":"h83E1C8303B00/133","tid":"955","data":{"_key":"89","_id":"rwCol/89","_rev":"_fz2tSre---","rwAttr":3}}
{"tick":"885","type":2300,"db":"rwRegister","cuid":"h83E1C8303B00/133","tid":"955","data":{"_key":"99","_id":"rwCol/99","_rev":"_fz2tSri---","rwAttr":3}}
{"tick":"887","type":2300,"db":"rwRegister","cuid":"h83E1C8303B00/133","tid":"955","data":{"_key":"96","_id":"rwCol/96","_rev":"_fz2tSru---","rwAttr":1}}
{"tick":"888","type":2201,"tid":"955","db":"rwRegister"}
{"tick":"889","type":2200,"tid":"964","db":"rwRegister"}
{"tick":"890","type":2300,"db":"rwRegister","cuid":"h83E1C8303B00/133","tid":"964","data":{"_key":"96","_id":"rwCol/96","_rev":"_fz2tSvm---","rwAttr":2}}
{"tick":"892","type":2300,"db":"rwRegister","cuid":"h83E1C8303B00/133","tid":"964","data":{"_key":"98","_id":"rwCol/98","_rev":"_fz2tSvu---","rwAttr":1}}
{"tick":"893","type":2201,"tid":"964","db":"rwRegister"}
{"tick":"894","type":2200,"tid":"973","db":"rwRegister"}
{"tick":"895","type":2300,"db":"rwRegister","cuid":"h83E1C8303B00/133","tid":"973","data":{"_key":"98","_id":"rwCol/98","_rev":"_fz2tS5W---","rwAttr":2}}
{"tick":"896","type":2201,"tid":"973","db":"rwRegister"}
{"tick":"897","type":2200,"tid":"980","db":"rwRegister"}
{"tick":"898","type":2300,"db":"rwRegister","cuid":"h83E1C8303B00/133","tid":"980","data":{"_key":"98","_id":"rwCol/98","_rev":"_fz2tTBq---","rwAttr":3}}
{"tick":"901","type":2300,"db":"rwRegister","cuid":"h83E1C8303B00/133","tid":"980","data":{"_key":"96","_id":"rwCol/96","_rev":"_fz2tTB6---","rwAttr":3}}
{"tick":"902","type":2201,"tid":"980","db":"rwRegister"}
{"tick":"903","type":2200,"tid":"986","db":"rwRegister"}
{"tick":"903","type":2300,"db":"rwRegister","cuid":"h83E1C8303B00/133","tid":"986","data":{"_key":"100","_id":"rwCol/100","_rev":"_fz2tTHa---","rwAttr":1}}
{"tick":"906","type":2300,"db":"rwRegister","cuid":"h83E1C8303B00/133","tid":"986","data":{"_key":"100","_id":"rwCol/100","_rev":"_fz2tTHe---","rwAttr":2}}
{"tick":"909","type":2300,"db":"rwRegister","cuid":"h83E1C8303B00/133","tid":"986","data":{"_key":"100","_id":"rwCol/100","_rev":"_fz2tTHm---","rwAttr":3}}
{"tick":"910","type":2201,"tid":"986","db":"rwRegister"}
{"tick":"911","type":2200,"tid":"994","db":"rwRegister"}
{"tick":"911","type":2300,"db":"rwRegister","cuid":"h83E1C8303B00/133","tid":"994","data":{"_key":"101","_id":"rwCol/101","_rev":"_fz2tTQm---","rwAttr":1}}
{"tick":"913","type":2300,"db":"rwRegister","cuid":"h83E1C8303B00/133","tid":"994","data":{"_key":"103","_id":"rwCol/103","_rev":"_fz2tTQq---","rwAttr":1}}
{"tick":"916","type":2300,"db":"rwRegister","cuid":"h83E1C8303B00/133","tid":"994","data":{"_key":"103","_id":"rwCol/103","_rev":"_fz2tTQu---","rwAttr":2}}
{"tick":"919","type":2300,"db":"rwRegister","cuid":"h83E1C8303B00/133","tid":"994","data":{"_key":"103","_id":"rwCol/103","_rev":"_fz2tTQy---","rwAttr":3}}
{"tick":"922","type":2300,"db":"rwRegister","cuid":"h83E1C8303B00/133","tid":"994","data":{"_key":"101","_id":"rwCol/101","_rev":"_fz2tTQy--_","rwAttr":2}}
{"tick":"925","type":2300,"db":"rwRegister","cuid":"h83E1C8303B00/133","tid":"994","data":{"_key":"101","_id":"rwCol/101","_rev":"_fz2tTQ2---","rwAttr":3}}
{"tick":"926","type":2201,"tid":"994","db":"rwRegister"}
{"tick":"927","type":2200,"tid":"1003","db":"rwRegister"}
{"tick":"927","type":2300,"db":"rwRegister","cuid":"h83E1C8303B00/133","tid":"1003","data":{"_key":"102","_id":"rwCol/102","_rev":"_fz2tTXi---","rwAttr":1}}
{"tick":"930","type":2300,"db":"rwRegister","cuid":"h83E1C8303B00/133","tid":"1003","data":{"_key":"102","_id":"rwCol/102","_rev":"_fz2tTXq---","rwAttr":2}}
{"tick":"933","type":2300,"db":"rwRegister","cuid":"h83E1C8303B00/133","tid":"1003","data":{"_key":"102","_id":"rwCol/102","_rev":"_fz2tTXq--_","rwAttr":3}}
{"tick":"935","type":2300,"db":"rwRegister","cuid":"h83E1C8303B00/133","tid":"1003","data":{"_key":"106","_id":"rwCol/106","_rev":"_fz2tTXu---","rwAttr":1}}
{"tick":"936","type":2201,"tid":"1003","db":"rwRegister"}
{"tick":"937","type":2200,"tid":"1010","db":"rwRegister"}
{"tick":"938","type":2300,"db":"rwRegister","cuid":"h83E1C8303B00/133","tid":"1010","data":{"_key":"106","_id":"rwCol/106","_rev":"_fz2tTia---","rwAttr":2}}
{"tick":"940","type":2300,"db":"rwRegister","cuid":"h83E1C8303B00/133","tid":"1010","data":{"_key":"104","_id":"rwCol/104","_rev":"_fz2tTie---","rwAttr":1}}
{"tick":"943","type":2300,"db":"rwRegister","cuid":"h83E1C8303B00/133","tid":"1010","data":{"_key":"106","_id":"rwCol/106","_rev":"_fz2tTii---","rwAttr":3}}
{"tick":"944","type":2201,"tid":"1010","db":"rwRegister"}
{"tick":"945","type":2200,"tid":"1015","db":"rwRegister"}
{"tick":"945","type":2300,"db":"rwRegister","cuid":"h83E1C8303B00/133","tid":"1015","data":{"_key":"105","_id":"rwCol/105","_rev":"_fz2tTsO---","rwAttr":1}}
{"tick":"948","type":2300,"db":"rwRegister","cuid":"h83E1C8303B00/133","tid":"1015","data":{"_key":"105","_id":"rwCol/105","_rev":"_fz2tTsa---","rwAttr":2}}
{"tick":"949","type":2201,"tid":"1015","db":"rwRegister"}
{"tick":"956","type":2200,"tid":"1032","db":"rwRegister"}
{"tick":"956","type":2300,"db":"rwRegister","cuid":"h83E1C8303B00/133","tid":"1032","data":{"_key":"107","_id":"rwCol/107","_rev":"_fz2tT6----","rwAttr":1}}
{"tick":"959","type":2300,"db":"rwRegister","cuid":"h83E1C8303B00/133","tid":"1032","data":{"_key":"107","_id":"rwCol/107","_rev":"_fz2tT6G---","rwAttr":2}}
{"tick":"962","type":2300,"db":"rwRegister","cuid":"h83E1C8303B00/133","tid":"1032","data":{"_key":"104","_id":"rwCol/104","_rev":"_fz2tT6G--_","rwAttr":2}}
{"tick":"965","type":2300,"db":"rwRegister","cuid":"h83E1C8303B00/133","tid":"1032","data":{"_key":"104","_id":"rwCol/104","_rev":"_fz2tT6K---","rwAttr":3}}
{"tick":"968","type":2300,"db":"rwRegister","cuid":"h83E1C8303B00/133","tid":"1032","data":{"_key":"105","_id":"rwCol/105","_rev":"_fz2tT6O---","rwAttr":3}}
{"tick":"969","type":2201,"tid":"1032","db":"rwRegister"}
{"tick":"970","type":2200,"tid":"1041","db":"rwRegister"}
{"tick":"970","type":2300,"db":"rwRegister","cuid":"h83E1C8303B00/133","tid":"1041","data":{"_key":"110","_id":"rwCol/110","_rev":"_fz2tU-O---","rwAttr":1}}
{"tick":"972","type":2300,"db":"rwRegister","cuid":"h83E1C8303B00/133","tid":"1041","data":{"_key":"108","_id":"rwCol/108","_rev":"_fz2tU-S---","rwAttr":1}}
{"tick":"975","type":2300,"db":"rwRegister","cuid":"h83E1C8303B00/133","tid":"1041","data":{"_key":"108","_id":"rwCol/108","_rev":"_fz2tU-W---","rwAttr":2}}
{"tick":"978","type":2300,"db":"rwRegister","cuid":"h83E1C8303B00/133","tid":"1041","data":{"_key":"108","_id":"rwCol/108","_rev":"_fz2tU-W--_","rwAttr":3}}
{"tick":"979","type":2201,"tid":"1041","db":"rwRegister"}
{"tick":"980","type":2200,"tid":"1047","db":"rwRegister"}
{"tick":"981","type":2300,"db":"rwRegister","cuid":"h83E1C8303B00/133","tid":"1047","data":{"_key":"110","_id":"rwCol/110","_rev":"_fz2tUFu---","rwAttr":2}}
{"tick":"983","type":2300,"db":"rwRegister","cuid":"h83E1C8303B00/133","tid":"1047","data":{"_key":"111","_id":"rwCol/111","_rev":"_fz2tUF2---","rwAttr":1}}
{"tick":"986","type":2300,"db":"rwRegister","cuid":"h83E1C8303B00/133","tid":"1047","data":{"_key":"111","_id":"rwCol/111","_rev":"_fz2tUF6---","rwAttr":2}}
{"tick":"987","type":2201,"tid":"1047","db":"rwRegister"}
{"tick":"988","type":2200,"tid":"1055","db":"rwRegister"}
{"tick":"989","type":2300,"db":"rwRegister","cuid":"h83E1C8303B00/133","tid":"1055","data":{"_key":"111","_id":"rwCol/111","_rev":"_fz2tUHe---","rwAttr":3}}
{"tick":"992","type":2300,"db":"rwRegister","cuid":"h83E1C8303B00/133","tid":"1055","data":{"_key":"110","_id":"rwCol/110","_rev":"_fz2tUHe--_","rwAttr":3}}
{"tick":"995","type":2300,"db":"rwRegister","cuid":"h83E1C8303B00/133","tid":"1055","data":{"_key":"107","_id":"rwCol/107","_rev":"_fz2tUHi---","rwAttr":3}}
{"tick":"996","type":2201,"tid":"1055","db":"rwRegister"}
{"tick":"997","type":2200,"tid":"1069","db":"rwRegister"}
{"tick":"997","type":2300,"db":"rwRegister","cuid":"h83E1C8303B00/133","tid":"1069","data":{"_key":"112","_id":"rwCol/112","_rev":"_fz2tUOG---","rwAttr":1}}
{"tick":"999","type":2300,"db":"rwRegister","cuid":"h83E1C8303B00/133","tid":"1069","data":{"_key":"113","_id":"rwCol/113","_rev":"_fz2tUOG--_","rwAttr":1}}
{"tick":"1001","type":2300,"db":"rwRegister","cuid":"h83E1C8303B00/133","tid":"1069","data":{"_key":"109","_id":"rwCol/109","_rev":"_fz2tUOO---","rwAttr":1}}
{"tick":"1002","type":2201,"tid":"1069","db":"rwRegister"}
{"tick":"1003","type":2200,"tid":"1075","db":"rwRegister"}
{"tick":"1004","type":2300,"db":"rwRegister","cuid":"h83E1C8303B00/133","tid":"1075","data":{"_key":"109","_id":"rwCol/109","_rev":"_fz2tUQS---","rwAttr":2}}
{"tick":"1007","type":2300,"db":"rwRegister","cuid":"h83E1C8303B00/133","tid":"1075","data":{"_key":"113","_id":"rwCol/113","_rev":"_fz2tUQS--_","rwAttr":2}}
{"tick":"1008","type":2201,"tid":"1075","db":"rwRegister"}
{"tick":"1009","type":2200,"tid":"1083","db":"rwRegister"}
{"tick":"1010","type":2300,"db":"rwRegister","cuid":"h83E1C8303B00/133","tid":"1083","data":{"_key":"112","_id":"rwCol/112","_rev":"_fz2tUXe---","rwAttr":2}}
{"tick":"1013","type":2300,"db":"rwRegister","cuid":"h83E1C8303B00/133","tid":"1083","data":{"_key":"112","_id":"rwCol/112","_rev":"_fz2tUXe--_","rwAttr":3}}
{"tick":"1015","type":2300,"db":"rwRegister","cuid":"h83E1C8303B00/133","tid":"1083","data":{"_key":"114","_id":"rwCol/114","_rev":"_fz2tUXi---","rwAttr":1}}
{"tick":"1018","type":2300,"db":"rwRegister","cuid":"h83E1C8303B00/133","tid":"1083","data":{"_key":"114","_id":"rwCol/114","_rev":"_fz2tUXm---","rwAttr":2}}
{"tick":"1019","type":2201,"tid":"1083","db":"rwRegister"}
{"tick":"1020","type":2200,"tid":"1091","db":"rwRegister"}
{"tick":"1021","type":2300,"db":"rwRegister","cuid":"h83E1C8303B00/133","tid":"1091","data":{"_key":"109","_id":"rwCol/109","_rev":"_fz2tUjW---","rwAttr":3}}
{"tick":"1024","type":2300,"db":"rwRegister","cuid":"h83E1C8303B00/133","tid":"1091","data":{"_key":"113","_id":"rwCol/113","_rev":"_fz2tUja---","rwAttr":3}}
{"tick":"1025","type":2201,"tid":"1091","db":"rwRegister"}
{"tick":"1026","type":2200,"tid":"1096","db":"rwRegister"}
{"tick":"1027","type":2300,"db":"rwRegister","cuid":"h83E1C8303B00/133","tid":"1096","data":{"_key":"114","_id":"rwCol/114","_rev":"_fz2tUvC---","rwAttr":3}}
{"tick":"1029","type":2300,"db":"rwRegister","cuid":"h83E1C8303B00/133","tid":"1096","data":{"_key":"117","_id":"rwCol/117","_rev":"_fz2tUvO---","rwAttr":1}}
{"tick":"1032","type":2300,"db":"rwRegister","cuid":"h83E1C8303B00/133","tid":"1096","data":{"_key":"117","_id":"rwCol/117","_rev":"_fz2tUvO--_","rwAttr":2}}
{"tick":"1035","type":2300,"db":"rwRegister","cuid":"h83E1C8303B00/133","tid":"1096","data":{"_key":"117","_id":"rwCol/117","_rev":"_fz2tUvS---","rwAttr":3}}
{"tick":"1036","type":2201,"tid":"1096","db":"rwRegister"}
{"tick":"1037","type":2200,"tid":"1105","db":"rwRegister"}
{"tick":"1037","type":2300,"db":"rwRegister","cuid":"h83E1C8303B00/133","tid":"1105","data":{"_key":"118","_id":"rwCol/118","_rev":"_fz2tUxW---","rwAttr":1}}
{"tick":"1039","type":2300,"db":"rwRegister","cuid":"h83E1C8303B00/133","tid":"1105","data":{"_key":"119","_id":"rwCol/119","_rev":"_fz2tUxW--_","rwAttr":1}}
{"tick":"1042","type":2300,"db":"rwRegister","cuid":"h83E1C8303B00/133","tid":"1105","data":{"_key":"118","_id":"rwCol/118","_rev":"_fz2tUxa---","rwAttr":2}}
{"tick":"1045","type":2300,"db":"rwRegister","cuid":"h83E1C8303B00/133","tid":"1105","data":{"_key":"119","_id":"rwCol/119","_rev":"_fz2tUxe---","rwAttr":2}}
{"tick":"1046","type":2201,"tid":"1105","db":"rwRegister"}
{"tick":"1047","type":2200,"tid":"1113","db":"rwRegister"}
{"tick":"1048","type":2300,"db":"rwRegister","cuid":"h83E1C8303B00/133","tid":"1113","data":{"_key":"119","_id":"rwCol/119","_rev":"_fz2tU9W---","rwAttr":3}}
{"tick":"1051","type":2300,"db":"rwRegister","cuid":"h83E1C8303B00/133","tid":"1113","data":{"_key":"118","_id":"rwCol/118","_rev":"_fz2tU9a---","rwAttr":3}}
{"tick":"1053","type":2300,"db":"rwRegister","cuid":"h83E1C8303B00/133","tid":"1113","data":{"_key":"116","_id":"rwCol/116","_rev":"_fz2tU9e---","rwAttr":1}}
{"tick":"1054","type":2201,"tid":"1113","db":"rwRegister"}
{"tick":"1055","type":2200,"tid":"1121","db":"rwRegister"}
{"tick":"1055","type":2300,"db":"rwRegister","cuid":"h83E1C8303B00/133","tid":"1121","data":{"_key":"121","_id":"rwCol/121","_rev":"_fz2tVDK---","rwAttr":1}}
{"tick":"1057","type":2300,"db":"rwRegister","cuid":"h83E1C8303B00/133","tid":"1121","data":{"_key":"120","_id":"rwCol/120","_rev":"_fz2tVDW---","rwAttr":1}}
{"tick":"1060","type":2300,"db":"rwRegister","cuid":"h83E1C8303B00/133","tid":"1121","data":{"_key":"120","_id":"rwCol/120","_rev":"_fz2tVDa---","rwAttr":2}}
{"tick":"1061","type":2201,"tid":"1121","db":"rwRegister"}
{"tick":"1062","type":2200,"tid":"1127","db":"rwRegister"}
{"tick":"1063","type":2300,"db":"rwRegister","cuid":"h83E1C8303B00/133","tid":"1127","data":{"_key":"120","_id":"rwCol/120","_rev":"_fz2tVEi---","rwAttr":3}}
{"tick":"1064","type":2201,"tid":"1127","db":"rwRegister"}
{"tick":"1073","type":2200,"tid":"1132","db":"rwRegister"}
{"tick":"1073","type":2300,"db":"rwRegister","cuid":"h83E1C8303B00/133","tid":"1132","data":{"_key":"123","_id":"rwCol/123","_rev":"_fz2tVQe---","rwAttr":1}}
{"tick":"1076","type":2300,"db":"rwRegister","cuid":"h83E1C8303B00/133","tid":"1132","data":{"_key":"123","_id":"rwCol/123","_rev":"_fz2tVQi---","rwAttr":2}}
{"tick":"1077","type":2201,"tid":"1132","db":"rwRegister"}
{"tick":"1078","type":2200,"tid":"1138","db":"rwRegister"}
{"tick":"1079","type":2300,"db":"rwRegister","cuid":"h83E1C8303B00/133","tid":"1138","data":{"_key":"116","_id":"rwCol/116","_rev":"_fz2tVb2---","rwAttr":2}}
{"tick":"1082","type":2300,"db":"rwRegister","cuid":"h83E1C8303B00/133","tid":"1138","data":{"_key":"123","_id":"rwCol/123","_rev":"_fz2tVb6---","rwAttr":3}}
{"tick":"1085","type":2300,"db":"rwRegister","cuid":"h83E1C8303B00/133","tid":"1138","data":{"_key":"121","_id":"rwCol/121","_rev":"_fz2tVc----","rwAttr":2}}
{"tick":"1086","type":2201,"tid":"1138","db":"rwRegister"}
{"tick":"1087","type":2200,"tid":"1146","db":"rwRegister"}
{"tick":"1088","type":2300,"db":"rwRegister","cuid":"h83E1C8303B00/133","tid":"1146","data":{"_key":"116","_id":"rwCol/116","_rev":"_fz2tVmu---","rwAttr":3}}
{"tick":"1090","type":2300,"db":"rwRegister","cuid":"h83E1C8303B00/133","tid":"1146","data":{"_key":"125","_id":"rwCol/125","_rev":"_fz2tVmy---","rwAttr":1}}
{"tick":"1093","type":2300,"db":"rwRegister","cuid":"h83E1C8303B00/133","tid":"1146","data":{"_key":"121","_id":"rwCol/121","_rev":"_fz2tVmy--_","rwAttr":3}}
{"tick":"1095","type":2300,"db":"rwRegister","cuid":"h83E1C8303B00/133","tid":"1146","data":{"_key":"124","_id":"rwCol/124","_rev":"_fz2tVm2---","rwAttr":1}}
{"tick":"1098","type":2300,"db":"rwRegister","cuid":"h83E1C8303B00/133","tid":"1146","data":{"_key":"124","_id":"rwCol/124","_rev":"_fz2tVm2--_","rwAttr":2}}
{"tick":"1100","type":2300,"db":"rwRegister","cuid":"h83E1C8303B00/133","tid":"1146","data":{"_key":"115","_id":"rwCol/115","_rev":"_fz2tVm6---","rwAttr":1}}
{"tick":"1101","type":2201,"tid":"1146","db":"rwRegister"}
{"tick":"1102","type":2200,"tid":"1159","db":"rwRegister"}
{"tick":"1103","type":2300,"db":"rwRegister","cuid":"h83E1C8303B00/133","tid":"1159","data":{"_key":"125","_id":"rwCol/125","_rev":"_fz2tVzW---","rwAttr":2}}
{"tick":"1106","type":2300,"db":"rwRegister","cuid":"h83E1C8303B00/133","tid":"1159","data":{"_key":"124","_id":"rwCol/124","_rev":"_fz2tVza---","rwAttr":3}}
{"tick":"1108","type":2300,"db":"rwRegister","cuid":"h83E1C8303B00/133","tid":"1159","data":{"_key":"126","_id":"rwCol/126","_rev":"_fz2tVze---","rwAttr":1}}
{"tick":"1109","type":2201,"tid":"1159","db":"rwRegister"}
{"tick":"1110","type":2200,"tid":"1164","db":"rwRegister"}
{"tick":"1110","type":2300,"db":"rwRegister","cuid":"h83E1C8303B00/133","tid":"1164","data":{"_key":"127","_id":"rwCol/127","_rev":"_fz2tV4e---","rwAttr":1}}
{"tick":"1113","type":2300,"db":"rwRegister","cuid":"h83E1C8303B00/133","tid":"1164","data":{"_key":"127","_id":"rwCol/127","_rev":"_fz2tV4m---","rwAttr":2}}
{"tick":"1116","type":2300,"db":"rwRegister","cuid":"h83E1C8303B00/133","tid":"1164","data":{"_key":"125","_id":"rwCol/125","_rev":"_fz2tV4q---","rwAttr":3}}
{"tick":"1117","type":2201,"tid":"1164","db":"rwRegister"}
{"tick":"1118","type":2200,"tid":"1170","db":"rwRegister"}
{"tick":"1119","type":2300,"db":"rwRegister","cuid":"h83E1C8303B00/133","tid":"1170","data":{"_key":"127","_id":"rwCol/127","_rev":"_fz2tWFa---","rwAttr":3}}
{"tick":"1120","type":2201,"tid":"1170","db":"rwRegister"}
{"tick":"1121","type":2200,"tid":"1175","db":"rwRegister"}
{"tick":"1122","type":2300,"db":"rwRegister","cuid":"h83E1C8303B00/133","tid":"1175","data":{"_key":"126","_id":"rwCol/126","_rev":"_fz2tWNC---","rwAttr":2}}
{"tick":"1124","type":2300,"db":"rwRegister","cuid":"h83E1C8303B00/133","tid":"1175","data":{"_key":"129","_id":"rwCol/129","_rev":"_fz2tWNG---","rwAttr":1}}
{"tick":"1125","type":2201,"tid":"1175","db":"rwRegister"}
{"tick":"1126","type":2200,"tid":"1184","db":"rwRegister"}
{"tick":"1126","type":2300,"db":"rwRegister","cuid":"h83E1C8303B00/133","tid":"1184","data":{"_key":"122","_id":"rwCol/122","_rev":"_fz2tWQ2---","rwAttr":1}}
{"tick":"1127","type":2201,"tid":"1184","db":"rwRegister"}
{"tick":"1128","type":2200,"tid":"1190","db":"rwRegister"}
{"tick":"1129","type":2300,"db":"rwRegister","cuid":"h83E1C8303B00/133","tid":"1190","data":{"_key":"126","_id":"rwCol/126","_rev":"_fz2tWa2---","rwAttr":3}}
{"tick":"1131","type":2300,"db":"rwRegister","cuid":"h83E1C8303B00/133","tid":"1190","data":{"_key":"128","_id":"rwCol/128","_rev":"_fz2tWbC---","rwAttr":1}}
{"tick":"1134","type":2300,"db":"rwRegister","cuid":"h83E1C8303B00/133","tid":"1190","data":{"_key":"129","_id":"rwCol/129","_rev":"_fz2tWbK---","rwAttr":2}}
{"tick":"1135","type":2201,"tid":"1190","db":"rwRegister"}
{"tick":"1136","type":2200,"tid":"1199","db":"rwRegister"}
{"tick":"1137","type":2300,"db":"rwRegister","cuid":"h83E1C8303B00/133","tid":"1199","data":{"_key":"129","_id":"rwCol/129","_rev":"_fz2tWgC---","rwAttr":3}}
{"tick":"1138","type":2201,"tid":"1199","db":"rwRegister"}
{"tick":"1139","type":2200,"tid":"1204","db":"rwRegister"}
{"tick":"1139","type":2300,"db":"rwRegister","cuid":"h83E1C8303B00/133","tid":"1204","data":{"_key":"131","_id":"rwCol/131","_rev":"_fz2tWjC---","rwAttr":1}}
{"tick":"1142","type":2300,"db":"rwRegister","cuid":"h83E1C8303B00/133","tid":"1204","data":{"_key":"115","_id":"rwCol/115","_rev":"_fz2tWjG---","rwAttr":2}}
{"tick":"1144","type":2300,"db":"rwRegister","cuid":"h83E1C8303B00/133","tid":"1204","data":{"_key":"130","_id":"rwCol/130","_rev":"_fz2tWjG--_","rwAttr":1}}
{"tick":"1145","type":2201,"tid":"1204","db":"rwRegister"}
{"tick":"1146","type":2200,"tid":"1209","db":"rwRegister"}
{"tick":"1147","type":2300,"db":"rwRegister","cuid":"h83E1C8303B00/133","tid":"1209","data":{"_key":"115","_id":"rwCol/115","_rev":"_fz2tWpO---","rwAttr":3}}
{"tick":"1150","type":2300,"db":"rwRegister","cuid":"h83E1C8303B00/133","tid":"1209","data":{"_key":"131","_id":"rwCol/131","_rev":"_fz2tWpS---","rwAttr":2}}
{"tick":"1153","type":2300,"db":"rwRegister","cuid":"h83E1C8303B00/133","tid":"1209","data":{"_key":"130","_id":"rwCol/130","_rev":"_fz2tWpa---","rwAttr":2}}
{"tick":"1156","type":2300,"db":"rwRegister","cuid":"h83E1C8303B00/133","tid":"1209","data":{"_key":"130","_id":"rwCol/130","_rev":"_fz2tWpi---","rwAttr":3}}
{"tick":"1157","type":2201,"tid":"1209","db":"rwRegister"}
{"tick":"1158","type":2200,"tid":"1217","db":"rwRegister"}
{"tick":"1158","type":2300,"db":"rwRegister","cuid":"h83E1C8303B00/133","tid":"1217","data":{"_key":"133","_id":"rwCol/133","_rev":"_fz2tWxO---","rwAttr":1}}
{"tick":"1161","type":2300,"db":"rwRegister","cuid":"h83E1C8303B00/133","tid":"1217","data":{"_key":"133","_id":"rwCol/133","_rev":"_fz2tWxS---","rwAttr":2}}
{"tick":"1164","type":2300,"db":"rwRegister","cuid":"h83E1C8303B00/133","tid":"1217","data":{"_key":"133","_id":"rwCol/133","_rev":"_fz2tWxm---","rwAttr":3}}
{"tick":"1165","type":2201,"tid":"1217","db":"rwRegister"}
{"tick":"1166","type":2200,"tid":"1226","db":"rwRegister"}
{"tick":"1166","type":2300,"db":"rwRegister","cuid":"h83E1C8303B00/133","tid":"1226","data":{"_key":"134","_id":"rwCol/134","_rev":"_fz2tW12---","rwAttr":1}}
{"tick":"1169","type":2300,"db":"rwRegister","cuid":"h83E1C8303B00/133","tid":"1226","data":{"_key":"128","_id":"rwCol/128","_rev":"_fz2tW2----","rwAttr":2}}
{"tick":"1171","type":2300,"db":"rwRegister","cuid":"h83E1C8303B00/133","tid":"1226","data":{"_key":"132","_id":"rwCol/132","_rev":"_fz2tW2G---","rwAttr":2}}
{"tick":"1172","type":2201,"tid":"1226","db":"rwRegister"}
{"tick":"1173","type":2200,"tid":"1232","db":"rwRegister"}
{"tick":"1174","type":2300,"db":"rwRegister","cuid":"h83E1C8303B00/133","tid":"1232","data":{"_key":"134","_id":"rwCol/134","_rev":"_fz2tW2a---","rwAttr":2}}
{"tick":"1177","type":2300,"db":"rwRegister","cuid":"h83E1C8303B00/133","tid":"1232","data":{"_key":"134","_id":"rwCol/134","_rev":"_fz2tW2e---","rwAttr":3}}
{"tick":"1179","type":2300,"db":"rwRegister","cuid":"h83E1C8303B00/133","tid":"1232","data":{"_key":"135","_id":"rwCol/135","_rev":"_fz2tW2q---","rwAttr":1}}
{"tick":"1180","type":2201,"tid":"1232","db":"rwRegister"}
{"tick":"1181","type":2200,"tid":"1241","db":"rwRegister"}
{"tick":"1182","type":2300,"db":"rwRegister","cuid":"h83E1C8303B00/133","tid":"1241","data":{"_key":"135","_id":"rwCol/135","_rev":"_fz2tW5y---","rwAttr":2}}
{"tick":"1185","type":2300,"db":"rwRegister","cuid":"h83E1C8303B00/133","tid":"1241","data":{"_key":"132","_id":"rwCol/132","_rev":"_fz2tW52---","rwAttr":3}}
{"tick":"1188","type":2300,"db":"rwRegister","cuid":"h83E1C8303B00/133","tid":"1241","data":{"_key":"135","_id":"rwCol/135","_rev":"_fz2tW56---","rwAttr":3}}
{"tick":"1191","type":2300,"db":"rwRegister","cuid":"h83E1C8303B00/133","tid":"1241","data":{"_key":"128","_id":"rwCol/128","_rev":"_fz2tW6----","rwAttr":3}}
{"tick":"1193","type":2300,"db":"rwRegister","cuid":"h83E1C8303B00/133","tid":"1241","data":{"_key":"138","_id":"rwCol/138","_rev":"_fz2tW6C---","rwAttr":1}}
{"tick":"1194","type":2201,"tid":"1241","db":"rwRegister"}
{"tick":"1195","type":2200,"tid":"1249","db":"rwRegister"}
{"tick":"1195","type":2300,"db":"rwRegister","cuid":"h83E1C8303B00/133","tid":"1249","data":{"_key":"137","_id":"rwCol/137","_rev":"_fz2tX-y---","rwAttr":1}}
{"tick":"1198","type":2300,"db":"rwRegister","cuid":"h83E1C8303B00/133","tid":"1249","data":{"_key":"137","_id":"rwCol/137","_rev":"_fz2tX-2---","rwAttr":2}}
{"tick":"1201","type":2300,"db":"rwRegister","cuid":"h83E1C8303B00/133","tid":"1249","data":{"_key":"137","_id":"rwCol/137","_rev":"_fz2tX-6---","rwAttr":3}}
{"tick":"1202","type":2201,"tid":"1249","db":"rwRegister"}
{"tick":"1203","type":2200,"tid":"1254","db":"rwRegister"}
{"tick":"1204","type":2300,"db":"rwRegister","cuid":"h83E1C8303B00/133","tid":"1254","data":{"_key":"138","_id":"rwCol/138","_rev":"_fz2tXGq---","rwAttr":2}}
{"tick":"1206","type":2300,"db":"rwRegister","cuid":"h83E1C8303B00/133","tid":"1254","data":{"_key":"136","_id":"rwCol/136","_rev":"_fz2tXGu---","rwAttr":1}}
{"tick":"1208","type":2300,"db":"rwRegister","cuid":"h83E1C8303B00/133","tid":"1254","data":{"_key":"139","_id":"rwCol/139","_rev":"_fz2tXG2---","rwAttr":1}}
{"tick":"1211","type":2300,"db":"rwRegister","cuid":"h83E1C8303B00/133","tid":"1254","data":{"_key":"136","_id":"rwCol/136","_rev":"_fz2tXG6---","rwAttr":2}}
{"tick":"1212","type":2201,"tid":"1254","db":"rwRegister"}
{"tick":"1213","type":2200,"tid":"1263","db":"rwRegister"}
{"tick":"1214","type":2300,"db":"rwRegister","cuid":"h83E1C8303B00/133","tid":"1263","data":{"_key":"139","_id":"rwCol/139","_rev":"_fz2tXMi---","rwAttr":2}}
{"tick":"1217","type":2300,"db":"rwRegister","cuid":"h83E1C8303B00/133","tid":"1263","data":{"_key":"139","_id":"rwCol/139","_rev":"_fz2tXMm---","rwAttr":3}}
{"tick":"1218","type":2201,"tid":"1263","db":"rwRegister"}
{"tick":"1219","type":2200,"tid":"1270","db":"rwRegister"}
{"tick":"1219","type":2300,"db":"rwRegister","cuid":"h83E1C8303B00/133","tid":"1270","data":{"_key":"140","_id":"rwCol/140","_rev":"_fz2tXOG---","rwAttr":1}}
{"tick":"1222","type":2300,"db":"rwRegister","cuid":"h83E1C8303B00/133","tid":"1270","data":{"_key":"140","_id":"rwCol/140","_rev":"_fz2tXOG--_","rwAttr":2}}
{"tick":"1223","type":2201,"tid":"1270","db":"rwRegister"}
{"tick":"1224","type":2200,"tid":"1275","db":"rwRegister"}
{"tick":"1225","type":2300,"db":"rwRegister","cuid":"h83E1C8303B00/133","tid":"1275","data":{"_key":"136","_id":"rwCol/136","_rev":"_fz2tXS2---","rwAttr":3}}
{"tick":"1228","type":2300,"db":"rwRegister","cuid":"h83E1C8303B00/133","tid":"1275","data":{"_key":"140","_id":"rwCol/140","_rev":"_fz2tXS2--_","rwAttr":3}}
{"tick":"1229","type":2201,"tid":"1275","db":"rwRegister"}
{"tick":"1230","type":2200,"tid":"1280","db":"rwRegister"}
{"tick":"1230","type":2300,"db":"rwRegister","cuid":"h83E1C8303B00/133","tid":"1280","data":{"_key":"142","_id":"rwCol/142","_rev":"_fz2tXd----","rwAttr":1}}
{"tick":"1233","type":2300,"db":"rwRegister","cuid":"h83E1C8303B00/133","tid":"1280","data":{"_key":"138","_id":"rwCol/138","_rev":"_fz2tXdC---","rwAttr":3}}
{"tick":"1235","type":2300,"db":"rwRegister","cuid":"h83E1C8303B00/133","tid":"1280","data":{"_key":"143","_id":"rwCol/143","_rev":"_fz2tXdC--_","rwAttr":1}}
{"tick":"1237","type":2300,"db":"rwRegister","cuid":"h83E1C8303B00/133","tid":"1280","data":{"_key":"141","_id":"rwCol/141","_rev":"_fz2tXdK---","rwAttr":1}}
{"tick":"1238","type":2201,"tid":"1280","db":"rwRegister"}
{"tick":"1243","type":2200,"tid":"1287","db":"rwRegister"}
{"tick":"1244","type":2300,"db":"rwRegister","cuid":"h83E1C8303B00/133","tid":"1287","data":{"_key":"143","_id":"rwCol/143","_rev":"_fz2tXpC---","rwAttr":2}}
{"tick":"1247","type":2300,"db":"rwRegister","cuid":"h83E1C8303B00/133","tid":"1287","data":{"_key":"142","_id":"rwCol/142","_rev":"_fz2tXpG---","rwAttr":2}}
{"tick":"1250","type":2300,"db":"rwRegister","cuid":"h83E1C8303B00/133","tid":"1287","data":{"_key":"141","_id":"rwCol/141","_rev":"_fz2tXpK---","rwAttr":2}}
{"tick":"1253","type":2300,"db":"rwRegister","cuid":"h83E1C8303B00/133","tid":"1287","data":{"_key":"142","_id":"rwCol/142","_rev":"_fz2tXpK--_","rwAttr":3}}
{"tick":"1255","type":2300,"db":"rwRegister","cuid":"h83E1C8303B00/133","tid":"1287","data":{"_key":"144","_id":"rwCol/144","_rev":"_fz2tXpO---","rwAttr":1}}
{"tick":"1256","type":2201,"tid":"1287","db":"rwRegister"}
{"tick":"1257","type":2200,"tid":"1294","db":"rwRegister"}
{"tick":"1258","type":2300,"db":"rwRegister","cuid":"h83E1C8303B00/133","tid":"1294","data":{"_key":"144","_id":"rwCol/144","_rev":"_fz2tXx----","rwAttr":2}}
{"tick":"1261","type":2300,"db":"rwRegister","cuid":"h83E1C8303B00/133","tid":"1294","data":{"_key":"144","_id":"rwCol/144","_rev":"_fz2tXxG---","rwAttr":3}}
{"tick":"1262","type":2201,"tid":"1294","db":"rwRegister"}
{"tick":"1263","type":2200,"tid":"1300","db":"rwRegister"}
{"tick":"1263","type":2300,"db":"rwRegister","cuid":"h83E1C8303B00/133","tid":"1300","data":{"_key":"145","_id":"rwCol/145","_rev":"_fz2tX3W---","rwAttr":1}}
{"tick":"1266","type":2300,"db":"rwRegister","cuid":"h83E1C8303B00/133","tid":"1300","data":{"_key":"143","_id":"rwCol/143","_rev":"_fz2tX3i---","rwAttr":3}}
{"tick":"1267","type":2201,"tid":"1300","db":"rwRegister"}
{"tick":"1268","type":2200,"tid":"1305","db":"rwRegister"}
{"tick":"1269","type":2300,"db":"rwRegister","cuid":"h83E1C8303B00/133","tid":"1305","data":{"_key":"141","_id":"rwCol/141","_rev":"_fz2tY-K---","rwAttr":3}}
{"tick":"1272","type":2300,"db":"rwRegister","cuid":"h83E1C8303B00/133","tid":"1305","data":{"_key":"145","_id":"rwCol/145","_rev":"_fz2tY-S---","rwAttr":2}}
{"tick":"1275","type":2300,"db":"rwRegister","cuid":"h83E1C8303B00/133","tid":"1305","data":{"_key":"145","_id":"rwCol/145","_rev":"_fz2tY-W---","rwAttr":3}}
{"tick":"1276","type":2201,"tid":"1305","db":"rwRegister"}
{"tick":"1277","type":2200,"tid":"1312","db":"rwRegister"}
{"tick":"1277","type":2300,"db":"rwRegister","cuid":"h83E1C8303B00/133","tid":"1312","data":{"_key":"146","_id":"rwCol/146","_rev":"_fz2tYGG---","rwAttr":1}}
{"tick":"1279","type":2300,"db":"rwRegister","cuid":"h83E1C8303B00/133","tid":"1312","data":{"_key":"147","_id":"rwCol/147","_rev":"_fz2tYGK---","rwAttr":1}}
{"tick":"1282","type":2300,"db":"rwRegister","cuid":"h83E1C8303B00/133","tid":"1312","data":{"_key":"147","_id":"rwCol/147","_rev":"_fz2tYGO---","rwAttr":2}}
{"tick":"1283","type":2201,"tid":"1312","db":"rwRegister"}
{"tick":"1284","type":2200,"tid":"1318","db":"rwRegister"}
{"tick":"1285","type":2300,"db":"rwRegister","cuid":"h83E1C8303B00/133","tid":"1318","data":{"_key":"147","_id":"rwCol/147","_rev":"_fz2tYQ6---","rwAttr":3}}
{"tick":"1287","type":2300,"db":"rwRegister","cuid":"h83E1C8303B00/133","tid":"1318","data":{"_key":"149","_id":"rwCol/149","_rev":"_fz2tYRG---","rwAttr":1}}
{"tick":"1290","type":2300,"db":"rwRegister","cuid":"h83E1C8303B00/133","tid":"1318","data":{"_key":"146","_id":"rwCol/146","_rev":"_fz2tYRO---","rwAttr":2}}
{"tick":"1292","type":2300,"db":"rwRegister","cuid":"h83E1C8303B00/133","tid":"1318","data":{"_key":"150","_id":"rwCol/150","_rev":"_fz2tYRS---","rwAttr":1}}
{"tick":"1295","type":2300,"db":"rwRegister","cuid":"h83E1C8303B00/133","tid":"1318","data":{"_key":"150","_id":"rwCol/150","_rev":"_fz2tYRa---","rwAttr":2}}
{"tick":"1296","type":2201,"tid":"1318","db":"rwRegister"}
{"tick":"1297","type":2200,"tid":"1327","db":"rwRegister"}
{"tick":"1298","type":2300,"db":"rwRegister","cuid":"h83E1C8303B00/133","tid":"1327","data":{"_key":"149","_id":"rwCol/149","_rev":"_fz2tYT6---","rwAttr":2}}
{"tick":"1301","type":2300,"db":"rwRegister","cuid":"h83E1C8303B00/133","tid":"1327","data":{"_key":"146","_id":"rwCol/146","_rev":"_fz2tYU----","rwAttr":3}}
{"tick":"1304","type":2300,"db":"rwRegister","cuid":"h83E1C8303B00/133","tid":"1327","data":{"_key":"150","_id":"rwCol/150","_rev":"_fz2tYUG---","rwAttr":3}}
{"tick":"1307","type":2300,"db":"rwRegister","cuid":"h83E1C8303B00/133","tid":"1327","data":{"_key":"149","_id":"rwCol/149","_rev":"_fz2tYUK---","rwAttr":3}}
{"tick":"1308","type":2201,"tid":"1327","db":"rwRegister"}
{"tick":"1309","type":2200,"tid":"1343","db":"rwRegister"}
{"tick":"1309","type":2300,"db":"rwRegister","cuid":"h83E1C8303B00/133","tid":"1343","data":{"_key":"151","_id":"rwCol/151","_rev":"_fz2tYiO---","rwAttr":1}}
{"tick":"1312","type":2300,"db":"rwRegister","cuid":"h83E1C8303B00/133","tid":"1343","data":{"_key":"151","_id":"rwCol/151","_rev":"_fz2tYiW---","rwAttr":2}}
{"tick":"1315","type":2300,"db":"rwRegister","cuid":"h83E1C8303B00/133","tid":"1343","data":{"_key":"151","_id":"rwCol/151","_rev":"_fz2tYia---","rwAttr":3}}
{"tick":"1316","type":2201,"tid":"1343","db":"rwRegister"}
{"tick":"1317","type":2200,"tid":"1349","db":"rwRegister"}
{"tick":"1317","type":2300,"db":"rwRegister","cuid":"h83E1C8303B00/133","tid":"1349","data":{"_key":"152","_id":"rwCol/152","_rev":"_fz2tYsy---","rwAttr":1}}
{"tick":"1319","type":2300,"db":"rwRegister","cuid":"h83E1C8303B00/133","tid":"1349","data":{"_key":"154","_id":"rwCol/154","_rev":"_fz2tYt----","rwAttr":1}}
{"tick":"1322","type":2300,"db":"rwRegister","cuid":"h83E1C8303B00/133","tid":"1349","data":{"_key":"152","_id":"rwCol/152","_rev":"_fz2tYt---_","rwAttr":2}}
{"tick":"1325","type":2300,"db":"rwRegister","cuid":"h83E1C8303B00/133","tid":"1349","data":{"_key":"152","_id":"rwCol/152","_rev":"_fz2tYtC---","rwAttr":3}}
{"tick":"1328","type":2300,"db":"rwRegister","cuid":"h83E1C8303B00/133","tid":"1349","data":{"_key":"154","_id":"rwCol/154","_rev":"_fz2tYtG---","rwAttr":2}}
{"tick":"1329","type":2201,"tid":"1349","db":"rwRegister"}
{"tick":"1330","type":2200,"tid":"1357","db":"rwRegister"}
{"tick":"1331","type":2300,"db":"rwRegister","cuid":"h83E1C8303B00/133","tid":"1357","data":{"_key":"154","_id":"rwCol/154","_rev":"_fz2tYzO---","rwAttr":3}}
{"tick":"1332","type":2201,"tid":"1357","db":"rwRegister"}
{"tick":"1333","type":2200,"tid":"1362","db":"rwRegister"}
{"tick":"1333","type":2300,"db":"rwRegister","cuid":"h83E1C8303B00/133","tid":"1362","data":{"_key":"155","_id":"rwCol/155","_rev":"_fz2tY5e---","rwAttr":1}}
{"tick":"1335","type":2300,"db":"rwRegister","cuid":"h83E1C8303B00/133","tid":"1362","data":{"_key":"148","_id":"rwCol/148","_rev":"_fz2tY5m---","rwAttr":1}}
{"tick":"1338","type":2300,"db":"rwRegister","cuid":"h83E1C8303B00/133","tid":"1362","data":{"_key":"155","_id":"rwCol/155","_rev":"_fz2tY5q---","rwAttr":2}}
{"tick":"1339","type":2201,"tid":"1362","db":"rwRegister"}
{"tick":"1340","type":2200,"tid":"1368","db":"rwRegister"}
{"tick":"1340","type":2300,"db":"rwRegister","cuid":"h83E1C8303B00/133","tid":"1368","data":{"_key":"156","_id":"rwCol/156","_rev":"_fz2tZBq---","rwAttr":1}}
{"tick":"1343","type":2300,"db":"rwRegister","cuid":"h83E1C8303B00/133","tid":"1368","data":{"_key":"148","_id":"rwCol/148","_rev":"_fz2tZBu---","rwAttr":2}}
{"tick":"1346","type":2300,"db":"rwRegister","cuid":"h83E1C8303B00/133","tid":"1368","data":{"_key":"155","_id":"rwCol/155","_rev":"_fz2tZBy---","rwAttr":3}}
{"tick":"1347","type":2201,"tid":"1368","db":"rwRegister"}
{"tick":"1348","type":2200,"tid":"1377","db":"rwRegister"}
{"tick":"1349","type":2300,"db":"rwRegister","cuid":"h83E1C8303B00/133","tid":"1377","data":{"_key":"148","_id":"rwCol/148","_rev":"_fz2tZNi---","rwAttr":3}}
{"tick":"1350","type":2201,"tid":"1377","db":"rwRegister"}
{"tick":"1351","type":2200,"tid":"1383","db":"rwRegister"}
{"tick":"1352","type":2300,"db":"rwRegister","cuid":"h83E1C8303B00/133","tid":"1383","data":{"_key":"156","_id":"rwCol/156","_rev":"_fz2tZUi---","rwAttr":2}}
{"tick":"1354","type":2300,"db":"rwRegister","cuid":"h83E1C8303B00/133","tid":"1383","data":{"_key":"157","_id":"rwCol/157","_rev":"_fz2tZUq---","rwAttr":1}}
{"tick":"1357","type":2300,"db":"rwRegister","cuid":"h83E1C8303B00/133","tid":"1383","data":{"_key":"156","_id":"rwCol/156","_rev":"_fz2tZUy---","rwAttr":3}}
{"tick":"1360","type":2300,"db":"rwRegister","cuid":"h83E1C8303B00/133","tid":"1383","data":{"_key":"157","_id":"rwCol/157","_rev":"_fz2tZU6---","rwAttr":2}}
{"tick":"1361","type":2201,"tid":"1383","db":"rwRegister"}
{"tick":"1362","type":2200,"tid":"1389","db":"rwRegister"}
{"tick":"1363","type":2300,"db":"rwRegister","cuid":"h83E1C8303B00/133","tid":"1389","data":{"_key":"157","_id":"rwCol/157","_rev":"_fz2tZYi---","rwAttr":3}}
{"tick":"1365","type":2300,"db":"rwRegister","cuid":"h83E1C8303B00/133","tid":"1389","data":{"_key":"158","_id":"rwCol/158","_rev":"_fz2tZYm---","rwAttr":1}}
{"tick":"1366","type":2201,"tid":"1389","db":"rwRegister"}
{"tick":"1367","type":2200,"tid":"1396","db":"rwRegister"}
{"tick":"1367","type":2300,"db":"rwRegister","cuid":"h83E1C8303B00/133","tid":"1396","data":{"_key":"153","_id":"rwCol/153","_rev":"_fz2tZbi---","rwAttr":1}}
{"tick":"1369","type":2300,"db":"rwRegister","cuid":"h83E1C8303B00/133","tid":"1396","data":{"_key":"159","_id":"rwCol/159","_rev":"_fz2tZbq---","rwAttr":1}}
{"tick":"1372","type":2300,"db":"rwRegister","cuid":"h83E1C8303B00/133","tid":"1396","data":{"_key":"159","_id":"rwCol/159","_rev":"_fz2tZbu---","rwAttr":2}}
{"tick":"1375","type":2300,"db":"rwRegister","cuid":"h83E1C8303B00/133","tid":"1396","data":{"_key":"159","_id":"rwCol/159","_rev":"_fz2tZb2---","rwAttr":3}}
{"tick":"1376","type":2201,"tid":"1396","db":"rwRegister"}
{"tick":"1377","type":2200,"tid":"1414","db":"rwRegister"}
{"tick":"1377","type":2300,"db":"rwRegister","cuid":"h83E1C8303B00/133","tid":"1414","data":{"_key":"160","_id":"rwCol/160","_rev":"_fz2tZvK---","rwAttr":1}}
{"tick":"1380","type":2300,"db":"rwRegister","cuid":"h83E1C8303B00/133","tid":"1414","data":{"_key":"160","_id":"rwCol/160","_rev":"_fz2tZvS---","rwAttr":2}}
{"tick":"1383","type":2300,"db":"rwRegister","cuid":"h83E1C8303B00/133","tid":"1414","data":{"_key":"160","_id":"rwCol/160","_rev":"_fz2tZvW---","rwAttr":3}}
{"tick":"1384","type":2201,"tid":"1414","db":"rwRegister"}
{"tick":"1385","type":2200,"tid":"1419","db":"rwRegister"}
{"tick":"1386","type":2300,"db":"rwRegister","cuid":"h83E1C8303B00/133","tid":"1419","data":{"_key":"158","_id":"rwCol/158","_rev":"_fz2tZwG---","rwAttr":2}}
{"tick":"1389","type":2300,"db":"rwRegister","cuid":"h83E1C8303B00/133","tid":"1419","data":{"_key":"158","_id":"rwCol/158","_rev":"_fz2tZwO---","rwAttr":3}}
{"tick":"1391","type":2300,"db":"rwRegister","cuid":"h83E1C8303B00/133","tid":"1419","data":{"_key":"161","_id":"rwCol/161","_rev":"_fz2tZwS---","rwAttr":1}}
{"tick":"1392","type":2201,"tid":"1419","db":"rwRegister"}
{"tick":"1393","type":2200,"tid":"1428","db":"rwRegister"}
{"tick":"1393","type":2300,"db":"rwRegister","cuid":"h83E1C8303B00/133","tid":"1428","data":{"_key":"162","_id":"rwCol/162","_rev":"_fz2tZyi---","rwAttr":1}}
{"tick":"1395","type":2300,"db":"rwRegister","cuid":"h83E1C8303B00/133","tid":"1428","data":{"_key":"163","_id":"rwCol/163","_rev":"_fz2tZym---","rwAttr":1}}
{"tick":"1398","type":2300,"db":"rwRegister","cuid":"h83E1C8303B00/133","tid":"1428","data":{"_key":"162","_id":"rwCol/162","_rev":"_fz2tZyq---","rwAttr":2}}
{"tick":"1399","type":2201,"tid":"1428","db":"rwRegister"}
{"tick":"1400","type":2200,"tid":"1434","db":"rwRegister"}
{"tick":"1401","type":2300,"db":"rwRegister","cuid":"h83E1C8303B00/133","tid":"1434","data":{"_key":"161","_id":"rwCol/161","_rev":"_fz2tZ5S---","rwAttr":2}}
{"tick":"1404","type":2300,"db":"rwRegister","cuid":"h83E1C8303B00/133","tid":"1434","data":{"_key":"162","_id":"rwCol/162","_rev":"_fz2tZ5W---","rwAttr":3}}
{"tick":"1406","type":2300,"db":"rwRegister","cuid":"h83E1C8303B00/133","tid":"1434","data":{"_key":"164","_id":"rwCol/164","_rev":"_fz2tZ5a---","rwAttr":1}}
{"tick":"1409","type":2300,"db":"rwRegister","cuid":"h83E1C8303B00/133","tid":"1434","data":{"_key":"153","_id":"rwCol/153","_rev":"_fz2tZ5e---","rwAttr":2}}
{"tick":"1410","type":2201,"tid":"1434","db":"rwRegister"}
{"tick":"1414","type":2200,"tid":"1443","db":"rwRegister"}
{"tick":"1415","type":2300,"db":"rwRegister","cuid":"h83E1C8303B00/133","tid":"1443","data":{"_key":"164","_id":"rwCol/164","_rev":"_fz2taAy---","rwAttr":2}}
{"tick":"1418","type":2300,"db":"rwRegister","cuid":"h83E1C8303B00/133","tid":"1443","data":{"_key":"163","_id":"rwCol/163","_rev":"_fz2taA6---","rwAttr":2}}
{"tick":"1421","type":2300,"db":"rwRegister","cuid":"h83E1C8303B00/133","tid":"1443","data":{"_key":"161","_id":"rwCol/161","_rev":"_fz2taBK---","rwAttr":3}}
{"tick":"1424","type":2300,"db":"rwRegister","cuid":"h83E1C8303B00/133","tid":"1443","data":{"_key":"163","_id":"rwCol/163","_rev":"_fz2taBK--_","rwAttr":3}}
{"tick":"1425","type":2201,"tid":"1443","db":"rwRegister"}
{"tick":"1426","type":2200,"tid":"1450","db":"rwRegister"}
{"tick":"1426","type":2300,"db":"rwRegister","cuid":"h83E1C8303B00/133","tid":"1450","data":{"_key":"165","_id":"rwCol/165","_rev":"_fz2taJW---","rwAttr":1}}
{"tick":"1429","type":2300,"db":"rwRegister","cuid":"h83E1C8303B00/133","tid":"1450","data":{"_key":"164","_id":"rwCol/164","_rev":"_fz2taJa---","rwAttr":3}}
{"tick":"1432","type":2300,"db":"rwRegister","cuid":"h83E1C8303B00/133","tid":"1450","data":{"_key":"122","_id":"rwCol/122","_rev":"_fz2taJm---","rwAttr":2}}
{"tick":"1433","type":2201,"tid":"1450","db":"rwRegister"}
{"tick":"1434","type":2200,"tid":"1463","db":"rwRegister"}
{"tick":"1435","type":2300,"db":"rwRegister","cuid":"h83E1C8303B00/133","tid":"1463","data":{"_key":"165","_id":"rwCol/165","_rev":"_fz2taZS---","rwAttr":2}}
{"tick":"1436","type":2201,"tid":"1463","db":"rwRegister"}
{"tick":"1437","type":2200,"tid":"1469","db":"rwRegister"}
{"tick":"1437","type":2300,"db":"rwRegister","cuid":"h83E1C8303B00/133","tid":"1469","data":{"_key":"167","_id":"rwCol/167","_rev":"_fz2takS---","rwAttr":1}}
{"tick":"1440","type":2300,"db":"rwRegister","cuid":"h83E1C8303B00/133","tid":"1469","data":{"_key":"165","_id":"rwCol/165","_rev":"_fz2taki---","rwAttr":3}}
{"tick":"1441","type":2201,"tid":"1469","db":"rwRegister"}
