2023-04-30 16:55:02,165{GMT}	INFO	[jepsen test runner] jepsen.core: Test version d3efd23b0314aea1a2d2e8bf72c456e71b80c61e (plus uncommitted changes)
2023-04-30 16:55:02,165{GMT}	INFO	[jepsen test runner] jepsen.core: Command line:
lein run test --nodes-file ./vagrant/nodes-vagrant.txt --password --ssh-private-key ./vagrant/vagrant_ssh_key --username vagrant --test-type rw --time-limit 20 -r 10 --concurrency 20 --key-count 3 --min-txn-length 2 --max-txn-length 8 --max-writes-per-key 32 --nemesis-type noop
2023-04-30 16:55:02,214{GMT}	INFO	[jepsen test runner] jepsen.core: Running test:
{:nemesis-type :noop
 :remote
 #jepsen.control.retry.Remote{:remote #jepsen.control.scp.Remote{:cmd-remote #jepsen.control.sshj.SSHJRemote{:concurrency-limit 6,
                                                                                                             :conn-spec nil,
                                                                                                             :client nil,
                                                                                                             :semaphore nil},
                                                                 :conn-spec nil},
                              :conn nil}
 :max-txn-length 8
 :concurrency 20
 :key-count 3
 :db
 #object[jepsen.arangodb.utils.support$db_setup$reify__1915
         "0x246f9fa8"
         "jepsen.arangodb.utils.support$db_setup$reify__1915@246f9fa8"]
 :max-writes-per-key 32
 :leave-db-running? false
 :name "arangodb-rw-register-test"
 :logging-json? false
 :ops-per-key 20
 :start-time
 #object[org.joda.time.DateTime "0x45c5cd9a" "2023-04-30T16:55:02.151+02:00"]
 :net
 #object[jepsen.net$reify__12440 "0x858bf8c" "jepsen.net$reify__12440@858bf8c"]
 :client
 #jepsen.arangodb.tests.rw_register.Client{:db-created? #object[clojure.lang.Atom
                                                                "0x779e66e5"
                                                                {:status :ready,
                                                                 :val false}],
                                           :collection-created? #object[clojure.lang.Atom
                                                                        "0x4d462edc"
                                                                        {:status :ready,
                                                                         :val false}],
                                           :conn nil,
                                           :node nil}
 :barrier
 #object[java.util.concurrent.CyclicBarrier
         "0x312ddc51"
         "java.util.concurrent.CyclicBarrier@312ddc51"]
 :pure-generators true
 :ssh
 {:dummy? false,
  :username "vagrant",
  :password "--ssh-private-key",
  :strict-host-key-checking false,
  :private-key-path nil}
 :rate 10
 :checker
 #object[jepsen.checker$compose$reify__11881
         "0x330f3046"
         "jepsen.checker$compose$reify__11881@330f3046"]
 :threads-per-group 5
 :argv
 ("test"
  "--nodes-file"
  "./vagrant/nodes-vagrant.txt"
  "--password"
  "--ssh-private-key"
  "./vagrant/vagrant_ssh_key"
  "--username"
  "vagrant"
  "--test-type"
  "rw"
  "--time-limit"
  "20"
  "-r"
  "10"
  "--concurrency"
  "20"
  "--key-count"
  "3"
  "--min-txn-length"
  "2"
  "--max-txn-length"
  "8"
  "--max-writes-per-key"
  "32"
  "--nemesis-type"
  "noop")
 :nemesis #unprintable "jepsen.nemesis$reify__12543@37a2d18c"
 :test-type :rw-register
 :nodes ["192.168.56.101"]
 :test-count 1
 :generator
 (jepsen.generator.TimeLimit
  {:limit 20000000000,
   :cutoff nil,
   :gen (jepsen.generator.Any
         {:gens [(jepsen.generator.OnThreads
                  {:f #{:nemesis},
                   :context-filter #object[jepsen.generator.context$make_thread_filter$lazy_filter__9167
                                           "0x202d83b9"
                                           "jepsen.generator.context$make_thread_filter$lazy_filter__9167@202d83b9"],
                   :gen nil})
                 (jepsen.generator.OnThreads
                  {:f #jepsen.generator.context.AllBut{:element :nemesis},
                   :context-filter #object[jepsen.generator.context$make_thread_filter$lazy_filter__9167
                                           "0x27476b5f"
                                           "jepsen.generator.context$make_thread_filter$lazy_filter__9167@27476b5f"],
                   :gen (jepsen.generator.Stagger
                         {:dt 200000000,
                          :next-time nil,
                          :gen ({:type :invoke,
                                 :f :txn,
                                 :value [[:r 1 nil]
                                         [:w 2 1]
                                         [:w 1 1]
                                         [:w 2 2]
                                         [:w 2 3]
                                         [:r 1 nil]
                                         [:w 2 4]]}
                                {:type :invoke,
                                 :f :txn,
                                 :value [[:w 0 1] [:w 2 5] [:r 2 nil]]}
                                {:type :invoke,
                                 :f :txn,
                                 :value [[:w 2 6]
                                         [:w 2 7]
                                         [:w 2 8]
                                         [:r 1 nil]
                                         [:w 2 9]
                                         [:r 2 nil]
                                         [:w 1 2]]}
                                {:type :invoke,
                                 :f :txn,
                                 :value [[:w 2 10] [:w 2 11]]}
                                {:type :invoke,
                                 :f :txn,
                                 :value [[:w 1 3]
                                         [:r 2 nil]
                                         [:w 2 12]
                                         [:w 1 4]
                                         [:w 2 13]]}
                                {:type :invoke,
                                 :f :txn,
                                 :value [[:r 2 nil]
                                         [:r 2 nil]
                                         [:r 2 nil]
                                         [:r 2 nil]
                                         [:r 1 nil]
                                         [:w 2 14]
                                         [:w 1 5]]}
                                {:type :invoke,
                                 :f :txn,
                                 :value [[:r 1 nil]
                                         [:r 2 nil]
                                         [:w 2 15]
                                         [:w 0 2]]}
                                {:type :invoke,
                                 :f :txn,
                                 :value [[:r 2 nil]
                                         [:r 0 nil]
                                         [:w 0 3]
                                         [:r 1 nil]
                                         [:r 2 nil]
                                         [:w 1 6]]}
                                ...)})})]})})
 :os
 #object[jepsen.os.debian.Debian
         "0x7c689379"
         "jepsen.os.debian.Debian@7c689379"]
 :time-limit 20
 :min-txn-length 2}

2023-04-30 16:55:04,613{GMT}	INFO	[jepsen node 192.168.56.101] jepsen.os.debian: 192.168.56.101 setting up debian
2023-04-30 16:55:05,310{GMT}	INFO	[jepsen test runner] jepsen.db: Tearing down DB
2023-04-30 16:55:05,311{GMT}	INFO	[jepsen node 192.168.56.101] jepsen.arangodb.utils.support: 192.168.56.101 tearing down arangodb
2023-04-30 16:55:05,312{GMT}	INFO	[jepsen node 192.168.56.101] jepsen.control.util: Stopping arangodb
2023-04-30 16:55:05,571{GMT}	INFO	[jepsen node 192.168.56.101] jepsen.arangodb.utils.support: no arangodb processes killed
2023-04-30 16:55:05,573{GMT}	INFO	[jepsen test runner] jepsen.db: Setting up DB
2023-04-30 16:55:05,573{GMT}	INFO	[jepsen node 192.168.56.101] jepsen.arangodb.utils.support: 192.168.56.101 installing arangodb v3.9.10
2023-04-30 16:55:08,571{GMT}	INFO	[jepsen node 192.168.56.101] jepsen.control.util: Starting arangodb
2023-04-30 16:55:08,786{GMT}	INFO	[jepsen test runner] jepsen.core: Relative time begins now
2023-04-30 16:55:08,837{GMT}	INFO	[jepsen node 192.168.56.101] jepsen.arangodb.tests.rw-register: sleep 15s to make sure the connection is ready
2023-04-30 16:55:23,838{GMT}	INFO	[jepsen node 192.168.56.101] jepsen.arangodb.tests.rw-register: Prepare to create databases
2023-04-30 16:55:23,838{GMT}	INFO	[jepsen node 192.168.56.101] jepsen.arangodb.tests.rw-register: Creating databases
2023-04-30 16:55:24,382{GMT}	INFO	[jepsen node 192.168.56.101] jepsen.arangodb.tests.rw-register: Databases created
2023-04-30 16:55:24,382{GMT}	INFO	[jepsen node 192.168.56.101] jepsen.arangodb.tests.rw-register: Creating collections
2023-04-30 16:55:24,933{GMT}	INFO	[jepsen node 192.168.56.101] jepsen.arangodb.tests.rw-register: Collections created
2023-04-30 16:55:24,947{GMT}	INFO	[jepsen worker 0] jepsen.util: 0	:invoke	:txn	[[:r 1 nil] [:w 2 1] [:w 1 1] [:w 2 2] [:w 2 3] [:r 1 nil] [:w 2 4]]
2023-04-30 16:55:24,966{GMT}	INFO	[jepsen worker 0] jepsen.arangodb.tests.rw-register: committed transaction 141
2023-04-30 16:55:24,966{GMT}	INFO	[jepsen worker 0] jepsen.util: 0	:ok	:txn	[[:r 1 nil] [:w 2 1] [:w 1 1] [:w 2 2] [:w 2 3] [:r 1 1] [:w 2 4]]
2023-04-30 16:55:25,064{GMT}	INFO	[jepsen worker 1] jepsen.util: 1	:invoke	:txn	[[:w 0 1] [:w 2 5] [:r 2 nil]]
2023-04-30 16:55:25,071{GMT}	INFO	[jepsen worker 1] jepsen.arangodb.tests.rw-register: committed transaction 149
2023-04-30 16:55:25,071{GMT}	INFO	[jepsen worker 1] jepsen.util: 1	:ok	:txn	[[:w 0 1] [:w 2 5] [:r 2 5]]
2023-04-30 16:55:25,153{GMT}	INFO	[jepsen worker 2] jepsen.util: 2	:invoke	:txn	[[:w 2 6] [:w 2 7] [:w 2 8] [:r 1 nil] [:w 2 9] [:r 2 nil] [:w 1 2]]
2023-04-30 16:55:25,164{GMT}	INFO	[jepsen worker 2] jepsen.arangodb.tests.rw-register: committed transaction 153
2023-04-30 16:55:25,165{GMT}	INFO	[jepsen worker 2] jepsen.util: 2	:ok	:txn	[[:w 2 6] [:w 2 7] [:w 2 8] [:r 1 1] [:w 2 9] [:r 2 9] [:w 1 2]]
2023-04-30 16:55:25,308{GMT}	INFO	[jepsen worker 3] jepsen.util: 3	:invoke	:txn	[[:w 2 10] [:w 2 11]]
2023-04-30 16:55:25,314{GMT}	INFO	[jepsen worker 3] jepsen.arangodb.tests.rw-register: committed transaction 161
2023-04-30 16:55:25,314{GMT}	INFO	[jepsen worker 3] jepsen.util: 3	:ok	:txn	[[:w 2 10] [:w 2 11]]
2023-04-30 16:55:25,352{GMT}	INFO	[jepsen worker 4] jepsen.util: 4	:invoke	:txn	[[:w 1 3] [:r 2 nil] [:w 2 12] [:w 1 4] [:w 2 13]]
2023-04-30 16:55:25,361{GMT}	INFO	[jepsen worker 4] jepsen.arangodb.tests.rw-register: committed transaction 164
2023-04-30 16:55:25,361{GMT}	INFO	[jepsen worker 4] jepsen.util: 4	:ok	:txn	[[:w 1 3] [:r 2 11] [:w 2 12] [:w 1 4] [:w 2 13]]
2023-04-30 16:55:25,523{GMT}	INFO	[jepsen worker 5] jepsen.util: 5	:invoke	:txn	[[:r 2 nil] [:r 2 nil] [:r 2 nil] [:r 2 nil] [:r 1 nil] [:w 2 14] [:w 1 5]]
2023-04-30 16:55:25,533{GMT}	INFO	[jepsen worker 5] jepsen.arangodb.tests.rw-register: committed transaction 170
2023-04-30 16:55:25,534{GMT}	INFO	[jepsen worker 5] jepsen.util: 5	:ok	:txn	[[:r 2 13] [:r 2 13] [:r 2 13] [:r 2 13] [:r 1 4] [:w 2 14] [:w 1 5]]
2023-04-30 16:55:25,604{GMT}	INFO	[jepsen worker 6] jepsen.util: 6	:invoke	:txn	[[:r 1 nil] [:r 2 nil] [:w 2 15] [:w 0 2]]
2023-04-30 16:55:25,612{GMT}	INFO	[jepsen worker 6] jepsen.arangodb.tests.rw-register: committed transaction 178
2023-04-30 16:55:25,613{GMT}	INFO	[jepsen worker 6] jepsen.util: 6	:ok	:txn	[[:r 1 5] [:r 2 14] [:w 2 15] [:w 0 2]]
2023-04-30 16:55:25,742{GMT}	INFO	[jepsen worker 7] jepsen.util: 7	:invoke	:txn	[[:r 2 nil] [:r 0 nil] [:w 0 3] [:r 1 nil] [:r 2 nil] [:w 1 6]]
2023-04-30 16:55:25,755{GMT}	INFO	[jepsen worker 7] jepsen.arangodb.tests.rw-register: committed transaction 183
2023-04-30 16:55:25,756{GMT}	INFO	[jepsen worker 7] jepsen.util: 7	:ok	:txn	[[:r 2 15] [:r 0 2] [:w 0 3] [:r 1 5] [:r 2 15] [:w 1 6]]
2023-04-30 16:55:25,891{GMT}	INFO	[jepsen worker 8] jepsen.util: 8	:invoke	:txn	[[:w 2 16] [:r 2 nil] [:r 2 nil] [:w 2 17] [:w 1 7] [:w 1 8]]
2023-04-30 16:55:25,902{GMT}	INFO	[jepsen worker 8] jepsen.arangodb.tests.rw-register: committed transaction 190
2023-04-30 16:55:25,903{GMT}	INFO	[jepsen worker 8] jepsen.util: 8	:ok	:txn	[[:w 2 16] [:r 2 16] [:r 2 16] [:w 2 17] [:w 1 7] [:w 1 8]]
2023-04-30 16:55:25,934{GMT}	INFO	[jepsen worker 9] jepsen.util: 9	:invoke	:txn	[[:w 1 9] [:r 2 nil] [:r 1 nil]]
2023-04-30 16:55:25,941{GMT}	INFO	[jepsen worker 9] jepsen.arangodb.tests.rw-register: committed transaction 197
2023-04-30 16:55:25,942{GMT}	INFO	[jepsen worker 9] jepsen.util: 9	:ok	:txn	[[:w 1 9] [:r 2 17] [:r 1 9]]
2023-04-30 16:55:26,102{GMT}	INFO	[jepsen worker 10] jepsen.util: 10	:invoke	:txn	[[:r 2 nil] [:w 1 10] [:r 0 nil] [:w 0 4] [:r 2 nil] [:r 2 nil] [:r 0 nil] [:r 1 nil]]
2023-04-30 16:55:26,103{GMT}	INFO	[jepsen worker 11] jepsen.util: 11	:invoke	:txn	[[:w 2 18] [:w 0 5] [:r 2 nil] [:w 2 19] [:r 2 nil] [:w 2 20] [:w 2 21] [:r 0 nil]]
2023-04-30 16:55:26,116{GMT}	INFO	[jepsen worker 10] jepsen.arangodb.tests.rw-register: aborted transaction 201
2023-04-30 16:55:26,116{GMT}	WARN	[jepsen worker 10] jepsen.arangodb.tests.rw-register: AQL: timeout waiting to lock key Operation timed out: Timeout waiting to lock key; key: 0 (while executing)
2023-04-30 16:55:26,117{GMT}	INFO	[jepsen worker 10] jepsen.util: 10	:fail	:txn	[[:r 2 nil] [:w 1 10] [:r 0 nil] [:w 0 4] [:r 2 nil] [:r 2 nil] [:r 0 nil] [:r 1 nil]]	:ww-conflict
2023-04-30 16:55:26,117{GMT}	INFO	[jepsen worker 11] jepsen.arangodb.tests.rw-register: committed transaction 202
2023-04-30 16:55:26,117{GMT}	INFO	[jepsen worker 11] jepsen.util: 11	:ok	:txn	[[:w 2 18] [:w 0 5] [:r 2 18] [:w 2 19] [:r 2 19] [:w 2 20] [:w 2 21] [:r 0 5]]
2023-04-30 16:55:26,263{GMT}	INFO	[jepsen worker 12] jepsen.util: 12	:invoke	:txn	[[:r 2 nil] [:w 2 22] [:r 1 nil] [:r 1 nil] [:w 2 23] [:r 2 nil] [:r 2 nil] [:r 1 nil]]
2023-04-30 16:55:26,273{GMT}	INFO	[jepsen worker 12] jepsen.arangodb.tests.rw-register: committed transaction 215
2023-04-30 16:55:26,273{GMT}	INFO	[jepsen worker 12] jepsen.util: 12	:ok	:txn	[[:r 2 21] [:w 2 22] [:r 1 9] [:r 1 9] [:w 2 23] [:r 2 23] [:r 2 23] [:r 1 9]]
2023-04-30 16:55:26,389{GMT}	INFO	[jepsen worker 13] jepsen.util: 13	:invoke	:txn	[[:r 0 nil] [:r 2 nil] [:r 1 nil] [:w 1 11] [:w 2 24] [:w 2 25] [:w 1 12] [:w 2 26]]
2023-04-30 16:55:26,401{GMT}	INFO	[jepsen worker 13] jepsen.arangodb.tests.rw-register: committed transaction 224
2023-04-30 16:55:26,402{GMT}	INFO	[jepsen worker 13] jepsen.util: 13	:ok	:txn	[[:r 0 5] [:r 2 23] [:r 1 9] [:w 1 11] [:w 2 24] [:w 2 25] [:w 1 12] [:w 2 26]]
2023-04-30 16:55:26,500{GMT}	INFO	[jepsen worker 14] jepsen.util: 14	:invoke	:txn	[[:r 2 nil] [:w 1 13] [:r 0 nil] [:r 2 nil] [:r 1 nil] [:w 2 27] [:w 1 14]]
2023-04-30 16:55:26,511{GMT}	INFO	[jepsen worker 14] jepsen.arangodb.tests.rw-register: committed transaction 233
2023-04-30 16:55:26,512{GMT}	INFO	[jepsen worker 14] jepsen.util: 14	:ok	:txn	[[:r 2 26] [:w 1 13] [:r 0 5] [:r 2 26] [:r 1 13] [:w 2 27] [:w 1 14]]
2023-04-30 16:55:26,569{GMT}	INFO	[jepsen worker 15] jepsen.util: 15	:invoke	:txn	[[:r 2 nil] [:r 2 nil] [:w 0 6] [:r 1 nil] [:r 0 nil] [:w 2 28] [:w 2 29] [:w 2 30]]
2023-04-30 16:55:26,580{GMT}	INFO	[jepsen worker 15] jepsen.arangodb.tests.rw-register: committed transaction 241
2023-04-30 16:55:26,580{GMT}	INFO	[jepsen worker 15] jepsen.util: 15	:ok	:txn	[[:r 2 27] [:r 2 27] [:w 0 6] [:r 1 14] [:r 0 6] [:w 2 28] [:w 2 29] [:w 2 30]]
2023-04-30 16:55:26,737{GMT}	INFO	[jepsen worker 16] jepsen.util: 16	:invoke	:txn	[[:r 0 nil] [:r 1 nil] [:r 2 nil] [:w 2 31] [:w 1 15]]
2023-04-30 16:55:26,746{GMT}	INFO	[jepsen worker 16] jepsen.arangodb.tests.rw-register: committed transaction 250
2023-04-30 16:55:26,746{GMT}	INFO	[jepsen worker 16] jepsen.util: 16	:ok	:txn	[[:r 0 6] [:r 1 14] [:r 2 30] [:w 2 31] [:w 1 15]]
2023-04-30 16:55:26,821{GMT}	INFO	[jepsen worker 17] jepsen.util: 17	:invoke	:txn	[[:r 1 nil] [:r 2 nil] [:r 0 nil]]
2023-04-30 16:55:26,827{GMT}	INFO	[jepsen worker 17] jepsen.arangodb.tests.rw-register: committed transaction 256
2023-04-30 16:55:26,828{GMT}	INFO	[jepsen worker 17] jepsen.util: 17	:ok	:txn	[[:r 1 15] [:r 2 31] [:r 0 6]]
2023-04-30 16:55:26,905{GMT}	INFO	[jepsen worker 18] jepsen.util: 18	:invoke	:txn	[[:w 1 16] [:w 2 32] [:r 1 nil] [:r 1 nil]]
2023-04-30 16:55:26,913{GMT}	INFO	[jepsen worker 18] jepsen.arangodb.tests.rw-register: committed transaction 260
2023-04-30 16:55:26,913{GMT}	INFO	[jepsen worker 18] jepsen.util: 18	:ok	:txn	[[:w 1 16] [:w 2 32] [:r 1 16] [:r 1 16]]
2023-04-30 16:55:27,009{GMT}	INFO	[jepsen worker 19] jepsen.util: 19	:invoke	:txn	[[:r 0 nil] [:r 2 nil] [:r 1 nil] [:w 3 1] [:r 0 nil] [:r 3 nil]]
2023-04-30 16:55:27,018{GMT}	INFO	[jepsen worker 19] jepsen.arangodb.tests.rw-register: committed transaction 265
2023-04-30 16:55:27,019{GMT}	INFO	[jepsen worker 19] jepsen.util: 19	:ok	:txn	[[:r 0 6] [:r 2 32] [:r 1 16] [:w 3 1] [:r 0 6] [:r 3 1]]
2023-04-30 16:55:27,188{GMT}	INFO	[jepsen worker 0] jepsen.util: 0	:invoke	:txn	[[:w 3 2] [:r 3 nil] [:r 0 nil] [:w 0 7] [:w 3 3] [:r 3 nil]]
2023-04-30 16:55:27,196{GMT}	INFO	[jepsen worker 0] jepsen.arangodb.tests.rw-register: committed transaction 272
2023-04-30 16:55:27,197{GMT}	INFO	[jepsen worker 0] jepsen.util: 0	:ok	:txn	[[:w 3 2] [:r 3 2] [:r 0 6] [:w 0 7] [:w 3 3] [:r 3 3]]
2023-04-30 16:55:27,318{GMT}	INFO	[jepsen worker 0] jepsen.util: 0	:invoke	:txn	[[:w 3 4] [:r 0 nil]]
2023-04-30 16:55:27,323{GMT}	INFO	[jepsen worker 0] jepsen.arangodb.tests.rw-register: committed transaction 279
2023-04-30 16:55:27,323{GMT}	INFO	[jepsen worker 0] jepsen.util: 0	:ok	:txn	[[:w 3 4] [:r 0 7]]
2023-04-30 16:55:27,448{GMT}	INFO	[jepsen worker 1] jepsen.util: 1	:invoke	:txn	[[:r 1 nil] [:w 1 17] [:r 3 nil] [:r 1 nil]]
2023-04-30 16:55:27,454{GMT}	INFO	[jepsen worker 1] jepsen.arangodb.tests.rw-register: committed transaction 282
2023-04-30 16:55:27,454{GMT}	INFO	[jepsen worker 1] jepsen.util: 1	:ok	:txn	[[:r 1 16] [:w 1 17] [:r 3 4] [:r 1 17]]
2023-04-30 16:55:27,592{GMT}	INFO	[jepsen worker 2] jepsen.util: 2	:invoke	:txn	[[:w 3 5] [:r 3 nil] [:r 0 nil] [:w 3 6] [:w 3 7] [:r 3 nil]]
2023-04-30 16:55:27,600{GMT}	INFO	[jepsen worker 2] jepsen.arangodb.tests.rw-register: committed transaction 287
2023-04-30 16:55:27,601{GMT}	INFO	[jepsen worker 2] jepsen.util: 2	:ok	:txn	[[:w 3 5] [:r 3 5] [:r 0 7] [:w 3 6] [:w 3 7] [:r 3 7]]
2023-04-30 16:55:27,772{GMT}	INFO	[jepsen worker 3] jepsen.util: 3	:invoke	:txn	[[:w 3 8] [:w 3 9] [:r 1 nil]]
2023-04-30 16:55:27,778{GMT}	INFO	[jepsen worker 3] jepsen.arangodb.tests.rw-register: committed transaction 294
2023-04-30 16:55:27,778{GMT}	INFO	[jepsen worker 3] jepsen.util: 3	:ok	:txn	[[:w 3 8] [:w 3 9] [:r 1 17]]
2023-04-30 16:55:27,877{GMT}	INFO	[jepsen worker 4] jepsen.util: 4	:invoke	:txn	[[:w 1 18] [:r 1 nil] [:w 1 19]]
2023-04-30 16:55:27,882{GMT}	INFO	[jepsen worker 4] jepsen.arangodb.tests.rw-register: committed transaction 298
2023-04-30 16:55:27,882{GMT}	INFO	[jepsen worker 4] jepsen.util: 4	:ok	:txn	[[:w 1 18] [:r 1 18] [:w 1 19]]
2023-04-30 16:55:28,005{GMT}	INFO	[jepsen worker 5] jepsen.util: 5	:invoke	:txn	[[:r 1 nil] [:w 1 20] [:w 3 10] [:w 3 11] [:r 1 nil] [:w 0 8] [:w 1 21]]
2023-04-30 16:55:28,013{GMT}	INFO	[jepsen worker 5] jepsen.arangodb.tests.rw-register: committed transaction 302
2023-04-30 16:55:28,013{GMT}	INFO	[jepsen worker 5] jepsen.util: 5	:ok	:txn	[[:r 1 19] [:w 1 20] [:w 3 10] [:w 3 11] [:r 1 20] [:w 0 8] [:w 1 21]]
2023-04-30 16:55:28,138{GMT}	INFO	[jepsen worker 6] jepsen.util: 6	:invoke	:txn	[[:w 1 22] [:w 1 23] [:w 3 12] [:w 1 24] [:w 0 9] [:w 1 25]]
2023-04-30 16:55:28,145{GMT}	INFO	[jepsen worker 6] jepsen.arangodb.tests.rw-register: committed transaction 310
2023-04-30 16:55:28,145{GMT}	INFO	[jepsen worker 6] jepsen.util: 6	:ok	:txn	[[:w 1 22] [:w 1 23] [:w 3 12] [:w 1 24] [:w 0 9] [:w 1 25]]
2023-04-30 16:55:28,223{GMT}	INFO	[jepsen worker 7] jepsen.util: 7	:invoke	:txn	[[:r 0 nil] [:r 3 nil] [:w 1 26] [:r 0 nil]]
2023-04-30 16:55:28,227{GMT}	INFO	[jepsen worker 8] jepsen.util: 8	:invoke	:txn	[[:w 3 13] [:w 0 10] [:r 3 nil] [:w 1 27] [:r 1 nil] [:w 3 14] [:r 3 nil] [:w 1 28]]
2023-04-30 16:55:28,230{GMT}	INFO	[jepsen worker 7] jepsen.arangodb.tests.rw-register: committed transaction 317
2023-04-30 16:55:28,230{GMT}	INFO	[jepsen worker 7] jepsen.util: 7	:ok	:txn	[[:r 0 9] [:r 3 12] [:w 1 26] [:r 0 9]]
2023-04-30 16:55:28,233{GMT}	INFO	[jepsen worker 8] jepsen.arangodb.tests.rw-register: aborted transaction 320
2023-04-30 16:55:28,233{GMT}	WARN	[jepsen worker 8] jepsen.arangodb.tests.rw-register: AQL: write-write conflict; key: 1 (while executing)
2023-04-30 16:55:28,233{GMT}	INFO	[jepsen worker 8] jepsen.util: 8	:fail	:txn	[[:w 3 13] [:w 0 10] [:r 3 nil] [:w 1 27] [:r 1 nil] [:w 3 14] [:r 3 nil] [:w 1 28]]	:ww-conflict
2023-04-30 16:55:28,305{GMT}	INFO	[jepsen worker 9] jepsen.util: 9	:invoke	:txn	[[:r 1 nil] [:w 3 15] [:r 1 nil] [:w 3 16]]
2023-04-30 16:55:28,311{GMT}	INFO	[jepsen worker 9] jepsen.arangodb.tests.rw-register: committed transaction 327
2023-04-30 16:55:28,311{GMT}	INFO	[jepsen worker 9] jepsen.util: 9	:ok	:txn	[[:r 1 26] [:w 3 15] [:r 1 26] [:w 3 16]]
2023-04-30 16:55:28,313{GMT}	INFO	[jepsen worker 10] jepsen.util: 10	:invoke	:txn	[[:r 1 nil] [:w 3 17] [:w 1 29]]
2023-04-30 16:55:28,317{GMT}	INFO	[jepsen worker 10] jepsen.arangodb.tests.rw-register: committed transaction 332
2023-04-30 16:55:28,318{GMT}	INFO	[jepsen worker 10] jepsen.util: 10	:ok	:txn	[[:r 1 26] [:w 3 17] [:w 1 29]]
2023-04-30 16:55:28,356{GMT}	INFO	[jepsen worker 11] jepsen.util: 11	:invoke	:txn	[[:w 1 30] [:w 1 31]]
2023-04-30 16:55:28,359{GMT}	INFO	[jepsen worker 11] jepsen.arangodb.tests.rw-register: committed transaction 336
2023-04-30 16:55:28,359{GMT}	INFO	[jepsen worker 11] jepsen.util: 11	:ok	:txn	[[:w 1 30] [:w 1 31]]
2023-04-30 16:55:28,502{GMT}	INFO	[jepsen worker 12] jepsen.util: 12	:invoke	:txn	[[:w 3 18] [:r 3 nil] [:w 0 11] [:r 0 nil] [:r 0 nil] [:w 1 32] [:r 3 nil] [:w 0 12]]
2023-04-30 16:55:28,513{GMT}	INFO	[jepsen worker 12] jepsen.arangodb.tests.rw-register: committed transaction 339
2023-04-30 16:55:28,513{GMT}	INFO	[jepsen worker 12] jepsen.util: 12	:ok	:txn	[[:w 3 18] [:r 3 18] [:w 0 11] [:r 0 11] [:r 0 11] [:w 1 32] [:r 3 18] [:w 0 12]]
2023-04-30 16:55:28,617{GMT}	INFO	[jepsen worker 13] jepsen.util: 13	:invoke	:txn	[[:w 3 19] [:r 3 nil] [:r 3 nil] [:w 3 20] [:w 3 21] [:w 0 13] [:w 4 1] [:r 3 nil]]
2023-04-30 16:55:28,626{GMT}	INFO	[jepsen worker 13] jepsen.arangodb.tests.rw-register: committed transaction 348
2023-04-30 16:55:28,626{GMT}	INFO	[jepsen worker 13] jepsen.util: 13	:ok	:txn	[[:w 3 19] [:r 3 19] [:r 3 19] [:w 3 20] [:w 3 21] [:w 0 13] [:w 4 1] [:r 3 21]]
2023-04-30 16:55:28,797{GMT}	INFO	[jepsen worker 14] jepsen.util: 14	:invoke	:txn	[[:w 4 2] [:w 4 3] [:w 0 14] [:r 3 nil] [:r 3 nil] [:r 4 nil] [:r 3 nil]]
2023-04-30 16:55:28,805{GMT}	INFO	[jepsen worker 15] jepsen.util: 15	:invoke	:txn	[[:r 3 nil] [:w 3 22] [:r 0 nil] [:w 3 23]]
2023-04-30 16:55:28,805{GMT}	INFO	[jepsen worker 16] jepsen.util: 16	:invoke	:txn	[[:w 4 4] [:w 3 24] [:w 3 25] [:w 4 5]]
2023-04-30 16:55:28,807{GMT}	INFO	[jepsen worker 14] jepsen.arangodb.tests.rw-register: committed transaction 357
2023-04-30 16:55:28,808{GMT}	INFO	[jepsen worker 14] jepsen.util: 14	:ok	:txn	[[:w 4 2] [:w 4 3] [:w 0 14] [:r 3 21] [:r 3 21] [:r 4 3] [:r 3 21]]
2023-04-30 16:55:28,808{GMT}	INFO	[jepsen worker 16] jepsen.arangodb.tests.rw-register: aborted transaction 366
2023-04-30 16:55:28,808{GMT}	WARN	[jepsen worker 16] jepsen.arangodb.tests.rw-register: AQL: write-write conflict; key: 4 (while executing)
2023-04-30 16:55:28,808{GMT}	INFO	[jepsen worker 16] jepsen.util: 16	:fail	:txn	[[:w 4 4] [:w 3 24] [:w 3 25] [:w 4 5]]	:ww-conflict
2023-04-30 16:55:28,810{GMT}	INFO	[jepsen worker 15] jepsen.arangodb.tests.rw-register: committed transaction 365
2023-04-30 16:55:28,811{GMT}	INFO	[jepsen worker 15] jepsen.util: 15	:ok	:txn	[[:r 3 21] [:w 3 22] [:r 0 13] [:w 3 23]]
2023-04-30 16:55:28,987{GMT}	INFO	[jepsen worker 17] jepsen.util: 17	:invoke	:txn	[[:r 3 nil] [:w 3 26] [:w 3 27] [:w 4 6]]
2023-04-30 16:55:28,993{GMT}	INFO	[jepsen worker 17] jepsen.arangodb.tests.rw-register: committed transaction 372
2023-04-30 16:55:28,994{GMT}	INFO	[jepsen worker 17] jepsen.util: 17	:ok	:txn	[[:r 3 23] [:w 3 26] [:w 3 27] [:w 4 6]]
2023-04-30 16:55:29,019{GMT}	INFO	[jepsen worker 18] jepsen.util: 18	:invoke	:txn	[[:w 3 28] [:r 3 nil]]
2023-04-30 16:55:29,022{GMT}	INFO	[jepsen worker 18] jepsen.arangodb.tests.rw-register: committed transaction 377
2023-04-30 16:55:29,022{GMT}	INFO	[jepsen worker 18] jepsen.util: 18	:ok	:txn	[[:w 3 28] [:r 3 28]]
2023-04-30 16:55:29,161{GMT}	INFO	[jepsen worker 19] jepsen.util: 19	:invoke	:txn	[[:r 4 nil] [:r 4 nil] [:r 3 nil] [:w 4 7] [:r 4 nil] [:r 3 nil] [:w 4 8]]
2023-04-30 16:55:29,168{GMT}	INFO	[jepsen worker 19] jepsen.arangodb.tests.rw-register: committed transaction 380
2023-04-30 16:55:29,169{GMT}	INFO	[jepsen worker 19] jepsen.util: 19	:ok	:txn	[[:r 4 6] [:r 4 6] [:r 3 28] [:w 4 7] [:r 4 7] [:r 3 28] [:w 4 8]]
2023-04-30 16:55:29,334{GMT}	INFO	[jepsen worker 0] jepsen.util: 0	:invoke	:txn	[[:w 0 15] [:r 3 nil] [:w 4 9] [:w 3 29] [:w 3 30] [:w 3 31]]
2023-04-30 16:55:29,342{GMT}	INFO	[jepsen worker 0] jepsen.arangodb.tests.rw-register: committed transaction 388
2023-04-30 16:55:29,342{GMT}	INFO	[jepsen worker 0] jepsen.util: 0	:ok	:txn	[[:w 0 15] [:r 3 28] [:w 4 9] [:w 3 29] [:w 3 30] [:w 3 31]]
2023-04-30 16:55:29,516{GMT}	INFO	[jepsen worker 0] jepsen.util: 0	:invoke	:txn	[[:w 0 16] [:r 3 nil] [:r 4 nil] [:w 0 17] [:r 3 nil]]
2023-04-30 16:55:29,523{GMT}	INFO	[jepsen worker 0] jepsen.arangodb.tests.rw-register: committed transaction 395
2023-04-30 16:55:29,523{GMT}	INFO	[jepsen worker 0] jepsen.util: 0	:ok	:txn	[[:w 0 16] [:r 3 31] [:r 4 9] [:w 0 17] [:r 3 31]]
2023-04-30 16:55:29,528{GMT}	INFO	[jepsen worker 1] jepsen.util: 1	:invoke	:txn	[[:w 0 18] [:w 3 32]]
2023-04-30 16:55:29,532{GMT}	INFO	[jepsen worker 1] jepsen.arangodb.tests.rw-register: committed transaction 401
2023-04-30 16:55:29,532{GMT}	INFO	[jepsen worker 1] jepsen.util: 1	:ok	:txn	[[:w 0 18] [:w 3 32]]
2023-04-30 16:55:29,533{GMT}	INFO	[jepsen worker 2] jepsen.util: 2	:invoke	:txn	[[:w 4 10] [:r 4 nil] [:r 3 nil]]
2023-04-30 16:55:29,536{GMT}	INFO	[jepsen worker 2] jepsen.arangodb.tests.rw-register: committed transaction 404
2023-04-30 16:55:29,536{GMT}	INFO	[jepsen worker 2] jepsen.util: 2	:ok	:txn	[[:w 4 10] [:r 4 10] [:r 3 32]]
2023-04-30 16:55:29,648{GMT}	INFO	[jepsen worker 3] jepsen.util: 3	:invoke	:txn	[[:r 0 nil] [:w 4 11] [:r 3 nil] [:w 5 1] [:r 4 nil] [:w 0 19] [:r 5 nil] [:r 4 nil]]
2023-04-30 16:55:29,655{GMT}	INFO	[jepsen worker 3] jepsen.arangodb.tests.rw-register: committed transaction 408
2023-04-30 16:55:29,655{GMT}	INFO	[jepsen worker 3] jepsen.util: 3	:ok	:txn	[[:r 0 18] [:w 4 11] [:r 3 32] [:w 5 1] [:r 4 11] [:w 0 19] [:r 5 1] [:r 4 11]]
2023-04-30 16:55:29,721{GMT}	INFO	[jepsen worker 4] jepsen.util: 4	:invoke	:txn	[[:r 4 nil] [:r 5 nil] [:w 5 2]]
2023-04-30 16:55:29,726{GMT}	INFO	[jepsen worker 4] jepsen.arangodb.tests.rw-register: committed transaction 417
2023-04-30 16:55:29,726{GMT}	INFO	[jepsen worker 4] jepsen.util: 4	:ok	:txn	[[:r 4 11] [:r 5 1] [:w 5 2]]
2023-04-30 16:55:29,826{GMT}	INFO	[jepsen worker 5] jepsen.util: 5	:invoke	:txn	[[:r 5 nil] [:w 5 3] [:w 4 12] [:w 5 4] [:w 5 5] [:w 5 6] [:w 5 7] [:w 5 8]]
2023-04-30 16:55:29,834{GMT}	INFO	[jepsen worker 5] jepsen.arangodb.tests.rw-register: committed transaction 421
2023-04-30 16:55:29,834{GMT}	INFO	[jepsen worker 5] jepsen.util: 5	:ok	:txn	[[:r 5 2] [:w 5 3] [:w 4 12] [:w 5 4] [:w 5 5] [:w 5 6] [:w 5 7] [:w 5 8]]
2023-04-30 16:55:29,841{GMT}	INFO	[jepsen worker 6] jepsen.util: 6	:invoke	:txn	[[:w 5 9] [:w 5 10] [:w 5 11] [:w 0 20] [:w 0 21] [:r 0 nil]]
2023-04-30 16:55:29,847{GMT}	INFO	[jepsen worker 6] jepsen.arangodb.tests.rw-register: committed transaction 430
2023-04-30 16:55:29,847{GMT}	INFO	[jepsen worker 6] jepsen.util: 6	:ok	:txn	[[:w 5 9] [:w 5 10] [:w 5 11] [:w 0 20] [:w 0 21] [:r 0 21]]
2023-04-30 16:55:29,910{GMT}	INFO	[jepsen worker 7] jepsen.util: 7	:invoke	:txn	[[:w 4 13] [:r 5 nil] [:w 5 12]]
2023-04-30 16:55:29,915{GMT}	INFO	[jepsen worker 7] jepsen.arangodb.tests.rw-register: committed transaction 437
2023-04-30 16:55:29,915{GMT}	INFO	[jepsen worker 7] jepsen.util: 7	:ok	:txn	[[:w 4 13] [:r 5 11] [:w 5 12]]
2023-04-30 16:55:30,030{GMT}	INFO	[jepsen worker 8] jepsen.util: 8	:invoke	:txn	[[:r 5 nil] [:r 5 nil] [:w 4 14] [:w 5 13] [:r 5 nil] [:r 5 nil] [:w 5 14] [:w 4 15]]
2023-04-30 16:55:30,038{GMT}	INFO	[jepsen worker 8] jepsen.arangodb.tests.rw-register: committed transaction 441
2023-04-30 16:55:30,039{GMT}	INFO	[jepsen worker 8] jepsen.util: 8	:ok	:txn	[[:r 5 12] [:r 5 12] [:w 4 14] [:w 5 13] [:r 5 13] [:r 5 13] [:w 5 14] [:w 4 15]]
2023-04-30 16:55:30,228{GMT}	INFO	[jepsen worker 9] jepsen.util: 9	:invoke	:txn	[[:w 5 15] [:r 5 nil] [:w 4 16] [:r 5 nil] [:w 0 22] [:w 0 23]]
2023-04-30 16:55:30,236{GMT}	INFO	[jepsen worker 9] jepsen.arangodb.tests.rw-register: committed transaction 450
2023-04-30 16:55:30,237{GMT}	INFO	[jepsen worker 9] jepsen.util: 9	:ok	:txn	[[:w 5 15] [:r 5 15] [:w 4 16] [:r 5 15] [:w 0 22] [:w 0 23]]
2023-04-30 16:55:30,411{GMT}	INFO	[jepsen worker 10] jepsen.util: 10	:invoke	:txn	[[:r 5 nil] [:r 4 nil] [:w 5 16] [:r 5 nil] [:r 5 nil]]
2023-04-30 16:55:30,417{GMT}	INFO	[jepsen worker 10] jepsen.arangodb.tests.rw-register: committed transaction 457
2023-04-30 16:55:30,417{GMT}	INFO	[jepsen worker 10] jepsen.util: 10	:ok	:txn	[[:r 5 15] [:r 4 16] [:w 5 16] [:r 5 16] [:r 5 16]]
2023-04-30 16:55:30,501{GMT}	INFO	[jepsen worker 11] jepsen.util: 11	:invoke	:txn	[[:r 5 nil] [:w 4 17] [:r 4 nil]]
2023-04-30 16:55:30,501{GMT}	INFO	[jepsen worker 12] jepsen.util: 12	:invoke	:txn	[[:r 0 nil] [:r 5 nil] [:w 5 17] [:w 5 18] [:w 4 18] [:w 5 19] [:w 5 20] [:w 5 21]]
2023-04-30 16:55:30,508{GMT}	INFO	[jepsen worker 11] jepsen.arangodb.tests.rw-register: committed transaction 463
2023-04-30 16:55:30,508{GMT}	INFO	[jepsen worker 11] jepsen.util: 11	:ok	:txn	[[:r 5 16] [:w 4 17] [:r 4 17]]
2023-04-30 16:55:30,509{GMT}	INFO	[jepsen worker 12] jepsen.arangodb.tests.rw-register: aborted transaction 464
2023-04-30 16:55:30,509{GMT}	WARN	[jepsen worker 12] jepsen.arangodb.tests.rw-register: AQL: write-write conflict; key: 4 (while executing)
2023-04-30 16:55:30,510{GMT}	INFO	[jepsen worker 12] jepsen.util: 12	:fail	:txn	[[:r 0 nil] [:r 5 nil] [:w 5 17] [:w 5 18] [:w 4 18] [:w 5 19] [:w 5 20] [:w 5 21]]	:ww-conflict
2023-04-30 16:55:30,629{GMT}	INFO	[jepsen worker 13] jepsen.util: 13	:invoke	:txn	[[:w 4 19] [:r 4 nil] [:r 4 nil] [:w 4 20] [:w 5 22]]
2023-04-30 16:55:30,636{GMT}	INFO	[jepsen worker 13] jepsen.arangodb.tests.rw-register: committed transaction 473
2023-04-30 16:55:30,637{GMT}	INFO	[jepsen worker 13] jepsen.util: 13	:ok	:txn	[[:w 4 19] [:r 4 19] [:r 4 19] [:w 4 20] [:w 5 22]]
2023-04-30 16:55:30,731{GMT}	INFO	[jepsen worker 14] jepsen.util: 14	:invoke	:txn	[[:w 0 24] [:w 5 23] [:r 4 nil] [:r 5 nil] [:w 5 24] [:r 4 nil] [:r 4 nil] [:w 5 25]]
2023-04-30 16:55:30,739{GMT}	INFO	[jepsen worker 14] jepsen.arangodb.tests.rw-register: committed transaction 479
2023-04-30 16:55:30,740{GMT}	INFO	[jepsen worker 14] jepsen.util: 14	:ok	:txn	[[:w 0 24] [:w 5 23] [:r 4 20] [:r 5 23] [:w 5 24] [:r 4 20] [:r 4 20] [:w 5 25]]
2023-04-30 16:55:30,817{GMT}	INFO	[jepsen worker 15] jepsen.util: 15	:invoke	:txn	[[:r 5 nil] [:r 5 nil] [:r 5 nil] [:w 5 26] [:r 4 nil] [:r 4 nil] [:w 5 27] [:r 4 nil]]
2023-04-30 16:55:30,826{GMT}	INFO	[jepsen worker 15] jepsen.arangodb.tests.rw-register: committed transaction 488
2023-04-30 16:55:30,826{GMT}	INFO	[jepsen worker 15] jepsen.util: 15	:ok	:txn	[[:r 5 25] [:r 5 25] [:r 5 25] [:w 5 26] [:r 4 20] [:r 4 20] [:w 5 27] [:r 4 20]]
2023-04-30 16:55:31,012{GMT}	INFO	[jepsen worker 16] jepsen.util: 16	:invoke	:txn	[[:w 5 28] [:w 0 25] [:w 5 29] [:w 0 26] [:w 0 27] [:r 4 nil] [:w 4 21]]
2023-04-30 16:55:31,019{GMT}	INFO	[jepsen worker 16] jepsen.arangodb.tests.rw-register: committed transaction 497
2023-04-30 16:55:31,020{GMT}	INFO	[jepsen worker 16] jepsen.util: 16	:ok	:txn	[[:w 5 28] [:w 0 25] [:w 5 29] [:w 0 26] [:w 0 27] [:r 4 20] [:w 4 21]]
2023-04-30 16:55:31,173{GMT}	INFO	[jepsen worker 17] jepsen.util: 17	:invoke	:txn	[[:r 5 nil] [:w 5 30]]
2023-04-30 16:55:31,177{GMT}	INFO	[jepsen worker 17] jepsen.arangodb.tests.rw-register: committed transaction 505
2023-04-30 16:55:31,177{GMT}	INFO	[jepsen worker 17] jepsen.util: 17	:ok	:txn	[[:r 5 29] [:w 5 30]]
2023-04-30 16:55:31,230{GMT}	INFO	[jepsen worker 18] jepsen.util: 18	:invoke	:txn	[[:w 4 22] [:w 5 31] [:r 5 nil]]
2023-04-30 16:55:31,235{GMT}	INFO	[jepsen worker 18] jepsen.arangodb.tests.rw-register: committed transaction 508
2023-04-30 16:55:31,236{GMT}	INFO	[jepsen worker 18] jepsen.util: 18	:ok	:txn	[[:w 4 22] [:w 5 31] [:r 5 31]]
2023-04-30 16:55:31,270{GMT}	INFO	[jepsen worker 19] jepsen.util: 19	:invoke	:txn	[[:w 5 32] [:r 5 nil] [:r 4 nil] [:w 4 23] [:r 4 nil] [:r 0 nil] [:r 4 nil] [:r 0 nil]]
2023-04-30 16:55:31,277{GMT}	INFO	[jepsen worker 19] jepsen.arangodb.tests.rw-register: committed transaction 512
2023-04-30 16:55:31,277{GMT}	INFO	[jepsen worker 19] jepsen.util: 19	:ok	:txn	[[:w 5 32] [:r 5 32] [:r 4 22] [:w 4 23] [:r 4 23] [:r 0 27] [:r 4 23] [:r 0 27]]
2023-04-30 16:55:31,353{GMT}	INFO	[jepsen worker 0] jepsen.util: 0	:invoke	:txn	[[:w 6 1] [:r 4 nil] [:r 6 nil]]
2023-04-30 16:55:31,358{GMT}	INFO	[jepsen worker 0] jepsen.arangodb.tests.rw-register: committed transaction 521
2023-04-30 16:55:31,358{GMT}	INFO	[jepsen worker 0] jepsen.util: 0	:ok	:txn	[[:w 6 1] [:r 4 23] [:r 6 1]]
2023-04-30 16:55:31,537{GMT}	INFO	[jepsen worker 0] jepsen.util: 0	:invoke	:txn	[[:w 6 2] [:w 4 24] [:w 6 3] [:r 4 nil]]
2023-04-30 16:55:31,543{GMT}	INFO	[jepsen worker 0] jepsen.arangodb.tests.rw-register: committed transaction 525
2023-04-30 16:55:31,543{GMT}	INFO	[jepsen worker 0] jepsen.util: 0	:ok	:txn	[[:w 6 2] [:w 4 24] [:w 6 3] [:r 4 24]]
2023-04-30 16:55:31,556{GMT}	INFO	[jepsen worker 1] jepsen.util: 1	:invoke	:txn	[[:w 0 28] [:r 4 nil] [:r 6 nil] [:r 0 nil]]
2023-04-30 16:55:31,560{GMT}	INFO	[jepsen worker 1] jepsen.arangodb.tests.rw-register: committed transaction 530
2023-04-30 16:55:31,560{GMT}	INFO	[jepsen worker 1] jepsen.util: 1	:ok	:txn	[[:w 0 28] [:r 4 24] [:r 6 3] [:r 0 28]]
2023-04-30 16:55:31,596{GMT}	INFO	[jepsen worker 2] jepsen.util: 2	:invoke	:txn	[[:r 6 nil] [:w 6 4] [:r 0 nil] [:w 6 5] [:r 4 nil] [:w 6 6] [:r 4 nil] [:r 6 nil]]
2023-04-30 16:55:31,602{GMT}	INFO	[jepsen worker 2] jepsen.arangodb.tests.rw-register: committed transaction 535
2023-04-30 16:55:31,602{GMT}	INFO	[jepsen worker 2] jepsen.util: 2	:ok	:txn	[[:r 6 3] [:w 6 4] [:r 0 28] [:w 6 5] [:r 4 24] [:w 6 6] [:r 4 24] [:r 6 6]]
2023-04-30 16:55:31,761{GMT}	INFO	[jepsen worker 3] jepsen.util: 3	:invoke	:txn	[[:w 6 7] [:r 0 nil] [:w 4 25]]
2023-04-30 16:55:31,766{GMT}	INFO	[jepsen worker 3] jepsen.arangodb.tests.rw-register: committed transaction 544
2023-04-30 16:55:31,766{GMT}	INFO	[jepsen worker 3] jepsen.util: 3	:ok	:txn	[[:w 6 7] [:r 0 28] [:w 4 25]]
2023-04-30 16:55:31,792{GMT}	INFO	[jepsen worker 4] jepsen.util: 4	:invoke	:txn	[[:w 6 8] [:r 6 nil] [:r 6 nil] [:r 4 nil] [:w 6 9] [:r 4 nil]]
2023-04-30 16:55:31,797{GMT}	INFO	[jepsen worker 4] jepsen.arangodb.tests.rw-register: committed transaction 552
2023-04-30 16:55:31,797{GMT}	INFO	[jepsen worker 4] jepsen.util: 4	:ok	:txn	[[:w 6 8] [:r 6 8] [:r 6 8] [:r 4 25] [:w 6 9] [:r 4 25]]
2023-04-30 16:55:31,905{GMT}	INFO	[jepsen worker 5] jepsen.util: 5	:invoke	:txn	[[:r 4 nil] [:r 6 nil] [:r 0 nil] [:w 6 10] [:w 6 11] [:r 4 nil] [:w 6 12]]
2023-04-30 16:55:31,913{GMT}	INFO	[jepsen worker 5] jepsen.arangodb.tests.rw-register: committed transaction 559
2023-04-30 16:55:31,913{GMT}	INFO	[jepsen worker 5] jepsen.util: 5	:ok	:txn	[[:r 4 25] [:r 6 9] [:r 0 28] [:w 6 10] [:w 6 11] [:r 4 25] [:w 6 12]]
2023-04-30 16:55:31,948{GMT}	INFO	[jepsen worker 6] jepsen.util: 6	:invoke	:txn	[[:r 0 nil] [:r 6 nil] [:w 6 13] [:r 6 nil] [:w 6 14] [:w 4 26] [:w 6 15]]
2023-04-30 16:55:31,953{GMT}	INFO	[jepsen worker 6] jepsen.arangodb.tests.rw-register: committed transaction 567
2023-04-30 16:55:31,953{GMT}	INFO	[jepsen worker 6] jepsen.util: 6	:ok	:txn	[[:r 0 28] [:r 6 12] [:w 6 13] [:r 6 13] [:w 6 14] [:w 4 26] [:w 6 15]]
2023-04-30 16:55:32,084{GMT}	INFO	[jepsen worker 7] jepsen.util: 7	:invoke	:txn	[[:r 6 nil] [:r 4 nil] [:r 6 nil] [:w 6 16] [:w 6 17] [:w 4 27]]
2023-04-30 16:55:32,091{GMT}	INFO	[jepsen worker 7] jepsen.arangodb.tests.rw-register: committed transaction 575
2023-04-30 16:55:32,091{GMT}	INFO	[jepsen worker 7] jepsen.util: 7	:ok	:txn	[[:r 6 15] [:r 4 26] [:r 6 15] [:w 6 16] [:w 6 17] [:w 4 27]]
2023-04-30 16:55:32,157{GMT}	INFO	[jepsen worker 8] jepsen.util: 8	:invoke	:txn	[[:w 6 18] [:r 6 nil] [:r 6 nil] [:r 6 nil] [:w 6 19] [:w 4 28] [:w 6 20] [:w 6 21]]
2023-04-30 16:55:32,164{GMT}	INFO	[jepsen worker 8] jepsen.arangodb.tests.rw-register: committed transaction 582
2023-04-30 16:55:32,164{GMT}	INFO	[jepsen worker 8] jepsen.util: 8	:ok	:txn	[[:w 6 18] [:r 6 18] [:r 6 18] [:r 6 18] [:w 6 19] [:w 4 28] [:w 6 20] [:w 6 21]]
2023-04-30 16:55:32,259{GMT}	INFO	[jepsen worker 9] jepsen.util: 9	:invoke	:txn	[[:w 6 22] [:w 6 23] [:w 6 24] [:r 6 nil] [:w 6 25]]
2023-04-30 16:55:32,264{GMT}	INFO	[jepsen worker 9] jepsen.arangodb.tests.rw-register: committed transaction 591
2023-04-30 16:55:32,264{GMT}	INFO	[jepsen worker 9] jepsen.util: 9	:ok	:txn	[[:w 6 22] [:w 6 23] [:w 6 24] [:r 6 24] [:w 6 25]]
2023-04-30 16:55:32,444{GMT}	INFO	[jepsen worker 10] jepsen.util: 10	:invoke	:txn	[[:r 4 nil] [:w 4 29] [:w 6 26] [:r 4 nil] [:w 6 27] [:w 0 29] [:w 4 30] [:w 4 31]]
2023-04-30 16:55:32,453{GMT}	INFO	[jepsen worker 10] jepsen.arangodb.tests.rw-register: committed transaction 597
2023-04-30 16:55:32,453{GMT}	INFO	[jepsen worker 10] jepsen.util: 10	:ok	:txn	[[:r 4 28] [:w 4 29] [:w 6 26] [:r 4 29] [:w 6 27] [:w 0 29] [:w 4 30] [:w 4 31]]
2023-04-30 16:55:32,606{GMT}	INFO	[jepsen worker 11] jepsen.util: 11	:invoke	:txn	[[:w 6 28] [:w 6 29] [:w 4 32] [:r 6 nil] [:w 6 30] [:w 6 31] [:w 6 32] [:r 7 nil]]
2023-04-30 16:55:32,615{GMT}	INFO	[jepsen worker 11] jepsen.arangodb.tests.rw-register: committed transaction 606
2023-04-30 16:55:32,615{GMT}	INFO	[jepsen worker 11] jepsen.util: 11	:ok	:txn	[[:w 6 28] [:w 6 29] [:w 4 32] [:r 6 29] [:w 6 30] [:w 6 31] [:w 6 32] [:r 7 nil]]
2023-04-30 16:55:32,676{GMT}	INFO	[jepsen worker 12] jepsen.util: 12	:invoke	:txn	[[:r 6 nil] [:r 0 nil] [:w 7 1] [:r 6 nil] [:r 6 nil] [:w 8 1] [:w 8 2]]
2023-04-30 16:55:32,683{GMT}	INFO	[jepsen worker 12] jepsen.arangodb.tests.rw-register: committed transaction 615
2023-04-30 16:55:32,684{GMT}	INFO	[jepsen worker 12] jepsen.util: 12	:ok	:txn	[[:r 6 32] [:r 0 29] [:w 7 1] [:r 6 32] [:r 6 32] [:w 8 1] [:w 8 2]]
2023-04-30 16:55:32,773{GMT}	INFO	[jepsen worker 13] jepsen.util: 13	:invoke	:txn	[[:r 8 nil] [:r 8 nil] [:r 8 nil] [:w 7 2] [:r 8 nil] [:w 8 3]]
2023-04-30 16:55:32,780{GMT}	INFO	[jepsen worker 13] jepsen.arangodb.tests.rw-register: committed transaction 623
2023-04-30 16:55:32,780{GMT}	INFO	[jepsen worker 13] jepsen.util: 13	:ok	:txn	[[:r 8 2] [:r 8 2] [:r 8 2] [:w 7 2] [:r 8 2] [:w 8 3]]
2023-04-30 16:55:32,835{GMT}	INFO	[jepsen worker 14] jepsen.util: 14	:invoke	:txn	[[:w 7 3] [:w 8 4] [:w 7 4] [:r 8 nil]]
2023-04-30 16:55:32,841{GMT}	INFO	[jepsen worker 14] jepsen.arangodb.tests.rw-register: committed transaction 630
2023-04-30 16:55:32,841{GMT}	INFO	[jepsen worker 14] jepsen.util: 14	:ok	:txn	[[:w 7 3] [:w 8 4] [:w 7 4] [:r 8 4]]
2023-04-30 16:55:32,907{GMT}	INFO	[jepsen worker 15] jepsen.util: 15	:invoke	:txn	[[:r 0 nil] [:w 8 5] [:r 8 nil] [:r 8 nil] [:r 8 nil] [:r 8 nil] [:r 0 nil]]
2023-04-30 16:55:32,914{GMT}	INFO	[jepsen worker 15] jepsen.arangodb.tests.rw-register: committed transaction 635
2023-04-30 16:55:32,915{GMT}	INFO	[jepsen worker 15] jepsen.util: 15	:ok	:txn	[[:r 0 29] [:w 8 5] [:r 8 5] [:r 8 5] [:r 8 5] [:r 8 5] [:r 0 29]]
2023-04-30 16:55:33,036{GMT}	INFO	[jepsen worker 16] jepsen.util: 16	:invoke	:txn	[[:w 7 5] [:r 8 nil] [:w 7 6] [:r 7 nil] [:w 8 6]]
2023-04-30 16:55:33,042{GMT}	INFO	[jepsen worker 16] jepsen.arangodb.tests.rw-register: committed transaction 643
2023-04-30 16:55:33,042{GMT}	INFO	[jepsen worker 16] jepsen.util: 16	:ok	:txn	[[:w 7 5] [:r 8 5] [:w 7 6] [:r 7 6] [:w 8 6]]
2023-04-30 16:55:33,170{GMT}	INFO	[jepsen worker 17] jepsen.util: 17	:invoke	:txn	[[:w 8 7] [:r 8 nil] [:w 7 7] [:r 7 nil] [:w 0 30] [:w 8 8] [:w 8 9]]
2023-04-30 16:55:33,176{GMT}	INFO	[jepsen worker 17] jepsen.arangodb.tests.rw-register: committed transaction 649
2023-04-30 16:55:33,176{GMT}	INFO	[jepsen worker 17] jepsen.util: 17	:ok	:txn	[[:w 8 7] [:r 8 7] [:w 7 7] [:r 7 7] [:w 0 30] [:w 8 8] [:w 8 9]]
2023-04-30 16:55:33,200{GMT}	INFO	[jepsen worker 18] jepsen.util: 18	:invoke	:txn	[[:w 7 8] [:r 0 nil] [:w 7 9] [:r 8 nil] [:r 8 nil]]
2023-04-30 16:55:33,204{GMT}	INFO	[jepsen worker 18] jepsen.arangodb.tests.rw-register: committed transaction 657
2023-04-30 16:55:33,204{GMT}	INFO	[jepsen worker 18] jepsen.util: 18	:ok	:txn	[[:w 7 8] [:r 0 30] [:w 7 9] [:r 8 9] [:r 8 9]]
2023-04-30 16:55:33,226{GMT}	INFO	[jepsen worker 19] jepsen.util: 19	:invoke	:txn	[[:r 8 nil] [:r 0 nil] [:w 8 10] [:r 7 nil] [:w 8 11] [:r 8 nil] [:r 7 nil] [:r 7 nil]]
2023-04-30 16:55:33,231{GMT}	INFO	[jepsen worker 19] jepsen.arangodb.tests.rw-register: committed transaction 663
2023-04-30 16:55:33,231{GMT}	INFO	[jepsen worker 19] jepsen.util: 19	:ok	:txn	[[:r 8 9] [:r 0 30] [:w 8 10] [:r 7 9] [:w 8 11] [:r 8 11] [:r 7 9] [:r 7 9]]
2023-04-30 16:55:33,327{GMT}	INFO	[jepsen worker 0] jepsen.util: 0	:invoke	:txn	[[:w 7 10] [:w 8 12] [:w 7 11]]
2023-04-30 16:55:33,330{GMT}	INFO	[jepsen worker 0] jepsen.arangodb.tests.rw-register: committed transaction 672
2023-04-30 16:55:33,330{GMT}	INFO	[jepsen worker 0] jepsen.util: 0	:ok	:txn	[[:w 7 10] [:w 8 12] [:w 7 11]]
2023-04-30 16:55:33,376{GMT}	INFO	[jepsen worker 0] jepsen.util: 0	:invoke	:txn	[[:w 7 12] [:r 8 nil] [:w 7 13] [:w 0 31]]
2023-04-30 16:55:33,380{GMT}	INFO	[jepsen worker 0] jepsen.arangodb.tests.rw-register: committed transaction 676
2023-04-30 16:55:33,380{GMT}	INFO	[jepsen worker 0] jepsen.util: 0	:ok	:txn	[[:w 7 12] [:r 8 12] [:w 7 13] [:w 0 31]]
2023-04-30 16:55:33,408{GMT}	INFO	[jepsen worker 1] jepsen.util: 1	:invoke	:txn	[[:r 8 nil] [:r 7 nil] [:w 7 14]]
2023-04-30 16:55:33,411{GMT}	INFO	[jepsen worker 1] jepsen.arangodb.tests.rw-register: committed transaction 681
2023-04-30 16:55:33,411{GMT}	INFO	[jepsen worker 1] jepsen.util: 1	:ok	:txn	[[:r 8 12] [:r 7 13] [:w 7 14]]
2023-04-30 16:55:33,510{GMT}	INFO	[jepsen worker 2] jepsen.util: 2	:invoke	:txn	[[:r 8 nil] [:r 8 nil] [:w 0 32] [:r 8 nil] [:w 8 13]]
2023-04-30 16:55:33,514{GMT}	INFO	[jepsen worker 2] jepsen.arangodb.tests.rw-register: committed transaction 685
2023-04-30 16:55:33,515{GMT}	INFO	[jepsen worker 2] jepsen.util: 2	:ok	:txn	[[:r 8 12] [:r 8 12] [:w 0 32] [:r 8 12] [:w 8 13]]
2023-04-30 16:55:33,557{GMT}	INFO	[jepsen worker 3] jepsen.util: 3	:invoke	:txn	[[:w 7 15] [:w 7 16] [:r 8 nil] [:w 8 14]]
2023-04-30 16:55:33,562{GMT}	INFO	[jepsen worker 3] jepsen.arangodb.tests.rw-register: committed transaction 691
2023-04-30 16:55:33,562{GMT}	INFO	[jepsen worker 3] jepsen.util: 3	:ok	:txn	[[:w 7 15] [:w 7 16] [:r 8 13] [:w 8 14]]
2023-04-30 16:55:33,744{GMT}	INFO	[jepsen worker 4] jepsen.util: 4	:invoke	:txn	[[:r 8 nil] [:r 8 nil] [:w 8 15] [:r 7 nil] [:w 7 17] [:r 8 nil]]
2023-04-30 16:55:33,751{GMT}	INFO	[jepsen worker 4] jepsen.arangodb.tests.rw-register: committed transaction 696
2023-04-30 16:55:33,751{GMT}	INFO	[jepsen worker 4] jepsen.util: 4	:ok	:txn	[[:r 8 14] [:r 8 14] [:w 8 15] [:r 7 16] [:w 7 17] [:r 8 15]]
2023-04-30 16:55:33,929{GMT}	INFO	[jepsen worker 5] jepsen.util: 5	:invoke	:txn	[[:w 8 16] [:r 8 nil] [:r 8 nil] [:r 7 nil] [:w 9 1] [:r 8 nil] [:w 8 17] [:r 8 nil]]
2023-04-30 16:55:33,937{GMT}	INFO	[jepsen worker 5] jepsen.arangodb.tests.rw-register: committed transaction 703
2023-04-30 16:55:33,938{GMT}	INFO	[jepsen worker 5] jepsen.util: 5	:ok	:txn	[[:w 8 16] [:r 8 16] [:r 8 16] [:r 7 17] [:w 9 1] [:r 8 16] [:w 8 17] [:r 8 17]]
2023-04-30 16:55:33,985{GMT}	INFO	[jepsen worker 6] jepsen.util: 6	:invoke	:txn	[[:r 7 nil] [:r 7 nil] [:w 8 18] [:r 8 nil]]
2023-04-30 16:55:33,990{GMT}	INFO	[jepsen worker 6] jepsen.arangodb.tests.rw-register: committed transaction 712
2023-04-30 16:55:33,990{GMT}	INFO	[jepsen worker 6] jepsen.util: 6	:ok	:txn	[[:r 7 17] [:r 7 17] [:w 8 18] [:r 8 18]]
2023-04-30 16:55:34,146{GMT}	INFO	[jepsen worker 7] jepsen.util: 7	:invoke	:txn	[[:r 7 nil] [:r 9 nil] [:w 9 2] [:w 8 19] [:r 7 nil]]
2023-04-30 16:55:34,151{GMT}	INFO	[jepsen worker 7] jepsen.arangodb.tests.rw-register: committed transaction 717
2023-04-30 16:55:34,151{GMT}	INFO	[jepsen worker 7] jepsen.util: 7	:ok	:txn	[[:r 7 17] [:r 9 1] [:w 9 2] [:w 8 19] [:r 7 17]]
2023-04-30 16:55:34,185{GMT}	INFO	[jepsen worker 8] jepsen.util: 8	:invoke	:txn	[[:r 8 nil] [:r 8 nil] [:r 8 nil]]
2023-04-30 16:55:34,188{GMT}	INFO	[jepsen worker 8] jepsen.arangodb.tests.rw-register: committed transaction 723
2023-04-30 16:55:34,189{GMT}	INFO	[jepsen worker 8] jepsen.util: 8	:ok	:txn	[[:r 8 19] [:r 8 19] [:r 8 19]]
2023-04-30 16:55:34,365{GMT}	INFO	[jepsen worker 9] jepsen.util: 9	:invoke	:txn	[[:w 9 3] [:r 8 nil] [:w 8 20]]
2023-04-30 16:55:34,368{GMT}	INFO	[jepsen worker 9] jepsen.arangodb.tests.rw-register: committed transaction 727
2023-04-30 16:55:34,369{GMT}	INFO	[jepsen worker 9] jepsen.util: 9	:ok	:txn	[[:w 9 3] [:r 8 19] [:w 8 20]]
2023-04-30 16:55:34,483{GMT}	INFO	[jepsen worker 10] jepsen.util: 10	:invoke	:txn	[[:r 8 nil] [:w 8 21] [:w 7 18] [:r 7 nil]]
2023-04-30 16:55:34,486{GMT}	INFO	[jepsen worker 10] jepsen.arangodb.tests.rw-register: committed transaction 731
2023-04-30 16:55:34,487{GMT}	INFO	[jepsen worker 10] jepsen.util: 10	:ok	:txn	[[:r 8 20] [:w 8 21] [:w 7 18] [:r 7 18]]
2023-04-30 16:55:34,505{GMT}	INFO	[jepsen worker 11] jepsen.util: 11	:invoke	:txn	[[:w 9 4] [:w 8 22]]
2023-04-30 16:55:34,508{GMT}	INFO	[jepsen worker 11] jepsen.arangodb.tests.rw-register: committed transaction 736
2023-04-30 16:55:34,508{GMT}	INFO	[jepsen worker 11] jepsen.util: 11	:ok	:txn	[[:w 9 4] [:w 8 22]]
2023-04-30 16:55:34,688{GMT}	INFO	[jepsen worker 12] jepsen.util: 12	:invoke	:txn	[[:w 8 23] [:w 7 19] [:r 8 nil]]
2023-04-30 16:55:34,692{GMT}	INFO	[jepsen worker 12] jepsen.arangodb.tests.rw-register: committed transaction 739
2023-04-30 16:55:34,692{GMT}	INFO	[jepsen worker 12] jepsen.util: 12	:ok	:txn	[[:w 8 23] [:w 7 19] [:r 8 23]]
2023-04-30 16:55:34,708{GMT}	INFO	[jepsen worker 13] jepsen.util: 13	:invoke	:txn	[[:w 7 20] [:r 8 nil] [:r 8 nil] [:r 8 nil] [:r 8 nil] [:r 8 nil] [:r 7 nil]]
2023-04-30 16:55:34,713{GMT}	INFO	[jepsen worker 13] jepsen.arangodb.tests.rw-register: committed transaction 743
2023-04-30 16:55:34,713{GMT}	INFO	[jepsen worker 13] jepsen.util: 13	:ok	:txn	[[:w 7 20] [:r 8 23] [:r 8 23] [:r 8 23] [:r 8 23] [:r 8 23] [:r 7 20]]
2023-04-30 16:55:34,734{GMT}	INFO	[jepsen worker 14] jepsen.util: 14	:invoke	:txn	[[:w 8 24] [:w 7 21]]
2023-04-30 16:55:34,736{GMT}	INFO	[jepsen worker 14] jepsen.arangodb.tests.rw-register: committed transaction 751
2023-04-30 16:55:34,736{GMT}	INFO	[jepsen worker 14] jepsen.util: 14	:ok	:txn	[[:w 8 24] [:w 7 21]]
2023-04-30 16:55:34,872{GMT}	INFO	[jepsen worker 15] jepsen.util: 15	:invoke	:txn	[[:w 8 25] [:w 8 26] [:w 8 27] [:r 8 nil] [:w 9 5] [:r 8 nil] [:w 8 28] [:r 8 nil]]
2023-04-30 16:55:34,877{GMT}	INFO	[jepsen worker 16] jepsen.util: 16	:invoke	:txn	[[:w 7 22] [:r 7 nil] [:w 8 29] [:r 8 nil] [:r 7 nil]]
2023-04-30 16:55:34,878{GMT}	INFO	[jepsen worker 15] jepsen.arangodb.tests.rw-register: committed transaction 754
2023-04-30 16:55:34,878{GMT}	INFO	[jepsen worker 15] jepsen.util: 15	:ok	:txn	[[:w 8 25] [:w 8 26] [:w 8 27] [:r 8 27] [:w 9 5] [:r 8 27] [:w 8 28] [:r 8 28]]
2023-04-30 16:55:34,879{GMT}	INFO	[jepsen worker 16] jepsen.arangodb.tests.rw-register: aborted transaction 762
2023-04-30 16:55:34,879{GMT}	WARN	[jepsen worker 16] jepsen.arangodb.tests.rw-register: AQL: write-write conflict; key: 8 (while executing)
2023-04-30 16:55:34,879{GMT}	INFO	[jepsen worker 16] jepsen.util: 16	:fail	:txn	[[:w 7 22] [:r 7 nil] [:w 8 29] [:r 8 nil] [:r 7 nil]]	:ww-conflict
2023-04-30 16:55:35,010{GMT}	INFO	[jepsen worker 17] jepsen.util: 17	:invoke	:txn	[[:w 8 30] [:r 8 nil] [:w 9 6] [:r 8 nil] [:w 8 31] [:r 9 nil] [:r 9 nil] [:r 8 nil]]
2023-04-30 16:55:35,016{GMT}	INFO	[jepsen worker 17] jepsen.arangodb.tests.rw-register: committed transaction 767
2023-04-30 16:55:35,016{GMT}	INFO	[jepsen worker 17] jepsen.util: 17	:ok	:txn	[[:w 8 30] [:r 8 30] [:w 9 6] [:r 8 30] [:w 8 31] [:r 9 6] [:r 9 6] [:r 8 31]]
2023-04-30 16:55:35,197{GMT}	INFO	[jepsen worker 18] jepsen.util: 18	:invoke	:txn	[[:r 7 nil] [:w 8 32] [:w 7 23]]
2023-04-30 16:55:35,200{GMT}	INFO	[jepsen worker 18] jepsen.arangodb.tests.rw-register: committed transaction 776
2023-04-30 16:55:35,201{GMT}	INFO	[jepsen worker 18] jepsen.util: 18	:ok	:txn	[[:r 7 21] [:w 8 32] [:w 7 23]]
2023-04-30 16:55:35,239{GMT}	INFO	[jepsen worker 19] jepsen.util: 19	:invoke	:txn	[[:r 10 nil] [:r 7 nil] [:w 10 1] [:w 10 2] [:r 10 nil] [:w 7 24]]
2023-04-30 16:55:35,244{GMT}	INFO	[jepsen worker 19] jepsen.arangodb.tests.rw-register: committed transaction 780
2023-04-30 16:55:35,244{GMT}	INFO	[jepsen worker 19] jepsen.util: 19	:ok	:txn	[[:r 10 nil] [:r 7 23] [:w 10 1] [:w 10 2] [:r 10 2] [:w 7 24]]
2023-04-30 16:55:35,381{GMT}	INFO	[jepsen worker 0] jepsen.util: 0	:invoke	:txn	[[:r 7 nil] [:w 7 25] [:r 10 nil] [:w 10 3] [:w 7 26] [:r 7 nil]]
2023-04-30 16:55:35,386{GMT}	INFO	[jepsen worker 0] jepsen.arangodb.tests.rw-register: committed transaction 787
2023-04-30 16:55:35,386{GMT}	INFO	[jepsen worker 0] jepsen.util: 0	:ok	:txn	[[:r 7 24] [:w 7 25] [:r 10 2] [:w 10 3] [:w 7 26] [:r 7 26]]
2023-04-30 16:55:35,548{GMT}	INFO	[jepsen worker 0] jepsen.util: 0	:invoke	:txn	[[:w 10 4] [:r 7 nil] [:w 10 5] [:w 10 6] [:w 10 7]]
2023-04-30 16:55:35,553{GMT}	INFO	[jepsen worker 0] jepsen.arangodb.tests.rw-register: committed transaction 794
2023-04-30 16:55:35,553{GMT}	INFO	[jepsen worker 0] jepsen.util: 0	:ok	:txn	[[:w 10 4] [:r 7 26] [:w 10 5] [:w 10 6] [:w 10 7]]
2023-04-30 16:55:35,654{GMT}	INFO	[jepsen worker 1] jepsen.util: 1	:invoke	:txn	[[:w 7 27] [:r 7 nil] [:w 10 8] [:r 7 nil] [:r 10 nil] [:w 10 9] [:r 10 nil]]
2023-04-30 16:55:35,660{GMT}	INFO	[jepsen worker 1] jepsen.arangodb.tests.rw-register: committed transaction 800
2023-04-30 16:55:35,660{GMT}	INFO	[jepsen worker 1] jepsen.util: 1	:ok	:txn	[[:w 7 27] [:r 7 27] [:w 10 8] [:r 7 27] [:r 10 8] [:w 10 9] [:r 10 9]]
2023-04-30 16:55:35,764{GMT}	INFO	[jepsen worker 2] jepsen.util: 2	:invoke	:txn	[[:w 10 10] [:w 10 11] [:w 10 12] [:w 9 7] [:w 10 13] [:r 7 nil] [:r 10 nil]]
2023-04-30 16:55:35,770{GMT}	INFO	[jepsen worker 2] jepsen.arangodb.tests.rw-register: committed transaction 808
2023-04-30 16:55:35,771{GMT}	INFO	[jepsen worker 2] jepsen.util: 2	:ok	:txn	[[:w 10 10] [:w 10 11] [:w 10 12] [:w 9 7] [:w 10 13] [:r 7 27] [:r 10 13]]
2023-04-30 16:55:35,846{GMT}	INFO	[jepsen worker 3] jepsen.util: 3	:invoke	:txn	[[:r 10 nil] [:r 7 nil]]
2023-04-30 16:55:35,849{GMT}	INFO	[jepsen worker 3] jepsen.arangodb.tests.rw-register: committed transaction 816
2023-04-30 16:55:35,849{GMT}	INFO	[jepsen worker 3] jepsen.util: 3	:ok	:txn	[[:r 10 13] [:r 7 27]]
2023-04-30 16:55:35,949{GMT}	INFO	[jepsen worker 4] jepsen.util: 4	:invoke	:txn	[[:r 10 nil] [:r 7 nil] [:r 10 nil] [:r 10 nil] [:w 10 14]]
2023-04-30 16:55:35,954{GMT}	INFO	[jepsen worker 4] jepsen.arangodb.tests.rw-register: committed transaction 819
2023-04-30 16:55:35,954{GMT}	INFO	[jepsen worker 4] jepsen.util: 4	:ok	:txn	[[:r 10 13] [:r 7 27] [:r 10 13] [:r 10 13] [:w 10 14]]
2023-04-30 16:55:36,068{GMT}	INFO	[jepsen worker 5] jepsen.util: 5	:invoke	:txn	[[:w 9 8] [:r 10 nil] [:r 7 nil] [:r 10 nil] [:r 9 nil] [:w 10 15] [:r 9 nil]]
2023-04-30 16:55:36,074{GMT}	INFO	[jepsen worker 5] jepsen.arangodb.tests.rw-register: committed transaction 825
2023-04-30 16:55:36,074{GMT}	INFO	[jepsen worker 5] jepsen.util: 5	:ok	:txn	[[:w 9 8] [:r 10 14] [:r 7 27] [:r 10 14] [:r 9 8] [:w 10 15] [:r 9 8]]
2023-04-30 16:55:36,127{GMT}	INFO	[jepsen worker 6] jepsen.util: 6	:invoke	:txn	[[:w 10 16] [:r 10 nil] [:r 10 nil] [:w 10 17] [:w 10 18] [:w 9 9] [:w 10 19] [:w 10 20]]
2023-04-30 16:55:36,133{GMT}	INFO	[jepsen worker 6] jepsen.arangodb.tests.rw-register: committed transaction 833
2023-04-30 16:55:36,133{GMT}	INFO	[jepsen worker 6] jepsen.util: 6	:ok	:txn	[[:w 10 16] [:r 10 16] [:r 10 16] [:w 10 17] [:w 10 18] [:w 9 9] [:w 10 19] [:w 10 20]]
2023-04-30 16:55:36,215{GMT}	INFO	[jepsen worker 7] jepsen.util: 7	:invoke	:txn	[[:w 10 21] [:r 10 nil] [:w 7 28] [:w 10 22] [:r 10 nil] [:r 7 nil] [:w 9 10]]
2023-04-30 16:55:36,221{GMT}	INFO	[jepsen worker 7] jepsen.arangodb.tests.rw-register: committed transaction 842
2023-04-30 16:55:36,221{GMT}	INFO	[jepsen worker 7] jepsen.util: 7	:ok	:txn	[[:w 10 21] [:r 10 21] [:w 7 28] [:w 10 22] [:r 10 22] [:r 7 28] [:w 9 10]]
2023-04-30 16:55:36,371{GMT}	INFO	[jepsen worker 8] jepsen.util: 8	:invoke	:txn	[[:r 7 nil] [:w 10 23] [:r 10 nil]]
2023-04-30 16:55:36,375{GMT}	INFO	[jepsen worker 8] jepsen.arangodb.tests.rw-register: committed transaction 850
2023-04-30 16:55:36,375{GMT}	INFO	[jepsen worker 8] jepsen.util: 8	:ok	:txn	[[:r 7 28] [:w 10 23] [:r 10 23]]
2023-04-30 16:55:36,509{GMT}	INFO	[jepsen worker 9] jepsen.util: 9	:invoke	:txn	[[:r 9 nil] [:r 7 nil] [:w 10 24] [:r 10 nil]]
2023-04-30 16:55:36,513{GMT}	INFO	[jepsen worker 9] jepsen.arangodb.tests.rw-register: committed transaction 854
2023-04-30 16:55:36,513{GMT}	INFO	[jepsen worker 9] jepsen.util: 9	:ok	:txn	[[:r 9 10] [:r 7 28] [:w 10 24] [:r 10 24]]
2023-04-30 16:55:36,638{GMT}	INFO	[jepsen worker 10] jepsen.util: 10	:invoke	:txn	[[:r 10 nil] [:w 7 29] [:r 7 nil] [:r 10 nil]]
2023-04-30 16:55:36,642{GMT}	INFO	[jepsen worker 10] jepsen.arangodb.tests.rw-register: committed transaction 859
2023-04-30 16:55:36,642{GMT}	INFO	[jepsen worker 10] jepsen.util: 10	:ok	:txn	[[:r 10 24] [:w 7 29] [:r 7 29] [:r 10 24]]
2023-04-30 16:55:36,749{GMT}	INFO	[jepsen worker 11] jepsen.util: 11	:invoke	:txn	[[:w 7 30] [:r 10 nil] [:w 10 25] [:r 7 nil] [:w 7 31] [:w 9 11] [:r 10 nil] [:r 10 nil]]
2023-04-30 16:55:36,755{GMT}	INFO	[jepsen worker 11] jepsen.arangodb.tests.rw-register: committed transaction 864
2023-04-30 16:55:36,756{GMT}	INFO	[jepsen worker 11] jepsen.util: 11	:ok	:txn	[[:w 7 30] [:r 10 24] [:w 10 25] [:r 7 30] [:w 7 31] [:w 9 11] [:r 10 25] [:r 10 25]]
2023-04-30 16:55:36,761{GMT}	INFO	[jepsen worker 12] jepsen.util: 12	:invoke	:txn	[[:w 7 32] [:r 10 nil] [:r 7 nil] [:w 10 26] [:r 11 nil]]
2023-04-30 16:55:36,764{GMT}	INFO	[jepsen worker 12] jepsen.arangodb.tests.rw-register: committed transaction 873
2023-04-30 16:55:36,764{GMT}	INFO	[jepsen worker 12] jepsen.util: 12	:ok	:txn	[[:w 7 32] [:r 10 25] [:r 7 32] [:w 10 26] [:r 11 nil]]
2023-04-30 16:55:36,927{GMT}	INFO	[jepsen worker 13] jepsen.util: 13	:invoke	:txn	[[:r 10 nil] [:w 9 12]]
2023-04-30 16:55:36,930{GMT}	INFO	[jepsen worker 13] jepsen.arangodb.tests.rw-register: committed transaction 879
2023-04-30 16:55:36,930{GMT}	INFO	[jepsen worker 13] jepsen.util: 13	:ok	:txn	[[:r 10 26] [:w 9 12]]
2023-04-30 16:55:37,121{GMT}	INFO	[jepsen worker 14] jepsen.util: 14	:invoke	:txn	[[:r 10 nil] [:w 10 27] [:w 10 28] [:r 10 nil] [:w 11 1] [:r 10 nil] [:r 10 nil] [:w 10 29]]
2023-04-30 16:55:37,128{GMT}	INFO	[jepsen worker 14] jepsen.arangodb.tests.rw-register: committed transaction 882
2023-04-30 16:55:37,128{GMT}	INFO	[jepsen worker 14] jepsen.util: 14	:ok	:txn	[[:r 10 26] [:w 10 27] [:w 10 28] [:r 10 28] [:w 11 1] [:r 10 28] [:r 10 28] [:w 10 29]]
2023-04-30 16:55:37,268{GMT}	INFO	[jepsen worker 15] jepsen.util: 15	:invoke	:txn	[[:r 10 nil] [:w 11 2] [:r 11 nil] [:r 10 nil]]
2023-04-30 16:55:37,272{GMT}	INFO	[jepsen worker 15] jepsen.arangodb.tests.rw-register: committed transaction 891
2023-04-30 16:55:37,272{GMT}	INFO	[jepsen worker 15] jepsen.util: 15	:ok	:txn	[[:r 10 29] [:w 11 2] [:r 11 2] [:r 10 29]]
2023-04-30 16:55:37,340{GMT}	INFO	[jepsen worker 16] jepsen.util: 16	:invoke	:txn	[[:r 9 nil] [:w 10 30]]
2023-04-30 16:55:37,342{GMT}	INFO	[jepsen worker 16] jepsen.arangodb.tests.rw-register: committed transaction 896
2023-04-30 16:55:37,342{GMT}	INFO	[jepsen worker 16] jepsen.util: 16	:ok	:txn	[[:r 9 12] [:w 10 30]]
2023-04-30 16:55:37,482{GMT}	INFO	[jepsen worker 17] jepsen.util: 17	:invoke	:txn	[[:r 10 nil] [:r 10 nil] [:r 9 nil] [:r 11 nil] [:w 10 31] [:w 10 32] [:r 11 nil] [:r 11 nil]]
2023-04-30 16:55:37,488{GMT}	INFO	[jepsen worker 17] jepsen.arangodb.tests.rw-register: committed transaction 899
2023-04-30 16:55:37,488{GMT}	INFO	[jepsen worker 17] jepsen.util: 17	:ok	:txn	[[:r 10 30] [:r 10 30] [:r 9 12] [:r 11 2] [:w 10 31] [:w 10 32] [:r 11 2] [:r 11 2]]
2023-04-30 16:55:37,663{GMT}	INFO	[jepsen worker 18] jepsen.util: 18	:invoke	:txn	[[:r 10 nil] [:w 9 13] [:r 11 nil]]
2023-04-30 16:55:37,667{GMT}	INFO	[jepsen worker 18] jepsen.arangodb.tests.rw-register: committed transaction 908
2023-04-30 16:55:37,667{GMT}	INFO	[jepsen worker 18] jepsen.util: 18	:ok	:txn	[[:r 10 32] [:w 9 13] [:r 11 2]]
2023-04-30 16:55:37,684{GMT}	INFO	[jepsen worker 19] jepsen.util: 19	:invoke	:txn	[[:r 10 nil] [:r 9 nil] [:w 11 3] [:w 11 4] [:r 9 nil] [:r 11 nil]]
2023-04-30 16:55:37,688{GMT}	INFO	[jepsen worker 19] jepsen.arangodb.tests.rw-register: committed transaction 912
2023-04-30 16:55:37,688{GMT}	INFO	[jepsen worker 19] jepsen.util: 19	:ok	:txn	[[:r 10 32] [:r 9 13] [:w 11 3] [:w 11 4] [:r 9 13] [:r 11 4]]
2023-04-30 16:55:37,693{GMT}	INFO	[jepsen worker 0] jepsen.util: 0	:invoke	:txn	[[:w 12 1] [:r 12 nil] [:w 9 14] [:w 12 2] [:r 11 nil]]
2023-04-30 16:55:37,696{GMT}	INFO	[jepsen worker 0] jepsen.arangodb.tests.rw-register: committed transaction 919
2023-04-30 16:55:37,697{GMT}	INFO	[jepsen worker 0] jepsen.util: 0	:ok	:txn	[[:w 12 1] [:r 12 1] [:w 9 14] [:w 12 2] [:r 11 4]]
2023-04-30 16:55:37,816{GMT}	INFO	[jepsen worker 0] jepsen.util: 0	:invoke	:txn	[[:w 11 5] [:w 12 3] [:w 12 4] [:r 12 nil] [:r 12 nil]]
2023-04-30 16:55:37,821{GMT}	INFO	[jepsen worker 0] jepsen.arangodb.tests.rw-register: committed transaction 925
2023-04-30 16:55:37,821{GMT}	INFO	[jepsen worker 0] jepsen.util: 0	:ok	:txn	[[:w 11 5] [:w 12 3] [:w 12 4] [:r 12 4] [:r 12 4]]
2023-04-30 16:55:38,016{GMT}	INFO	[jepsen worker 1] jepsen.util: 1	:invoke	:txn	[[:w 12 5] [:r 9 nil] [:r 12 nil]]
2023-04-30 16:55:38,020{GMT}	INFO	[jepsen worker 1] jepsen.arangodb.tests.rw-register: committed transaction 931
2023-04-30 16:55:38,020{GMT}	INFO	[jepsen worker 1] jepsen.util: 1	:ok	:txn	[[:w 12 5] [:r 9 14] [:r 12 5]]
2023-04-30 16:55:38,171{GMT}	INFO	[jepsen worker 2] jepsen.util: 2	:invoke	:txn	[[:w 12 6] [:w 11 6] [:w 11 7]]
2023-04-30 16:55:38,174{GMT}	INFO	[jepsen worker 2] jepsen.arangodb.tests.rw-register: committed transaction 935
2023-04-30 16:55:38,174{GMT}	INFO	[jepsen worker 2] jepsen.util: 2	:ok	:txn	[[:w 12 6] [:w 11 6] [:w 11 7]]
2023-04-30 16:55:38,212{GMT}	INFO	[jepsen worker 3] jepsen.util: 3	:invoke	:txn	[[:w 12 7] [:w 12 8] [:r 11 nil]]
2023-04-30 16:55:38,215{GMT}	INFO	[jepsen worker 3] jepsen.arangodb.tests.rw-register: committed transaction 939
2023-04-30 16:55:38,215{GMT}	INFO	[jepsen worker 3] jepsen.util: 3	:ok	:txn	[[:w 12 7] [:w 12 8] [:r 11 7]]
2023-04-30 16:55:38,225{GMT}	INFO	[jepsen worker 4] jepsen.util: 4	:invoke	:txn	[[:r 9 nil] [:r 12 nil] [:r 12 nil] [:r 12 nil] [:r 11 nil] [:r 12 nil] [:r 12 nil] [:w 12 9]]
2023-04-30 16:55:38,232{GMT}	INFO	[jepsen worker 4] jepsen.arangodb.tests.rw-register: committed transaction 943
2023-04-30 16:55:38,232{GMT}	INFO	[jepsen worker 4] jepsen.util: 4	:ok	:txn	[[:r 9 14] [:r 12 8] [:r 12 8] [:r 12 8] [:r 11 7] [:r 12 8] [:r 12 8] [:w 12 9]]
2023-04-30 16:55:38,290{GMT}	INFO	[jepsen worker 5] jepsen.util: 5	:invoke	:txn	[[:r 9 nil] [:r 11 nil] [:r 12 nil]]
2023-04-30 16:55:38,294{GMT}	INFO	[jepsen worker 5] jepsen.arangodb.tests.rw-register: committed transaction 952
2023-04-30 16:55:38,294{GMT}	INFO	[jepsen worker 5] jepsen.util: 5	:ok	:txn	[[:r 9 14] [:r 11 7] [:r 12 9]]
2023-04-30 16:55:38,430{GMT}	INFO	[jepsen worker 6] jepsen.util: 6	:invoke	:txn	[[:r 9 nil] [:w 9 15] [:r 12 nil] [:w 9 16] [:w 12 10] [:r 12 nil] [:r 9 nil] [:r 12 nil]]
2023-04-30 16:55:38,435{GMT}	INFO	[jepsen worker 6] jepsen.arangodb.tests.rw-register: committed transaction 956
2023-04-30 16:55:38,435{GMT}	INFO	[jepsen worker 6] jepsen.util: 6	:ok	:txn	[[:r 9 14] [:w 9 15] [:r 12 9] [:w 9 16] [:w 12 10] [:r 12 10] [:r 9 16] [:r 12 10]]
2023-04-30 16:55:38,522{GMT}	INFO	[jepsen worker 7] jepsen.util: 7	:invoke	:txn	[[:w 12 11] [:w 11 8] [:r 11 nil] [:w 12 12] [:w 9 17] [:r 12 nil] [:r 12 nil] [:w 12 13]]
2023-04-30 16:55:38,528{GMT}	INFO	[jepsen worker 7] jepsen.arangodb.tests.rw-register: committed transaction 965
2023-04-30 16:55:38,529{GMT}	INFO	[jepsen worker 7] jepsen.util: 7	:ok	:txn	[[:w 12 11] [:w 11 8] [:r 11 8] [:w 12 12] [:w 9 17] [:r 12 12] [:r 12 12] [:w 12 13]]
2023-04-30 16:55:38,545{GMT}	INFO	[jepsen worker 8] jepsen.util: 8	:invoke	:txn	[[:r 9 nil] [:r 12 nil] [:w 11 9]]
2023-04-30 16:55:38,548{GMT}	INFO	[jepsen worker 8] jepsen.arangodb.tests.rw-register: committed transaction 974
2023-04-30 16:55:38,548{GMT}	INFO	[jepsen worker 8] jepsen.util: 8	:ok	:txn	[[:r 9 17] [:r 12 13] [:w 11 9]]
2023-04-30 16:55:38,697{GMT}	INFO	[jepsen worker 9] jepsen.util: 9	:invoke	:txn	[[:r 12 nil] [:w 11 10]]
2023-04-30 16:55:38,700{GMT}	INFO	[jepsen worker 9] jepsen.arangodb.tests.rw-register: committed transaction 978
2023-04-30 16:55:38,700{GMT}	INFO	[jepsen worker 9] jepsen.util: 9	:ok	:txn	[[:r 12 13] [:w 11 10]]
2023-04-30 16:55:38,851{GMT}	INFO	[jepsen worker 10] jepsen.util: 10	:invoke	:txn	[[:w 12 14] [:r 11 nil] [:r 12 nil] [:r 11 nil] [:w 12 15] [:r 11 nil] [:w 12 16]]
2023-04-30 16:55:38,858{GMT}	INFO	[jepsen worker 10] jepsen.arangodb.tests.rw-register: committed transaction 981
2023-04-30 16:55:38,858{GMT}	INFO	[jepsen worker 10] jepsen.util: 10	:ok	:txn	[[:w 12 14] [:r 11 10] [:r 12 14] [:r 11 10] [:w 12 15] [:r 11 10] [:w 12 16]]
2023-04-30 16:55:38,875{GMT}	INFO	[jepsen worker 11] jepsen.util: 11	:invoke	:txn	[[:r 9 nil] [:r 11 nil] [:w 9 18] [:r 11 nil]]
2023-04-30 16:55:38,880{GMT}	INFO	[jepsen worker 11] jepsen.arangodb.tests.rw-register: committed transaction 989
2023-04-30 16:55:38,880{GMT}	INFO	[jepsen worker 11] jepsen.util: 11	:ok	:txn	[[:r 9 17] [:r 11 10] [:w 9 18] [:r 11 10]]
2023-04-30 16:55:39,000{GMT}	INFO	[jepsen worker 12] jepsen.util: 12	:invoke	:txn	[[:r 9 nil] [:r 9 nil] [:w 11 11] [:r 9 nil] [:r 12 nil]]
2023-04-30 16:55:39,007{GMT}	INFO	[jepsen worker 12] jepsen.arangodb.tests.rw-register: committed transaction 994
2023-04-30 16:55:39,007{GMT}	INFO	[jepsen worker 12] jepsen.util: 12	:ok	:txn	[[:r 9 18] [:r 9 18] [:w 11 11] [:r 9 18] [:r 12 16]]
2023-04-30 16:55:39,156{GMT}	INFO	[jepsen worker 13] jepsen.util: 13	:invoke	:txn	[[:r 12 nil] [:w 12 17] [:r 12 nil]]
2023-04-30 16:55:39,159{GMT}	INFO	[jepsen worker 13] jepsen.arangodb.tests.rw-register: committed transaction 1000
2023-04-30 16:55:39,159{GMT}	INFO	[jepsen worker 13] jepsen.util: 13	:ok	:txn	[[:r 12 16] [:w 12 17] [:r 12 17]]
2023-04-30 16:55:39,344{GMT}	INFO	[jepsen worker 14] jepsen.util: 14	:invoke	:txn	[[:w 12 18] [:r 12 nil] [:w 12 19] [:w 12 20] [:w 11 12] [:r 12 nil] [:w 9 19] [:w 9 20]]
2023-04-30 16:55:39,353{GMT}	INFO	[jepsen worker 14] jepsen.arangodb.tests.rw-register: committed transaction 1004
2023-04-30 16:55:39,353{GMT}	INFO	[jepsen worker 14] jepsen.util: 14	:ok	:txn	[[:w 12 18] [:r 12 18] [:w 12 19] [:w 12 20] [:w 11 12] [:r 12 20] [:w 9 19] [:w 9 20]]
2023-04-30 16:55:39,361{GMT}	INFO	[jepsen worker 15] jepsen.util: 15	:invoke	:txn	[[:w 12 21] [:w 12 22] [:w 12 23] [:r 12 nil] [:w 12 24] [:r 12 nil] [:r 12 nil]]
2023-04-30 16:55:39,366{GMT}	INFO	[jepsen worker 15] jepsen.arangodb.tests.rw-register: committed transaction 1013
2023-04-30 16:55:39,367{GMT}	INFO	[jepsen worker 15] jepsen.util: 15	:ok	:txn	[[:w 12 21] [:w 12 22] [:w 12 23] [:r 12 23] [:w 12 24] [:r 12 24] [:r 12 24]]
2023-04-30 16:55:39,543{GMT}	INFO	[jepsen worker 16] jepsen.util: 16	:invoke	:txn	[[:w 12 25] [:w 12 26] [:w 11 13] [:r 12 nil] [:r 11 nil] [:r 11 nil] [:r 12 nil]]
2023-04-30 16:55:39,549{GMT}	INFO	[jepsen worker 16] jepsen.arangodb.tests.rw-register: committed transaction 1021
2023-04-30 16:55:39,549{GMT}	INFO	[jepsen worker 16] jepsen.util: 16	:ok	:txn	[[:w 12 25] [:w 12 26] [:w 11 13] [:r 12 26] [:r 11 13] [:r 11 13] [:r 12 26]]
2023-04-30 16:55:39,730{GMT}	INFO	[jepsen worker 17] jepsen.util: 17	:invoke	:txn	[[:w 11 14] [:r 12 nil] [:w 12 27] [:w 12 28] [:w 11 15] [:r 12 nil] [:w 11 16] [:r 12 nil]]
2023-04-30 16:55:39,738{GMT}	INFO	[jepsen worker 17] jepsen.arangodb.tests.rw-register: committed transaction 1029
2023-04-30 16:55:39,738{GMT}	INFO	[jepsen worker 17] jepsen.util: 17	:ok	:txn	[[:w 11 14] [:r 12 26] [:w 12 27] [:w 12 28] [:w 11 15] [:r 12 28] [:w 11 16] [:r 12 28]]
2023-04-30 16:55:39,892{GMT}	INFO	[jepsen worker 18] jepsen.util: 18	:invoke	:txn	[[:w 12 29] [:w 11 17]]
2023-04-30 16:55:39,895{GMT}	INFO	[jepsen worker 18] jepsen.arangodb.tests.rw-register: committed transaction 1038
2023-04-30 16:55:39,895{GMT}	INFO	[jepsen worker 18] jepsen.util: 18	:ok	:txn	[[:w 12 29] [:w 11 17]]
2023-04-30 16:55:39,980{GMT}	INFO	[jepsen worker 19] jepsen.util: 19	:invoke	:txn	[[:r 9 nil] [:w 12 30] [:r 12 nil]]
2023-04-30 16:55:39,983{GMT}	INFO	[jepsen worker 19] jepsen.arangodb.tests.rw-register: committed transaction 1041
2023-04-30 16:55:39,984{GMT}	INFO	[jepsen worker 19] jepsen.util: 19	:ok	:txn	[[:r 9 20] [:w 12 30] [:r 12 30]]
2023-04-30 16:55:40,088{GMT}	INFO	[jepsen worker 0] jepsen.util: 0	:invoke	:txn	[[:r 12 nil] [:r 9 nil] [:w 11 18] [:r 9 nil] [:w 9 21] [:w 12 31] [:w 12 32]]
2023-04-30 16:55:40,094{GMT}	INFO	[jepsen worker 0] jepsen.arangodb.tests.rw-register: committed transaction 1045
2023-04-30 16:55:40,094{GMT}	INFO	[jepsen worker 0] jepsen.util: 0	:ok	:txn	[[:r 12 30] [:r 9 20] [:w 11 18] [:r 9 20] [:w 9 21] [:w 12 31] [:w 12 32]]
2023-04-30 16:55:40,241{GMT}	INFO	[jepsen worker 0] jepsen.util: 0	:invoke	:txn	[[:r 12 nil] [:w 13 1] [:r 13 nil] [:w 11 19] [:r 9 nil] [:w 13 2] [:w 13 3] [:w 9 22]]
2023-04-30 16:55:40,247{GMT}	INFO	[jepsen worker 0] jepsen.arangodb.tests.rw-register: committed transaction 1053
2023-04-30 16:55:40,247{GMT}	INFO	[jepsen worker 0] jepsen.util: 0	:ok	:txn	[[:r 12 32] [:w 13 1] [:r 13 1] [:w 11 19] [:r 9 21] [:w 13 2] [:w 13 3] [:w 9 22]]
2023-04-30 16:55:40,339{GMT}	INFO	[jepsen worker 1] jepsen.util: 1	:invoke	:txn	[[:w 13 4] [:w 11 20] [:r 11 nil] [:w 13 5] [:w 13 6] [:w 13 7]]
2023-04-30 16:55:40,345{GMT}	INFO	[jepsen worker 1] jepsen.arangodb.tests.rw-register: committed transaction 1062
2023-04-30 16:55:40,345{GMT}	INFO	[jepsen worker 1] jepsen.util: 1	:ok	:txn	[[:w 13 4] [:w 11 20] [:r 11 20] [:w 13 5] [:w 13 6] [:w 13 7]]
2023-04-30 16:55:40,532{GMT}	INFO	[jepsen worker 2] jepsen.util: 2	:invoke	:txn	[[:r 13 nil] [:w 11 21] [:r 11 nil] [:r 11 nil] [:r 13 nil] [:w 13 8]]
2023-04-30 16:55:40,537{GMT}	INFO	[jepsen worker 2] jepsen.arangodb.tests.rw-register: committed transaction 1069
2023-04-30 16:55:40,537{GMT}	INFO	[jepsen worker 2] jepsen.util: 2	:ok	:txn	[[:r 13 7] [:w 11 21] [:r 11 21] [:r 11 21] [:r 13 7] [:w 13 8]]
2023-04-30 16:55:40,616{GMT}	INFO	[jepsen worker 3] jepsen.util: 3	:invoke	:txn	[[:r 13 nil] [:w 11 22] [:w 11 23] [:w 13 9] [:w 13 10] [:r 13 nil] [:r 9 nil] [:r 13 nil]]
2023-04-30 16:55:40,622{GMT}	INFO	[jepsen worker 3] jepsen.arangodb.tests.rw-register: committed transaction 1076
2023-04-30 16:55:40,622{GMT}	INFO	[jepsen worker 3] jepsen.util: 3	:ok	:txn	[[:r 13 8] [:w 11 22] [:w 11 23] [:w 13 9] [:w 13 10] [:r 13 10] [:r 9 22] [:r 13 10]]
2023-04-30 16:55:40,637{GMT}	INFO	[jepsen worker 4] jepsen.util: 4	:invoke	:txn	[[:w 13 11] [:w 13 12] [:r 13 nil] [:r 11 nil] [:w 13 13] [:r 13 nil] [:w 13 14] [:w 9 23]]
2023-04-30 16:55:40,643{GMT}	INFO	[jepsen worker 4] jepsen.arangodb.tests.rw-register: committed transaction 1085
2023-04-30 16:55:40,643{GMT}	INFO	[jepsen worker 4] jepsen.util: 4	:ok	:txn	[[:w 13 11] [:w 13 12] [:r 13 12] [:r 11 23] [:w 13 13] [:r 13 13] [:w 13 14] [:w 9 23]]
2023-04-30 16:55:40,825{GMT}	INFO	[jepsen worker 5] jepsen.util: 5	:invoke	:txn	[[:w 11 24] [:w 13 15]]
2023-04-30 16:55:40,828{GMT}	INFO	[jepsen worker 5] jepsen.arangodb.tests.rw-register: committed transaction 1094
2023-04-30 16:55:40,828{GMT}	INFO	[jepsen worker 5] jepsen.util: 5	:ok	:txn	[[:w 11 24] [:w 13 15]]
2023-04-30 16:55:40,901{GMT}	INFO	[jepsen worker 6] jepsen.util: 6	:invoke	:txn	[[:r 13 nil] [:r 9 nil]]
2023-04-30 16:55:40,904{GMT}	INFO	[jepsen worker 6] jepsen.arangodb.tests.rw-register: committed transaction 1097
2023-04-30 16:55:40,904{GMT}	INFO	[jepsen worker 6] jepsen.util: 6	:ok	:txn	[[:r 13 15] [:r 9 23]]
2023-04-30 16:55:40,941{GMT}	INFO	[jepsen worker 7] jepsen.util: 7	:invoke	:txn	[[:w 13 16] [:w 13 17] [:r 11 nil] [:r 9 nil] [:r 13 nil] [:w 9 24] [:w 13 18] [:r 13 nil]]
2023-04-30 16:55:40,947{GMT}	INFO	[jepsen worker 7] jepsen.arangodb.tests.rw-register: committed transaction 1100
2023-04-30 16:55:40,947{GMT}	INFO	[jepsen worker 7] jepsen.util: 7	:ok	:txn	[[:w 13 16] [:w 13 17] [:r 11 24] [:r 9 23] [:r 13 17] [:w 9 24] [:w 13 18] [:r 13 18]]
2023-04-30 16:55:41,011{GMT}	INFO	[jepsen worker 8] jepsen.util: 8	:invoke	:txn	[[:w 9 25] [:w 13 19] [:r 9 nil] [:r 13 nil] [:r 13 nil] [:r 11 nil]]
2023-04-30 16:55:41,016{GMT}	INFO	[jepsen worker 8] jepsen.arangodb.tests.rw-register: committed transaction 1109
2023-04-30 16:55:41,016{GMT}	INFO	[jepsen worker 8] jepsen.util: 8	:ok	:txn	[[:w 9 25] [:w 13 19] [:r 9 25] [:r 13 19] [:r 13 19] [:r 11 24]]
2023-04-30 16:55:41,119{GMT}	INFO	[jepsen worker 9] jepsen.util: 9	:invoke	:txn	[[:w 13 20] [:w 11 25] [:r 13 nil] [:r 11 nil] [:w 11 26]]
2023-04-30 16:55:41,124{GMT}	INFO	[jepsen worker 9] jepsen.arangodb.tests.rw-register: committed transaction 1116
2023-04-30 16:55:41,124{GMT}	INFO	[jepsen worker 9] jepsen.util: 9	:ok	:txn	[[:w 13 20] [:w 11 25] [:r 13 20] [:r 11 25] [:w 11 26]]
2023-04-30 16:55:41,197{GMT}	INFO	[jepsen worker 10] jepsen.util: 10	:invoke	:txn	[[:w 13 21] [:r 11 nil] [:r 11 nil] [:w 13 22] [:r 13 nil] [:r 13 nil] [:w 13 23] [:r 11 nil]]
2023-04-30 16:55:41,203{GMT}	INFO	[jepsen worker 10] jepsen.arangodb.tests.rw-register: committed transaction 1122
2023-04-30 16:55:41,203{GMT}	INFO	[jepsen worker 10] jepsen.util: 10	:ok	:txn	[[:w 13 21] [:r 11 26] [:r 11 26] [:w 13 22] [:r 13 22] [:r 13 22] [:w 13 23] [:r 11 26]]
2023-04-30 16:55:41,245{GMT}	INFO	[jepsen worker 11] jepsen.util: 11	:invoke	:txn	[[:w 13 24] [:r 13 nil] [:w 13 25]]
2023-04-30 16:55:41,249{GMT}	INFO	[jepsen worker 11] jepsen.arangodb.tests.rw-register: committed transaction 1131
2023-04-30 16:55:41,249{GMT}	INFO	[jepsen worker 11] jepsen.util: 11	:ok	:txn	[[:w 13 24] [:r 13 24] [:w 13 25]]
2023-04-30 16:55:41,291{GMT}	INFO	[jepsen worker 12] jepsen.util: 12	:invoke	:txn	[[:r 11 nil] [:r 13 nil]]
2023-04-30 16:55:41,293{GMT}	INFO	[jepsen worker 12] jepsen.arangodb.tests.rw-register: committed transaction 1135
2023-04-30 16:55:41,293{GMT}	INFO	[jepsen worker 12] jepsen.util: 12	:ok	:txn	[[:r 11 26] [:r 13 25]]
2023-04-30 16:55:41,345{GMT}	INFO	[jepsen worker 13] jepsen.util: 13	:invoke	:txn	[[:w 9 26] [:w 13 26] [:w 13 27] [:w 11 27] [:w 11 28] [:r 11 nil]]
2023-04-30 16:55:41,350{GMT}	INFO	[jepsen worker 13] jepsen.arangodb.tests.rw-register: committed transaction 1138
2023-04-30 16:55:41,350{GMT}	INFO	[jepsen worker 13] jepsen.util: 13	:ok	:txn	[[:w 9 26] [:w 13 26] [:w 13 27] [:w 11 27] [:w 11 28] [:r 11 28]]
2023-04-30 16:55:41,457{GMT}	INFO	[jepsen worker 14] jepsen.util: 14	:invoke	:txn	[[:w 11 29] [:r 11 nil] [:w 13 28]]
2023-04-30 16:55:41,461{GMT}	INFO	[jepsen worker 14] jepsen.arangodb.tests.rw-register: committed transaction 1145
2023-04-30 16:55:41,461{GMT}	INFO	[jepsen worker 14] jepsen.util: 14	:ok	:txn	[[:w 11 29] [:r 11 29] [:w 13 28]]
2023-04-30 16:55:41,589{GMT}	INFO	[jepsen worker 15] jepsen.util: 15	:invoke	:txn	[[:r 13 nil] [:r 13 nil] [:w 13 29] [:r 13 nil] [:w 13 30]]
2023-04-30 16:55:41,594{GMT}	INFO	[jepsen worker 15] jepsen.arangodb.tests.rw-register: committed transaction 1149
2023-04-30 16:55:41,594{GMT}	INFO	[jepsen worker 15] jepsen.util: 15	:ok	:txn	[[:r 13 28] [:r 13 28] [:w 13 29] [:r 13 29] [:w 13 30]]
2023-04-30 16:55:41,785{GMT}	INFO	[jepsen worker 16] jepsen.util: 16	:invoke	:txn	[[:w 13 31] [:r 9 nil]]
2023-04-30 16:55:41,788{GMT}	INFO	[jepsen worker 16] jepsen.arangodb.tests.rw-register: committed transaction 1155
2023-04-30 16:55:41,788{GMT}	INFO	[jepsen worker 16] jepsen.util: 16	:ok	:txn	[[:w 13 31] [:r 9 26]]
2023-04-30 16:55:41,888{GMT}	INFO	[jepsen worker 17] jepsen.util: 17	:invoke	:txn	[[:w 13 32] [:r 9 nil] [:r 11 nil] [:r 14 nil] [:r 14 nil] [:w 9 27] [:w 9 28] [:w 11 30]]
2023-04-30 16:55:41,895{GMT}	INFO	[jepsen worker 17] jepsen.arangodb.tests.rw-register: committed transaction 1162
2023-04-30 16:55:41,895{GMT}	INFO	[jepsen worker 17] jepsen.util: 17	:ok	:txn	[[:w 13 32] [:r 9 26] [:r 11 29] [:r 14 nil] [:r 14 nil] [:w 9 27] [:w 9 28] [:w 11 30]]
2023-04-30 16:55:41,955{GMT}	INFO	[jepsen worker 18] jepsen.util: 18	:invoke	:txn	[[:w 14 1] [:w 14 2] [:r 14 nil] [:r 11 nil] [:r 14 nil] [:w 11 31] [:r 14 nil]]
2023-04-30 16:55:41,962{GMT}	INFO	[jepsen worker 18] jepsen.arangodb.tests.rw-register: committed transaction 1171
2023-04-30 16:55:41,962{GMT}	INFO	[jepsen worker 18] jepsen.util: 18	:ok	:txn	[[:w 14 1] [:w 14 2] [:r 14 2] [:r 11 30] [:r 14 2] [:w 11 31] [:r 14 2]]
2023-04-30 16:55:41,966{GMT}	INFO	[jepsen worker 19] jepsen.util: 19	:invoke	:txn	[[:w 14 3] [:w 14 4]]
2023-04-30 16:55:41,968{GMT}	INFO	[jepsen worker 19] jepsen.arangodb.tests.rw-register: committed transaction 1179
2023-04-30 16:55:41,968{GMT}	INFO	[jepsen worker 19] jepsen.util: 19	:ok	:txn	[[:w 14 3] [:w 14 4]]
2023-04-30 16:55:41,984{GMT}	INFO	[jepsen worker 0] jepsen.util: 0	:invoke	:txn	[[:r 11 nil] [:r 11 nil] [:w 14 5] [:w 14 6] [:w 14 7] [:r 11 nil] [:w 9 29]]
2023-04-30 16:55:41,990{GMT}	INFO	[jepsen worker 0] jepsen.arangodb.tests.rw-register: committed transaction 1182
2023-04-30 16:55:41,990{GMT}	INFO	[jepsen worker 0] jepsen.util: 0	:ok	:txn	[[:r 11 31] [:r 11 31] [:w 14 5] [:w 14 6] [:w 14 7] [:r 11 31] [:w 9 29]]
2023-04-30 16:55:42,159{GMT}	INFO	[jepsen worker 0] jepsen.util: 0	:invoke	:txn	[[:w 14 8] [:r 9 nil] [:r 9 nil] [:w 14 9] [:r 14 nil] [:r 11 nil]]
2023-04-30 16:55:42,164{GMT}	INFO	[jepsen worker 0] jepsen.arangodb.tests.rw-register: committed transaction 1190
2023-04-30 16:55:42,164{GMT}	INFO	[jepsen worker 0] jepsen.util: 0	:ok	:txn	[[:w 14 8] [:r 9 29] [:r 9 29] [:w 14 9] [:r 14 9] [:r 11 31]]
2023-04-30 16:55:42,330{GMT}	INFO	[jepsen worker 1] jepsen.util: 1	:invoke	:txn	[[:r 11 nil] [:r 14 nil]]
2023-04-30 16:55:42,333{GMT}	INFO	[jepsen worker 1] jepsen.arangodb.tests.rw-register: committed transaction 1197
2023-04-30 16:55:42,333{GMT}	INFO	[jepsen worker 1] jepsen.util: 1	:ok	:txn	[[:r 11 31] [:r 14 9]]
2023-04-30 16:55:42,525{GMT}	INFO	[jepsen worker 2] jepsen.util: 2	:invoke	:txn	[[:w 14 10] [:r 14 nil] [:r 14 nil] [:r 14 nil] [:r 9 nil] [:r 14 nil] [:r 11 nil] [:r 11 nil]]
2023-04-30 16:55:42,532{GMT}	INFO	[jepsen worker 2] jepsen.arangodb.tests.rw-register: committed transaction 1200
2023-04-30 16:55:42,532{GMT}	INFO	[jepsen worker 2] jepsen.util: 2	:ok	:txn	[[:w 14 10] [:r 14 10] [:r 14 10] [:r 14 10] [:r 9 29] [:r 14 10] [:r 11 31] [:r 11 31]]
2023-04-30 16:55:42,684{GMT}	INFO	[jepsen worker 3] jepsen.util: 3	:invoke	:txn	[[:w 14 11] [:r 9 nil] [:r 14 nil]]
2023-04-30 16:55:42,688{GMT}	INFO	[jepsen worker 3] jepsen.arangodb.tests.rw-register: committed transaction 1209
2023-04-30 16:55:42,688{GMT}	INFO	[jepsen worker 3] jepsen.util: 3	:ok	:txn	[[:w 14 11] [:r 9 29] [:r 14 11]]
2023-04-30 16:55:42,772{GMT}	INFO	[jepsen worker 4] jepsen.util: 4	:invoke	:txn	[[:w 14 12] [:w 14 13] [:w 14 14] [:w 14 15] [:r 14 nil] [:w 14 16] [:r 14 nil]]
2023-04-30 16:55:42,780{GMT}	INFO	[jepsen worker 4] jepsen.arangodb.tests.rw-register: committed transaction 1213
2023-04-30 16:55:42,780{GMT}	INFO	[jepsen worker 4] jepsen.util: 4	:ok	:txn	[[:w 14 12] [:w 14 13] [:w 14 14] [:w 14 15] [:r 14 15] [:w 14 16] [:r 14 16]]
2023-04-30 16:55:42,792{GMT}	INFO	[jepsen worker 5] jepsen.util: 5	:invoke	:txn	[[:w 14 17] [:w 14 18] [:r 14 nil] [:r 14 nil]]
2023-04-30 16:55:42,796{GMT}	INFO	[jepsen worker 5] jepsen.arangodb.tests.rw-register: committed transaction 1221
2023-04-30 16:55:42,796{GMT}	INFO	[jepsen worker 5] jepsen.util: 5	:ok	:txn	[[:w 14 17] [:w 14 18] [:r 14 18] [:r 14 18]]
2023-04-30 16:55:42,804{GMT}	INFO	[jepsen worker 6] jepsen.util: 6	:invoke	:txn	[[:r 11 nil] [:r 9 nil] [:r 14 nil] [:r 14 nil] [:w 14 19] [:w 14 20] [:w 14 21] [:w 11 32]]
2023-04-30 16:55:42,811{GMT}	INFO	[jepsen worker 6] jepsen.arangodb.tests.rw-register: committed transaction 1226
2023-04-30 16:55:42,811{GMT}	INFO	[jepsen worker 6] jepsen.util: 6	:ok	:txn	[[:r 11 31] [:r 9 29] [:r 14 18] [:r 14 18] [:w 14 19] [:w 14 20] [:w 14 21] [:w 11 32]]
2023-04-30 16:55:42,841{GMT}	INFO	[jepsen worker 7] jepsen.util: 7	:invoke	:txn	[[:r 14 nil] [:r 15 nil] [:r 15 nil]]
2023-04-30 16:55:42,844{GMT}	INFO	[jepsen worker 7] jepsen.arangodb.tests.rw-register: committed transaction 1235
2023-04-30 16:55:42,844{GMT}	INFO	[jepsen worker 7] jepsen.util: 7	:ok	:txn	[[:r 14 21] [:r 15 nil] [:r 15 nil]]
2023-04-30 16:55:42,942{GMT}	INFO	[jepsen worker 8] jepsen.util: 8	:invoke	:txn	[[:r 14 nil] [:r 14 nil] [:w 15 1] [:w 9 30] [:w 15 2] [:w 14 22] [:w 14 23]]
2023-04-30 16:55:42,948{GMT}	INFO	[jepsen worker 8] jepsen.arangodb.tests.rw-register: committed transaction 1239
2023-04-30 16:55:42,948{GMT}	INFO	[jepsen worker 8] jepsen.util: 8	:ok	:txn	[[:r 14 21] [:r 14 21] [:w 15 1] [:w 9 30] [:w 15 2] [:w 14 22] [:w 14 23]]
2023-04-30 16:55:43,074{GMT}	INFO	[jepsen worker 9] jepsen.util: 9	:invoke	:txn	[[:r 9 nil] [:r 14 nil] [:r 14 nil] [:r 14 nil] [:r 14 nil] [:w 9 31] [:w 14 24]]
2023-04-30 16:55:43,079{GMT}	INFO	[jepsen worker 9] jepsen.arangodb.tests.rw-register: committed transaction 1247
2023-04-30 16:55:43,079{GMT}	INFO	[jepsen worker 9] jepsen.util: 9	:ok	:txn	[[:r 9 30] [:r 14 23] [:r 14 23] [:r 14 23] [:r 14 23] [:w 9 31] [:w 14 24]]
2023-04-30 16:55:43,204{GMT}	INFO	[jepsen worker 10] jepsen.util: 10	:invoke	:txn	[[:r 14 nil] [:r 14 nil] [:w 14 25] [:w 9 32] [:w 14 26] [:r 14 nil] [:r 15 nil]]
2023-04-30 16:55:43,210{GMT}	INFO	[jepsen worker 10] jepsen.arangodb.tests.rw-register: committed transaction 1255
2023-04-30 16:55:43,210{GMT}	INFO	[jepsen worker 10] jepsen.util: 10	:ok	:txn	[[:r 14 24] [:r 14 24] [:w 14 25] [:w 9 32] [:w 14 26] [:r 14 26] [:r 15 2]]
2023-04-30 16:55:43,287{GMT}	INFO	[jepsen worker 11] jepsen.util: 11	:invoke	:txn	[[:w 14 27] [:w 14 28] [:w 14 29] [:r 14 nil]]
2023-04-30 16:55:43,292{GMT}	INFO	[jepsen worker 11] jepsen.arangodb.tests.rw-register: committed transaction 1263
2023-04-30 16:55:43,292{GMT}	INFO	[jepsen worker 11] jepsen.util: 11	:ok	:txn	[[:w 14 27] [:w 14 28] [:w 14 29] [:r 14 29]]
2023-04-30 16:55:43,402{GMT}	INFO	[jepsen worker 12] jepsen.util: 12	:invoke	:txn	[[:r 14 nil] [:r 15 nil] [:r 14 nil]]
2023-04-30 16:55:43,405{GMT}	INFO	[jepsen worker 12] jepsen.arangodb.tests.rw-register: committed transaction 1268
2023-04-30 16:55:43,405{GMT}	INFO	[jepsen worker 12] jepsen.util: 12	:ok	:txn	[[:r 14 29] [:r 15 2] [:r 14 29]]
2023-04-30 16:55:43,584{GMT}	INFO	[jepsen worker 13] jepsen.util: 13	:invoke	:txn	[[:w 14 30] [:w 14 31] [:r 14 nil]]
2023-04-30 16:55:43,587{GMT}	INFO	[jepsen worker 13] jepsen.arangodb.tests.rw-register: committed transaction 1272
2023-04-30 16:55:43,587{GMT}	INFO	[jepsen worker 13] jepsen.util: 13	:ok	:txn	[[:w 14 30] [:w 14 31] [:r 14 31]]
2023-04-30 16:55:43,628{GMT}	INFO	[jepsen worker 14] jepsen.util: 14	:invoke	:txn	[[:r 16 nil] [:r 15 nil] [:r 15 nil] [:r 16 nil] [:r 14 nil] [:w 15 3] [:r 16 nil] [:r 14 nil]]
2023-04-30 16:55:43,636{GMT}	INFO	[jepsen worker 14] jepsen.arangodb.tests.rw-register: committed transaction 1276
2023-04-30 16:55:43,636{GMT}	INFO	[jepsen worker 14] jepsen.util: 14	:ok	:txn	[[:r 16 nil] [:r 15 2] [:r 15 2] [:r 16 nil] [:r 14 31] [:w 15 3] [:r 16 nil] [:r 14 31]]
2023-04-30 16:55:43,774{GMT}	INFO	[jepsen worker 15] jepsen.util: 15	:invoke	:txn	[[:r 14 nil] [:r 14 nil] [:r 14 nil] [:w 16 1]]
2023-04-30 16:55:43,778{GMT}	INFO	[jepsen worker 15] jepsen.arangodb.tests.rw-register: committed transaction 1285
2023-04-30 16:55:43,778{GMT}	INFO	[jepsen worker 15] jepsen.util: 15	:ok	:txn	[[:r 14 31] [:r 14 31] [:r 14 31] [:w 16 1]]
2023-04-30 16:55:43,944{GMT}	INFO	[jepsen worker 16] jepsen.util: 16	:invoke	:txn	[[:r 14 nil] [:w 14 32] [:r 14 nil] [:r 14 nil] [:r 17 nil] [:r 17 nil]]
2023-04-30 16:55:43,949{GMT}	INFO	[jepsen worker 16] jepsen.arangodb.tests.rw-register: committed transaction 1290
2023-04-30 16:55:43,949{GMT}	INFO	[jepsen worker 16] jepsen.util: 16	:ok	:txn	[[:r 14 31] [:w 14 32] [:r 14 32] [:r 14 32] [:r 17 nil] [:r 17 nil]]
2023-04-30 16:55:43,979{GMT}	INFO	[jepsen worker 17] jepsen.util: 17	:invoke	:txn	[[:w 17 1] [:r 17 nil] [:w 17 2] [:r 16 nil] [:r 17 nil]]
2023-04-30 16:55:43,983{GMT}	INFO	[jepsen worker 17] jepsen.arangodb.tests.rw-register: committed transaction 1297
2023-04-30 16:55:43,983{GMT}	INFO	[jepsen worker 17] jepsen.util: 17	:ok	:txn	[[:w 17 1] [:r 17 1] [:w 17 2] [:r 16 1] [:r 17 2]]
2023-04-30 16:55:44,111{GMT}	INFO	[jepsen worker 18] jepsen.util: 18	:invoke	:txn	[[:w 17 3] [:w 16 2] [:r 15 nil]]
2023-04-30 16:55:44,114{GMT}	INFO	[jepsen worker 18] jepsen.arangodb.tests.rw-register: committed transaction 1303
2023-04-30 16:55:44,115{GMT}	INFO	[jepsen worker 18] jepsen.util: 18	:ok	:txn	[[:w 17 3] [:w 16 2] [:r 15 3]]
2023-04-30 16:55:44,149{GMT}	INFO	[jepsen worker 19] jepsen.util: 19	:invoke	:txn	[[:r 17 nil] [:r 16 nil] [:r 16 nil] [:w 17 4]]
2023-04-30 16:55:44,153{GMT}	INFO	[jepsen worker 19] jepsen.arangodb.tests.rw-register: committed transaction 1307
2023-04-30 16:55:44,153{GMT}	INFO	[jepsen worker 19] jepsen.util: 19	:ok	:txn	[[:r 17 3] [:r 16 2] [:r 16 2] [:w 17 4]]
2023-04-30 16:55:44,190{GMT}	INFO	[jepsen worker 0] jepsen.util: 0	:invoke	:txn	[[:r 17 nil] [:r 15 nil] [:w 15 4] [:r 15 nil] [:w 17 5] [:w 17 6]]
2023-04-30 16:55:44,196{GMT}	INFO	[jepsen worker 0] jepsen.arangodb.tests.rw-register: committed transaction 1312
2023-04-30 16:55:44,196{GMT}	INFO	[jepsen worker 0] jepsen.util: 0	:ok	:txn	[[:r 17 4] [:r 15 3] [:w 15 4] [:r 15 4] [:w 17 5] [:w 17 6]]
2023-04-30 16:55:44,313{GMT}	INFO	[jepsen worker 0] jepsen.util: 0	:invoke	:txn	[[:r 16 nil] [:r 16 nil] [:r 16 nil] [:w 17 7]]
2023-04-30 16:55:44,320{GMT}	INFO	[jepsen worker 0] jepsen.arangodb.tests.rw-register: committed transaction 1319
2023-04-30 16:55:44,320{GMT}	INFO	[jepsen worker 0] jepsen.util: 0	:ok	:txn	[[:r 16 2] [:r 16 2] [:r 16 2] [:w 17 7]]
2023-04-30 16:55:44,492{GMT}	INFO	[jepsen worker 1] jepsen.util: 1	:invoke	:txn	[[:r 16 nil] [:r 17 nil] [:w 16 3] [:w 17 8] [:w 17 9] [:w 17 10] [:r 17 nil] [:r 17 nil]]
2023-04-30 16:55:44,501{GMT}	INFO	[jepsen worker 1] jepsen.arangodb.tests.rw-register: committed transaction 1324
2023-04-30 16:55:44,501{GMT}	INFO	[jepsen worker 1] jepsen.util: 1	:ok	:txn	[[:r 16 2] [:r 17 7] [:w 16 3] [:w 17 8] [:w 17 9] [:w 17 10] [:r 17 10] [:r 17 10]]
2023-04-30 16:55:44,508{GMT}	INFO	[jepsen worker 2] jepsen.util: 2	:invoke	:txn	[[:w 17 11] [:r 17 nil] [:r 17 nil]]
2023-04-30 16:55:44,512{GMT}	INFO	[jepsen worker 2] jepsen.arangodb.tests.rw-register: committed transaction 1333
2023-04-30 16:55:44,512{GMT}	INFO	[jepsen worker 2] jepsen.util: 2	:ok	:txn	[[:w 17 11] [:r 17 11] [:r 17 11]]
2023-04-30 16:55:44,576{GMT}	INFO	[jepsen worker 3] jepsen.util: 3	:invoke	:txn	[[:w 17 12] [:w 15 5] [:r 17 nil] [:w 16 4] [:w 17 13] [:w 17 14] [:w 17 15] [:r 17 nil]]
2023-04-30 16:55:44,583{GMT}	INFO	[jepsen worker 4] jepsen.util: 4	:invoke	:txn	[[:r 17 nil] [:w 15 6] [:w 17 16] [:w 17 17] [:r 17 nil]]
2023-04-30 16:55:44,586{GMT}	INFO	[jepsen worker 3] jepsen.arangodb.tests.rw-register: committed transaction 1337
2023-04-30 16:55:44,586{GMT}	INFO	[jepsen worker 3] jepsen.util: 3	:ok	:txn	[[:w 17 12] [:w 15 5] [:r 17 12] [:w 16 4] [:w 17 13] [:w 17 14] [:w 17 15] [:r 17 15]]
2023-04-30 16:55:44,587{GMT}	INFO	[jepsen worker 4] jepsen.arangodb.tests.rw-register: aborted transaction 1343
2023-04-30 16:55:44,587{GMT}	WARN	[jepsen worker 4] jepsen.arangodb.tests.rw-register: AQL: write-write conflict; key: 15 (while executing)
2023-04-30 16:55:44,587{GMT}	INFO	[jepsen worker 4] jepsen.util: 4	:fail	:txn	[[:r 17 nil] [:w 15 6] [:w 17 16] [:w 17 17] [:r 17 nil]]	:ww-conflict
2023-04-30 16:55:44,760{GMT}	INFO	[jepsen worker 5] jepsen.util: 5	:invoke	:txn	[[:r 17 nil] [:w 17 18] [:w 16 5] [:r 15 nil] [:r 17 nil]]
2023-04-30 16:55:44,766{GMT}	INFO	[jepsen worker 5] jepsen.arangodb.tests.rw-register: committed transaction 1349
2023-04-30 16:55:44,767{GMT}	INFO	[jepsen worker 5] jepsen.util: 5	:ok	:txn	[[:r 17 15] [:w 17 18] [:w 16 5] [:r 15 5] [:r 17 18]]
2023-04-30 16:55:44,922{GMT}	INFO	[jepsen worker 6] jepsen.util: 6	:invoke	:txn	[[:w 17 19] [:w 17 20]]
2023-04-30 16:55:44,926{GMT}	INFO	[jepsen worker 6] jepsen.arangodb.tests.rw-register: committed transaction 1355
2023-04-30 16:55:44,926{GMT}	INFO	[jepsen worker 6] jepsen.util: 6	:ok	:txn	[[:w 17 19] [:w 17 20]]
2023-04-30 16:55:44,942{GMT}	INFO	[real-pmap 0] jepsen.arangodb.tests.rw-register: Downloading WAL entries to  store/current/wal.log ...
2023-04-30 16:55:45,051{GMT}	INFO	[real-pmap 0] jepsen.arangodb.tests.rw-register: WAL entries downloaded
2023-04-30 16:55:45,052{GMT}	INFO	[real-pmap 0] jepsen.arangodb.tests.rw-register: Connection closed
2023-04-30 16:55:45,052{GMT}	INFO	[jepsen test runner] jepsen.core: Run complete, writing
2023-04-30 16:55:45,107{GMT}	INFO	[jepsen test runner] jepsen.core: Snarfing log files
2023-04-30 16:55:45,115{GMT}	INFO	[jepsen node 192.168.56.101] jepsen.core: downloading /home/vagrant/arangodb.log to arangodb.log
2023-04-30 16:55:45,280{GMT}	INFO	[jepsen test runner] jepsen.core: Snarfing log files
2023-04-30 16:55:45,284{GMT}	INFO	[jepsen node 192.168.56.101] jepsen.core: downloading /home/vagrant/arangodb.log to arangodb.log
2023-04-30 16:55:45,446{GMT}	INFO	[jepsen node 192.168.56.101] jepsen.arangodb.utils.support: 192.168.56.101 tearing down arangodb
2023-04-30 16:55:45,447{GMT}	INFO	[jepsen node 192.168.56.101] jepsen.control.util: Stopping arangodb
2023-04-30 16:55:45,601{GMT}	INFO	[jepsen node 192.168.56.101] jepsen.arangodb.utils.support: processes [2712 2725] killed
2023-04-30 16:55:45,721{GMT}	INFO	[jepsen test runner] jepsen.core: Analyzing...
2023-04-30 16:55:45,835{GMT}	INFO	[jepsen test runner] jepsen.core: Analysis complete
2023-04-30 16:55:45,837{GMT}	INFO	[jepsen results] jepsen.store: Wrote /home/jasonqiu98/thesis-workspace-new/jepsen.arangodb.single/store/arangodb-rw-register-test/20230430T165502.151+0200/results.edn
2023-04-30 16:55:45,849{GMT}	INFO	[jepsen test runner] jepsen.core: {:rw {:valid? true},
 :perf {:latency-graph {:valid? true},
        :rate-graph {:valid? true},
        :valid? true},
 :timeline {:valid? true},
 :valid? true}


Everything looks good! (`)
