{"tick":"85","type":1100,"db":"rwRegister","data":{"id":"98","name":"rwRegister","isSystem":false}}
{"tick":"100","db":"rwRegister","cuid":"h8A9BB909F7E1/137","type":2000,"data":{"allowUserKeys":true,"cacheEnabled":false,"cid":"137","deleted":false,"globallyUniqueId":"h8A9BB909F7E1/137","id":"137","indexes":[{"fields":["_key"],"id":"0","name":"primary","sparse":false,"type":"primary","unique":true}],"internalValidatorType":0,"isDisjoint":false,"isSmart":false,"isSmartChild":false,"isSystem":false,"keyOptions":{"allowUserKeys":true,"lastValue":0,"type":"traditional"},"minReplicationFactor":1,"name":"rwCol","numberOfShards":1,"planId":"137","replicationFactor":1,"schema":null,"shardKeys":["_key"],"shards":{},"status":3,"syncByRevision":true,"type":2,"usesRevisionsAsDocumentIds":true,"version":9,"waitForSync":false,"writeConcern":1}}
{"tick":"105","type":2200,"tid":"141","db":"rwRegister"}
{"tick":"105","type":2300,"db":"rwRegister","cuid":"h8A9BB909F7E1/137","tid":"141","data":{"_key":"2","_id":"rwCol/2","_rev":"_f7InSuu---","rwAttr":1}}
{"tick":"107","type":2300,"db":"rwRegister","cuid":"h8A9BB909F7E1/137","tid":"141","data":{"_key":"1","_id":"rwCol/1","_rev":"_f7InSuy---","rwAttr":1}}
{"tick":"110","type":2300,"db":"rwRegister","cuid":"h8A9BB909F7E1/137","tid":"141","data":{"_key":"2","_id":"rwCol/2","_rev":"_f7InSu6---","rwAttr":2}}
{"tick":"113","type":2300,"db":"rwRegister","cuid":"h8A9BB909F7E1/137","tid":"141","data":{"_key":"2","_id":"rwCol/2","_rev":"_f7InSv----","rwAttr":3}}
{"tick":"116","type":2300,"db":"rwRegister","cuid":"h8A9BB909F7E1/137","tid":"141","data":{"_key":"2","_id":"rwCol/2","_rev":"_f7InSvC---","rwAttr":4}}
{"tick":"117","type":2201,"tid":"141","db":"rwRegister"}
{"tick":"118","type":2200,"tid":"149","db":"rwRegister"}
{"tick":"118","type":2300,"db":"rwRegister","cuid":"h8A9BB909F7E1/137","tid":"149","data":{"_key":"0","_id":"rwCol/0","_rev":"_f7InS1e---","rwAttr":1}}
{"tick":"121","type":2300,"db":"rwRegister","cuid":"h8A9BB909F7E1/137","tid":"149","data":{"_key":"2","_id":"rwCol/2","_rev":"_f7InS1i---","rwAttr":5}}
{"tick":"122","type":2201,"tid":"149","db":"rwRegister"}
{"tick":"123","type":2200,"tid":"153","db":"rwRegister"}
{"tick":"124","type":2300,"db":"rwRegister","cuid":"h8A9BB909F7E1/137","tid":"153","data":{"_key":"2","_id":"rwCol/2","_rev":"_f7InS7C---","rwAttr":6}}
{"tick":"127","type":2300,"db":"rwRegister","cuid":"h8A9BB909F7E1/137","tid":"153","data":{"_key":"2","_id":"rwCol/2","_rev":"_f7InS7G---","rwAttr":7}}
{"tick":"130","type":2300,"db":"rwRegister","cuid":"h8A9BB909F7E1/137","tid":"153","data":{"_key":"2","_id":"rwCol/2","_rev":"_f7InS7K---","rwAttr":8}}
{"tick":"133","type":2300,"db":"rwRegister","cuid":"h8A9BB909F7E1/137","tid":"153","data":{"_key":"2","_id":"rwCol/2","_rev":"_f7InS7S---","rwAttr":9}}
{"tick":"136","type":2300,"db":"rwRegister","cuid":"h8A9BB909F7E1/137","tid":"153","data":{"_key":"1","_id":"rwCol/1","_rev":"_f7InS7a---","rwAttr":2}}
{"tick":"137","type":2201,"tid":"153","db":"rwRegister"}
{"tick":"138","type":2200,"tid":"161","db":"rwRegister"}
{"tick":"139","type":2300,"db":"rwRegister","cuid":"h8A9BB909F7E1/137","tid":"161","data":{"_key":"2","_id":"rwCol/2","_rev":"_f7InTEq---","rwAttr":10}}
{"tick":"142","type":2300,"db":"rwRegister","cuid":"h8A9BB909F7E1/137","tid":"161","data":{"_key":"2","_id":"rwCol/2","_rev":"_f7InTEu---","rwAttr":11}}
{"tick":"143","type":2201,"tid":"161","db":"rwRegister"}
{"tick":"144","type":2200,"tid":"164","db":"rwRegister"}
{"tick":"145","type":2300,"db":"rwRegister","cuid":"h8A9BB909F7E1/137","tid":"164","data":{"_key":"1","_id":"rwCol/1","_rev":"_f7InTHe---","rwAttr":3}}
{"tick":"148","type":2300,"db":"rwRegister","cuid":"h8A9BB909F7E1/137","tid":"164","data":{"_key":"2","_id":"rwCol/2","_rev":"_f7InTHm---","rwAttr":12}}
{"tick":"151","type":2300,"db":"rwRegister","cuid":"h8A9BB909F7E1/137","tid":"164","data":{"_key":"1","_id":"rwCol/1","_rev":"_f7InTHq---","rwAttr":4}}
{"tick":"154","type":2300,"db":"rwRegister","cuid":"h8A9BB909F7E1/137","tid":"164","data":{"_key":"2","_id":"rwCol/2","_rev":"_f7InTHu---","rwAttr":13}}
{"tick":"155","type":2201,"tid":"164","db":"rwRegister"}
{"tick":"156","type":2200,"tid":"170","db":"rwRegister"}
{"tick":"157","type":2300,"db":"rwRegister","cuid":"h8A9BB909F7E1/137","tid":"170","data":{"_key":"2","_id":"rwCol/2","_rev":"_f7InTSa---","rwAttr":14}}
{"tick":"160","type":2300,"db":"rwRegister","cuid":"h8A9BB909F7E1/137","tid":"170","data":{"_key":"1","_id":"rwCol/1","_rev":"_f7InTSe---","rwAttr":5}}
{"tick":"161","type":2201,"tid":"170","db":"rwRegister"}
{"tick":"162","type":2200,"tid":"178","db":"rwRegister"}
{"tick":"163","type":2300,"db":"rwRegister","cuid":"h8A9BB909F7E1/137","tid":"178","data":{"_key":"2","_id":"rwCol/2","_rev":"_f7InTXa---","rwAttr":15}}
{"tick":"166","type":2300,"db":"rwRegister","cuid":"h8A9BB909F7E1/137","tid":"178","data":{"_key":"0","_id":"rwCol/0","_rev":"_f7InTXa--_","rwAttr":2}}
{"tick":"167","type":2201,"tid":"178","db":"rwRegister"}
{"tick":"168","type":2200,"tid":"183","db":"rwRegister"}
{"tick":"169","type":2300,"db":"rwRegister","cuid":"h8A9BB909F7E1/137","tid":"183","data":{"_key":"0","_id":"rwCol/0","_rev":"_f7InTgC---","rwAttr":3}}
{"tick":"172","type":2300,"db":"rwRegister","cuid":"h8A9BB909F7E1/137","tid":"183","data":{"_key":"1","_id":"rwCol/1","_rev":"_f7InTgW---","rwAttr":6}}
{"tick":"173","type":2201,"tid":"183","db":"rwRegister"}
{"tick":"174","type":2200,"tid":"190","db":"rwRegister"}
{"tick":"175","type":2300,"db":"rwRegister","cuid":"h8A9BB909F7E1/137","tid":"190","data":{"_key":"2","_id":"rwCol/2","_rev":"_f7InTpK---","rwAttr":16}}
{"tick":"178","type":2300,"db":"rwRegister","cuid":"h8A9BB909F7E1/137","tid":"190","data":{"_key":"2","_id":"rwCol/2","_rev":"_f7InTpW---","rwAttr":17}}
{"tick":"181","type":2300,"db":"rwRegister","cuid":"h8A9BB909F7E1/137","tid":"190","data":{"_key":"1","_id":"rwCol/1","_rev":"_f7InTpe---","rwAttr":7}}
{"tick":"184","type":2300,"db":"rwRegister","cuid":"h8A9BB909F7E1/137","tid":"190","data":{"_key":"1","_id":"rwCol/1","_rev":"_f7InTpi---","rwAttr":8}}
{"tick":"185","type":2201,"tid":"190","db":"rwRegister"}
{"tick":"186","type":2200,"tid":"197","db":"rwRegister"}
{"tick":"187","type":2300,"db":"rwRegister","cuid":"h8A9BB909F7E1/137","tid":"197","data":{"_key":"1","_id":"rwCol/1","_rev":"_f7InTr2---","rwAttr":9}}
{"tick":"188","type":2201,"tid":"197","db":"rwRegister"}
{"tick":"189","type":2200,"tid":"202","db":"rwRegister"}
{"tick":"190","type":2300,"db":"rwRegister","cuid":"h8A9BB909F7E1/137","tid":"202","data":{"_key":"2","_id":"rwCol/2","_rev":"_f7InT2e---","rwAttr":18}}
{"tick":"193","type":2300,"db":"rwRegister","cuid":"h8A9BB909F7E1/137","tid":"202","data":{"_key":"0","_id":"rwCol/0","_rev":"_f7InT2m---","rwAttr":5}}
{"tick":"196","type":2300,"db":"rwRegister","cuid":"h8A9BB909F7E1/137","tid":"202","data":{"_key":"2","_id":"rwCol/2","_rev":"_f7InT2u---","rwAttr":19}}
{"tick":"199","type":2300,"db":"rwRegister","cuid":"h8A9BB909F7E1/137","tid":"202","data":{"_key":"2","_id":"rwCol/2","_rev":"_f7InT22---","rwAttr":20}}
{"tick":"202","type":2300,"db":"rwRegister","cuid":"h8A9BB909F7E1/137","tid":"202","data":{"_key":"2","_id":"rwCol/2","_rev":"_f7InT26---","rwAttr":21}}
{"tick":"203","type":2201,"tid":"202","db":"rwRegister"}
{"tick":"204","type":2200,"tid":"215","db":"rwRegister"}
{"tick":"205","type":2300,"db":"rwRegister","cuid":"h8A9BB909F7E1/137","tid":"215","data":{"_key":"2","_id":"rwCol/2","_rev":"_f7InUAa---","rwAttr":22}}
{"tick":"208","type":2300,"db":"rwRegister","cuid":"h8A9BB909F7E1/137","tid":"215","data":{"_key":"2","_id":"rwCol/2","_rev":"_f7InUAi---","rwAttr":23}}
{"tick":"209","type":2201,"tid":"215","db":"rwRegister"}
{"tick":"210","type":2200,"tid":"224","db":"rwRegister"}
{"tick":"211","type":2300,"db":"rwRegister","cuid":"h8A9BB909F7E1/137","tid":"224","data":{"_key":"1","_id":"rwCol/1","_rev":"_f7InUIe---","rwAttr":11}}
{"tick":"214","type":2300,"db":"rwRegister","cuid":"h8A9BB909F7E1/137","tid":"224","data":{"_key":"2","_id":"rwCol/2","_rev":"_f7InUIi---","rwAttr":24}}
{"tick":"217","type":2300,"db":"rwRegister","cuid":"h8A9BB909F7E1/137","tid":"224","data":{"_key":"2","_id":"rwCol/2","_rev":"_f7InUIm---","rwAttr":25}}
{"tick":"220","type":2300,"db":"rwRegister","cuid":"h8A9BB909F7E1/137","tid":"224","data":{"_key":"1","_id":"rwCol/1","_rev":"_f7InUIq---","rwAttr":12}}
{"tick":"223","type":2300,"db":"rwRegister","cuid":"h8A9BB909F7E1/137","tid":"224","data":{"_key":"2","_id":"rwCol/2","_rev":"_f7InUIu---","rwAttr":26}}
{"tick":"224","type":2201,"tid":"224","db":"rwRegister"}
{"tick":"225","type":2200,"tid":"233","db":"rwRegister"}
{"tick":"226","type":2300,"db":"rwRegister","cuid":"h8A9BB909F7E1/137","tid":"233","data":{"_key":"1","_id":"rwCol/1","_rev":"_f7InUPS---","rwAttr":13}}
{"tick":"229","type":2300,"db":"rwRegister","cuid":"h8A9BB909F7E1/137","tid":"233","data":{"_key":"2","_id":"rwCol/2","_rev":"_f7InUPi---","rwAttr":27}}
{"tick":"232","type":2300,"db":"rwRegister","cuid":"h8A9BB909F7E1/137","tid":"233","data":{"_key":"1","_id":"rwCol/1","_rev":"_f7InUPm---","rwAttr":14}}
{"tick":"233","type":2201,"tid":"233","db":"rwRegister"}
{"tick":"234","type":2200,"tid":"241","db":"rwRegister"}
{"tick":"235","type":2300,"db":"rwRegister","cuid":"h8A9BB909F7E1/137","tid":"241","data":{"_key":"0","_id":"rwCol/0","_rev":"_f7InUTq---","rwAttr":6}}
{"tick":"238","type":2300,"db":"rwRegister","cuid":"h8A9BB909F7E1/137","tid":"241","data":{"_key":"2","_id":"rwCol/2","_rev":"_f7InUTy---","rwAttr":28}}
{"tick":"241","type":2300,"db":"rwRegister","cuid":"h8A9BB909F7E1/137","tid":"241","data":{"_key":"2","_id":"rwCol/2","_rev":"_f7InUT2---","rwAttr":29}}
{"tick":"244","type":2300,"db":"rwRegister","cuid":"h8A9BB909F7E1/137","tid":"241","data":{"_key":"2","_id":"rwCol/2","_rev":"_f7InUT6---","rwAttr":30}}
{"tick":"245","type":2201,"tid":"241","db":"rwRegister"}
{"tick":"253","type":2200,"tid":"250","db":"rwRegister"}
{"tick":"254","type":2300,"db":"rwRegister","cuid":"h8A9BB909F7E1/137","tid":"250","data":{"_key":"2","_id":"rwCol/2","_rev":"_f7InUeK---","rwAttr":31}}
{"tick":"257","type":2300,"db":"rwRegister","cuid":"h8A9BB909F7E1/137","tid":"250","data":{"_key":"1","_id":"rwCol/1","_rev":"_f7InUeO---","rwAttr":15}}
{"tick":"258","type":2201,"tid":"250","db":"rwRegister"}
{"tick":"259","type":2200,"tid":"260","db":"rwRegister"}
{"tick":"260","type":2300,"db":"rwRegister","cuid":"h8A9BB909F7E1/137","tid":"260","data":{"_key":"1","_id":"rwCol/1","_rev":"_f7InUoi---","rwAttr":16}}
{"tick":"263","type":2300,"db":"rwRegister","cuid":"h8A9BB909F7E1/137","tid":"260","data":{"_key":"2","_id":"rwCol/2","_rev":"_f7InUom---","rwAttr":32}}
{"tick":"264","type":2201,"tid":"260","db":"rwRegister"}
{"tick":"265","type":2200,"tid":"265","db":"rwRegister"}
{"tick":"265","type":2300,"db":"rwRegister","cuid":"h8A9BB909F7E1/137","tid":"265","data":{"_key":"3","_id":"rwCol/3","_rev":"_f7InUvK---","rwAttr":1}}
{"tick":"266","type":2201,"tid":"265","db":"rwRegister"}
{"tick":"267","type":2200,"tid":"272","db":"rwRegister"}
{"tick":"268","type":2300,"db":"rwRegister","cuid":"h8A9BB909F7E1/137","tid":"272","data":{"_key":"3","_id":"rwCol/3","_rev":"_f7InU6G---","rwAttr":2}}
{"tick":"271","type":2300,"db":"rwRegister","cuid":"h8A9BB909F7E1/137","tid":"272","data":{"_key":"0","_id":"rwCol/0","_rev":"_f7InU6S---","rwAttr":7}}
{"tick":"274","type":2300,"db":"rwRegister","cuid":"h8A9BB909F7E1/137","tid":"272","data":{"_key":"3","_id":"rwCol/3","_rev":"_f7InU6W---","rwAttr":3}}
{"tick":"275","type":2201,"tid":"272","db":"rwRegister"}
{"tick":"276","type":2200,"tid":"279","db":"rwRegister"}
{"tick":"277","type":2300,"db":"rwRegister","cuid":"h8A9BB909F7E1/137","tid":"279","data":{"_key":"3","_id":"rwCol/3","_rev":"_f7InVCO---","rwAttr":4}}
{"tick":"278","type":2201,"tid":"279","db":"rwRegister"}
{"tick":"279","type":2200,"tid":"282","db":"rwRegister"}
{"tick":"280","type":2300,"db":"rwRegister","cuid":"h8A9BB909F7E1/137","tid":"282","data":{"_key":"1","_id":"rwCol/1","_rev":"_f7InVKa---","rwAttr":17}}
{"tick":"281","type":2201,"tid":"282","db":"rwRegister"}
{"tick":"282","type":2200,"tid":"287","db":"rwRegister"}
{"tick":"283","type":2300,"db":"rwRegister","cuid":"h8A9BB909F7E1/137","tid":"287","data":{"_key":"3","_id":"rwCol/3","_rev":"_f7InVTW---","rwAttr":5}}
{"tick":"286","type":2300,"db":"rwRegister","cuid":"h8A9BB909F7E1/137","tid":"287","data":{"_key":"3","_id":"rwCol/3","_rev":"_f7InVTi---","rwAttr":6}}
{"tick":"289","type":2300,"db":"rwRegister","cuid":"h8A9BB909F7E1/137","tid":"287","data":{"_key":"3","_id":"rwCol/3","_rev":"_f7InVTm---","rwAttr":7}}
{"tick":"290","type":2201,"tid":"287","db":"rwRegister"}
{"tick":"291","type":2200,"tid":"294","db":"rwRegister"}
{"tick":"292","type":2300,"db":"rwRegister","cuid":"h8A9BB909F7E1/137","tid":"294","data":{"_key":"3","_id":"rwCol/3","_rev":"_f7InVeq---","rwAttr":8}}
{"tick":"295","type":2300,"db":"rwRegister","cuid":"h8A9BB909F7E1/137","tid":"294","data":{"_key":"3","_id":"rwCol/3","_rev":"_f7InVeu---","rwAttr":9}}
{"tick":"296","type":2201,"tid":"294","db":"rwRegister"}
{"tick":"297","type":2200,"tid":"298","db":"rwRegister"}
{"tick":"298","type":2300,"db":"rwRegister","cuid":"h8A9BB909F7E1/137","tid":"298","data":{"_key":"1","_id":"rwCol/1","_rev":"_f7InVlK---","rwAttr":18}}
{"tick":"301","type":2300,"db":"rwRegister","cuid":"h8A9BB909F7E1/137","tid":"298","data":{"_key":"1","_id":"rwCol/1","_rev":"_f7InVlS---","rwAttr":19}}
{"tick":"302","type":2201,"tid":"298","db":"rwRegister"}
{"tick":"303","type":2200,"tid":"302","db":"rwRegister"}
{"tick":"304","type":2300,"db":"rwRegister","cuid":"h8A9BB909F7E1/137","tid":"302","data":{"_key":"1","_id":"rwCol/1","_rev":"_f7InVtO---","rwAttr":20}}
{"tick":"307","type":2300,"db":"rwRegister","cuid":"h8A9BB909F7E1/137","tid":"302","data":{"_key":"3","_id":"rwCol/3","_rev":"_f7InVtO--_","rwAttr":10}}
{"tick":"310","type":2300,"db":"rwRegister","cuid":"h8A9BB909F7E1/137","tid":"302","data":{"_key":"3","_id":"rwCol/3","_rev":"_f7InVtW---","rwAttr":11}}
{"tick":"313","type":2300,"db":"rwRegister","cuid":"h8A9BB909F7E1/137","tid":"302","data":{"_key":"0","_id":"rwCol/0","_rev":"_f7InVta---","rwAttr":8}}
{"tick":"316","type":2300,"db":"rwRegister","cuid":"h8A9BB909F7E1/137","tid":"302","data":{"_key":"1","_id":"rwCol/1","_rev":"_f7InVte---","rwAttr":21}}
{"tick":"317","type":2201,"tid":"302","db":"rwRegister"}
{"tick":"318","type":2200,"tid":"310","db":"rwRegister"}
{"tick":"319","type":2300,"db":"rwRegister","cuid":"h8A9BB909F7E1/137","tid":"310","data":{"_key":"1","_id":"rwCol/1","_rev":"_f7InV1e---","rwAttr":22}}
{"tick":"322","type":2300,"db":"rwRegister","cuid":"h8A9BB909F7E1/137","tid":"310","data":{"_key":"1","_id":"rwCol/1","_rev":"_f7InV1i---","rwAttr":23}}
{"tick":"325","type":2300,"db":"rwRegister","cuid":"h8A9BB909F7E1/137","tid":"310","data":{"_key":"3","_id":"rwCol/3","_rev":"_f7InV1i--_","rwAttr":12}}
{"tick":"328","type":2300,"db":"rwRegister","cuid":"h8A9BB909F7E1/137","tid":"310","data":{"_key":"1","_id":"rwCol/1","_rev":"_f7InV1m---","rwAttr":24}}
{"tick":"331","type":2300,"db":"rwRegister","cuid":"h8A9BB909F7E1/137","tid":"310","data":{"_key":"0","_id":"rwCol/0","_rev":"_f7InV1q---","rwAttr":9}}
{"tick":"334","type":2300,"db":"rwRegister","cuid":"h8A9BB909F7E1/137","tid":"310","data":{"_key":"1","_id":"rwCol/1","_rev":"_f7InV1q--_","rwAttr":25}}
{"tick":"335","type":2201,"tid":"310","db":"rwRegister"}
{"tick":"336","type":2200,"tid":"317","db":"rwRegister"}
{"tick":"337","type":2300,"db":"rwRegister","cuid":"h8A9BB909F7E1/137","tid":"317","data":{"_key":"1","_id":"rwCol/1","_rev":"_f7InV7----","rwAttr":26}}
{"tick":"338","type":2201,"tid":"317","db":"rwRegister"}
{"tick":"339","type":2200,"tid":"327","db":"rwRegister"}
{"tick":"340","type":2300,"db":"rwRegister","cuid":"h8A9BB909F7E1/137","tid":"327","data":{"_key":"3","_id":"rwCol/3","_rev":"_f7InWA----","rwAttr":15}}
{"tick":"343","type":2300,"db":"rwRegister","cuid":"h8A9BB909F7E1/137","tid":"327","data":{"_key":"3","_id":"rwCol/3","_rev":"_f7InWAG---","rwAttr":16}}
{"tick":"344","type":2201,"tid":"327","db":"rwRegister"}
{"tick":"345","type":2200,"tid":"332","db":"rwRegister"}
{"tick":"346","type":2300,"db":"rwRegister","cuid":"h8A9BB909F7E1/137","tid":"332","data":{"_key":"3","_id":"rwCol/3","_rev":"_f7InWAe---","rwAttr":17}}
{"tick":"349","type":2300,"db":"rwRegister","cuid":"h8A9BB909F7E1/137","tid":"332","data":{"_key":"1","_id":"rwCol/1","_rev":"_f7InWAe--_","rwAttr":29}}
{"tick":"350","type":2201,"tid":"332","db":"rwRegister"}
{"tick":"351","type":2200,"tid":"336","db":"rwRegister"}
{"tick":"352","type":2300,"db":"rwRegister","cuid":"h8A9BB909F7E1/137","tid":"336","data":{"_key":"1","_id":"rwCol/1","_rev":"_f7InWDC---","rwAttr":30}}
{"tick":"355","type":2300,"db":"rwRegister","cuid":"h8A9BB909F7E1/137","tid":"336","data":{"_key":"1","_id":"rwCol/1","_rev":"_f7InWDG---","rwAttr":31}}
{"tick":"356","type":2201,"tid":"336","db":"rwRegister"}
{"tick":"357","type":2200,"tid":"339","db":"rwRegister"}
{"tick":"358","type":2300,"db":"rwRegister","cuid":"h8A9BB909F7E1/137","tid":"339","data":{"_key":"3","_id":"rwCol/3","_rev":"_f7InWMO---","rwAttr":18}}
{"tick":"361","type":2300,"db":"rwRegister","cuid":"h8A9BB909F7E1/137","tid":"339","data":{"_key":"0","_id":"rwCol/0","_rev":"_f7InWMa---","rwAttr":11}}
{"tick":"364","type":2300,"db":"rwRegister","cuid":"h8A9BB909F7E1/137","tid":"339","data":{"_key":"1","_id":"rwCol/1","_rev":"_f7InWMm---","rwAttr":32}}
{"tick":"367","type":2300,"db":"rwRegister","cuid":"h8A9BB909F7E1/137","tid":"339","data":{"_key":"0","_id":"rwCol/0","_rev":"_f7InWMu---","rwAttr":12}}
{"tick":"368","type":2201,"tid":"339","db":"rwRegister"}
{"tick":"369","type":2200,"tid":"348","db":"rwRegister"}
{"tick":"370","type":2300,"db":"rwRegister","cuid":"h8A9BB909F7E1/137","tid":"348","data":{"_key":"3","_id":"rwCol/3","_rev":"_f7InWTW---","rwAttr":19}}
{"tick":"373","type":2300,"db":"rwRegister","cuid":"h8A9BB909F7E1/137","tid":"348","data":{"_key":"3","_id":"rwCol/3","_rev":"_f7InWTi---","rwAttr":20}}
{"tick":"376","type":2300,"db":"rwRegister","cuid":"h8A9BB909F7E1/137","tid":"348","data":{"_key":"3","_id":"rwCol/3","_rev":"_f7InWTm---","rwAttr":21}}
{"tick":"379","type":2300,"db":"rwRegister","cuid":"h8A9BB909F7E1/137","tid":"348","data":{"_key":"0","_id":"rwCol/0","_rev":"_f7InWTq---","rwAttr":13}}
{"tick":"381","type":2300,"db":"rwRegister","cuid":"h8A9BB909F7E1/137","tid":"348","data":{"_key":"4","_id":"rwCol/4","_rev":"_f7InWTu---","rwAttr":1}}
{"tick":"382","type":2201,"tid":"348","db":"rwRegister"}
{"tick":"383","type":2200,"tid":"357","db":"rwRegister"}
{"tick":"384","type":2300,"db":"rwRegister","cuid":"h8A9BB909F7E1/137","tid":"357","data":{"_key":"4","_id":"rwCol/4","_rev":"_f7InWeq---","rwAttr":2}}
{"tick":"387","type":2300,"db":"rwRegister","cuid":"h8A9BB909F7E1/137","tid":"357","data":{"_key":"4","_id":"rwCol/4","_rev":"_f7InWeu---","rwAttr":3}}
{"tick":"390","type":2300,"db":"rwRegister","cuid":"h8A9BB909F7E1/137","tid":"357","data":{"_key":"0","_id":"rwCol/0","_rev":"_f7InWey---","rwAttr":14}}
{"tick":"391","type":2201,"tid":"357","db":"rwRegister"}
{"tick":"392","type":2200,"tid":"365","db":"rwRegister"}
{"tick":"393","type":2300,"db":"rwRegister","cuid":"h8A9BB909F7E1/137","tid":"365","data":{"_key":"3","_id":"rwCol/3","_rev":"_f7InWfK---","rwAttr":22}}
{"tick":"396","type":2300,"db":"rwRegister","cuid":"h8A9BB909F7E1/137","tid":"365","data":{"_key":"3","_id":"rwCol/3","_rev":"_f7InWfS---","rwAttr":23}}
{"tick":"397","type":2201,"tid":"365","db":"rwRegister"}
{"tick":"398","type":2200,"tid":"372","db":"rwRegister"}
{"tick":"399","type":2300,"db":"rwRegister","cuid":"h8A9BB909F7E1/137","tid":"372","data":{"_key":"3","_id":"rwCol/3","_rev":"_f7InWqm---","rwAttr":26}}
{"tick":"402","type":2300,"db":"rwRegister","cuid":"h8A9BB909F7E1/137","tid":"372","data":{"_key":"3","_id":"rwCol/3","_rev":"_f7InWqq---","rwAttr":27}}
{"tick":"405","type":2300,"db":"rwRegister","cuid":"h8A9BB909F7E1/137","tid":"372","data":{"_key":"4","_id":"rwCol/4","_rev":"_f7InWqu---","rwAttr":6}}
{"tick":"406","type":2201,"tid":"372","db":"rwRegister"}
{"tick":"407","type":2200,"tid":"377","db":"rwRegister"}
{"tick":"408","type":2300,"db":"rwRegister","cuid":"h8A9BB909F7E1/137","tid":"377","data":{"_key":"3","_id":"rwCol/3","_rev":"_f7InWse---","rwAttr":28}}
{"tick":"409","type":2201,"tid":"377","db":"rwRegister"}
{"tick":"414","type":2200,"tid":"380","db":"rwRegister"}
{"tick":"415","type":2300,"db":"rwRegister","cuid":"h8A9BB909F7E1/137","tid":"380","data":{"_key":"4","_id":"rwCol/4","_rev":"_f7InW1i---","rwAttr":7}}
{"tick":"418","type":2300,"db":"rwRegister","cuid":"h8A9BB909F7E1/137","tid":"380","data":{"_key":"4","_id":"rwCol/4","_rev":"_f7InW1q---","rwAttr":8}}
{"tick":"419","type":2201,"tid":"380","db":"rwRegister"}
{"tick":"420","type":2200,"tid":"388","db":"rwRegister"}
{"tick":"421","type":2300,"db":"rwRegister","cuid":"h8A9BB909F7E1/137","tid":"388","data":{"_key":"0","_id":"rwCol/0","_rev":"_f7InXAO---","rwAttr":15}}
{"tick":"424","type":2300,"db":"rwRegister","cuid":"h8A9BB909F7E1/137","tid":"388","data":{"_key":"4","_id":"rwCol/4","_rev":"_f7InXAW---","rwAttr":9}}
{"tick":"427","type":2300,"db":"rwRegister","cuid":"h8A9BB909F7E1/137","tid":"388","data":{"_key":"3","_id":"rwCol/3","_rev":"_f7InXAa---","rwAttr":29}}
{"tick":"430","type":2300,"db":"rwRegister","cuid":"h8A9BB909F7E1/137","tid":"388","data":{"_key":"3","_id":"rwCol/3","_rev":"_f7InXAe---","rwAttr":30}}
{"tick":"433","type":2300,"db":"rwRegister","cuid":"h8A9BB909F7E1/137","tid":"388","data":{"_key":"3","_id":"rwCol/3","_rev":"_f7InXAi---","rwAttr":31}}
{"tick":"434","type":2201,"tid":"388","db":"rwRegister"}
{"tick":"435","type":2200,"tid":"395","db":"rwRegister"}
{"tick":"436","type":2300,"db":"rwRegister","cuid":"h8A9BB909F7E1/137","tid":"395","data":{"_key":"0","_id":"rwCol/0","_rev":"_f7InXLm---","rwAttr":16}}
{"tick":"439","type":2300,"db":"rwRegister","cuid":"h8A9BB909F7E1/137","tid":"395","data":{"_key":"0","_id":"rwCol/0","_rev":"_f7InXLy---","rwAttr":17}}
{"tick":"440","type":2201,"tid":"395","db":"rwRegister"}
{"tick":"441","type":2200,"tid":"401","db":"rwRegister"}
{"tick":"442","type":2300,"db":"rwRegister","cuid":"h8A9BB909F7E1/137","tid":"401","data":{"_key":"0","_id":"rwCol/0","_rev":"_f7InXMW---","rwAttr":18}}
{"tick":"445","type":2300,"db":"rwRegister","cuid":"h8A9BB909F7E1/137","tid":"401","data":{"_key":"3","_id":"rwCol/3","_rev":"_f7InXMa---","rwAttr":32}}
{"tick":"446","type":2201,"tid":"401","db":"rwRegister"}
{"tick":"447","type":2200,"tid":"404","db":"rwRegister"}
{"tick":"448","type":2300,"db":"rwRegister","cuid":"h8A9BB909F7E1/137","tid":"404","data":{"_key":"4","_id":"rwCol/4","_rev":"_f7InXMm---","rwAttr":10}}
{"tick":"449","type":2201,"tid":"404","db":"rwRegister"}
{"tick":"450","type":2200,"tid":"408","db":"rwRegister"}
{"tick":"451","type":2300,"db":"rwRegister","cuid":"h8A9BB909F7E1/137","tid":"408","data":{"_key":"4","_id":"rwCol/4","_rev":"_f7InXT2---","rwAttr":11}}
{"tick":"453","type":2300,"db":"rwRegister","cuid":"h8A9BB909F7E1/137","tid":"408","data":{"_key":"5","_id":"rwCol/5","_rev":"_f7InXT6---","rwAttr":1}}
{"tick":"456","type":2300,"db":"rwRegister","cuid":"h8A9BB909F7E1/137","tid":"408","data":{"_key":"0","_id":"rwCol/0","_rev":"_f7InXUC---","rwAttr":19}}
{"tick":"457","type":2201,"tid":"408","db":"rwRegister"}
{"tick":"458","type":2200,"tid":"417","db":"rwRegister"}
{"tick":"459","type":2300,"db":"rwRegister","cuid":"h8A9BB909F7E1/137","tid":"417","data":{"_key":"5","_id":"rwCol/5","_rev":"_f7InXYi---","rwAttr":2}}
{"tick":"460","type":2201,"tid":"417","db":"rwRegister"}
{"tick":"461","type":2200,"tid":"421","db":"rwRegister"}
{"tick":"462","type":2300,"db":"rwRegister","cuid":"h8A9BB909F7E1/137","tid":"421","data":{"_key":"5","_id":"rwCol/5","_rev":"_f7InXfC---","rwAttr":3}}
{"tick":"465","type":2300,"db":"rwRegister","cuid":"h8A9BB909F7E1/137","tid":"421","data":{"_key":"4","_id":"rwCol/4","_rev":"_f7InXfG---","rwAttr":12}}
{"tick":"468","type":2300,"db":"rwRegister","cuid":"h8A9BB909F7E1/137","tid":"421","data":{"_key":"5","_id":"rwCol/5","_rev":"_f7InXfG--_","rwAttr":4}}
{"tick":"471","type":2300,"db":"rwRegister","cuid":"h8A9BB909F7E1/137","tid":"421","data":{"_key":"5","_id":"rwCol/5","_rev":"_f7InXfK---","rwAttr":5}}
{"tick":"474","type":2300,"db":"rwRegister","cuid":"h8A9BB909F7E1/137","tid":"421","data":{"_key":"5","_id":"rwCol/5","_rev":"_f7InXfO---","rwAttr":6}}
{"tick":"477","type":2300,"db":"rwRegister","cuid":"h8A9BB909F7E1/137","tid":"421","data":{"_key":"5","_id":"rwCol/5","_rev":"_f7InXfO--_","rwAttr":7}}
{"tick":"480","type":2300,"db":"rwRegister","cuid":"h8A9BB909F7E1/137","tid":"421","data":{"_key":"5","_id":"rwCol/5","_rev":"_f7InXfS---","rwAttr":8}}
{"tick":"481","type":2201,"tid":"421","db":"rwRegister"}
{"tick":"482","type":2200,"tid":"430","db":"rwRegister"}
{"tick":"483","type":2300,"db":"rwRegister","cuid":"h8A9BB909F7E1/137","tid":"430","data":{"_key":"5","_id":"rwCol/5","_rev":"_f7InXf6---","rwAttr":9}}
{"tick":"486","type":2300,"db":"rwRegister","cuid":"h8A9BB909F7E1/137","tid":"430","data":{"_key":"5","_id":"rwCol/5","_rev":"_f7InXg----","rwAttr":10}}
{"tick":"489","type":2300,"db":"rwRegister","cuid":"h8A9BB909F7E1/137","tid":"430","data":{"_key":"5","_id":"rwCol/5","_rev":"_f7InXg---_","rwAttr":11}}
{"tick":"492","type":2300,"db":"rwRegister","cuid":"h8A9BB909F7E1/137","tid":"430","data":{"_key":"0","_id":"rwCol/0","_rev":"_f7InXgC---","rwAttr":20}}
{"tick":"495","type":2300,"db":"rwRegister","cuid":"h8A9BB909F7E1/137","tid":"430","data":{"_key":"0","_id":"rwCol/0","_rev":"_f7InXgG---","rwAttr":21}}
{"tick":"496","type":2201,"tid":"430","db":"rwRegister"}
{"tick":"497","type":2200,"tid":"437","db":"rwRegister"}
{"tick":"498","type":2300,"db":"rwRegister","cuid":"h8A9BB909F7E1/137","tid":"437","data":{"_key":"4","_id":"rwCol/4","_rev":"_f7InXkO---","rwAttr":13}}
{"tick":"501","type":2300,"db":"rwRegister","cuid":"h8A9BB909F7E1/137","tid":"437","data":{"_key":"5","_id":"rwCol/5","_rev":"_f7InXkW---","rwAttr":12}}
{"tick":"502","type":2201,"tid":"437","db":"rwRegister"}
{"tick":"503","type":2200,"tid":"441","db":"rwRegister"}
{"tick":"504","type":2300,"db":"rwRegister","cuid":"h8A9BB909F7E1/137","tid":"441","data":{"_key":"4","_id":"rwCol/4","_rev":"_f7InXr2---","rwAttr":14}}
{"tick":"507","type":2300,"db":"rwRegister","cuid":"h8A9BB909F7E1/137","tid":"441","data":{"_key":"5","_id":"rwCol/5","_rev":"_f7InXr2--_","rwAttr":13}}
{"tick":"510","type":2300,"db":"rwRegister","cuid":"h8A9BB909F7E1/137","tid":"441","data":{"_key":"5","_id":"rwCol/5","_rev":"_f7InXsC---","rwAttr":14}}
{"tick":"513","type":2300,"db":"rwRegister","cuid":"h8A9BB909F7E1/137","tid":"441","data":{"_key":"4","_id":"rwCol/4","_rev":"_f7InXsG---","rwAttr":15}}
{"tick":"514","type":2201,"tid":"441","db":"rwRegister"}
{"tick":"515","type":2200,"tid":"450","db":"rwRegister"}
{"tick":"516","type":2300,"db":"rwRegister","cuid":"h8A9BB909F7E1/137","tid":"450","data":{"_key":"5","_id":"rwCol/5","_rev":"_f7InX4G---","rwAttr":15}}
{"tick":"519","type":2300,"db":"rwRegister","cuid":"h8A9BB909F7E1/137","tid":"450","data":{"_key":"4","_id":"rwCol/4","_rev":"_f7InX4O---","rwAttr":16}}
{"tick":"522","type":2300,"db":"rwRegister","cuid":"h8A9BB909F7E1/137","tid":"450","data":{"_key":"0","_id":"rwCol/0","_rev":"_f7InX4W---","rwAttr":22}}
{"tick":"525","type":2300,"db":"rwRegister","cuid":"h8A9BB909F7E1/137","tid":"450","data":{"_key":"0","_id":"rwCol/0","_rev":"_f7InX4a---","rwAttr":23}}
{"tick":"526","type":2201,"tid":"450","db":"rwRegister"}
{"tick":"527","type":2200,"tid":"457","db":"rwRegister"}
{"tick":"528","type":2300,"db":"rwRegister","cuid":"h8A9BB909F7E1/137","tid":"457","data":{"_key":"5","_id":"rwCol/5","_rev":"_f7InYDm---","rwAttr":16}}
{"tick":"529","type":2201,"tid":"457","db":"rwRegister"}
{"tick":"530","type":2200,"tid":"463","db":"rwRegister"}
{"tick":"531","type":2300,"db":"rwRegister","cuid":"h8A9BB909F7E1/137","tid":"463","data":{"_key":"4","_id":"rwCol/4","_rev":"_f7InYJK---","rwAttr":17}}
{"tick":"532","type":2201,"tid":"463","db":"rwRegister"}
{"tick":"533","type":2200,"tid":"473","db":"rwRegister"}
{"tick":"534","type":2300,"db":"rwRegister","cuid":"h8A9BB909F7E1/137","tid":"473","data":{"_key":"4","_id":"rwCol/4","_rev":"_f7InYRK---","rwAttr":19}}
{"tick":"537","type":2300,"db":"rwRegister","cuid":"h8A9BB909F7E1/137","tid":"473","data":{"_key":"4","_id":"rwCol/4","_rev":"_f7InYRW---","rwAttr":20}}
{"tick":"540","type":2300,"db":"rwRegister","cuid":"h8A9BB909F7E1/137","tid":"473","data":{"_key":"5","_id":"rwCol/5","_rev":"_f7InYRa---","rwAttr":22}}
{"tick":"541","type":2201,"tid":"473","db":"rwRegister"}
{"tick":"542","type":2200,"tid":"479","db":"rwRegister"}
{"tick":"543","type":2300,"db":"rwRegister","cuid":"h8A9BB909F7E1/137","tid":"479","data":{"_key":"0","_id":"rwCol/0","_rev":"_f7InYXi---","rwAttr":24}}
{"tick":"546","type":2300,"db":"rwRegister","cuid":"h8A9BB909F7E1/137","tid":"479","data":{"_key":"5","_id":"rwCol/5","_rev":"_f7InYXm---","rwAttr":23}}
{"tick":"549","type":2300,"db":"rwRegister","cuid":"h8A9BB909F7E1/137","tid":"479","data":{"_key":"5","_id":"rwCol/5","_rev":"_f7InYXy---","rwAttr":24}}
{"tick":"552","type":2300,"db":"rwRegister","cuid":"h8A9BB909F7E1/137","tid":"479","data":{"_key":"5","_id":"rwCol/5","_rev":"_f7InYX6---","rwAttr":25}}
{"tick":"553","type":2201,"tid":"479","db":"rwRegister"}
{"tick":"554","type":2200,"tid":"488","db":"rwRegister"}
{"tick":"555","type":2300,"db":"rwRegister","cuid":"h8A9BB909F7E1/137","tid":"488","data":{"_key":"5","_id":"rwCol/5","_rev":"_f7InYdC---","rwAttr":26}}
{"tick":"558","type":2300,"db":"rwRegister","cuid":"h8A9BB909F7E1/137","tid":"488","data":{"_key":"5","_id":"rwCol/5","_rev":"_f7InYdO---","rwAttr":27}}
{"tick":"559","type":2201,"tid":"488","db":"rwRegister"}
{"tick":"560","type":2200,"tid":"497","db":"rwRegister"}
{"tick":"561","type":2300,"db":"rwRegister","cuid":"h8A9BB909F7E1/137","tid":"497","data":{"_key":"5","_id":"rwCol/5","_rev":"_f7InYpC---","rwAttr":28}}
{"tick":"564","type":2300,"db":"rwRegister","cuid":"h8A9BB909F7E1/137","tid":"497","data":{"_key":"0","_id":"rwCol/0","_rev":"_f7InYpG---","rwAttr":25}}
{"tick":"567","type":2300,"db":"rwRegister","cuid":"h8A9BB909F7E1/137","tid":"497","data":{"_key":"5","_id":"rwCol/5","_rev":"_f7InYpK---","rwAttr":29}}
{"tick":"570","type":2300,"db":"rwRegister","cuid":"h8A9BB909F7E1/137","tid":"497","data":{"_key":"0","_id":"rwCol/0","_rev":"_f7InYpO---","rwAttr":26}}
{"tick":"573","type":2300,"db":"rwRegister","cuid":"h8A9BB909F7E1/137","tid":"497","data":{"_key":"0","_id":"rwCol/0","_rev":"_f7InYpS---","rwAttr":27}}
{"tick":"576","type":2300,"db":"rwRegister","cuid":"h8A9BB909F7E1/137","tid":"497","data":{"_key":"4","_id":"rwCol/4","_rev":"_f7InYpa---","rwAttr":21}}
{"tick":"577","type":2201,"tid":"497","db":"rwRegister"}
{"tick":"578","type":2200,"tid":"505","db":"rwRegister"}
{"tick":"579","type":2300,"db":"rwRegister","cuid":"h8A9BB909F7E1/137","tid":"505","data":{"_key":"5","_id":"rwCol/5","_rev":"_f7InYzO---","rwAttr":30}}
{"tick":"580","type":2201,"tid":"505","db":"rwRegister"}
{"tick":"581","type":2200,"tid":"508","db":"rwRegister"}
{"tick":"582","type":2300,"db":"rwRegister","cuid":"h8A9BB909F7E1/137","tid":"508","data":{"_key":"4","_id":"rwCol/4","_rev":"_f7InY2u---","rwAttr":22}}
{"tick":"585","type":2300,"db":"rwRegister","cuid":"h8A9BB909F7E1/137","tid":"508","data":{"_key":"5","_id":"rwCol/5","_rev":"_f7InY2y---","rwAttr":31}}
{"tick":"586","type":2201,"tid":"508","db":"rwRegister"}
{"tick":"587","type":2200,"tid":"512","db":"rwRegister"}
{"tick":"588","type":2300,"db":"rwRegister","cuid":"h8A9BB909F7E1/137","tid":"512","data":{"_key":"5","_id":"rwCol/5","_rev":"_f7InY5O---","rwAttr":32}}
{"tick":"591","type":2300,"db":"rwRegister","cuid":"h8A9BB909F7E1/137","tid":"512","data":{"_key":"4","_id":"rwCol/4","_rev":"_f7InY5W---","rwAttr":23}}
{"tick":"592","type":2201,"tid":"512","db":"rwRegister"}
{"tick":"593","type":2200,"tid":"521","db":"rwRegister"}
{"tick":"593","type":2300,"db":"rwRegister","cuid":"h8A9BB909F7E1/137","tid":"521","data":{"_key":"6","_id":"rwCol/6","_rev":"_f7InZ-a---","rwAttr":1}}
{"tick":"594","type":2201,"tid":"521","db":"rwRegister"}
{"tick":"595","type":2200,"tid":"525","db":"rwRegister"}
{"tick":"596","type":2300,"db":"rwRegister","cuid":"h8A9BB909F7E1/137","tid":"525","data":{"_key":"6","_id":"rwCol/6","_rev":"_f7InZJ6---","rwAttr":2}}
{"tick":"599","type":2300,"db":"rwRegister","cuid":"h8A9BB909F7E1/137","tid":"525","data":{"_key":"4","_id":"rwCol/4","_rev":"_f7InZK----","rwAttr":24}}
{"tick":"602","type":2300,"db":"rwRegister","cuid":"h8A9BB909F7E1/137","tid":"525","data":{"_key":"6","_id":"rwCol/6","_rev":"_f7InZKC---","rwAttr":3}}
{"tick":"603","type":2201,"tid":"525","db":"rwRegister"}
{"tick":"604","type":2200,"tid":"530","db":"rwRegister"}
{"tick":"605","type":2300,"db":"rwRegister","cuid":"h8A9BB909F7E1/137","tid":"530","data":{"_key":"0","_id":"rwCol/0","_rev":"_f7InZLC---","rwAttr":28}}
{"tick":"606","type":2201,"tid":"530","db":"rwRegister"}
{"tick":"607","type":2200,"tid":"535","db":"rwRegister"}
{"tick":"608","type":2300,"db":"rwRegister","cuid":"h8A9BB909F7E1/137","tid":"535","data":{"_key":"6","_id":"rwCol/6","_rev":"_f7InZNm---","rwAttr":4}}
{"tick":"611","type":2300,"db":"rwRegister","cuid":"h8A9BB909F7E1/137","tid":"535","data":{"_key":"6","_id":"rwCol/6","_rev":"_f7InZNq---","rwAttr":5}}
{"tick":"614","type":2300,"db":"rwRegister","cuid":"h8A9BB909F7E1/137","tid":"535","data":{"_key":"6","_id":"rwCol/6","_rev":"_f7InZNu---","rwAttr":6}}
{"tick":"615","type":2201,"tid":"535","db":"rwRegister"}
{"tick":"619","type":2200,"tid":"544","db":"rwRegister"}
{"tick":"620","type":2300,"db":"rwRegister","cuid":"h8A9BB909F7E1/137","tid":"544","data":{"_key":"6","_id":"rwCol/6","_rev":"_f7InZX6---","rwAttr":7}}
{"tick":"623","type":2300,"db":"rwRegister","cuid":"h8A9BB909F7E1/137","tid":"544","data":{"_key":"4","_id":"rwCol/4","_rev":"_f7InZYC---","rwAttr":25}}
{"tick":"624","type":2201,"tid":"544","db":"rwRegister"}
{"tick":"631","type":2200,"tid":"552","db":"rwRegister"}
{"tick":"632","type":2300,"db":"rwRegister","cuid":"h8A9BB909F7E1/137","tid":"552","data":{"_key":"6","_id":"rwCol/6","_rev":"_f7InZZ2---","rwAttr":8}}
{"tick":"635","type":2300,"db":"rwRegister","cuid":"h8A9BB909F7E1/137","tid":"552","data":{"_key":"6","_id":"rwCol/6","_rev":"_f7InZa----","rwAttr":9}}
{"tick":"636","type":2201,"tid":"552","db":"rwRegister"}
{"tick":"637","type":2200,"tid":"559","db":"rwRegister"}
{"tick":"638","type":2300,"db":"rwRegister","cuid":"h8A9BB909F7E1/137","tid":"559","data":{"_key":"6","_id":"rwCol/6","_rev":"_f7InZhC---","rwAttr":10}}
{"tick":"641","type":2300,"db":"rwRegister","cuid":"h8A9BB909F7E1/137","tid":"559","data":{"_key":"6","_id":"rwCol/6","_rev":"_f7InZhG---","rwAttr":11}}
{"tick":"644","type":2300,"db":"rwRegister","cuid":"h8A9BB909F7E1/137","tid":"559","data":{"_key":"6","_id":"rwCol/6","_rev":"_f7InZhO---","rwAttr":12}}
{"tick":"645","type":2201,"tid":"559","db":"rwRegister"}
{"tick":"646","type":2200,"tid":"567","db":"rwRegister"}
{"tick":"647","type":2300,"db":"rwRegister","cuid":"h8A9BB909F7E1/137","tid":"567","data":{"_key":"6","_id":"rwCol/6","_rev":"_f7InZjm---","rwAttr":13}}
{"tick":"650","type":2300,"db":"rwRegister","cuid":"h8A9BB909F7E1/137","tid":"567","data":{"_key":"6","_id":"rwCol/6","_rev":"_f7InZjq---","rwAttr":14}}
{"tick":"653","type":2300,"db":"rwRegister","cuid":"h8A9BB909F7E1/137","tid":"567","data":{"_key":"4","_id":"rwCol/4","_rev":"_f7InZju---","rwAttr":26}}
{"tick":"656","type":2300,"db":"rwRegister","cuid":"h8A9BB909F7E1/137","tid":"567","data":{"_key":"6","_id":"rwCol/6","_rev":"_f7InZju--_","rwAttr":15}}
{"tick":"657","type":2201,"tid":"567","db":"rwRegister"}
{"tick":"658","type":2200,"tid":"575","db":"rwRegister"}
{"tick":"659","type":2300,"db":"rwRegister","cuid":"h8A9BB909F7E1/137","tid":"575","data":{"_key":"6","_id":"rwCol/6","_rev":"_f7InZsO---","rwAttr":16}}
{"tick":"662","type":2300,"db":"rwRegister","cuid":"h8A9BB909F7E1/137","tid":"575","data":{"_key":"6","_id":"rwCol/6","_rev":"_f7InZsO--_","rwAttr":17}}
{"tick":"665","type":2300,"db":"rwRegister","cuid":"h8A9BB909F7E1/137","tid":"575","data":{"_key":"4","_id":"rwCol/4","_rev":"_f7InZsW---","rwAttr":27}}
{"tick":"666","type":2201,"tid":"575","db":"rwRegister"}
{"tick":"667","type":2200,"tid":"582","db":"rwRegister"}
{"tick":"668","type":2300,"db":"rwRegister","cuid":"h8A9BB909F7E1/137","tid":"582","data":{"_key":"6","_id":"rwCol/6","_rev":"_f7InZwq---","rwAttr":18}}
{"tick":"671","type":2300,"db":"rwRegister","cuid":"h8A9BB909F7E1/137","tid":"582","data":{"_key":"6","_id":"rwCol/6","_rev":"_f7InZw2---","rwAttr":19}}
{"tick":"674","type":2300,"db":"rwRegister","cuid":"h8A9BB909F7E1/137","tid":"582","data":{"_key":"4","_id":"rwCol/4","_rev":"_f7InZw2--_","rwAttr":28}}
{"tick":"677","type":2300,"db":"rwRegister","cuid":"h8A9BB909F7E1/137","tid":"582","data":{"_key":"6","_id":"rwCol/6","_rev":"_f7InZw6---","rwAttr":20}}
{"tick":"680","type":2300,"db":"rwRegister","cuid":"h8A9BB909F7E1/137","tid":"582","data":{"_key":"6","_id":"rwCol/6","_rev":"_f7InZw6--_","rwAttr":21}}
{"tick":"681","type":2201,"tid":"582","db":"rwRegister"}
{"tick":"682","type":2200,"tid":"591","db":"rwRegister"}
{"tick":"683","type":2300,"db":"rwRegister","cuid":"h8A9BB909F7E1/137","tid":"591","data":{"_key":"6","_id":"rwCol/6","_rev":"_f7InZ3----","rwAttr":22}}
{"tick":"686","type":2300,"db":"rwRegister","cuid":"h8A9BB909F7E1/137","tid":"591","data":{"_key":"6","_id":"rwCol/6","_rev":"_f7InZ3C---","rwAttr":23}}
{"tick":"689","type":2300,"db":"rwRegister","cuid":"h8A9BB909F7E1/137","tid":"591","data":{"_key":"6","_id":"rwCol/6","_rev":"_f7InZ3G---","rwAttr":24}}
{"tick":"692","type":2300,"db":"rwRegister","cuid":"h8A9BB909F7E1/137","tid":"591","data":{"_key":"6","_id":"rwCol/6","_rev":"_f7InZ3K---","rwAttr":25}}
{"tick":"693","type":2201,"tid":"591","db":"rwRegister"}
{"tick":"694","type":2200,"tid":"597","db":"rwRegister"}
{"tick":"695","type":2300,"db":"rwRegister","cuid":"h8A9BB909F7E1/137","tid":"597","data":{"_key":"4","_id":"rwCol/4","_rev":"_f7InaCq---","rwAttr":29}}
{"tick":"698","type":2300,"db":"rwRegister","cuid":"h8A9BB909F7E1/137","tid":"597","data":{"_key":"6","_id":"rwCol/6","_rev":"_f7InaCu---","rwAttr":26}}
{"tick":"701","type":2300,"db":"rwRegister","cuid":"h8A9BB909F7E1/137","tid":"597","data":{"_key":"6","_id":"rwCol/6","_rev":"_f7InaC2---","rwAttr":27}}
{"tick":"704","type":2300,"db":"rwRegister","cuid":"h8A9BB909F7E1/137","tid":"597","data":{"_key":"0","_id":"rwCol/0","_rev":"_f7InaC6---","rwAttr":29}}
{"tick":"707","type":2300,"db":"rwRegister","cuid":"h8A9BB909F7E1/137","tid":"597","data":{"_key":"4","_id":"rwCol/4","_rev":"_f7InaC6--_","rwAttr":30}}
{"tick":"710","type":2300,"db":"rwRegister","cuid":"h8A9BB909F7E1/137","tid":"597","data":{"_key":"4","_id":"rwCol/4","_rev":"_f7InaD----","rwAttr":31}}
{"tick":"711","type":2201,"tid":"597","db":"rwRegister"}
{"tick":"712","type":2200,"tid":"606","db":"rwRegister"}
{"tick":"713","type":2300,"db":"rwRegister","cuid":"h8A9BB909F7E1/137","tid":"606","data":{"_key":"6","_id":"rwCol/6","_rev":"_f7InaMu---","rwAttr":28}}
{"tick":"716","type":2300,"db":"rwRegister","cuid":"h8A9BB909F7E1/137","tid":"606","data":{"_key":"6","_id":"rwCol/6","_rev":"_f7InaMy---","rwAttr":29}}
{"tick":"719","type":2300,"db":"rwRegister","cuid":"h8A9BB909F7E1/137","tid":"606","data":{"_key":"4","_id":"rwCol/4","_rev":"_f7InaM2---","rwAttr":32}}
{"tick":"722","type":2300,"db":"rwRegister","cuid":"h8A9BB909F7E1/137","tid":"606","data":{"_key":"6","_id":"rwCol/6","_rev":"_f7InaN----","rwAttr":30}}
{"tick":"725","type":2300,"db":"rwRegister","cuid":"h8A9BB909F7E1/137","tid":"606","data":{"_key":"6","_id":"rwCol/6","_rev":"_f7InaNC---","rwAttr":31}}
{"tick":"728","type":2300,"db":"rwRegister","cuid":"h8A9BB909F7E1/137","tid":"606","data":{"_key":"6","_id":"rwCol/6","_rev":"_f7InaNG---","rwAttr":32}}
{"tick":"729","type":2201,"tid":"606","db":"rwRegister"}
{"tick":"730","type":2200,"tid":"615","db":"rwRegister"}
{"tick":"730","type":2300,"db":"rwRegister","cuid":"h8A9BB909F7E1/137","tid":"615","data":{"_key":"7","_id":"rwCol/7","_rev":"_f7InaRO---","rwAttr":1}}
{"tick":"732","type":2300,"db":"rwRegister","cuid":"h8A9BB909F7E1/137","tid":"615","data":{"_key":"8","_id":"rwCol/8","_rev":"_f7InaRW---","rwAttr":1}}
{"tick":"735","type":2300,"db":"rwRegister","cuid":"h8A9BB909F7E1/137","tid":"615","data":{"_key":"8","_id":"rwCol/8","_rev":"_f7InaRa---","rwAttr":2}}
{"tick":"736","type":2201,"tid":"615","db":"rwRegister"}
{"tick":"737","type":2200,"tid":"623","db":"rwRegister"}
{"tick":"738","type":2300,"db":"rwRegister","cuid":"h8A9BB909F7E1/137","tid":"623","data":{"_key":"7","_id":"rwCol/7","_rev":"_f7InaXW---","rwAttr":2}}
{"tick":"741","type":2300,"db":"rwRegister","cuid":"h8A9BB909F7E1/137","tid":"623","data":{"_key":"8","_id":"rwCol/8","_rev":"_f7InaXa---","rwAttr":3}}
{"tick":"742","type":2201,"tid":"623","db":"rwRegister"}
{"tick":"743","type":2200,"tid":"630","db":"rwRegister"}
{"tick":"744","type":2300,"db":"rwRegister","cuid":"h8A9BB909F7E1/137","tid":"630","data":{"_key":"7","_id":"rwCol/7","_rev":"_f7Inab----","rwAttr":3}}
{"tick":"747","type":2300,"db":"rwRegister","cuid":"h8A9BB909F7E1/137","tid":"630","data":{"_key":"8","_id":"rwCol/8","_rev":"_f7InabC---","rwAttr":4}}
{"tick":"750","type":2300,"db":"rwRegister","cuid":"h8A9BB909F7E1/137","tid":"630","data":{"_key":"7","_id":"rwCol/7","_rev":"_f7InabK---","rwAttr":4}}
{"tick":"751","type":2201,"tid":"630","db":"rwRegister"}
{"tick":"752","type":2200,"tid":"635","db":"rwRegister"}
{"tick":"753","type":2300,"db":"rwRegister","cuid":"h8A9BB909F7E1/137","tid":"635","data":{"_key":"8","_id":"rwCol/8","_rev":"_f7Inafm---","rwAttr":5}}
{"tick":"754","type":2201,"tid":"635","db":"rwRegister"}
{"tick":"755","type":2200,"tid":"643","db":"rwRegister"}
{"tick":"756","type":2300,"db":"rwRegister","cuid":"h8A9BB909F7E1/137","tid":"643","data":{"_key":"7","_id":"rwCol/7","_rev":"_f7Inanm---","rwAttr":5}}
{"tick":"759","type":2300,"db":"rwRegister","cuid":"h8A9BB909F7E1/137","tid":"643","data":{"_key":"7","_id":"rwCol/7","_rev":"_f7Inanu---","rwAttr":6}}
{"tick":"762","type":2300,"db":"rwRegister","cuid":"h8A9BB909F7E1/137","tid":"643","data":{"_key":"8","_id":"rwCol/8","_rev":"_f7Inany---","rwAttr":6}}
{"tick":"763","type":2201,"tid":"643","db":"rwRegister"}
{"tick":"764","type":2200,"tid":"649","db":"rwRegister"}
{"tick":"765","type":2300,"db":"rwRegister","cuid":"h8A9BB909F7E1/137","tid":"649","data":{"_key":"8","_id":"rwCol/8","_rev":"_f7Inav6---","rwAttr":7}}
{"tick":"768","type":2300,"db":"rwRegister","cuid":"h8A9BB909F7E1/137","tid":"649","data":{"_key":"7","_id":"rwCol/7","_rev":"_f7Inaw----","rwAttr":7}}
{"tick":"771","type":2300,"db":"rwRegister","cuid":"h8A9BB909F7E1/137","tid":"649","data":{"_key":"0","_id":"rwCol/0","_rev":"_f7InawG---","rwAttr":30}}
{"tick":"774","type":2300,"db":"rwRegister","cuid":"h8A9BB909F7E1/137","tid":"649","data":{"_key":"8","_id":"rwCol/8","_rev":"_f7InawK---","rwAttr":8}}
{"tick":"777","type":2300,"db":"rwRegister","cuid":"h8A9BB909F7E1/137","tid":"649","data":{"_key":"8","_id":"rwCol/8","_rev":"_f7InawO---","rwAttr":9}}
{"tick":"778","type":2201,"tid":"649","db":"rwRegister"}
{"tick":"779","type":2200,"tid":"657","db":"rwRegister"}
{"tick":"780","type":2300,"db":"rwRegister","cuid":"h8A9BB909F7E1/137","tid":"657","data":{"_key":"7","_id":"rwCol/7","_rev":"_f7Inaxy---","rwAttr":8}}
{"tick":"783","type":2300,"db":"rwRegister","cuid":"h8A9BB909F7E1/137","tid":"657","data":{"_key":"7","_id":"rwCol/7","_rev":"_f7Inax2---","rwAttr":9}}
{"tick":"784","type":2201,"tid":"657","db":"rwRegister"}
{"tick":"785","type":2200,"tid":"663","db":"rwRegister"}
{"tick":"786","type":2300,"db":"rwRegister","cuid":"h8A9BB909F7E1/137","tid":"663","data":{"_key":"8","_id":"rwCol/8","_rev":"_f7Inaze---","rwAttr":10}}
{"tick":"789","type":2300,"db":"rwRegister","cuid":"h8A9BB909F7E1/137","tid":"663","data":{"_key":"8","_id":"rwCol/8","_rev":"_f7Inazi---","rwAttr":11}}
{"tick":"790","type":2201,"tid":"663","db":"rwRegister"}
{"tick":"791","type":2200,"tid":"672","db":"rwRegister"}
{"tick":"792","type":2300,"db":"rwRegister","cuid":"h8A9BB909F7E1/137","tid":"672","data":{"_key":"7","_id":"rwCol/7","_rev":"_f7Ina5u---","rwAttr":10}}
{"tick":"795","type":2300,"db":"rwRegister","cuid":"h8A9BB909F7E1/137","tid":"672","data":{"_key":"8","_id":"rwCol/8","_rev":"_f7Ina5y---","rwAttr":12}}
{"tick":"798","type":2300,"db":"rwRegister","cuid":"h8A9BB909F7E1/137","tid":"672","data":{"_key":"7","_id":"rwCol/7","_rev":"_f7Ina5y--_","rwAttr":11}}
{"tick":"799","type":2201,"tid":"672","db":"rwRegister"}
{"tick":"800","type":2200,"tid":"676","db":"rwRegister"}
{"tick":"801","type":2300,"db":"rwRegister","cuid":"h8A9BB909F7E1/137","tid":"676","data":{"_key":"7","_id":"rwCol/7","_rev":"_f7Ina82---","rwAttr":12}}
{"tick":"804","type":2300,"db":"rwRegister","cuid":"h8A9BB909F7E1/137","tid":"676","data":{"_key":"7","_id":"rwCol/7","_rev":"_f7Ina86---","rwAttr":13}}
{"tick":"807","type":2300,"db":"rwRegister","cuid":"h8A9BB909F7E1/137","tid":"676","data":{"_key":"0","_id":"rwCol/0","_rev":"_f7Ina86--_","rwAttr":31}}
{"tick":"808","type":2201,"tid":"676","db":"rwRegister"}
{"tick":"809","type":2200,"tid":"681","db":"rwRegister"}
{"tick":"810","type":2300,"db":"rwRegister","cuid":"h8A9BB909F7E1/137","tid":"681","data":{"_key":"7","_id":"rwCol/7","_rev":"_f7Inb-6---","rwAttr":14}}
{"tick":"811","type":2201,"tid":"681","db":"rwRegister"}
{"tick":"812","type":2200,"tid":"685","db":"rwRegister"}
{"tick":"813","type":2300,"db":"rwRegister","cuid":"h8A9BB909F7E1/137","tid":"685","data":{"_key":"0","_id":"rwCol/0","_rev":"_f7InbFO---","rwAttr":32}}
{"tick":"816","type":2300,"db":"rwRegister","cuid":"h8A9BB909F7E1/137","tid":"685","data":{"_key":"8","_id":"rwCol/8","_rev":"_f7InbFS---","rwAttr":13}}
{"tick":"817","type":2201,"tid":"685","db":"rwRegister"}
{"tick":"818","type":2200,"tid":"691","db":"rwRegister"}
{"tick":"819","type":2300,"db":"rwRegister","cuid":"h8A9BB909F7E1/137","tid":"691","data":{"_key":"7","_id":"rwCol/7","_rev":"_f7InbIK---","rwAttr":15}}
{"tick":"822","type":2300,"db":"rwRegister","cuid":"h8A9BB909F7E1/137","tid":"691","data":{"_key":"7","_id":"rwCol/7","_rev":"_f7InbIK--_","rwAttr":16}}
{"tick":"825","type":2300,"db":"rwRegister","cuid":"h8A9BB909F7E1/137","tid":"691","data":{"_key":"8","_id":"rwCol/8","_rev":"_f7InbIS---","rwAttr":14}}
{"tick":"826","type":2201,"tid":"691","db":"rwRegister"}
{"tick":"827","type":2200,"tid":"696","db":"rwRegister"}
{"tick":"828","type":2300,"db":"rwRegister","cuid":"h8A9BB909F7E1/137","tid":"696","data":{"_key":"8","_id":"rwCol/8","_rev":"_f7InbT6---","rwAttr":15}}
{"tick":"831","type":2300,"db":"rwRegister","cuid":"h8A9BB909F7E1/137","tid":"696","data":{"_key":"7","_id":"rwCol/7","_rev":"_f7InbUC---","rwAttr":17}}
{"tick":"832","type":2201,"tid":"696","db":"rwRegister"}
{"tick":"833","type":2200,"tid":"703","db":"rwRegister"}
{"tick":"834","type":2300,"db":"rwRegister","cuid":"h8A9BB909F7E1/137","tid":"703","data":{"_key":"8","_id":"rwCol/8","_rev":"_f7Inbfa---","rwAttr":16}}
{"tick":"836","type":2300,"db":"rwRegister","cuid":"h8A9BB909F7E1/137","tid":"703","data":{"_key":"9","_id":"rwCol/9","_rev":"_f7Inbfm---","rwAttr":1}}
{"tick":"839","type":2300,"db":"rwRegister","cuid":"h8A9BB909F7E1/137","tid":"703","data":{"_key":"8","_id":"rwCol/8","_rev":"_f7Inbfu---","rwAttr":17}}
{"tick":"840","type":2201,"tid":"703","db":"rwRegister"}
{"tick":"841","type":2200,"tid":"712","db":"rwRegister"}
{"tick":"842","type":2300,"db":"rwRegister","cuid":"h8A9BB909F7E1/137","tid":"712","data":{"_key":"8","_id":"rwCol/8","_rev":"_f7Inbj----","rwAttr":18}}
{"tick":"843","type":2201,"tid":"712","db":"rwRegister"}
{"tick":"849","type":2200,"tid":"717","db":"rwRegister"}
{"tick":"850","type":2300,"db":"rwRegister","cuid":"h8A9BB909F7E1/137","tid":"717","data":{"_key":"9","_id":"rwCol/9","_rev":"_f7Inbt----","rwAttr":2}}
{"tick":"853","type":2300,"db":"rwRegister","cuid":"h8A9BB909F7E1/137","tid":"717","data":{"_key":"8","_id":"rwCol/8","_rev":"_f7InbtC---","rwAttr":19}}
{"tick":"854","type":2201,"tid":"717","db":"rwRegister"}
{"tick":"859","type":2200,"tid":"727","db":"rwRegister"}
{"tick":"860","type":2300,"db":"rwRegister","cuid":"h8A9BB909F7E1/137","tid":"727","data":{"_key":"9","_id":"rwCol/9","_rev":"_f7Inb6m---","rwAttr":3}}
{"tick":"863","type":2300,"db":"rwRegister","cuid":"h8A9BB909F7E1/137","tid":"727","data":{"_key":"8","_id":"rwCol/8","_rev":"_f7Inb6u---","rwAttr":20}}
{"tick":"864","type":2201,"tid":"727","db":"rwRegister"}
{"tick":"865","type":2200,"tid":"731","db":"rwRegister"}
{"tick":"866","type":2300,"db":"rwRegister","cuid":"h8A9BB909F7E1/137","tid":"731","data":{"_key":"8","_id":"rwCol/8","_rev":"_f7IncC----","rwAttr":21}}
{"tick":"869","type":2300,"db":"rwRegister","cuid":"h8A9BB909F7E1/137","tid":"731","data":{"_key":"7","_id":"rwCol/7","_rev":"_f7IncCC---","rwAttr":18}}
{"tick":"870","type":2201,"tid":"731","db":"rwRegister"}
{"tick":"871","type":2200,"tid":"736","db":"rwRegister"}
{"tick":"872","type":2300,"db":"rwRegister","cuid":"h8A9BB909F7E1/137","tid":"736","data":{"_key":"9","_id":"rwCol/9","_rev":"_f7IncDW---","rwAttr":4}}
{"tick":"875","type":2300,"db":"rwRegister","cuid":"h8A9BB909F7E1/137","tid":"736","data":{"_key":"8","_id":"rwCol/8","_rev":"_f7IncDa---","rwAttr":22}}
{"tick":"876","type":2201,"tid":"736","db":"rwRegister"}
{"tick":"877","type":2200,"tid":"739","db":"rwRegister"}
{"tick":"878","type":2300,"db":"rwRegister","cuid":"h8A9BB909F7E1/137","tid":"739","data":{"_key":"8","_id":"rwCol/8","_rev":"_f7IncO2---","rwAttr":23}}
{"tick":"881","type":2300,"db":"rwRegister","cuid":"h8A9BB909F7E1/137","tid":"739","data":{"_key":"7","_id":"rwCol/7","_rev":"_f7IncO2--_","rwAttr":19}}
{"tick":"882","type":2201,"tid":"739","db":"rwRegister"}
{"tick":"883","type":2200,"tid":"743","db":"rwRegister"}
{"tick":"884","type":2300,"db":"rwRegister","cuid":"h8A9BB909F7E1/137","tid":"743","data":{"_key":"7","_id":"rwCol/7","_rev":"_f7IncQC---","rwAttr":20}}
{"tick":"885","type":2201,"tid":"743","db":"rwRegister"}
{"tick":"886","type":2200,"tid":"751","db":"rwRegister"}
{"tick":"887","type":2300,"db":"rwRegister","cuid":"h8A9BB909F7E1/137","tid":"751","data":{"_key":"8","_id":"rwCol/8","_rev":"_f7IncRq---","rwAttr":24}}
{"tick":"890","type":2300,"db":"rwRegister","cuid":"h8A9BB909F7E1/137","tid":"751","data":{"_key":"7","_id":"rwCol/7","_rev":"_f7IncRq--_","rwAttr":21}}
{"tick":"891","type":2201,"tid":"751","db":"rwRegister"}
{"tick":"892","type":2200,"tid":"754","db":"rwRegister"}
{"tick":"893","type":2300,"db":"rwRegister","cuid":"h8A9BB909F7E1/137","tid":"754","data":{"_key":"8","_id":"rwCol/8","_rev":"_f7IncaS---","rwAttr":25}}
{"tick":"896","type":2300,"db":"rwRegister","cuid":"h8A9BB909F7E1/137","tid":"754","data":{"_key":"8","_id":"rwCol/8","_rev":"_f7IncaW---","rwAttr":26}}
{"tick":"899","type":2300,"db":"rwRegister","cuid":"h8A9BB909F7E1/137","tid":"754","data":{"_key":"8","_id":"rwCol/8","_rev":"_f7Incaa---","rwAttr":27}}
{"tick":"902","type":2300,"db":"rwRegister","cuid":"h8A9BB909F7E1/137","tid":"754","data":{"_key":"9","_id":"rwCol/9","_rev":"_f7Incae---","rwAttr":5}}
{"tick":"905","type":2300,"db":"rwRegister","cuid":"h8A9BB909F7E1/137","tid":"754","data":{"_key":"8","_id":"rwCol/8","_rev":"_f7Incai---","rwAttr":28}}
{"tick":"906","type":2201,"tid":"754","db":"rwRegister"}
{"tick":"907","type":2200,"tid":"767","db":"rwRegister"}
{"tick":"908","type":2300,"db":"rwRegister","cuid":"h8A9BB909F7E1/137","tid":"767","data":{"_key":"8","_id":"rwCol/8","_rev":"_f7Inci6---","rwAttr":30}}
{"tick":"911","type":2300,"db":"rwRegister","cuid":"h8A9BB909F7E1/137","tid":"767","data":{"_key":"9","_id":"rwCol/9","_rev":"_f7Incj----","rwAttr":6}}
{"tick":"914","type":2300,"db":"rwRegister","cuid":"h8A9BB909F7E1/137","tid":"767","data":{"_key":"8","_id":"rwCol/8","_rev":"_f7IncjC---","rwAttr":31}}
{"tick":"915","type":2201,"tid":"767","db":"rwRegister"}
{"tick":"916","type":2200,"tid":"776","db":"rwRegister"}
{"tick":"917","type":2300,"db":"rwRegister","cuid":"h8A9BB909F7E1/137","tid":"776","data":{"_key":"8","_id":"rwCol/8","_rev":"_f7Incuq---","rwAttr":32}}
{"tick":"920","type":2300,"db":"rwRegister","cuid":"h8A9BB909F7E1/137","tid":"776","data":{"_key":"7","_id":"rwCol/7","_rev":"_f7Incuu---","rwAttr":23}}
{"tick":"921","type":2201,"tid":"776","db":"rwRegister"}
{"tick":"922","type":2200,"tid":"780","db":"rwRegister"}
{"tick":"922","type":2300,"db":"rwRegister","cuid":"h8A9BB909F7E1/137","tid":"780","data":{"_key":"10","_id":"rwCol/10","_rev":"_f7IncxS---","rwAttr":1}}
{"tick":"925","type":2300,"db":"rwRegister","cuid":"h8A9BB909F7E1/137","tid":"780","data":{"_key":"10","_id":"rwCol/10","_rev":"_f7IncxW---","rwAttr":2}}
{"tick":"928","type":2300,"db":"rwRegister","cuid":"h8A9BB909F7E1/137","tid":"780","data":{"_key":"7","_id":"rwCol/7","_rev":"_f7Incxa---","rwAttr":24}}
{"tick":"929","type":2201,"tid":"780","db":"rwRegister"}
{"tick":"930","type":2200,"tid":"787","db":"rwRegister"}
{"tick":"931","type":2300,"db":"rwRegister","cuid":"h8A9BB909F7E1/137","tid":"787","data":{"_key":"7","_id":"rwCol/7","_rev":"_f7Inc6K---","rwAttr":25}}
{"tick":"934","type":2300,"db":"rwRegister","cuid":"h8A9BB909F7E1/137","tid":"787","data":{"_key":"10","_id":"rwCol/10","_rev":"_f7Inc6O---","rwAttr":3}}
{"tick":"937","type":2300,"db":"rwRegister","cuid":"h8A9BB909F7E1/137","tid":"787","data":{"_key":"7","_id":"rwCol/7","_rev":"_f7Inc6S---","rwAttr":26}}
{"tick":"938","type":2201,"tid":"787","db":"rwRegister"}
{"tick":"939","type":2200,"tid":"794","db":"rwRegister"}
{"tick":"940","type":2300,"db":"rwRegister","cuid":"h8A9BB909F7E1/137","tid":"794","data":{"_key":"10","_id":"rwCol/10","_rev":"_f7IndEm---","rwAttr":4}}
{"tick":"943","type":2300,"db":"rwRegister","cuid":"h8A9BB909F7E1/137","tid":"794","data":{"_key":"10","_id":"rwCol/10","_rev":"_f7IndEq---","rwAttr":5}}
{"tick":"946","type":2300,"db":"rwRegister","cuid":"h8A9BB909F7E1/137","tid":"794","data":{"_key":"10","_id":"rwCol/10","_rev":"_f7IndEu---","rwAttr":6}}
{"tick":"949","type":2300,"db":"rwRegister","cuid":"h8A9BB909F7E1/137","tid":"794","data":{"_key":"10","_id":"rwCol/10","_rev":"_f7IndEu--_","rwAttr":7}}
{"tick":"950","type":2201,"tid":"794","db":"rwRegister"}
{"tick":"951","type":2200,"tid":"800","db":"rwRegister"}
{"tick":"952","type":2300,"db":"rwRegister","cuid":"h8A9BB909F7E1/137","tid":"800","data":{"_key":"7","_id":"rwCol/7","_rev":"_f7IndLK---","rwAttr":27}}
{"tick":"955","type":2300,"db":"rwRegister","cuid":"h8A9BB909F7E1/137","tid":"800","data":{"_key":"10","_id":"rwCol/10","_rev":"_f7IndLS---","rwAttr":8}}
{"tick":"958","type":2300,"db":"rwRegister","cuid":"h8A9BB909F7E1/137","tid":"800","data":{"_key":"10","_id":"rwCol/10","_rev":"_f7IndLW---","rwAttr":9}}
{"tick":"959","type":2201,"tid":"800","db":"rwRegister"}
{"tick":"960","type":2200,"tid":"808","db":"rwRegister"}
{"tick":"961","type":2300,"db":"rwRegister","cuid":"h8A9BB909F7E1/137","tid":"808","data":{"_key":"10","_id":"rwCol/10","_rev":"_f7IndSC---","rwAttr":10}}
{"tick":"964","type":2300,"db":"rwRegister","cuid":"h8A9BB909F7E1/137","tid":"808","data":{"_key":"10","_id":"rwCol/10","_rev":"_f7IndSG---","rwAttr":11}}
{"tick":"967","type":2300,"db":"rwRegister","cuid":"h8A9BB909F7E1/137","tid":"808","data":{"_key":"10","_id":"rwCol/10","_rev":"_f7IndSK---","rwAttr":12}}
{"tick":"970","type":2300,"db":"rwRegister","cuid":"h8A9BB909F7E1/137","tid":"808","data":{"_key":"9","_id":"rwCol/9","_rev":"_f7IndSO---","rwAttr":7}}
{"tick":"973","type":2300,"db":"rwRegister","cuid":"h8A9BB909F7E1/137","tid":"808","data":{"_key":"10","_id":"rwCol/10","_rev":"_f7IndSO--_","rwAttr":13}}
{"tick":"974","type":2201,"tid":"808","db":"rwRegister"}
{"tick":"975","type":2200,"tid":"819","db":"rwRegister"}
{"tick":"976","type":2300,"db":"rwRegister","cuid":"h8A9BB909F7E1/137","tid":"819","data":{"_key":"10","_id":"rwCol/10","_rev":"_f7Inddy---","rwAttr":14}}
{"tick":"977","type":2201,"tid":"819","db":"rwRegister"}
{"tick":"978","type":2200,"tid":"825","db":"rwRegister"}
{"tick":"979","type":2300,"db":"rwRegister","cuid":"h8A9BB909F7E1/137","tid":"825","data":{"_key":"9","_id":"rwCol/9","_rev":"_f7IndlC---","rwAttr":8}}
{"tick":"982","type":2300,"db":"rwRegister","cuid":"h8A9BB909F7E1/137","tid":"825","data":{"_key":"10","_id":"rwCol/10","_rev":"_f7IndlO---","rwAttr":15}}
{"tick":"983","type":2201,"tid":"825","db":"rwRegister"}
{"tick":"984","type":2200,"tid":"833","db":"rwRegister"}
{"tick":"985","type":2300,"db":"rwRegister","cuid":"h8A9BB909F7E1/137","tid":"833","data":{"_key":"10","_id":"rwCol/10","_rev":"_f7Indou---","rwAttr":16}}
{"tick":"988","type":2300,"db":"rwRegister","cuid":"h8A9BB909F7E1/137","tid":"833","data":{"_key":"10","_id":"rwCol/10","_rev":"_f7Indo2---","rwAttr":17}}
{"tick":"991","type":2300,"db":"rwRegister","cuid":"h8A9BB909F7E1/137","tid":"833","data":{"_key":"10","_id":"rwCol/10","_rev":"_f7Indo6---","rwAttr":18}}
{"tick":"994","type":2300,"db":"rwRegister","cuid":"h8A9BB909F7E1/137","tid":"833","data":{"_key":"9","_id":"rwCol/9","_rev":"_f7Indo6--_","rwAttr":9}}
{"tick":"997","type":2300,"db":"rwRegister","cuid":"h8A9BB909F7E1/137","tid":"833","data":{"_key":"10","_id":"rwCol/10","_rev":"_f7Indp----","rwAttr":19}}
{"tick":"1000","type":2300,"db":"rwRegister","cuid":"h8A9BB909F7E1/137","tid":"833","data":{"_key":"10","_id":"rwCol/10","_rev":"_f7Indp---_","rwAttr":20}}
{"tick":"1001","type":2201,"tid":"833","db":"rwRegister"}
{"tick":"1002","type":2200,"tid":"842","db":"rwRegister"}
{"tick":"1003","type":2300,"db":"rwRegister","cuid":"h8A9BB909F7E1/137","tid":"842","data":{"_key":"10","_id":"rwCol/10","_rev":"_f7InduO---","rwAttr":21}}
{"tick":"1006","type":2300,"db":"rwRegister","cuid":"h8A9BB909F7E1/137","tid":"842","data":{"_key":"7","_id":"rwCol/7","_rev":"_f7InduW---","rwAttr":28}}
{"tick":"1009","type":2300,"db":"rwRegister","cuid":"h8A9BB909F7E1/137","tid":"842","data":{"_key":"10","_id":"rwCol/10","_rev":"_f7InduW--_","rwAttr":22}}
{"tick":"1012","type":2300,"db":"rwRegister","cuid":"h8A9BB909F7E1/137","tid":"842","data":{"_key":"9","_id":"rwCol/9","_rev":"_f7Indue---","rwAttr":10}}
{"tick":"1013","type":2201,"tid":"842","db":"rwRegister"}
{"tick":"1014","type":2200,"tid":"850","db":"rwRegister"}
{"tick":"1015","type":2300,"db":"rwRegister","cuid":"h8A9BB909F7E1/137","tid":"850","data":{"_key":"10","_id":"rwCol/10","_rev":"_f7Ind4G---","rwAttr":23}}
{"tick":"1016","type":2201,"tid":"850","db":"rwRegister"}
{"tick":"1017","type":2200,"tid":"854","db":"rwRegister"}
{"tick":"1018","type":2300,"db":"rwRegister","cuid":"h8A9BB909F7E1/137","tid":"854","data":{"_key":"10","_id":"rwCol/10","_rev":"_f7IneAu---","rwAttr":24}}
{"tick":"1019","type":2201,"tid":"854","db":"rwRegister"}
{"tick":"1020","type":2200,"tid":"859","db":"rwRegister"}
{"tick":"1021","type":2300,"db":"rwRegister","cuid":"h8A9BB909F7E1/137","tid":"859","data":{"_key":"7","_id":"rwCol/7","_rev":"_f7IneIu---","rwAttr":29}}
{"tick":"1022","type":2201,"tid":"859","db":"rwRegister"}
{"tick":"1026","type":2200,"tid":"864","db":"rwRegister"}
{"tick":"1027","type":2300,"db":"rwRegister","cuid":"h8A9BB909F7E1/137","tid":"864","data":{"_key":"7","_id":"rwCol/7","_rev":"_f7InePq---","rwAttr":30}}
{"tick":"1030","type":2300,"db":"rwRegister","cuid":"h8A9BB909F7E1/137","tid":"864","data":{"_key":"10","_id":"rwCol/10","_rev":"_f7InePu---","rwAttr":25}}
{"tick":"1033","type":2300,"db":"rwRegister","cuid":"h8A9BB909F7E1/137","tid":"864","data":{"_key":"7","_id":"rwCol/7","_rev":"_f7InePy---","rwAttr":31}}
{"tick":"1036","type":2300,"db":"rwRegister","cuid":"h8A9BB909F7E1/137","tid":"864","data":{"_key":"9","_id":"rwCol/9","_rev":"_f7IneP2---","rwAttr":11}}
{"tick":"1037","type":2201,"tid":"864","db":"rwRegister"}
{"tick":"1038","type":2200,"tid":"873","db":"rwRegister"}
{"tick":"1039","type":2300,"db":"rwRegister","cuid":"h8A9BB909F7E1/137","tid":"873","data":{"_key":"7","_id":"rwCol/7","_rev":"_f7IneQW---","rwAttr":32}}
{"tick":"1042","type":2300,"db":"rwRegister","cuid":"h8A9BB909F7E1/137","tid":"873","data":{"_key":"10","_id":"rwCol/10","_rev":"_f7IneQa---","rwAttr":26}}
{"tick":"1043","type":2201,"tid":"873","db":"rwRegister"}
{"tick":"1044","type":2200,"tid":"879","db":"rwRegister"}
{"tick":"1045","type":2300,"db":"rwRegister","cuid":"h8A9BB909F7E1/137","tid":"879","data":{"_key":"9","_id":"rwCol/9","_rev":"_f7Ineay---","rwAttr":12}}
{"tick":"1046","type":2201,"tid":"879","db":"rwRegister"}
{"tick":"1047","type":2200,"tid":"882","db":"rwRegister"}
{"tick":"1048","type":2300,"db":"rwRegister","cuid":"h8A9BB909F7E1/137","tid":"882","data":{"_key":"10","_id":"rwCol/10","_rev":"_f7Inem6---","rwAttr":27}}
{"tick":"1051","type":2300,"db":"rwRegister","cuid":"h8A9BB909F7E1/137","tid":"882","data":{"_key":"10","_id":"rwCol/10","_rev":"_f7Inen----","rwAttr":28}}
{"tick":"1053","type":2300,"db":"rwRegister","cuid":"h8A9BB909F7E1/137","tid":"882","data":{"_key":"11","_id":"rwCol/11","_rev":"_f7InenC---","rwAttr":1}}
{"tick":"1056","type":2300,"db":"rwRegister","cuid":"h8A9BB909F7E1/137","tid":"882","data":{"_key":"10","_id":"rwCol/10","_rev":"_f7InenK---","rwAttr":29}}
{"tick":"1057","type":2201,"tid":"882","db":"rwRegister"}
{"tick":"1058","type":2200,"tid":"891","db":"rwRegister"}
{"tick":"1059","type":2300,"db":"rwRegister","cuid":"h8A9BB909F7E1/137","tid":"891","data":{"_key":"11","_id":"rwCol/11","_rev":"_f7InewG---","rwAttr":2}}
{"tick":"1060","type":2201,"tid":"891","db":"rwRegister"}
{"tick":"1061","type":2200,"tid":"896","db":"rwRegister"}
{"tick":"1062","type":2300,"db":"rwRegister","cuid":"h8A9BB909F7E1/137","tid":"896","data":{"_key":"10","_id":"rwCol/10","_rev":"_f7Ine0i---","rwAttr":30}}
{"tick":"1063","type":2201,"tid":"896","db":"rwRegister"}
{"tick":"1064","type":2200,"tid":"899","db":"rwRegister"}
{"tick":"1065","type":2300,"db":"rwRegister","cuid":"h8A9BB909F7E1/137","tid":"899","data":{"_key":"10","_id":"rwCol/10","_rev":"_f7Ine9m---","rwAttr":31}}
{"tick":"1068","type":2300,"db":"rwRegister","cuid":"h8A9BB909F7E1/137","tid":"899","data":{"_key":"10","_id":"rwCol/10","_rev":"_f7Ine9m--_","rwAttr":32}}
{"tick":"1069","type":2201,"tid":"899","db":"rwRegister"}
{"tick":"1070","type":2200,"tid":"908","db":"rwRegister"}
{"tick":"1071","type":2300,"db":"rwRegister","cuid":"h8A9BB909F7E1/137","tid":"908","data":{"_key":"9","_id":"rwCol/9","_rev":"_f7InfIy---","rwAttr":13}}
{"tick":"1072","type":2201,"tid":"908","db":"rwRegister"}
{"tick":"1073","type":2200,"tid":"912","db":"rwRegister"}
{"tick":"1074","type":2300,"db":"rwRegister","cuid":"h8A9BB909F7E1/137","tid":"912","data":{"_key":"11","_id":"rwCol/11","_rev":"_f7InfKG---","rwAttr":3}}
{"tick":"1077","type":2300,"db":"rwRegister","cuid":"h8A9BB909F7E1/137","tid":"912","data":{"_key":"11","_id":"rwCol/11","_rev":"_f7InfKK---","rwAttr":4}}
{"tick":"1078","type":2201,"tid":"912","db":"rwRegister"}
{"tick":"1079","type":2200,"tid":"919","db":"rwRegister"}
{"tick":"1079","type":2300,"db":"rwRegister","cuid":"h8A9BB909F7E1/137","tid":"919","data":{"_key":"12","_id":"rwCol/12","_rev":"_f7InfKm---","rwAttr":1}}
{"tick":"1082","type":2300,"db":"rwRegister","cuid":"h8A9BB909F7E1/137","tid":"919","data":{"_key":"9","_id":"rwCol/9","_rev":"_f7InfKq---","rwAttr":14}}
{"tick":"1085","type":2300,"db":"rwRegister","cuid":"h8A9BB909F7E1/137","tid":"919","data":{"_key":"12","_id":"rwCol/12","_rev":"_f7InfKq--_","rwAttr":2}}
{"tick":"1086","type":2201,"tid":"919","db":"rwRegister"}
{"tick":"1087","type":2200,"tid":"925","db":"rwRegister"}
{"tick":"1088","type":2300,"db":"rwRegister","cuid":"h8A9BB909F7E1/137","tid":"925","data":{"_key":"11","_id":"rwCol/11","_rev":"_f7InfSW---","rwAttr":5}}
{"tick":"1091","type":2300,"db":"rwRegister","cuid":"h8A9BB909F7E1/137","tid":"925","data":{"_key":"12","_id":"rwCol/12","_rev":"_f7InfSa---","rwAttr":3}}
{"tick":"1094","type":2300,"db":"rwRegister","cuid":"h8A9BB909F7E1/137","tid":"925","data":{"_key":"12","_id":"rwCol/12","_rev":"_f7InfSa--_","rwAttr":4}}
{"tick":"1095","type":2201,"tid":"925","db":"rwRegister"}
{"tick":"1096","type":2200,"tid":"931","db":"rwRegister"}
{"tick":"1097","type":2300,"db":"rwRegister","cuid":"h8A9BB909F7E1/137","tid":"931","data":{"_key":"12","_id":"rwCol/12","_rev":"_f7Infe2---","rwAttr":5}}
{"tick":"1098","type":2201,"tid":"931","db":"rwRegister"}
{"tick":"1099","type":2200,"tid":"935","db":"rwRegister"}
{"tick":"1100","type":2300,"db":"rwRegister","cuid":"h8A9BB909F7E1/137","tid":"935","data":{"_key":"12","_id":"rwCol/12","_rev":"_f7Infoe---","rwAttr":6}}
{"tick":"1103","type":2300,"db":"rwRegister","cuid":"h8A9BB909F7E1/137","tid":"935","data":{"_key":"11","_id":"rwCol/11","_rev":"_f7Infoi---","rwAttr":6}}
{"tick":"1106","type":2300,"db":"rwRegister","cuid":"h8A9BB909F7E1/137","tid":"935","data":{"_key":"11","_id":"rwCol/11","_rev":"_f7Infoi--_","rwAttr":7}}
{"tick":"1107","type":2201,"tid":"935","db":"rwRegister"}
{"tick":"1108","type":2200,"tid":"939","db":"rwRegister"}
{"tick":"1109","type":2300,"db":"rwRegister","cuid":"h8A9BB909F7E1/137","tid":"939","data":{"_key":"12","_id":"rwCol/12","_rev":"_f7InfrC---","rwAttr":7}}
{"tick":"1112","type":2300,"db":"rwRegister","cuid":"h8A9BB909F7E1/137","tid":"939","data":{"_key":"12","_id":"rwCol/12","_rev":"_f7InfrG---","rwAttr":8}}
{"tick":"1113","type":2201,"tid":"939","db":"rwRegister"}
{"tick":"1114","type":2200,"tid":"943","db":"rwRegister"}
{"tick":"1115","type":2300,"db":"rwRegister","cuid":"h8A9BB909F7E1/137","tid":"943","data":{"_key":"12","_id":"rwCol/12","_rev":"_f7InfsK---","rwAttr":9}}
{"tick":"1116","type":2201,"tid":"943","db":"rwRegister"}
{"tick":"1117","type":2200,"tid":"956","db":"rwRegister"}
{"tick":"1118","type":2300,"db":"rwRegister","cuid":"h8A9BB909F7E1/137","tid":"956","data":{"_key":"9","_id":"rwCol/9","_rev":"_f7Inf4u---","rwAttr":15}}
{"tick":"1121","type":2300,"db":"rwRegister","cuid":"h8A9BB909F7E1/137","tid":"956","data":{"_key":"9","_id":"rwCol/9","_rev":"_f7Inf4y---","rwAttr":16}}
{"tick":"1124","type":2300,"db":"rwRegister","cuid":"h8A9BB909F7E1/137","tid":"956","data":{"_key":"12","_id":"rwCol/12","_rev":"_f7Inf4y--_","rwAttr":10}}
{"tick":"1125","type":2201,"tid":"956","db":"rwRegister"}
{"tick":"1126","type":2200,"tid":"965","db":"rwRegister"}
{"tick":"1127","type":2300,"db":"rwRegister","cuid":"h8A9BB909F7E1/137","tid":"965","data":{"_key":"12","_id":"rwCol/12","_rev":"_f7Ing-a---","rwAttr":11}}
{"tick":"1130","type":2300,"db":"rwRegister","cuid":"h8A9BB909F7E1/137","tid":"965","data":{"_key":"11","_id":"rwCol/11","_rev":"_f7Ing-e---","rwAttr":8}}
{"tick":"1133","type":2300,"db":"rwRegister","cuid":"h8A9BB909F7E1/137","tid":"965","data":{"_key":"12","_id":"rwCol/12","_rev":"_f7Ing-i---","rwAttr":12}}
{"tick":"1136","type":2300,"db":"rwRegister","cuid":"h8A9BB909F7E1/137","tid":"965","data":{"_key":"9","_id":"rwCol/9","_rev":"_f7Ing-m---","rwAttr":17}}
{"tick":"1139","type":2300,"db":"rwRegister","cuid":"h8A9BB909F7E1/137","tid":"965","data":{"_key":"12","_id":"rwCol/12","_rev":"_f7Ing-u---","rwAttr":13}}
{"tick":"1140","type":2201,"tid":"965","db":"rwRegister"}
{"tick":"1141","type":2200,"tid":"974","db":"rwRegister"}
{"tick":"1142","type":2300,"db":"rwRegister","cuid":"h8A9BB909F7E1/137","tid":"974","data":{"_key":"11","_id":"rwCol/11","_rev":"_f7Ing_6---","rwAttr":9}}
{"tick":"1143","type":2201,"tid":"974","db":"rwRegister"}
{"tick":"1144","type":2200,"tid":"978","db":"rwRegister"}
{"tick":"1145","type":2300,"db":"rwRegister","cuid":"h8A9BB909F7E1/137","tid":"978","data":{"_key":"11","_id":"rwCol/11","_rev":"_f7IngJa---","rwAttr":10}}
{"tick":"1146","type":2201,"tid":"978","db":"rwRegister"}
{"tick":"1147","type":2200,"tid":"981","db":"rwRegister"}
{"tick":"1148","type":2300,"db":"rwRegister","cuid":"h8A9BB909F7E1/137","tid":"981","data":{"_key":"12","_id":"rwCol/12","_rev":"_f7IngT----","rwAttr":14}}
{"tick":"1151","type":2300,"db":"rwRegister","cuid":"h8A9BB909F7E1/137","tid":"981","data":{"_key":"12","_id":"rwCol/12","_rev":"_f7IngTK---","rwAttr":15}}
{"tick":"1154","type":2300,"db":"rwRegister","cuid":"h8A9BB909F7E1/137","tid":"981","data":{"_key":"12","_id":"rwCol/12","_rev":"_f7IngTS---","rwAttr":16}}
{"tick":"1155","type":2201,"tid":"981","db":"rwRegister"}
{"tick":"1156","type":2200,"tid":"989","db":"rwRegister"}
{"tick":"1157","type":2300,"db":"rwRegister","cuid":"h8A9BB909F7E1/137","tid":"989","data":{"_key":"9","_id":"rwCol/9","_rev":"_f7IngUm---","rwAttr":18}}
{"tick":"1158","type":2201,"tid":"989","db":"rwRegister"}
{"tick":"1159","type":2200,"tid":"994","db":"rwRegister"}
{"tick":"1160","type":2300,"db":"rwRegister","cuid":"h8A9BB909F7E1/137","tid":"994","data":{"_key":"11","_id":"rwCol/11","_rev":"_f7Ingce---","rwAttr":11}}
{"tick":"1161","type":2201,"tid":"994","db":"rwRegister"}
{"tick":"1165","type":2200,"tid":"1000","db":"rwRegister"}
{"tick":"1166","type":2300,"db":"rwRegister","cuid":"h8A9BB909F7E1/137","tid":"1000","data":{"_key":"12","_id":"rwCol/12","_rev":"_f7IngmG---","rwAttr":17}}
{"tick":"1167","type":2201,"tid":"1000","db":"rwRegister"}
{"tick":"1168","type":2200,"tid":"1004","db":"rwRegister"}
{"tick":"1169","type":2300,"db":"rwRegister","cuid":"h8A9BB909F7E1/137","tid":"1004","data":{"_key":"12","_id":"rwCol/12","_rev":"_f7Ingx2---","rwAttr":18}}
{"tick":"1172","type":2300,"db":"rwRegister","cuid":"h8A9BB909F7E1/137","tid":"1004","data":{"_key":"12","_id":"rwCol/12","_rev":"_f7Ingy----","rwAttr":19}}
{"tick":"1175","type":2300,"db":"rwRegister","cuid":"h8A9BB909F7E1/137","tid":"1004","data":{"_key":"12","_id":"rwCol/12","_rev":"_f7Ingy---_","rwAttr":20}}
{"tick":"1178","type":2300,"db":"rwRegister","cuid":"h8A9BB909F7E1/137","tid":"1004","data":{"_key":"11","_id":"rwCol/11","_rev":"_f7IngyG---","rwAttr":12}}
{"tick":"1181","type":2300,"db":"rwRegister","cuid":"h8A9BB909F7E1/137","tid":"1004","data":{"_key":"9","_id":"rwCol/9","_rev":"_f7IngyK---","rwAttr":19}}
{"tick":"1184","type":2300,"db":"rwRegister","cuid":"h8A9BB909F7E1/137","tid":"1004","data":{"_key":"9","_id":"rwCol/9","_rev":"_f7IngyO---","rwAttr":20}}
{"tick":"1185","type":2201,"tid":"1004","db":"rwRegister"}
{"tick":"1186","type":2200,"tid":"1013","db":"rwRegister"}
{"tick":"1187","type":2300,"db":"rwRegister","cuid":"h8A9BB909F7E1/137","tid":"1013","data":{"_key":"12","_id":"rwCol/12","_rev":"_f7Ingy2---","rwAttr":21}}
{"tick":"1190","type":2300,"db":"rwRegister","cuid":"h8A9BB909F7E1/137","tid":"1013","data":{"_key":"12","_id":"rwCol/12","_rev":"_f7Ingy6---","rwAttr":22}}
{"tick":"1193","type":2300,"db":"rwRegister","cuid":"h8A9BB909F7E1/137","tid":"1013","data":{"_key":"12","_id":"rwCol/12","_rev":"_f7Ingz----","rwAttr":23}}
{"tick":"1196","type":2300,"db":"rwRegister","cuid":"h8A9BB909F7E1/137","tid":"1013","data":{"_key":"12","_id":"rwCol/12","_rev":"_f7IngzC---","rwAttr":24}}
{"tick":"1197","type":2201,"tid":"1013","db":"rwRegister"}
{"tick":"1198","type":2200,"tid":"1021","db":"rwRegister"}
{"tick":"1199","type":2300,"db":"rwRegister","cuid":"h8A9BB909F7E1/137","tid":"1021","data":{"_key":"12","_id":"rwCol/12","_rev":"_f7Inh-O---","rwAttr":25}}
{"tick":"1202","type":2300,"db":"rwRegister","cuid":"h8A9BB909F7E1/137","tid":"1021","data":{"_key":"12","_id":"rwCol/12","_rev":"_f7Inh-S---","rwAttr":26}}
{"tick":"1205","type":2300,"db":"rwRegister","cuid":"h8A9BB909F7E1/137","tid":"1021","data":{"_key":"11","_id":"rwCol/11","_rev":"_f7Inh-W---","rwAttr":13}}
{"tick":"1206","type":2201,"tid":"1021","db":"rwRegister"}
{"tick":"1207","type":2200,"tid":"1029","db":"rwRegister"}
{"tick":"1208","type":2300,"db":"rwRegister","cuid":"h8A9BB909F7E1/137","tid":"1029","data":{"_key":"11","_id":"rwCol/11","_rev":"_f7InhJ6---","rwAttr":14}}
{"tick":"1211","type":2300,"db":"rwRegister","cuid":"h8A9BB909F7E1/137","tid":"1029","data":{"_key":"12","_id":"rwCol/12","_rev":"_f7InhKC---","rwAttr":27}}
{"tick":"1214","type":2300,"db":"rwRegister","cuid":"h8A9BB909F7E1/137","tid":"1029","data":{"_key":"12","_id":"rwCol/12","_rev":"_f7InhKG---","rwAttr":28}}
{"tick":"1217","type":2300,"db":"rwRegister","cuid":"h8A9BB909F7E1/137","tid":"1029","data":{"_key":"11","_id":"rwCol/11","_rev":"_f7InhKK---","rwAttr":15}}
{"tick":"1220","type":2300,"db":"rwRegister","cuid":"h8A9BB909F7E1/137","tid":"1029","data":{"_key":"11","_id":"rwCol/11","_rev":"_f7InhKS---","rwAttr":16}}
{"tick":"1221","type":2201,"tid":"1029","db":"rwRegister"}
{"tick":"1222","type":2200,"tid":"1038","db":"rwRegister"}
{"tick":"1223","type":2300,"db":"rwRegister","cuid":"h8A9BB909F7E1/137","tid":"1038","data":{"_key":"12","_id":"rwCol/12","_rev":"_f7InhUC---","rwAttr":29}}
{"tick":"1226","type":2300,"db":"rwRegister","cuid":"h8A9BB909F7E1/137","tid":"1038","data":{"_key":"11","_id":"rwCol/11","_rev":"_f7InhUG---","rwAttr":17}}
{"tick":"1227","type":2201,"tid":"1038","db":"rwRegister"}
{"tick":"1228","type":2200,"tid":"1041","db":"rwRegister"}
{"tick":"1229","type":2300,"db":"rwRegister","cuid":"h8A9BB909F7E1/137","tid":"1041","data":{"_key":"12","_id":"rwCol/12","_rev":"_f7InhZm---","rwAttr":30}}
{"tick":"1230","type":2201,"tid":"1041","db":"rwRegister"}
{"tick":"1231","type":2200,"tid":"1045","db":"rwRegister"}
{"tick":"1232","type":2300,"db":"rwRegister","cuid":"h8A9BB909F7E1/137","tid":"1045","data":{"_key":"11","_id":"rwCol/11","_rev":"_f7InhgW---","rwAttr":18}}
{"tick":"1235","type":2300,"db":"rwRegister","cuid":"h8A9BB909F7E1/137","tid":"1045","data":{"_key":"9","_id":"rwCol/9","_rev":"_f7Inhge---","rwAttr":21}}
{"tick":"1238","type":2300,"db":"rwRegister","cuid":"h8A9BB909F7E1/137","tid":"1045","data":{"_key":"12","_id":"rwCol/12","_rev":"_f7Inhge--_","rwAttr":31}}
{"tick":"1241","type":2300,"db":"rwRegister","cuid":"h8A9BB909F7E1/137","tid":"1045","data":{"_key":"12","_id":"rwCol/12","_rev":"_f7Inhgi---","rwAttr":32}}
{"tick":"1242","type":2201,"tid":"1045","db":"rwRegister"}
{"tick":"1243","type":2200,"tid":"1053","db":"rwRegister"}
{"tick":"1243","type":2300,"db":"rwRegister","cuid":"h8A9BB909F7E1/137","tid":"1053","data":{"_key":"13","_id":"rwCol/13","_rev":"_f7Inhp6---","rwAttr":1}}
{"tick":"1246","type":2300,"db":"rwRegister","cuid":"h8A9BB909F7E1/137","tid":"1053","data":{"_key":"11","_id":"rwCol/11","_rev":"_f7Inhq----","rwAttr":19}}
{"tick":"1249","type":2300,"db":"rwRegister","cuid":"h8A9BB909F7E1/137","tid":"1053","data":{"_key":"13","_id":"rwCol/13","_rev":"_f7InhqC---","rwAttr":2}}
{"tick":"1252","type":2300,"db":"rwRegister","cuid":"h8A9BB909F7E1/137","tid":"1053","data":{"_key":"13","_id":"rwCol/13","_rev":"_f7InhqG---","rwAttr":3}}
{"tick":"1255","type":2300,"db":"rwRegister","cuid":"h8A9BB909F7E1/137","tid":"1053","data":{"_key":"9","_id":"rwCol/9","_rev":"_f7InhqG--_","rwAttr":22}}
{"tick":"1256","type":2201,"tid":"1053","db":"rwRegister"}
{"tick":"1257","type":2200,"tid":"1062","db":"rwRegister"}
{"tick":"1258","type":2300,"db":"rwRegister","cuid":"h8A9BB909F7E1/137","tid":"1062","data":{"_key":"13","_id":"rwCol/13","_rev":"_f7InhwC---","rwAttr":4}}
{"tick":"1261","type":2300,"db":"rwRegister","cuid":"h8A9BB909F7E1/137","tid":"1062","data":{"_key":"11","_id":"rwCol/11","_rev":"_f7InhwC--_","rwAttr":20}}
{"tick":"1264","type":2300,"db":"rwRegister","cuid":"h8A9BB909F7E1/137","tid":"1062","data":{"_key":"13","_id":"rwCol/13","_rev":"_f7InhwK---","rwAttr":5}}
{"tick":"1267","type":2300,"db":"rwRegister","cuid":"h8A9BB909F7E1/137","tid":"1062","data":{"_key":"13","_id":"rwCol/13","_rev":"_f7InhwO---","rwAttr":6}}
{"tick":"1270","type":2300,"db":"rwRegister","cuid":"h8A9BB909F7E1/137","tid":"1062","data":{"_key":"13","_id":"rwCol/13","_rev":"_f7InhwO--_","rwAttr":7}}
{"tick":"1271","type":2201,"tid":"1062","db":"rwRegister"}
{"tick":"1272","type":2200,"tid":"1069","db":"rwRegister"}
{"tick":"1273","type":2300,"db":"rwRegister","cuid":"h8A9BB909F7E1/137","tid":"1069","data":{"_key":"11","_id":"rwCol/11","_rev":"_f7Inh8G---","rwAttr":21}}
{"tick":"1276","type":2300,"db":"rwRegister","cuid":"h8A9BB909F7E1/137","tid":"1069","data":{"_key":"13","_id":"rwCol/13","_rev":"_f7Inh8O---","rwAttr":8}}
{"tick":"1277","type":2201,"tid":"1069","db":"rwRegister"}
{"tick":"1278","type":2200,"tid":"1076","db":"rwRegister"}
{"tick":"1279","type":2300,"db":"rwRegister","cuid":"h8A9BB909F7E1/137","tid":"1076","data":{"_key":"11","_id":"rwCol/11","_rev":"_f7IniBW---","rwAttr":22}}
{"tick":"1282","type":2300,"db":"rwRegister","cuid":"h8A9BB909F7E1/137","tid":"1076","data":{"_key":"11","_id":"rwCol/11","_rev":"_f7IniBW--_","rwAttr":23}}
{"tick":"1285","type":2300,"db":"rwRegister","cuid":"h8A9BB909F7E1/137","tid":"1076","data":{"_key":"13","_id":"rwCol/13","_rev":"_f7IniBa---","rwAttr":9}}
{"tick":"1288","type":2300,"db":"rwRegister","cuid":"h8A9BB909F7E1/137","tid":"1076","data":{"_key":"13","_id":"rwCol/13","_rev":"_f7IniBe---","rwAttr":10}}
{"tick":"1289","type":2201,"tid":"1076","db":"rwRegister"}
{"tick":"1290","type":2200,"tid":"1085","db":"rwRegister"}
{"tick":"1291","type":2300,"db":"rwRegister","cuid":"h8A9BB909F7E1/137","tid":"1085","data":{"_key":"13","_id":"rwCol/13","_rev":"_f7IniCm---","rwAttr":11}}
{"tick":"1294","type":2300,"db":"rwRegister","cuid":"h8A9BB909F7E1/137","tid":"1085","data":{"_key":"13","_id":"rwCol/13","_rev":"_f7IniCq---","rwAttr":12}}
{"tick":"1297","type":2300,"db":"rwRegister","cuid":"h8A9BB909F7E1/137","tid":"1085","data":{"_key":"13","_id":"rwCol/13","_rev":"_f7IniCy---","rwAttr":13}}
{"tick":"1300","type":2300,"db":"rwRegister","cuid":"h8A9BB909F7E1/137","tid":"1085","data":{"_key":"13","_id":"rwCol/13","_rev":"_f7IniC2---","rwAttr":14}}
{"tick":"1303","type":2300,"db":"rwRegister","cuid":"h8A9BB909F7E1/137","tid":"1085","data":{"_key":"9","_id":"rwCol/9","_rev":"_f7IniC2--_","rwAttr":23}}
{"tick":"1304","type":2201,"tid":"1085","db":"rwRegister"}
{"tick":"1305","type":2200,"tid":"1094","db":"rwRegister"}
{"tick":"1306","type":2300,"db":"rwRegister","cuid":"h8A9BB909F7E1/137","tid":"1094","data":{"_key":"11","_id":"rwCol/11","_rev":"_f7IniOa---","rwAttr":24}}
{"tick":"1309","type":2300,"db":"rwRegister","cuid":"h8A9BB909F7E1/137","tid":"1094","data":{"_key":"13","_id":"rwCol/13","_rev":"_f7IniOa--_","rwAttr":15}}
{"tick":"1310","type":2201,"tid":"1094","db":"rwRegister"}
{"tick":"1311","type":2200,"tid":"1100","db":"rwRegister"}
{"tick":"1312","type":2300,"db":"rwRegister","cuid":"h8A9BB909F7E1/137","tid":"1100","data":{"_key":"13","_id":"rwCol/13","_rev":"_f7IniVq---","rwAttr":16}}
{"tick":"1315","type":2300,"db":"rwRegister","cuid":"h8A9BB909F7E1/137","tid":"1100","data":{"_key":"13","_id":"rwCol/13","_rev":"_f7IniVq--_","rwAttr":17}}
{"tick":"1318","type":2300,"db":"rwRegister","cuid":"h8A9BB909F7E1/137","tid":"1100","data":{"_key":"9","_id":"rwCol/9","_rev":"_f7IniVy---","rwAttr":24}}
{"tick":"1321","type":2300,"db":"rwRegister","cuid":"h8A9BB909F7E1/137","tid":"1100","data":{"_key":"13","_id":"rwCol/13","_rev":"_f7IniV2---","rwAttr":18}}
{"tick":"1322","type":2201,"tid":"1100","db":"rwRegister"}
{"tick":"1323","type":2200,"tid":"1109","db":"rwRegister"}
{"tick":"1324","type":2300,"db":"rwRegister","cuid":"h8A9BB909F7E1/137","tid":"1109","data":{"_key":"9","_id":"rwCol/9","_rev":"_f7Inia----","rwAttr":25}}
{"tick":"1327","type":2300,"db":"rwRegister","cuid":"h8A9BB909F7E1/137","tid":"1109","data":{"_key":"13","_id":"rwCol/13","_rev":"_f7IniaC---","rwAttr":19}}
{"tick":"1328","type":2201,"tid":"1109","db":"rwRegister"}
{"tick":"1329","type":2200,"tid":"1116","db":"rwRegister"}
{"tick":"1330","type":2300,"db":"rwRegister","cuid":"h8A9BB909F7E1/137","tid":"1116","data":{"_key":"13","_id":"rwCol/13","_rev":"_f7Inigu---","rwAttr":20}}
{"tick":"1333","type":2300,"db":"rwRegister","cuid":"h8A9BB909F7E1/137","tid":"1116","data":{"_key":"11","_id":"rwCol/11","_rev":"_f7Inigy---","rwAttr":25}}
{"tick":"1336","type":2300,"db":"rwRegister","cuid":"h8A9BB909F7E1/137","tid":"1116","data":{"_key":"11","_id":"rwCol/11","_rev":"_f7Inig6---","rwAttr":26}}
{"tick":"1337","type":2201,"tid":"1116","db":"rwRegister"}
{"tick":"1338","type":2200,"tid":"1122","db":"rwRegister"}
{"tick":"1339","type":2300,"db":"rwRegister","cuid":"h8A9BB909F7E1/137","tid":"1122","data":{"_key":"13","_id":"rwCol/13","_rev":"_f7Inilq---","rwAttr":21}}
{"tick":"1342","type":2300,"db":"rwRegister","cuid":"h8A9BB909F7E1/137","tid":"1122","data":{"_key":"13","_id":"rwCol/13","_rev":"_f7Inilu---","rwAttr":22}}
{"tick":"1345","type":2300,"db":"rwRegister","cuid":"h8A9BB909F7E1/137","tid":"1122","data":{"_key":"13","_id":"rwCol/13","_rev":"_f7Inil2---","rwAttr":23}}
{"tick":"1346","type":2201,"tid":"1122","db":"rwRegister"}
{"tick":"1347","type":2200,"tid":"1131","db":"rwRegister"}
{"tick":"1348","type":2300,"db":"rwRegister","cuid":"h8A9BB909F7E1/137","tid":"1131","data":{"_key":"13","_id":"rwCol/13","_rev":"_f7Iniom---","rwAttr":24}}
{"tick":"1351","type":2300,"db":"rwRegister","cuid":"h8A9BB909F7E1/137","tid":"1131","data":{"_key":"13","_id":"rwCol/13","_rev":"_f7Iniou---","rwAttr":25}}
{"tick":"1352","type":2201,"tid":"1131","db":"rwRegister"}
{"tick":"1353","type":2200,"tid":"1138","db":"rwRegister"}
{"tick":"1354","type":2300,"db":"rwRegister","cuid":"h8A9BB909F7E1/137","tid":"1138","data":{"_key":"9","_id":"rwCol/9","_rev":"_f7Iniu6---","rwAttr":26}}
{"tick":"1357","type":2300,"db":"rwRegister","cuid":"h8A9BB909F7E1/137","tid":"1138","data":{"_key":"13","_id":"rwCol/13","_rev":"_f7Iniu6--_","rwAttr":26}}
{"tick":"1360","type":2300,"db":"rwRegister","cuid":"h8A9BB909F7E1/137","tid":"1138","data":{"_key":"13","_id":"rwCol/13","_rev":"_f7Iniv----","rwAttr":27}}
{"tick":"1363","type":2300,"db":"rwRegister","cuid":"h8A9BB909F7E1/137","tid":"1138","data":{"_key":"11","_id":"rwCol/11","_rev":"_f7Iniv---_","rwAttr":27}}
{"tick":"1366","type":2300,"db":"rwRegister","cuid":"h8A9BB909F7E1/137","tid":"1138","data":{"_key":"11","_id":"rwCol/11","_rev":"_f7InivC---","rwAttr":28}}
{"tick":"1367","type":2201,"tid":"1138","db":"rwRegister"}
{"tick":"1368","type":2200,"tid":"1145","db":"rwRegister"}
{"tick":"1369","type":2300,"db":"rwRegister","cuid":"h8A9BB909F7E1/137","tid":"1145","data":{"_key":"11","_id":"rwCol/11","_rev":"_f7Ini16---","rwAttr":29}}
{"tick":"1372","type":2300,"db":"rwRegister","cuid":"h8A9BB909F7E1/137","tid":"1145","data":{"_key":"13","_id":"rwCol/13","_rev":"_f7Ini2----","rwAttr":28}}
{"tick":"1373","type":2201,"tid":"1145","db":"rwRegister"}
{"tick":"1374","type":2200,"tid":"1149","db":"rwRegister"}
{"tick":"1375","type":2300,"db":"rwRegister","cuid":"h8A9BB909F7E1/137","tid":"1149","data":{"_key":"13","_id":"rwCol/13","_rev":"_f7Inj-K---","rwAttr":29}}
{"tick":"1378","type":2300,"db":"rwRegister","cuid":"h8A9BB909F7E1/137","tid":"1149","data":{"_key":"13","_id":"rwCol/13","_rev":"_f7Inj-S---","rwAttr":30}}
{"tick":"1379","type":2201,"tid":"1149","db":"rwRegister"}
{"tick":"1384","type":2200,"tid":"1155","db":"rwRegister"}
{"tick":"1385","type":2300,"db":"rwRegister","cuid":"h8A9BB909F7E1/137","tid":"1155","data":{"_key":"13","_id":"rwCol/13","_rev":"_f7InjKW---","rwAttr":31}}
{"tick":"1386","type":2201,"tid":"1155","db":"rwRegister"}
{"tick":"1393","type":2200,"tid":"1162","db":"rwRegister"}
{"tick":"1394","type":2300,"db":"rwRegister","cuid":"h8A9BB909F7E1/137","tid":"1162","data":{"_key":"13","_id":"rwCol/13","_rev":"_f7InjQ2---","rwAttr":32}}
{"tick":"1397","type":2300,"db":"rwRegister","cuid":"h8A9BB909F7E1/137","tid":"1162","data":{"_key":"9","_id":"rwCol/9","_rev":"_f7InjRC---","rwAttr":27}}
{"tick":"1400","type":2300,"db":"rwRegister","cuid":"h8A9BB909F7E1/137","tid":"1162","data":{"_key":"9","_id":"rwCol/9","_rev":"_f7InjRG---","rwAttr":28}}
{"tick":"1403","type":2300,"db":"rwRegister","cuid":"h8A9BB909F7E1/137","tid":"1162","data":{"_key":"11","_id":"rwCol/11","_rev":"_f7InjRG--_","rwAttr":30}}
{"tick":"1404","type":2201,"tid":"1162","db":"rwRegister"}
{"tick":"1405","type":2200,"tid":"1171","db":"rwRegister"}
{"tick":"1405","type":2300,"db":"rwRegister","cuid":"h8A9BB909F7E1/137","tid":"1171","data":{"_key":"14","_id":"rwCol/14","_rev":"_f7InjVC---","rwAttr":1}}
{"tick":"1408","type":2300,"db":"rwRegister","cuid":"h8A9BB909F7E1/137","tid":"1171","data":{"_key":"14","_id":"rwCol/14","_rev":"_f7InjVG---","rwAttr":2}}
{"tick":"1411","type":2300,"db":"rwRegister","cuid":"h8A9BB909F7E1/137","tid":"1171","data":{"_key":"11","_id":"rwCol/11","_rev":"_f7InjVS---","rwAttr":31}}
{"tick":"1412","type":2201,"tid":"1171","db":"rwRegister"}
{"tick":"1413","type":2200,"tid":"1179","db":"rwRegister"}
{"tick":"1414","type":2300,"db":"rwRegister","cuid":"h8A9BB909F7E1/137","tid":"1179","data":{"_key":"14","_id":"rwCol/14","_rev":"_f7InjVq---","rwAttr":3}}
{"tick":"1417","type":2300,"db":"rwRegister","cuid":"h8A9BB909F7E1/137","tid":"1179","data":{"_key":"14","_id":"rwCol/14","_rev":"_f7InjVq--_","rwAttr":4}}
{"tick":"1418","type":2201,"tid":"1179","db":"rwRegister"}
{"tick":"1419","type":2200,"tid":"1182","db":"rwRegister"}
{"tick":"1420","type":2300,"db":"rwRegister","cuid":"h8A9BB909F7E1/137","tid":"1182","data":{"_key":"14","_id":"rwCol/14","_rev":"_f7InjW2---","rwAttr":5}}
{"tick":"1423","type":2300,"db":"rwRegister","cuid":"h8A9BB909F7E1/137","tid":"1182","data":{"_key":"14","_id":"rwCol/14","_rev":"_f7InjW6---","rwAttr":6}}
{"tick":"1426","type":2300,"db":"rwRegister","cuid":"h8A9BB909F7E1/137","tid":"1182","data":{"_key":"14","_id":"rwCol/14","_rev":"_f7InjX----","rwAttr":7}}
{"tick":"1429","type":2300,"db":"rwRegister","cuid":"h8A9BB909F7E1/137","tid":"1182","data":{"_key":"9","_id":"rwCol/9","_rev":"_f7InjXC---","rwAttr":29}}
{"tick":"1430","type":2201,"tid":"1182","db":"rwRegister"}
{"tick":"1431","type":2200,"tid":"1190","db":"rwRegister"}
{"tick":"1432","type":2300,"db":"rwRegister","cuid":"h8A9BB909F7E1/137","tid":"1190","data":{"_key":"14","_id":"rwCol/14","_rev":"_f7Injhu---","rwAttr":8}}
{"tick":"1435","type":2300,"db":"rwRegister","cuid":"h8A9BB909F7E1/137","tid":"1190","data":{"_key":"14","_id":"rwCol/14","_rev":"_f7Injh2---","rwAttr":9}}
{"tick":"1436","type":2201,"tid":"1190","db":"rwRegister"}
{"tick":"1437","type":2200,"tid":"1200","db":"rwRegister"}
{"tick":"1438","type":2300,"db":"rwRegister","cuid":"h8A9BB909F7E1/137","tid":"1200","data":{"_key":"14","_id":"rwCol/14","_rev":"_f7Inj4m---","rwAttr":10}}
{"tick":"1439","type":2201,"tid":"1200","db":"rwRegister"}
{"tick":"1440","type":2200,"tid":"1209","db":"rwRegister"}
{"tick":"1441","type":2300,"db":"rwRegister","cuid":"h8A9BB909F7E1/137","tid":"1209","data":{"_key":"14","_id":"rwCol/14","_rev":"_f7InkCi---","rwAttr":11}}
{"tick":"1442","type":2201,"tid":"1209","db":"rwRegister"}
{"tick":"1443","type":2200,"tid":"1213","db":"rwRegister"}
{"tick":"1444","type":2300,"db":"rwRegister","cuid":"h8A9BB909F7E1/137","tid":"1213","data":{"_key":"14","_id":"rwCol/14","_rev":"_f7InkIG---","rwAttr":12}}
{"tick":"1447","type":2300,"db":"rwRegister","cuid":"h8A9BB909F7E1/137","tid":"1213","data":{"_key":"14","_id":"rwCol/14","_rev":"_f7InkIK---","rwAttr":13}}
{"tick":"1450","type":2300,"db":"rwRegister","cuid":"h8A9BB909F7E1/137","tid":"1213","data":{"_key":"14","_id":"rwCol/14","_rev":"_f7InkIO---","rwAttr":14}}
{"tick":"1453","type":2300,"db":"rwRegister","cuid":"h8A9BB909F7E1/137","tid":"1213","data":{"_key":"14","_id":"rwCol/14","_rev":"_f7InkIS---","rwAttr":15}}
{"tick":"1456","type":2300,"db":"rwRegister","cuid":"h8A9BB909F7E1/137","tid":"1213","data":{"_key":"14","_id":"rwCol/14","_rev":"_f7InkIa---","rwAttr":16}}
{"tick":"1457","type":2201,"tid":"1213","db":"rwRegister"}
{"tick":"1458","type":2200,"tid":"1221","db":"rwRegister"}
{"tick":"1459","type":2300,"db":"rwRegister","cuid":"h8A9BB909F7E1/137","tid":"1221","data":{"_key":"14","_id":"rwCol/14","_rev":"_f7InkJS---","rwAttr":17}}
{"tick":"1462","type":2300,"db":"rwRegister","cuid":"h8A9BB909F7E1/137","tid":"1221","data":{"_key":"14","_id":"rwCol/14","_rev":"_f7InkJS--_","rwAttr":18}}
{"tick":"1463","type":2201,"tid":"1221","db":"rwRegister"}
{"tick":"1464","type":2200,"tid":"1226","db":"rwRegister"}
{"tick":"1465","type":2300,"db":"rwRegister","cuid":"h8A9BB909F7E1/137","tid":"1226","data":{"_key":"14","_id":"rwCol/14","_rev":"_f7InkKO---","rwAttr":19}}
{"tick":"1468","type":2300,"db":"rwRegister","cuid":"h8A9BB909F7E1/137","tid":"1226","data":{"_key":"14","_id":"rwCol/14","_rev":"_f7InkKS---","rwAttr":20}}
{"tick":"1471","type":2300,"db":"rwRegister","cuid":"h8A9BB909F7E1/137","tid":"1226","data":{"_key":"14","_id":"rwCol/14","_rev":"_f7InkKS--_","rwAttr":21}}
{"tick":"1474","type":2300,"db":"rwRegister","cuid":"h8A9BB909F7E1/137","tid":"1226","data":{"_key":"11","_id":"rwCol/11","_rev":"_f7InkKW---","rwAttr":32}}
{"tick":"1475","type":2201,"tid":"1226","db":"rwRegister"}
{"tick":"1476","type":2200,"tid":"1239","db":"rwRegister"}
{"tick":"1476","type":2300,"db":"rwRegister","cuid":"h8A9BB909F7E1/137","tid":"1239","data":{"_key":"15","_id":"rwCol/15","_rev":"_f7InkSy---","rwAttr":1}}
{"tick":"1479","type":2300,"db":"rwRegister","cuid":"h8A9BB909F7E1/137","tid":"1239","data":{"_key":"9","_id":"rwCol/9","_rev":"_f7InkSy--_","rwAttr":30}}
{"tick":"1482","type":2300,"db":"rwRegister","cuid":"h8A9BB909F7E1/137","tid":"1239","data":{"_key":"15","_id":"rwCol/15","_rev":"_f7InkS2---","rwAttr":2}}
{"tick":"1485","type":2300,"db":"rwRegister","cuid":"h8A9BB909F7E1/137","tid":"1239","data":{"_key":"14","_id":"rwCol/14","_rev":"_f7InkS6---","rwAttr":22}}
{"tick":"1488","type":2300,"db":"rwRegister","cuid":"h8A9BB909F7E1/137","tid":"1239","data":{"_key":"14","_id":"rwCol/14","_rev":"_f7InkS6--_","rwAttr":23}}
{"tick":"1489","type":2201,"tid":"1239","db":"rwRegister"}
{"tick":"1490","type":2200,"tid":"1247","db":"rwRegister"}
{"tick":"1491","type":2300,"db":"rwRegister","cuid":"h8A9BB909F7E1/137","tid":"1247","data":{"_key":"9","_id":"rwCol/9","_rev":"_f7InkbG---","rwAttr":31}}
{"tick":"1494","type":2300,"db":"rwRegister","cuid":"h8A9BB909F7E1/137","tid":"1247","data":{"_key":"14","_id":"rwCol/14","_rev":"_f7InkbG--_","rwAttr":24}}
{"tick":"1495","type":2201,"tid":"1247","db":"rwRegister"}
{"tick":"1496","type":2200,"tid":"1255","db":"rwRegister"}
{"tick":"1497","type":2300,"db":"rwRegister","cuid":"h8A9BB909F7E1/137","tid":"1255","data":{"_key":"14","_id":"rwCol/14","_rev":"_f7InkjG---","rwAttr":25}}
{"tick":"1500","type":2300,"db":"rwRegister","cuid":"h8A9BB909F7E1/137","tid":"1255","data":{"_key":"9","_id":"rwCol/9","_rev":"_f7InkjK---","rwAttr":32}}
{"tick":"1503","type":2300,"db":"rwRegister","cuid":"h8A9BB909F7E1/137","tid":"1255","data":{"_key":"14","_id":"rwCol/14","_rev":"_f7InkjO---","rwAttr":26}}
{"tick":"1504","type":2201,"tid":"1255","db":"rwRegister"}
{"tick":"1505","type":2200,"tid":"1263","db":"rwRegister"}
{"tick":"1506","type":2300,"db":"rwRegister","cuid":"h8A9BB909F7E1/137","tid":"1263","data":{"_key":"14","_id":"rwCol/14","_rev":"_f7InkoO---","rwAttr":27}}
{"tick":"1509","type":2300,"db":"rwRegister","cuid":"h8A9BB909F7E1/137","tid":"1263","data":{"_key":"14","_id":"rwCol/14","_rev":"_f7InkoS---","rwAttr":28}}
{"tick":"1512","type":2300,"db":"rwRegister","cuid":"h8A9BB909F7E1/137","tid":"1263","data":{"_key":"14","_id":"rwCol/14","_rev":"_f7InkoW---","rwAttr":29}}
{"tick":"1513","type":2201,"tid":"1263","db":"rwRegister"}
{"tick":"1514","type":2200,"tid":"1272","db":"rwRegister"}
{"tick":"1515","type":2300,"db":"rwRegister","cuid":"h8A9BB909F7E1/137","tid":"1272","data":{"_key":"14","_id":"rwCol/14","_rev":"_f7Ink6y---","rwAttr":30}}
{"tick":"1518","type":2300,"db":"rwRegister","cuid":"h8A9BB909F7E1/137","tid":"1272","data":{"_key":"14","_id":"rwCol/14","_rev":"_f7Ink62---","rwAttr":31}}
{"tick":"1519","type":2201,"tid":"1272","db":"rwRegister"}
{"tick":"1520","type":2200,"tid":"1276","db":"rwRegister"}
{"tick":"1521","type":2300,"db":"rwRegister","cuid":"h8A9BB909F7E1/137","tid":"1276","data":{"_key":"15","_id":"rwCol/15","_rev":"_f7Ink92---","rwAttr":3}}
{"tick":"1522","type":2201,"tid":"1276","db":"rwRegister"}
{"tick":"1523","type":2200,"tid":"1285","db":"rwRegister"}
{"tick":"1523","type":2300,"db":"rwRegister","cuid":"h8A9BB909F7E1/137","tid":"1285","data":{"_key":"16","_id":"rwCol/16","_rev":"_f7InlGy---","rwAttr":1}}
{"tick":"1524","type":2201,"tid":"1285","db":"rwRegister"}
{"tick":"1525","type":2200,"tid":"1290","db":"rwRegister"}
{"tick":"1526","type":2300,"db":"rwRegister","cuid":"h8A9BB909F7E1/137","tid":"1290","data":{"_key":"14","_id":"rwCol/14","_rev":"_f7InlRW---","rwAttr":32}}
{"tick":"1527","type":2201,"tid":"1290","db":"rwRegister"}
{"tick":"1528","type":2200,"tid":"1297","db":"rwRegister"}
{"tick":"1528","type":2300,"db":"rwRegister","cuid":"h8A9BB909F7E1/137","tid":"1297","data":{"_key":"17","_id":"rwCol/17","_rev":"_f7InlTi---","rwAttr":1}}
{"tick":"1531","type":2300,"db":"rwRegister","cuid":"h8A9BB909F7E1/137","tid":"1297","data":{"_key":"17","_id":"rwCol/17","_rev":"_f7InlTm---","rwAttr":2}}
{"tick":"1532","type":2201,"tid":"1297","db":"rwRegister"}
{"tick":"1533","type":2200,"tid":"1303","db":"rwRegister"}
{"tick":"1534","type":2300,"db":"rwRegister","cuid":"h8A9BB909F7E1/137","tid":"1303","data":{"_key":"17","_id":"rwCol/17","_rev":"_f7Inlbu---","rwAttr":3}}
{"tick":"1537","type":2300,"db":"rwRegister","cuid":"h8A9BB909F7E1/137","tid":"1303","data":{"_key":"16","_id":"rwCol/16","_rev":"_f7Inlby---","rwAttr":2}}
{"tick":"1538","type":2201,"tid":"1303","db":"rwRegister"}
{"tick":"1539","type":2200,"tid":"1307","db":"rwRegister"}
{"tick":"1540","type":2300,"db":"rwRegister","cuid":"h8A9BB909F7E1/137","tid":"1307","data":{"_key":"17","_id":"rwCol/17","_rev":"_f7InleO---","rwAttr":4}}
{"tick":"1541","type":2201,"tid":"1307","db":"rwRegister"}
{"tick":"1542","type":2200,"tid":"1312","db":"rwRegister"}
{"tick":"1543","type":2300,"db":"rwRegister","cuid":"h8A9BB909F7E1/137","tid":"1312","data":{"_key":"15","_id":"rwCol/15","_rev":"_f7Inlgy---","rwAttr":4}}
{"tick":"1546","type":2300,"db":"rwRegister","cuid":"h8A9BB909F7E1/137","tid":"1312","data":{"_key":"17","_id":"rwCol/17","_rev":"_f7Inlg2---","rwAttr":5}}
{"tick":"1549","type":2300,"db":"rwRegister","cuid":"h8A9BB909F7E1/137","tid":"1312","data":{"_key":"17","_id":"rwCol/17","_rev":"_f7Inlg6---","rwAttr":6}}
{"tick":"1550","type":2201,"tid":"1312","db":"rwRegister"}
{"tick":"1561","type":2200,"tid":"1319","db":"rwRegister"}
{"tick":"1562","type":2300,"db":"rwRegister","cuid":"h8A9BB909F7E1/137","tid":"1319","data":{"_key":"17","_id":"rwCol/17","_rev":"_f7Inlom---","rwAttr":7}}
{"tick":"1563","type":2201,"tid":"1319","db":"rwRegister"}
{"tick":"1564","type":2200,"tid":"1324","db":"rwRegister"}
{"tick":"1565","type":2300,"db":"rwRegister","cuid":"h8A9BB909F7E1/137","tid":"1324","data":{"_key":"16","_id":"rwCol/16","_rev":"_f7Inlzu---","rwAttr":3}}
{"tick":"1568","type":2300,"db":"rwRegister","cuid":"h8A9BB909F7E1/137","tid":"1324","data":{"_key":"17","_id":"rwCol/17","_rev":"_f7Inlzy---","rwAttr":8}}
{"tick":"1571","type":2300,"db":"rwRegister","cuid":"h8A9BB909F7E1/137","tid":"1324","data":{"_key":"17","_id":"rwCol/17","_rev":"_f7Inlz2---","rwAttr":9}}
{"tick":"1574","type":2300,"db":"rwRegister","cuid":"h8A9BB909F7E1/137","tid":"1324","data":{"_key":"17","_id":"rwCol/17","_rev":"_f7Inlz6---","rwAttr":10}}
{"tick":"1575","type":2201,"tid":"1324","db":"rwRegister"}
{"tick":"1576","type":2200,"tid":"1333","db":"rwRegister"}
{"tick":"1577","type":2300,"db":"rwRegister","cuid":"h8A9BB909F7E1/137","tid":"1333","data":{"_key":"17","_id":"rwCol/17","_rev":"_f7Inl0m---","rwAttr":11}}
{"tick":"1578","type":2201,"tid":"1333","db":"rwRegister"}
{"tick":"1579","type":2200,"tid":"1337","db":"rwRegister"}
{"tick":"1580","type":2300,"db":"rwRegister","cuid":"h8A9BB909F7E1/137","tid":"1337","data":{"_key":"17","_id":"rwCol/17","_rev":"_f7Inl42---","rwAttr":12}}
{"tick":"1583","type":2300,"db":"rwRegister","cuid":"h8A9BB909F7E1/137","tid":"1337","data":{"_key":"15","_id":"rwCol/15","_rev":"_f7Inl5----","rwAttr":5}}
{"tick":"1586","type":2300,"db":"rwRegister","cuid":"h8A9BB909F7E1/137","tid":"1337","data":{"_key":"16","_id":"rwCol/16","_rev":"_f7Inl5G---","rwAttr":4}}
{"tick":"1589","type":2300,"db":"rwRegister","cuid":"h8A9BB909F7E1/137","tid":"1337","data":{"_key":"17","_id":"rwCol/17","_rev":"_f7Inl5K---","rwAttr":13}}
{"tick":"1592","type":2300,"db":"rwRegister","cuid":"h8A9BB909F7E1/137","tid":"1337","data":{"_key":"17","_id":"rwCol/17","_rev":"_f7Inl5O---","rwAttr":14}}
{"tick":"1595","type":2300,"db":"rwRegister","cuid":"h8A9BB909F7E1/137","tid":"1337","data":{"_key":"17","_id":"rwCol/17","_rev":"_f7Inl5S---","rwAttr":15}}
{"tick":"1596","type":2201,"tid":"1337","db":"rwRegister"}
{"tick":"1597","type":2200,"tid":"1349","db":"rwRegister"}
{"tick":"1598","type":2300,"db":"rwRegister","cuid":"h8A9BB909F7E1/137","tid":"1349","data":{"_key":"17","_id":"rwCol/17","_rev":"_f7InmEa---","rwAttr":18}}
{"tick":"1601","type":2300,"db":"rwRegister","cuid":"h8A9BB909F7E1/137","tid":"1349","data":{"_key":"16","_id":"rwCol/16","_rev":"_f7InmEe---","rwAttr":5}}
{"tick":"1602","type":2201,"tid":"1349","db":"rwRegister"}
{"tick":"1603","type":2200,"tid":"1355","db":"rwRegister"}
{"tick":"1604","type":2300,"db":"rwRegister","cuid":"h8A9BB909F7E1/137","tid":"1355","data":{"_key":"17","_id":"rwCol/17","_rev":"_f7InmOe---","rwAttr":19}}
{"tick":"1607","type":2300,"db":"rwRegister","cuid":"h8A9BB909F7E1/137","tid":"1355","data":{"_key":"17","_id":"rwCol/17","_rev":"_f7InmOi---","rwAttr":20}}
{"tick":"1608","type":2201,"tid":"1355","db":"rwRegister"}
