2023-04-30 18:26:20,259{GMT}	INFO	[jepsen test runner] jepsen.core: Test version d3efd23b0314aea1a2d2e8bf72c456e71b80c61e (plus uncommitted changes)
2023-04-30 18:26:20,260{GMT}	INFO	[jepsen test runner] jepsen.core: Command line:
lein run test --nodes-file ./vagrant/nodes-vagrant.txt --password --ssh-private-key ./vagrant/vagrant_ssh_key --username vagrant --test-type rw --time-limit 10 -r 10 --concurrency 20 --key-count 3 --min-txn-length 2 --max-txn-length 8 --max-writes-per-key 32 --nemesis-type partition
2023-04-30 18:26:20,309{GMT}	INFO	[jepsen test runner] jepsen.core: Running test:
{:nemesis-type :partition
 :remote
 #jepsen.control.retry.Remote{:remote #jepsen.control.scp.Remote{:cmd-remote #jepsen.control.sshj.SSHJRemote{:concurrency-limit 6,
                                                                                                             :conn-spec nil,
                                                                                                             :client nil,
                                                                                                             :semaphore nil},
                                                                 :conn-spec nil},
                              :conn nil}
 :max-txn-length 8
 :concurrency 20
 :key-count 3
 :db
 #object[jepsen.arangodb.utils.support$db_setup$reify__1915
         "0x30c1447e"
         "jepsen.arangodb.utils.support$db_setup$reify__1915@30c1447e"]
 :max-writes-per-key 32
 :leave-db-running? false
 :name "arangodb-rw-register-test"
 :logging-json? false
 :ops-per-key 20
 :start-time
 #object[org.joda.time.DateTime "0x4d462edc" "2023-04-30T18:26:20.244+02:00"]
 :net
 #object[jepsen.net$reify__12440
         "0x312ddc51"
         "jepsen.net$reify__12440@312ddc51"]
 :client
 #jepsen.arangodb.tests.rw_register.Client{:db-created? #object[clojure.lang.Atom
                                                                "0x14feab02"
                                                                {:status :ready,
                                                                 :val false}],
                                           :collection-created? #object[clojure.lang.Atom
                                                                        "0x5e3934db"
                                                                        {:status :ready,
                                                                         :val false}],
                                           :conn nil,
                                           :node nil}
 :barrier
 #object[java.util.concurrent.CyclicBarrier
         "0x7f36b021"
         "java.util.concurrent.CyclicBarrier@7f36b021"]
 :pure-generators true
 :ssh
 {:dummy? false,
  :username "vagrant",
  :password "--ssh-private-key",
  :strict-host-key-checking false,
  :private-key-path nil}
 :rate 10
 :checker
 #object[jepsen.checker$compose$reify__11881
         "0x45a9f3d4"
         "jepsen.checker$compose$reify__11881@45a9f3d4"]
 :threads-per-group 5
 :argv
 ("test"
  "--nodes-file"
  "./vagrant/nodes-vagrant.txt"
  "--password"
  "--ssh-private-key"
  "./vagrant/vagrant_ssh_key"
  "--username"
  "vagrant"
  "--test-type"
  "rw"
  "--time-limit"
  "10"
  "-r"
  "10"
  "--concurrency"
  "20"
  "--key-count"
  "3"
  "--min-txn-length"
  "2"
  "--max-txn-length"
  "8"
  "--max-writes-per-key"
  "32"
  "--nemesis-type"
  "partition")
 :nemesis #unprintable "jepsen.nemesis$partitioner$reify__12593@246ee6d8"
 :test-type :rw-register
 :nodes ["192.168.56.101"]
 :test-count 1
 :generator
 (jepsen.generator.TimeLimit
  {:limit 10000000000,
   :cutoff nil,
   :gen (jepsen.generator.Any
         {:gens [(jepsen.generator.OnThreads
                  {:f #{:nemesis},
                   :context-filter #object[jepsen.generator.context$make_thread_filter$lazy_filter__9167
                                           "0x7c689379"
                                           "jepsen.generator.context$make_thread_filter$lazy_filter__9167@7c689379"],
                   :gen ({:type :sleep, :value 5}
                         {:type :info, :f :start}
                         {:type :sleep, :value 5}
                         {:type :info, :f :stop}
                         {:type :sleep, :value 5}
                         {:type :info, :f :start}
                         {:type :sleep, :value 5}
                         {:type :info, :f :stop}
                         ...)})
                 (jepsen.generator.OnThreads
                  {:f #jepsen.generator.context.AllBut{:element :nemesis},
                   :context-filter #object[jepsen.generator.context$make_thread_filter$lazy_filter__9167
                                           "0x53a2dbf2"
                                           "jepsen.generator.context$make_thread_filter$lazy_filter__9167@53a2dbf2"],
                   :gen (jepsen.generator.Stagger
                         {:dt 200000000,
                          :next-time nil,
                          :gen ({:type :invoke,
                                 :f :txn,
                                 :value [[:r 2 nil] [:r 0 nil]]}
                                {:type :invoke,
                                 :f :txn,
                                 :value [[:w 2 1]
                                         [:r 2 nil]
                                         [:r 2 nil]
                                         [:r 2 nil]]}
                                {:type :invoke,
                                 :f :txn,
                                 :value [[:r 2 nil]
                                         [:w 2 2]
                                         [:r 1 nil]
                                         [:r 2 nil]]}
                                {:type :invoke,
                                 :f :txn,
                                 :value [[:w 2 3] [:r 2 nil]]}
                                {:type :invoke,
                                 :f :txn,
                                 :value [[:w 2 4]
                                         [:w 2 5]
                                         [:w 2 6]
                                         [:w 2 7]
                                         [:r 2 nil]
                                         [:w 2 8]
                                         [:r 2 nil]
                                         [:r 0 nil]]}
                                {:type :invoke,
                                 :f :txn,
                                 :value [[:w 2 9] [:r 1 nil] [:r 2 nil]]}
                                {:type :invoke,
                                 :f :txn,
                                 :value [[:w 2 10]
                                         [:w 2 11]
                                         [:w 1 1]
                                         [:r 0 nil]
                                         [:w 0 1]
                                         [:w 1 2]
                                         [:w 2 12]
                                         [:r 2 nil]]}
                                {:type :invoke,
                                 :f :txn,
                                 :value [[:r 1 nil] [:r 1 nil]]}
                                ...)})})]})})
 :os
 #object[jepsen.os.debian.Debian
         "0x3f76c712"
         "jepsen.os.debian.Debian@3f76c712"]
 :time-limit 10
 :min-txn-length 2}

2023-04-30 18:26:22,700{GMT}	INFO	[jepsen node 192.168.56.101] jepsen.os.debian: 192.168.56.101 setting up debian
2023-04-30 18:26:23,187{GMT}	INFO	[jepsen test runner] jepsen.db: Tearing down DB
2023-04-30 18:26:23,188{GMT}	INFO	[jepsen node 192.168.56.101] jepsen.arangodb.utils.support: 192.168.56.101 tearing down arangodb
2023-04-30 18:26:23,189{GMT}	INFO	[jepsen node 192.168.56.101] jepsen.control.util: Stopping arangodb
2023-04-30 18:26:23,414{GMT}	INFO	[jepsen node 192.168.56.101] jepsen.arangodb.utils.support: no arangodb processes killed
2023-04-30 18:26:23,416{GMT}	INFO	[jepsen test runner] jepsen.db: Setting up DB
2023-04-30 18:26:23,417{GMT}	INFO	[jepsen node 192.168.56.101] jepsen.arangodb.utils.support: 192.168.56.101 installing arangodb v3.9.10
2023-04-30 18:26:26,457{GMT}	INFO	[jepsen node 192.168.56.101] jepsen.control.util: Starting arangodb
2023-04-30 18:26:26,692{GMT}	INFO	[jepsen test runner] jepsen.core: Relative time begins now
2023-04-30 18:26:26,743{GMT}	INFO	[jepsen node 192.168.56.101] jepsen.arangodb.tests.rw-register: sleep 15s to make sure the connection is ready
2023-04-30 18:26:41,743{GMT}	INFO	[jepsen node 192.168.56.101] jepsen.arangodb.tests.rw-register: Prepare to create databases
2023-04-30 18:26:41,744{GMT}	INFO	[jepsen node 192.168.56.101] jepsen.arangodb.tests.rw-register: Creating databases
2023-04-30 18:26:42,280{GMT}	INFO	[jepsen node 192.168.56.101] jepsen.arangodb.tests.rw-register: Databases created
2023-04-30 18:26:42,280{GMT}	INFO	[jepsen node 192.168.56.101] jepsen.arangodb.tests.rw-register: Creating collections
2023-04-30 18:26:42,841{GMT}	INFO	[jepsen node 192.168.56.101] jepsen.arangodb.tests.rw-register: Collections created
2023-04-30 18:26:42,854{GMT}	INFO	[jepsen worker 0] jepsen.util: 0	:invoke	:txn	[[:r 2 nil] [:r 0 nil]]
2023-04-30 18:26:42,865{GMT}	INFO	[jepsen worker 0] jepsen.arangodb.tests.rw-register: committed transaction 141
2023-04-30 18:26:42,865{GMT}	INFO	[jepsen worker 0] jepsen.util: 0	:ok	:txn	[[:r 2 nil] [:r 0 nil]]
2023-04-30 18:26:42,928{GMT}	INFO	[jepsen worker 2] jepsen.util: 2	:invoke	:txn	[[:w 2 1] [:r 2 nil] [:r 2 nil] [:r 2 nil]]
2023-04-30 18:26:42,936{GMT}	INFO	[jepsen worker 2] jepsen.arangodb.tests.rw-register: committed transaction 144
2023-04-30 18:26:42,936{GMT}	INFO	[jepsen worker 2] jepsen.util: 2	:ok	:txn	[[:w 2 1] [:r 2 1] [:r 2 1] [:r 2 1]]
2023-04-30 18:26:43,048{GMT}	INFO	[jepsen worker 3] jepsen.util: 3	:invoke	:txn	[[:r 2 nil] [:w 2 2] [:r 1 nil] [:r 2 nil]]
2023-04-30 18:26:43,055{GMT}	INFO	[jepsen worker 3] jepsen.arangodb.tests.rw-register: committed transaction 149
2023-04-30 18:26:43,056{GMT}	INFO	[jepsen worker 3] jepsen.util: 3	:ok	:txn	[[:r 2 1] [:w 2 2] [:r 1 nil] [:r 2 2]]
2023-04-30 18:26:43,112{GMT}	INFO	[jepsen worker 4] jepsen.util: 4	:invoke	:txn	[[:w 2 3] [:r 2 nil]]
2023-04-30 18:26:43,118{GMT}	INFO	[jepsen worker 4] jepsen.arangodb.tests.rw-register: committed transaction 154
2023-04-30 18:26:43,119{GMT}	INFO	[jepsen worker 4] jepsen.util: 4	:ok	:txn	[[:w 2 3] [:r 2 3]]
2023-04-30 18:26:43,132{GMT}	INFO	[jepsen worker 5] jepsen.util: 5	:invoke	:txn	[[:w 2 4] [:w 2 5] [:w 2 6] [:w 2 7] [:r 2 nil] [:w 2 8] [:r 2 nil] [:r 0 nil]]
2023-04-30 18:26:43,143{GMT}	INFO	[jepsen worker 5] jepsen.arangodb.tests.rw-register: committed transaction 157
2023-04-30 18:26:43,143{GMT}	INFO	[jepsen worker 5] jepsen.util: 5	:ok	:txn	[[:w 2 4] [:w 2 5] [:w 2 6] [:w 2 7] [:r 2 7] [:w 2 8] [:r 2 8] [:r 0 nil]]
2023-04-30 18:26:43,198{GMT}	INFO	[jepsen worker 6] jepsen.util: 6	:invoke	:txn	[[:w 2 9] [:r 1 nil] [:r 2 nil]]
2023-04-30 18:26:43,204{GMT}	INFO	[jepsen worker 6] jepsen.arangodb.tests.rw-register: committed transaction 166
2023-04-30 18:26:43,204{GMT}	INFO	[jepsen worker 6] jepsen.util: 6	:ok	:txn	[[:w 2 9] [:r 1 nil] [:r 2 9]]
2023-04-30 18:26:43,356{GMT}	INFO	[jepsen worker 7] jepsen.util: 7	:invoke	:txn	[[:w 2 10] [:w 2 11] [:w 1 1] [:r 0 nil] [:w 0 1] [:w 1 2] [:w 2 12] [:r 2 nil]]
2023-04-30 18:26:43,366{GMT}	INFO	[jepsen worker 7] jepsen.arangodb.tests.rw-register: committed transaction 170
2023-04-30 18:26:43,366{GMT}	INFO	[jepsen worker 7] jepsen.util: 7	:ok	:txn	[[:w 2 10] [:w 2 11] [:w 1 1] [:r 0 nil] [:w 0 1] [:w 1 2] [:w 2 12] [:r 2 12]]
2023-04-30 18:26:43,502{GMT}	INFO	[jepsen worker 8] jepsen.util: 8	:invoke	:txn	[[:r 1 nil] [:r 1 nil]]
2023-04-30 18:26:43,507{GMT}	INFO	[jepsen worker 8] jepsen.arangodb.tests.rw-register: committed transaction 179
2023-04-30 18:26:43,507{GMT}	INFO	[jepsen worker 8] jepsen.util: 8	:ok	:txn	[[:r 1 2] [:r 1 2]]
2023-04-30 18:26:43,592{GMT}	INFO	[jepsen worker 9] jepsen.util: 9	:invoke	:txn	[[:w 0 2] [:w 2 13] [:r 2 nil] [:r 0 nil]]
2023-04-30 18:26:43,599{GMT}	INFO	[jepsen worker 9] jepsen.arangodb.tests.rw-register: committed transaction 182
2023-04-30 18:26:43,599{GMT}	INFO	[jepsen worker 9] jepsen.util: 9	:ok	:txn	[[:w 0 2] [:w 2 13] [:r 2 13] [:r 0 2]]
2023-04-30 18:26:43,746{GMT}	INFO	[jepsen worker 10] jepsen.util: 10	:invoke	:txn	[[:w 1 3] [:w 2 14] [:w 0 3] [:r 0 nil] [:r 2 nil] [:w 2 15] [:r 2 nil]]
2023-04-30 18:26:43,756{GMT}	INFO	[jepsen worker 10] jepsen.arangodb.tests.rw-register: committed transaction 187
2023-04-30 18:26:43,756{GMT}	INFO	[jepsen worker 10] jepsen.util: 10	:ok	:txn	[[:w 1 3] [:w 2 14] [:w 0 3] [:r 0 3] [:r 2 14] [:w 2 15] [:r 2 15]]
2023-04-30 18:26:43,778{GMT}	INFO	[jepsen worker 11] jepsen.util: 11	:invoke	:txn	[[:w 0 4] [:r 0 nil] [:w 2 16] [:r 2 nil] [:w 2 17] [:w 1 4]]
2023-04-30 18:26:43,785{GMT}	INFO	[jepsen worker 11] jepsen.arangodb.tests.rw-register: committed transaction 195
2023-04-30 18:26:43,785{GMT}	INFO	[jepsen worker 11] jepsen.util: 11	:ok	:txn	[[:w 0 4] [:r 0 4] [:w 2 16] [:r 2 16] [:w 2 17] [:w 1 4]]
2023-04-30 18:26:43,874{GMT}	INFO	[jepsen worker 12] jepsen.util: 12	:invoke	:txn	[[:r 2 nil] [:w 1 5] [:r 0 nil] [:r 2 nil] [:w 2 18] [:r 1 nil] [:r 2 nil] [:w 2 19]]
2023-04-30 18:26:43,886{GMT}	INFO	[jepsen worker 12] jepsen.arangodb.tests.rw-register: committed transaction 202
2023-04-30 18:26:43,887{GMT}	INFO	[jepsen worker 12] jepsen.util: 12	:ok	:txn	[[:r 2 17] [:w 1 5] [:r 0 4] [:r 2 17] [:w 2 18] [:r 1 5] [:r 2 18] [:w 2 19]]
2023-04-30 18:26:43,950{GMT}	INFO	[jepsen worker 13] jepsen.util: 13	:invoke	:txn	[[:r 2 nil] [:w 0 5] [:r 2 nil]]
2023-04-30 18:26:43,957{GMT}	INFO	[jepsen worker 13] jepsen.arangodb.tests.rw-register: committed transaction 211
2023-04-30 18:26:43,958{GMT}	INFO	[jepsen worker 13] jepsen.util: 13	:ok	:txn	[[:r 2 19] [:w 0 5] [:r 2 19]]
2023-04-30 18:26:43,997{GMT}	INFO	[jepsen worker 14] jepsen.util: 14	:invoke	:txn	[[:w 2 20] [:r 1 nil]]
2023-04-30 18:26:44,003{GMT}	INFO	[jepsen worker 14] jepsen.arangodb.tests.rw-register: committed transaction 215
2023-04-30 18:26:44,003{GMT}	INFO	[jepsen worker 14] jepsen.util: 14	:ok	:txn	[[:w 2 20] [:r 1 5]]
2023-04-30 18:26:44,014{GMT}	INFO	[jepsen worker 15] jepsen.util: 15	:invoke	:txn	[[:r 2 nil] [:w 1 6] [:w 2 21] [:w 2 22] [:r 2 nil]]
2023-04-30 18:26:44,022{GMT}	INFO	[jepsen worker 15] jepsen.arangodb.tests.rw-register: committed transaction 218
2023-04-30 18:26:44,022{GMT}	INFO	[jepsen worker 15] jepsen.util: 15	:ok	:txn	[[:r 2 20] [:w 1 6] [:w 2 21] [:w 2 22] [:r 2 22]]
2023-04-30 18:26:44,166{GMT}	INFO	[jepsen worker 16] jepsen.util: 16	:invoke	:txn	[[:w 1 7] [:r 2 nil] [:w 1 8]]
2023-04-30 18:26:44,174{GMT}	INFO	[jepsen worker 16] jepsen.arangodb.tests.rw-register: committed transaction 224
2023-04-30 18:26:44,174{GMT}	INFO	[jepsen worker 16] jepsen.util: 16	:ok	:txn	[[:w 1 7] [:r 2 22] [:w 1 8]]
2023-04-30 18:26:44,183{GMT}	INFO	[jepsen worker 17] jepsen.util: 17	:invoke	:txn	[[:r 2 nil] [:w 0 6] [:r 1 nil] [:r 1 nil] [:w 2 23]]
2023-04-30 18:26:44,193{GMT}	INFO	[jepsen worker 17] jepsen.arangodb.tests.rw-register: committed transaction 228
2023-04-30 18:26:44,193{GMT}	INFO	[jepsen worker 17] jepsen.util: 17	:ok	:txn	[[:r 2 22] [:w 0 6] [:r 1 8] [:r 1 8] [:w 2 23]]
2023-04-30 18:26:44,228{GMT}	INFO	[jepsen worker 18] jepsen.util: 18	:invoke	:txn	[[:r 0 nil] [:w 1 9] [:r 2 nil] [:w 1 10] [:r 0 nil] [:r 2 nil] [:r 2 nil]]
2023-04-30 18:26:44,238{GMT}	INFO	[jepsen worker 18] jepsen.arangodb.tests.rw-register: committed transaction 234
2023-04-30 18:26:44,239{GMT}	INFO	[jepsen worker 18] jepsen.util: 18	:ok	:txn	[[:r 0 6] [:w 1 9] [:r 2 23] [:w 1 10] [:r 0 6] [:r 2 23] [:r 2 23]]
2023-04-30 18:26:44,376{GMT}	INFO	[jepsen worker 19] jepsen.util: 19	:invoke	:txn	[[:w 2 24] [:w 1 11] [:w 2 25] [:r 2 nil] [:r 2 nil] [:r 0 nil]]
2023-04-30 18:26:44,385{GMT}	INFO	[jepsen worker 19] jepsen.arangodb.tests.rw-register: committed transaction 242
2023-04-30 18:26:44,385{GMT}	INFO	[jepsen worker 19] jepsen.util: 19	:ok	:txn	[[:w 2 24] [:w 1 11] [:w 2 25] [:r 2 25] [:r 2 25] [:r 0 6]]
2023-04-30 18:26:44,456{GMT}	INFO	[jepsen worker 0] jepsen.util: 0	:invoke	:txn	[[:r 2 nil] [:r 1 nil] [:w 2 26] [:r 2 nil]]
2023-04-30 18:26:44,463{GMT}	INFO	[jepsen worker 0] jepsen.arangodb.tests.rw-register: committed transaction 249
2023-04-30 18:26:44,463{GMT}	INFO	[jepsen worker 0] jepsen.util: 0	:ok	:txn	[[:r 2 25] [:r 1 11] [:w 2 26] [:r 2 26]]
2023-04-30 18:26:44,650{GMT}	INFO	[jepsen worker 0] jepsen.util: 0	:invoke	:txn	[[:w 1 12] [:w 2 27] [:w 2 28]]
2023-04-30 18:26:44,655{GMT}	INFO	[jepsen worker 0] jepsen.arangodb.tests.rw-register: committed transaction 254
2023-04-30 18:26:44,656{GMT}	INFO	[jepsen worker 0] jepsen.util: 0	:ok	:txn	[[:w 1 12] [:w 2 27] [:w 2 28]]
2023-04-30 18:26:44,813{GMT}	INFO	[jepsen worker 1] jepsen.util: 1	:invoke	:txn	[[:r 0 nil] [:r 2 nil] [:w 1 13]]
2023-04-30 18:26:44,820{GMT}	INFO	[jepsen worker 1] jepsen.arangodb.tests.rw-register: committed transaction 258
2023-04-30 18:26:44,820{GMT}	INFO	[jepsen worker 1] jepsen.util: 1	:ok	:txn	[[:r 0 6] [:r 2 28] [:w 1 13]]
2023-04-30 18:26:44,954{GMT}	INFO	[jepsen worker 2] jepsen.util: 2	:invoke	:txn	[[:r 2 nil] [:w 2 29] [:w 2 30] [:w 2 31] [:r 2 nil] [:w 2 32] [:r 3 nil]]
2023-04-30 18:26:44,962{GMT}	INFO	[jepsen worker 2] jepsen.arangodb.tests.rw-register: committed transaction 262
2023-04-30 18:26:44,962{GMT}	INFO	[jepsen worker 2] jepsen.util: 2	:ok	:txn	[[:r 2 28] [:w 2 29] [:w 2 30] [:w 2 31] [:r 2 31] [:w 2 32] [:r 3 nil]]
2023-04-30 18:26:45,004{GMT}	INFO	[jepsen worker 3] jepsen.util: 3	:invoke	:txn	[[:r 3 nil] [:r 3 nil] [:r 1 nil] [:w 1 14] [:r 3 nil] [:w 1 15] [:r 3 nil] [:w 3 1]]
2023-04-30 18:26:45,013{GMT}	INFO	[jepsen worker 3] jepsen.arangodb.tests.rw-register: committed transaction 270
2023-04-30 18:26:45,013{GMT}	INFO	[jepsen worker 3] jepsen.util: 3	:ok	:txn	[[:r 3 nil] [:r 3 nil] [:r 1 13] [:w 1 14] [:r 3 nil] [:w 1 15] [:r 3 nil] [:w 3 1]]
2023-04-30 18:26:45,173{GMT}	INFO	[jepsen worker 4] jepsen.util: 4	:invoke	:txn	[[:w 3 2] [:w 3 3] [:r 1 nil] [:r 1 nil] [:w 1 16] [:r 3 nil] [:r 3 nil] [:w 1 17]]
2023-04-30 18:26:45,181{GMT}	INFO	[jepsen worker 4] jepsen.arangodb.tests.rw-register: committed transaction 279
2023-04-30 18:26:45,181{GMT}	INFO	[jepsen worker 4] jepsen.util: 4	:ok	:txn	[[:w 3 2] [:w 3 3] [:r 1 15] [:r 1 15] [:w 1 16] [:r 3 3] [:r 3 3] [:w 1 17]]
2023-04-30 18:26:45,268{GMT}	INFO	[jepsen worker 5] jepsen.util: 5	:invoke	:txn	[[:w 3 4] [:w 3 5] [:r 1 nil]]
2023-04-30 18:26:45,272{GMT}	INFO	[jepsen worker 5] jepsen.arangodb.tests.rw-register: committed transaction 288
2023-04-30 18:26:45,272{GMT}	INFO	[jepsen worker 5] jepsen.util: 5	:ok	:txn	[[:w 3 4] [:w 3 5] [:r 1 17]]
2023-04-30 18:26:45,323{GMT}	INFO	[jepsen worker 6] jepsen.util: 6	:invoke	:txn	[[:w 1 18] [:r 0 nil] [:w 1 19]]
2023-04-30 18:26:45,329{GMT}	INFO	[jepsen worker 6] jepsen.arangodb.tests.rw-register: committed transaction 292
2023-04-30 18:26:45,329{GMT}	INFO	[jepsen worker 6] jepsen.util: 6	:ok	:txn	[[:w 1 18] [:r 0 6] [:w 1 19]]
2023-04-30 18:26:45,482{GMT}	INFO	[jepsen worker 7] jepsen.util: 7	:invoke	:txn	[[:r 1 nil] [:w 3 6] [:w 0 7]]
2023-04-30 18:26:45,487{GMT}	INFO	[jepsen worker 7] jepsen.arangodb.tests.rw-register: committed transaction 296
2023-04-30 18:26:45,488{GMT}	INFO	[jepsen worker 7] jepsen.util: 7	:ok	:txn	[[:r 1 19] [:w 3 6] [:w 0 7]]
2023-04-30 18:26:45,547{GMT}	INFO	[jepsen worker 8] jepsen.util: 8	:invoke	:txn	[[:r 0 nil] [:w 3 7]]
2023-04-30 18:26:45,551{GMT}	INFO	[jepsen worker 8] jepsen.arangodb.tests.rw-register: committed transaction 300
2023-04-30 18:26:45,551{GMT}	INFO	[jepsen worker 8] jepsen.util: 8	:ok	:txn	[[:r 0 7] [:w 3 7]]
2023-04-30 18:26:45,719{GMT}	INFO	[jepsen worker 9] jepsen.util: 9	:invoke	:txn	[[:w 3 8] [:w 0 8] [:r 1 nil]]
2023-04-30 18:26:45,725{GMT}	INFO	[jepsen worker 9] jepsen.arangodb.tests.rw-register: committed transaction 303
2023-04-30 18:26:45,725{GMT}	INFO	[jepsen worker 9] jepsen.util: 9	:ok	:txn	[[:w 3 8] [:w 0 8] [:r 1 19]]
2023-04-30 18:26:45,879{GMT}	INFO	[jepsen worker 10] jepsen.util: 10	:invoke	:txn	[[:r 3 nil] [:w 3 9] [:r 3 nil] [:r 3 nil]]
2023-04-30 18:26:45,887{GMT}	INFO	[jepsen worker 10] jepsen.arangodb.tests.rw-register: committed transaction 307
2023-04-30 18:26:45,887{GMT}	INFO	[jepsen worker 10] jepsen.util: 10	:ok	:txn	[[:r 3 8] [:w 3 9] [:r 3 9] [:r 3 9]]
2023-04-30 18:26:46,020{GMT}	INFO	[jepsen worker 11] jepsen.util: 11	:invoke	:txn	[[:r 1 nil] [:w 1 20] [:r 3 nil] [:w 3 10]]
2023-04-30 18:26:46,030{GMT}	INFO	[jepsen worker 11] jepsen.arangodb.tests.rw-register: committed transaction 312
2023-04-30 18:26:46,030{GMT}	INFO	[jepsen worker 11] jepsen.util: 11	:ok	:txn	[[:r 1 19] [:w 1 20] [:r 3 9] [:w 3 10]]
2023-04-30 18:26:46,166{GMT}	INFO	[jepsen worker 12] jepsen.util: 12	:invoke	:txn	[[:w 1 21] [:w 3 11] [:r 3 nil]]
2023-04-30 18:26:46,171{GMT}	INFO	[jepsen worker 12] jepsen.arangodb.tests.rw-register: committed transaction 317
2023-04-30 18:26:46,171{GMT}	INFO	[jepsen worker 12] jepsen.util: 12	:ok	:txn	[[:w 1 21] [:w 3 11] [:r 3 11]]
2023-04-30 18:26:46,339{GMT}	INFO	[jepsen worker 13] jepsen.util: 13	:invoke	:txn	[[:w 1 22] [:w 3 12] [:w 3 13] [:r 3 nil]]
2023-04-30 18:26:46,347{GMT}	INFO	[jepsen worker 13] jepsen.arangodb.tests.rw-register: committed transaction 321
2023-04-30 18:26:46,348{GMT}	INFO	[jepsen worker 13] jepsen.util: 13	:ok	:txn	[[:w 1 22] [:w 3 12] [:w 3 13] [:r 3 13]]
2023-04-30 18:26:46,360{GMT}	INFO	[jepsen worker 14] jepsen.util: 14	:invoke	:txn	[[:r 0 nil] [:r 3 nil] [:r 3 nil] [:r 3 nil] [:w 3 14] [:w 3 15] [:r 1 nil]]
2023-04-30 18:26:46,368{GMT}	INFO	[jepsen worker 14] jepsen.arangodb.tests.rw-register: committed transaction 326
2023-04-30 18:26:46,368{GMT}	INFO	[jepsen worker 14] jepsen.util: 14	:ok	:txn	[[:r 0 8] [:r 3 13] [:r 3 13] [:r 3 13] [:w 3 14] [:w 3 15] [:r 1 22]]
2023-04-30 18:26:46,499{GMT}	INFO	[jepsen worker 15] jepsen.util: 15	:invoke	:txn	[[:w 3 16] [:r 3 nil] [:w 3 17] [:w 3 18] [:w 3 19] [:r 3 nil] [:r 1 nil] [:w 3 20]]
2023-04-30 18:26:46,512{GMT}	INFO	[jepsen worker 15] jepsen.arangodb.tests.rw-register: committed transaction 334
2023-04-30 18:26:46,512{GMT}	INFO	[jepsen worker 15] jepsen.util: 15	:ok	:txn	[[:w 3 16] [:r 3 16] [:w 3 17] [:w 3 18] [:w 3 19] [:r 3 19] [:r 1 22] [:w 3 20]]
2023-04-30 18:26:46,534{GMT}	INFO	[jepsen worker 16] jepsen.util: 16	:invoke	:txn	[[:w 3 21] [:w 3 22] [:r 1 nil]]
2023-04-30 18:26:46,540{GMT}	INFO	[jepsen worker 16] jepsen.arangodb.tests.rw-register: committed transaction 343
2023-04-30 18:26:46,540{GMT}	INFO	[jepsen worker 16] jepsen.util: 16	:ok	:txn	[[:w 3 21] [:w 3 22] [:r 1 22]]
2023-04-30 18:26:46,716{GMT}	INFO	[jepsen worker 17] jepsen.util: 17	:invoke	:txn	[[:r 3 nil] [:r 3 nil] [:w 3 23] [:w 3 24] [:w 1 23] [:w 1 24] [:r 3 nil] [:w 0 9]]
2023-04-30 18:26:46,725{GMT}	INFO	[jepsen worker 17] jepsen.arangodb.tests.rw-register: committed transaction 347
2023-04-30 18:26:46,725{GMT}	INFO	[jepsen worker 17] jepsen.util: 17	:ok	:txn	[[:r 3 22] [:r 3 22] [:w 3 23] [:w 3 24] [:w 1 23] [:w 1 24] [:r 3 24] [:w 0 9]]
2023-04-30 18:26:46,778{GMT}	INFO	[jepsen worker 18] jepsen.util: 18	:invoke	:txn	[[:w 1 25] [:w 1 26] [:w 3 25] [:w 3 26] [:w 3 27] [:w 1 27]]
2023-04-30 18:26:46,788{GMT}	INFO	[jepsen worker 18] jepsen.arangodb.tests.rw-register: committed transaction 356
2023-04-30 18:26:46,789{GMT}	INFO	[jepsen worker 18] jepsen.util: 18	:ok	:txn	[[:w 1 25] [:w 1 26] [:w 3 25] [:w 3 26] [:w 3 27] [:w 1 27]]
2023-04-30 18:26:46,938{GMT}	INFO	[jepsen worker 19] jepsen.util: 19	:invoke	:txn	[[:w 0 10] [:w 1 28]]
2023-04-30 18:26:46,942{GMT}	INFO	[jepsen worker 19] jepsen.arangodb.tests.rw-register: committed transaction 363
2023-04-30 18:26:46,942{GMT}	INFO	[jepsen worker 19] jepsen.util: 19	:ok	:txn	[[:w 0 10] [:w 1 28]]
2023-04-30 18:26:47,026{GMT}	INFO	[jepsen worker 0] jepsen.util: 0	:invoke	:txn	[[:r 3 nil] [:r 3 nil] [:r 1 nil] [:r 1 nil] [:w 0 11] [:w 0 12]]
2023-04-30 18:26:47,027{GMT}	INFO	[jepsen worker 1] jepsen.util: 1	:invoke	:txn	[[:r 0 nil] [:r 1 nil]]
2023-04-30 18:26:47,031{GMT}	INFO	[jepsen worker 1] jepsen.arangodb.tests.rw-register: committed transaction 367
2023-04-30 18:26:47,032{GMT}	INFO	[jepsen worker 1] jepsen.util: 1	:ok	:txn	[[:r 0 10] [:r 1 28]]
2023-04-30 18:26:47,035{GMT}	INFO	[jepsen worker 0] jepsen.arangodb.tests.rw-register: committed transaction 366
2023-04-30 18:26:47,036{GMT}	INFO	[jepsen worker 0] jepsen.util: 0	:ok	:txn	[[:r 3 27] [:r 3 27] [:r 1 28] [:r 1 28] [:w 0 11] [:w 0 12]]
2023-04-30 18:26:47,145{GMT}	INFO	[jepsen worker 1] jepsen.util: 1	:invoke	:txn	[[:r 0 nil] [:w 3 28] [:r 0 nil] [:r 3 nil] [:r 1 nil] [:r 1 nil]]
2023-04-30 18:26:47,153{GMT}	INFO	[jepsen worker 1] jepsen.arangodb.tests.rw-register: committed transaction 376
2023-04-30 18:26:47,153{GMT}	INFO	[jepsen worker 1] jepsen.util: 1	:ok	:txn	[[:r 0 12] [:w 3 28] [:r 0 12] [:r 3 28] [:r 1 28] [:r 1 28]]
2023-04-30 18:26:47,243{GMT}	INFO	[jepsen worker 2] jepsen.util: 2	:invoke	:txn	[[:r 1 nil] [:w 3 29] [:r 1 nil] [:r 0 nil]]
2023-04-30 18:26:47,248{GMT}	INFO	[jepsen worker 2] jepsen.arangodb.tests.rw-register: committed transaction 383
2023-04-30 18:26:47,249{GMT}	INFO	[jepsen worker 2] jepsen.util: 2	:ok	:txn	[[:r 1 28] [:w 3 29] [:r 1 28] [:r 0 12]]
2023-04-30 18:26:47,427{GMT}	INFO	[jepsen worker 3] jepsen.util: 3	:invoke	:txn	[[:r 0 nil] [:r 3 nil] [:w 3 30] [:w 3 31]]
2023-04-30 18:26:47,432{GMT}	INFO	[jepsen worker 3] jepsen.arangodb.tests.rw-register: committed transaction 388
2023-04-30 18:26:47,432{GMT}	INFO	[jepsen worker 3] jepsen.util: 3	:ok	:txn	[[:r 0 12] [:r 3 29] [:w 3 30] [:w 3 31]]
2023-04-30 18:26:47,582{GMT}	INFO	[jepsen worker 4] jepsen.util: 4	:invoke	:txn	[[:r 3 nil] [:w 1 29] [:w 3 32] [:r 0 nil]]
2023-04-30 18:26:47,591{GMT}	INFO	[jepsen worker 4] jepsen.arangodb.tests.rw-register: committed transaction 393
2023-04-30 18:26:47,591{GMT}	INFO	[jepsen worker 4] jepsen.util: 4	:ok	:txn	[[:r 3 31] [:w 1 29] [:w 3 32] [:r 0 12]]
2023-04-30 18:26:47,705{GMT}	INFO	[jepsen worker 5] jepsen.util: 5	:invoke	:txn	[[:w 4 1] [:w 1 30] [:r 1 nil] [:w 4 2] [:w 4 3] [:r 4 nil] [:w 4 4]]
2023-04-30 18:26:47,717{GMT}	INFO	[jepsen worker 5] jepsen.arangodb.tests.rw-register: committed transaction 398
2023-04-30 18:26:47,717{GMT}	INFO	[jepsen worker 5] jepsen.util: 5	:ok	:txn	[[:w 4 1] [:w 1 30] [:r 1 30] [:w 4 2] [:w 4 3] [:r 4 3] [:w 4 4]]
2023-04-30 18:26:47,753{GMT}	INFO	[jepsen worker 6] jepsen.util: 6	:invoke	:txn	[[:r 0 nil] [:r 1 nil]]
2023-04-30 18:26:47,757{GMT}	INFO	[jepsen worker 6] jepsen.arangodb.tests.rw-register: committed transaction 406
2023-04-30 18:26:47,757{GMT}	INFO	[jepsen worker 6] jepsen.util: 6	:ok	:txn	[[:r 0 12] [:r 1 30]]
2023-04-30 18:26:47,788{GMT}	INFO	[jepsen worker 7] jepsen.util: 7	:invoke	:txn	[[:w 0 13] [:w 1 31] [:r 4 nil] [:r 4 nil]]
2023-04-30 18:26:47,793{GMT}	INFO	[jepsen worker 7] jepsen.arangodb.tests.rw-register: committed transaction 409
2023-04-30 18:26:47,793{GMT}	INFO	[jepsen worker 7] jepsen.util: 7	:ok	:txn	[[:w 0 13] [:w 1 31] [:r 4 4] [:r 4 4]]
2023-04-30 18:26:47,844{GMT}	INFO	[jepsen worker 8] jepsen.util: 8	:invoke	:txn	[[:r 1 nil] [:r 0 nil] [:w 4 5] [:w 4 6] [:w 1 32]]
2023-04-30 18:26:47,849{GMT}	INFO	[jepsen worker 8] jepsen.arangodb.tests.rw-register: committed transaction 414
2023-04-30 18:26:47,849{GMT}	INFO	[jepsen worker 8] jepsen.util: 8	:ok	:txn	[[:r 1 31] [:r 0 13] [:w 4 5] [:w 4 6] [:w 1 32]]
2023-04-30 18:26:47,854{GMT}	INFO	[jepsen worker nemesis] jepsen.util: :nemesis	:info	:start	nil
2023-04-30 18:26:47,859{GMT}	INFO	[jepsen worker nemesis] jepsen.util: :nemesis	:info	:start	[:isolated {"192.168.56.101" #{}}]
2023-04-30 18:26:48,029{GMT}	INFO	[jepsen worker 11] jepsen.util: 11	:invoke	:txn	[[:w 4 7] [:r 5 nil]]
2023-04-30 18:26:48,033{GMT}	INFO	[jepsen worker 11] jepsen.arangodb.tests.rw-register: committed transaction 420
2023-04-30 18:26:48,033{GMT}	INFO	[jepsen worker 11] jepsen.util: 11	:ok	:txn	[[:w 4 7] [:r 5 nil]]
2023-04-30 18:26:48,151{GMT}	INFO	[jepsen worker 12] jepsen.util: 12	:invoke	:txn	[[:r 5 nil] [:r 4 nil] [:w 4 8] [:w 5 1] [:w 4 9] [:w 4 10] [:r 4 nil]]
2023-04-30 18:26:48,159{GMT}	INFO	[jepsen worker 12] jepsen.arangodb.tests.rw-register: committed transaction 423
2023-04-30 18:26:48,159{GMT}	INFO	[jepsen worker 12] jepsen.util: 12	:ok	:txn	[[:r 5 nil] [:r 4 7] [:w 4 8] [:w 5 1] [:w 4 9] [:w 4 10] [:r 4 10]]
2023-04-30 18:26:48,349{GMT}	INFO	[jepsen worker 13] jepsen.util: 13	:invoke	:txn	[[:w 0 14] [:r 4 nil] [:w 5 2] [:r 4 nil] [:w 4 11] [:r 4 nil] [:r 5 nil]]
2023-04-30 18:26:48,356{GMT}	INFO	[jepsen worker 13] jepsen.arangodb.tests.rw-register: committed transaction 431
2023-04-30 18:26:48,356{GMT}	INFO	[jepsen worker 13] jepsen.util: 13	:ok	:txn	[[:w 0 14] [:r 4 10] [:w 5 2] [:r 4 10] [:w 4 11] [:r 4 11] [:r 5 2]]
2023-04-30 18:26:48,489{GMT}	INFO	[jepsen worker 14] jepsen.util: 14	:invoke	:txn	[[:r 0 nil] [:w 4 12] [:w 4 13] [:r 4 nil] [:r 4 nil] [:r 4 nil]]
2023-04-30 18:26:48,496{GMT}	INFO	[jepsen worker 14] jepsen.arangodb.tests.rw-register: committed transaction 439
2023-04-30 18:26:48,496{GMT}	INFO	[jepsen worker 14] jepsen.util: 14	:ok	:txn	[[:r 0 14] [:w 4 12] [:w 4 13] [:r 4 13] [:r 4 13] [:r 4 13]]
2023-04-30 18:26:48,616{GMT}	INFO	[jepsen worker 15] jepsen.util: 15	:invoke	:txn	[[:r 4 nil] [:r 4 nil] [:w 4 14] [:r 5 nil] [:w 4 15] [:w 0 15] [:w 5 3] [:w 5 4]]
2023-04-30 18:26:48,623{GMT}	INFO	[jepsen worker 15] jepsen.arangodb.tests.rw-register: committed transaction 446
2023-04-30 18:26:48,623{GMT}	INFO	[jepsen worker 15] jepsen.util: 15	:ok	:txn	[[:r 4 13] [:r 4 13] [:w 4 14] [:r 5 2] [:w 4 15] [:w 0 15] [:w 5 3] [:w 5 4]]
2023-04-30 18:26:48,740{GMT}	INFO	[jepsen worker 16] jepsen.util: 16	:invoke	:txn	[[:r 4 nil] [:r 4 nil] [:r 5 nil]]
2023-04-30 18:26:48,745{GMT}	INFO	[jepsen worker 16] jepsen.arangodb.tests.rw-register: committed transaction 455
2023-04-30 18:26:48,745{GMT}	INFO	[jepsen worker 16] jepsen.util: 16	:ok	:txn	[[:r 4 15] [:r 4 15] [:r 5 4]]
2023-04-30 18:26:48,792{GMT}	INFO	[jepsen worker 17] jepsen.util: 17	:invoke	:txn	[[:r 5 nil] [:r 4 nil] [:w 5 5] [:w 4 16] [:r 4 nil] [:w 5 6] [:w 0 16]]
2023-04-30 18:26:48,799{GMT}	INFO	[jepsen worker 17] jepsen.arangodb.tests.rw-register: committed transaction 463
2023-04-30 18:26:48,799{GMT}	INFO	[jepsen worker 17] jepsen.util: 17	:ok	:txn	[[:r 5 4] [:r 4 15] [:w 5 5] [:w 4 16] [:r 4 16] [:w 5 6] [:w 0 16]]
2023-04-30 18:26:48,948{GMT}	INFO	[jepsen worker 18] jepsen.util: 18	:invoke	:txn	[[:r 0 nil] [:r 5 nil] [:w 4 17] [:w 4 18] [:r 4 nil] [:r 0 nil] [:r 5 nil] [:r 4 nil]]
2023-04-30 18:26:48,955{GMT}	INFO	[jepsen worker 18] jepsen.arangodb.tests.rw-register: committed transaction 471
2023-04-30 18:26:48,955{GMT}	INFO	[jepsen worker 18] jepsen.util: 18	:ok	:txn	[[:r 0 16] [:r 5 6] [:w 4 17] [:w 4 18] [:r 4 18] [:r 0 16] [:r 5 6] [:r 4 18]]
2023-04-30 18:26:49,113{GMT}	INFO	[jepsen worker 19] jepsen.util: 19	:invoke	:txn	[[:r 4 nil] [:r 4 nil] [:r 4 nil] [:r 4 nil] [:r 5 nil]]
2023-04-30 18:26:49,118{GMT}	INFO	[jepsen worker 19] jepsen.arangodb.tests.rw-register: committed transaction 480
2023-04-30 18:26:49,119{GMT}	INFO	[jepsen worker 19] jepsen.util: 19	:ok	:txn	[[:r 4 18] [:r 4 18] [:r 4 18] [:r 4 18] [:r 5 6]]
2023-04-30 18:26:49,142{GMT}	INFO	[jepsen worker 0] jepsen.util: 0	:invoke	:txn	[[:w 4 19] [:w 4 20] [:r 4 nil] [:w 4 21]]
2023-04-30 18:26:49,148{GMT}	INFO	[jepsen worker 0] jepsen.arangodb.tests.rw-register: committed transaction 486
2023-04-30 18:26:49,148{GMT}	INFO	[jepsen worker 0] jepsen.util: 0	:ok	:txn	[[:w 4 19] [:w 4 20] [:r 4 20] [:w 4 21]]
2023-04-30 18:26:49,270{GMT}	INFO	[jepsen worker 0] jepsen.util: 0	:invoke	:txn	[[:w 4 22] [:w 4 23] [:w 4 24] [:w 0 17] [:r 4 nil] [:r 4 nil] [:r 4 nil]]
2023-04-30 18:26:49,277{GMT}	INFO	[jepsen worker 0] jepsen.arangodb.tests.rw-register: committed transaction 491
2023-04-30 18:26:49,277{GMT}	INFO	[jepsen worker 0] jepsen.util: 0	:ok	:txn	[[:w 4 22] [:w 4 23] [:w 4 24] [:w 0 17] [:r 4 24] [:r 4 24] [:r 4 24]]
2023-04-30 18:26:49,414{GMT}	INFO	[jepsen worker 1] jepsen.util: 1	:invoke	:txn	[[:w 5 7] [:w 5 8] [:r 4 nil]]
2023-04-30 18:26:49,418{GMT}	INFO	[jepsen worker 1] jepsen.arangodb.tests.rw-register: committed transaction 499
2023-04-30 18:26:49,418{GMT}	INFO	[jepsen worker 1] jepsen.util: 1	:ok	:txn	[[:w 5 7] [:w 5 8] [:r 4 24]]
2023-04-30 18:26:49,598{GMT}	INFO	[jepsen worker 2] jepsen.util: 2	:invoke	:txn	[[:r 4 nil] [:r 4 nil] [:w 4 25]]
2023-04-30 18:26:49,605{GMT}	INFO	[jepsen worker 2] jepsen.arangodb.tests.rw-register: committed transaction 503
2023-04-30 18:26:49,605{GMT}	INFO	[jepsen worker 2] jepsen.util: 2	:ok	:txn	[[:r 4 24] [:r 4 24] [:w 4 25]]
2023-04-30 18:26:49,764{GMT}	INFO	[jepsen worker 3] jepsen.util: 3	:invoke	:txn	[[:r 4 nil] [:w 4 26] [:r 4 nil]]
2023-04-30 18:26:49,769{GMT}	INFO	[jepsen worker 3] jepsen.arangodb.tests.rw-register: committed transaction 507
2023-04-30 18:26:49,769{GMT}	INFO	[jepsen worker 3] jepsen.util: 3	:ok	:txn	[[:r 4 25] [:w 4 26] [:r 4 26]]
2023-04-30 18:26:49,959{GMT}	INFO	[jepsen worker 4] jepsen.util: 4	:invoke	:txn	[[:w 4 27] [:w 0 18] [:r 4 nil] [:r 4 nil] [:r 0 nil] [:w 4 28] [:r 4 nil] [:w 4 29]]
2023-04-30 18:26:49,968{GMT}	INFO	[jepsen worker 4] jepsen.arangodb.tests.rw-register: committed transaction 511
2023-04-30 18:26:49,969{GMT}	INFO	[jepsen worker 4] jepsen.util: 4	:ok	:txn	[[:w 4 27] [:w 0 18] [:r 4 27] [:r 4 27] [:r 0 18] [:w 4 28] [:r 4 28] [:w 4 29]]
2023-04-30 18:26:50,154{GMT}	INFO	[jepsen worker 5] jepsen.util: 5	:invoke	:txn	[[:w 5 9] [:w 4 30] [:w 5 10] [:w 4 31] [:w 4 32]]
2023-04-30 18:26:50,160{GMT}	INFO	[jepsen worker 5] jepsen.arangodb.tests.rw-register: committed transaction 520
2023-04-30 18:26:50,161{GMT}	INFO	[jepsen worker 5] jepsen.util: 5	:ok	:txn	[[:w 5 9] [:w 4 30] [:w 5 10] [:w 4 31] [:w 4 32]]
2023-04-30 18:26:50,182{GMT}	INFO	[jepsen worker 6] jepsen.util: 6	:invoke	:txn	[[:r 5 nil] [:r 4 nil] [:w 5 11] [:r 4 nil] [:r 6 nil] [:r 6 nil] [:r 0 nil]]
2023-04-30 18:26:50,188{GMT}	INFO	[jepsen worker 6] jepsen.arangodb.tests.rw-register: committed transaction 526
2023-04-30 18:26:50,188{GMT}	INFO	[jepsen worker 6] jepsen.util: 6	:ok	:txn	[[:r 5 10] [:r 4 32] [:w 5 11] [:r 4 32] [:r 6 nil] [:r 6 nil] [:r 0 18]]
2023-04-30 18:26:50,311{GMT}	INFO	[jepsen worker 7] jepsen.util: 7	:invoke	:txn	[[:r 5 nil] [:w 0 19] [:r 5 nil]]
2023-04-30 18:26:50,316{GMT}	INFO	[jepsen worker 7] jepsen.arangodb.tests.rw-register: committed transaction 534
2023-04-30 18:26:50,316{GMT}	INFO	[jepsen worker 7] jepsen.util: 7	:ok	:txn	[[:r 5 11] [:w 0 19] [:r 5 11]]
2023-04-30 18:26:50,378{GMT}	INFO	[jepsen worker 8] jepsen.util: 8	:invoke	:txn	[[:r 5 nil] [:w 0 20] [:w 6 1] [:w 5 12] [:w 6 2] [:r 0 nil] [:r 6 nil]]
2023-04-30 18:26:50,384{GMT}	INFO	[jepsen worker 8] jepsen.arangodb.tests.rw-register: committed transaction 538
2023-04-30 18:26:50,384{GMT}	INFO	[jepsen worker 8] jepsen.util: 8	:ok	:txn	[[:r 5 11] [:w 0 20] [:w 6 1] [:w 5 12] [:w 6 2] [:r 0 20] [:r 6 2]]
2023-04-30 18:26:50,428{GMT}	INFO	[jepsen worker 9] jepsen.util: 9	:invoke	:txn	[[:r 0 nil] [:r 5 nil]]
2023-04-30 18:26:50,431{GMT}	INFO	[jepsen worker 9] jepsen.arangodb.tests.rw-register: committed transaction 546
2023-04-30 18:26:50,431{GMT}	INFO	[jepsen worker 9] jepsen.util: 9	:ok	:txn	[[:r 0 20] [:r 5 12]]
2023-04-30 18:26:50,510{GMT}	INFO	[jepsen worker 10] jepsen.util: 10	:invoke	:txn	[[:w 5 13] [:w 0 21] [:w 6 3] [:r 6 nil] [:r 6 nil] [:w 0 22] [:w 6 4] [:r 5 nil]]
2023-04-30 18:26:50,518{GMT}	INFO	[jepsen worker 10] jepsen.arangodb.tests.rw-register: committed transaction 549
2023-04-30 18:26:50,518{GMT}	INFO	[jepsen worker 10] jepsen.util: 10	:ok	:txn	[[:w 5 13] [:w 0 21] [:w 6 3] [:r 6 3] [:r 6 3] [:w 0 22] [:w 6 4] [:r 5 13]]
2023-04-30 18:26:50,525{GMT}	INFO	[jepsen worker 11] jepsen.util: 11	:invoke	:txn	[[:w 0 23] [:r 6 nil] [:w 6 5] [:r 6 nil] [:w 5 14]]
2023-04-30 18:26:50,529{GMT}	INFO	[jepsen worker 11] jepsen.arangodb.tests.rw-register: committed transaction 558
2023-04-30 18:26:50,529{GMT}	INFO	[jepsen worker 11] jepsen.util: 11	:ok	:txn	[[:w 0 23] [:r 6 4] [:w 6 5] [:r 6 5] [:w 5 14]]
2023-04-30 18:26:50,716{GMT}	INFO	[jepsen worker 12] jepsen.util: 12	:invoke	:txn	[[:r 6 nil] [:w 5 15] [:w 5 16] [:w 0 24] [:r 6 nil]]
2023-04-30 18:26:50,722{GMT}	INFO	[jepsen worker 12] jepsen.arangodb.tests.rw-register: committed transaction 564
2023-04-30 18:26:50,722{GMT}	INFO	[jepsen worker 12] jepsen.util: 12	:ok	:txn	[[:r 6 5] [:w 5 15] [:w 5 16] [:w 0 24] [:r 6 5]]
2023-04-30 18:26:50,860{GMT}	INFO	[jepsen worker 13] jepsen.util: 13	:invoke	:txn	[[:r 6 nil] [:w 5 17]]
2023-04-30 18:26:50,863{GMT}	INFO	[jepsen worker 13] jepsen.arangodb.tests.rw-register: committed transaction 570
2023-04-30 18:26:50,863{GMT}	INFO	[jepsen worker 13] jepsen.util: 13	:ok	:txn	[[:r 6 5] [:w 5 17]]
2023-04-30 18:26:50,940{GMT}	INFO	[jepsen worker 14] jepsen.util: 14	:invoke	:txn	[[:r 0 nil] [:r 6 nil] [:w 6 6] [:w 6 7] [:w 6 8] [:w 6 9]]
2023-04-30 18:26:50,946{GMT}	INFO	[jepsen worker 14] jepsen.arangodb.tests.rw-register: committed transaction 573
2023-04-30 18:26:50,946{GMT}	INFO	[jepsen worker 14] jepsen.util: 14	:ok	:txn	[[:r 0 24] [:r 6 5] [:w 6 6] [:w 6 7] [:w 6 8] [:w 6 9]]
2023-04-30 18:26:51,038{GMT}	INFO	[jepsen worker 15] jepsen.util: 15	:invoke	:txn	[[:w 6 10] [:w 5 18]]
2023-04-30 18:26:51,042{GMT}	INFO	[jepsen worker 15] jepsen.arangodb.tests.rw-register: committed transaction 580
2023-04-30 18:26:51,042{GMT}	INFO	[jepsen worker 15] jepsen.util: 15	:ok	:txn	[[:w 6 10] [:w 5 18]]
2023-04-30 18:26:51,047{GMT}	INFO	[jepsen worker 16] jepsen.util: 16	:invoke	:txn	[[:r 6 nil] [:w 6 11] [:r 6 nil] [:w 0 25] [:r 6 nil] [:r 0 nil] [:r 6 nil] [:r 6 nil]]
2023-04-30 18:26:51,052{GMT}	INFO	[jepsen worker 16] jepsen.arangodb.tests.rw-register: committed transaction 583
2023-04-30 18:26:51,052{GMT}	INFO	[jepsen worker 16] jepsen.util: 16	:ok	:txn	[[:r 6 10] [:w 6 11] [:r 6 11] [:w 0 25] [:r 6 11] [:r 0 25] [:r 6 11] [:r 6 11]]
2023-04-30 18:26:51,242{GMT}	INFO	[jepsen worker 17] jepsen.util: 17	:invoke	:txn	[[:w 6 12] [:w 0 26]]
2023-04-30 18:26:51,246{GMT}	INFO	[jepsen worker 17] jepsen.arangodb.tests.rw-register: committed transaction 592
2023-04-30 18:26:51,246{GMT}	INFO	[jepsen worker 17] jepsen.util: 17	:ok	:txn	[[:w 6 12] [:w 0 26]]
2023-04-30 18:26:51,395{GMT}	INFO	[jepsen worker 18] jepsen.util: 18	:invoke	:txn	[[:w 6 13] [:r 0 nil] [:w 6 14] [:w 6 15] [:r 5 nil] [:r 5 nil] [:w 5 19] [:w 6 16]]
2023-04-30 18:26:51,402{GMT}	INFO	[jepsen worker 18] jepsen.arangodb.tests.rw-register: committed transaction 595
2023-04-30 18:26:51,402{GMT}	INFO	[jepsen worker 18] jepsen.util: 18	:ok	:txn	[[:w 6 13] [:r 0 26] [:w 6 14] [:w 6 15] [:r 5 18] [:r 5 18] [:w 5 19] [:w 6 16]]
2023-04-30 18:26:51,424{GMT}	INFO	[jepsen worker 19] jepsen.util: 19	:invoke	:txn	[[:w 6 17] [:r 6 nil] [:r 0 nil]]
2023-04-30 18:26:51,428{GMT}	INFO	[jepsen worker 19] jepsen.arangodb.tests.rw-register: committed transaction 604
2023-04-30 18:26:51,428{GMT}	INFO	[jepsen worker 19] jepsen.util: 19	:ok	:txn	[[:w 6 17] [:r 6 17] [:r 0 26]]
2023-04-30 18:26:51,451{GMT}	INFO	[jepsen worker 0] jepsen.util: 0	:invoke	:txn	[[:w 6 18] [:r 0 nil]]
2023-04-30 18:26:51,455{GMT}	INFO	[jepsen worker 0] jepsen.arangodb.tests.rw-register: committed transaction 608
2023-04-30 18:26:51,455{GMT}	INFO	[jepsen worker 0] jepsen.util: 0	:ok	:txn	[[:w 6 18] [:r 0 26]]
2023-04-30 18:26:51,539{GMT}	INFO	[jepsen worker 0] jepsen.util: 0	:invoke	:txn	[[:w 0 27] [:w 5 20] [:w 6 19] [:r 6 nil] [:r 5 nil]]
2023-04-30 18:26:51,543{GMT}	INFO	[jepsen worker 0] jepsen.arangodb.tests.rw-register: committed transaction 611
2023-04-30 18:26:51,543{GMT}	INFO	[jepsen worker 0] jepsen.util: 0	:ok	:txn	[[:w 0 27] [:w 5 20] [:w 6 19] [:r 6 19] [:r 5 20]]
2023-04-30 18:26:51,686{GMT}	INFO	[jepsen worker 1] jepsen.util: 1	:invoke	:txn	[[:r 6 nil] [:r 5 nil] [:r 5 nil] [:r 6 nil] [:r 6 nil] [:w 0 28] [:r 6 nil] [:r 6 nil]]
2023-04-30 18:26:51,692{GMT}	INFO	[jepsen worker 1] jepsen.arangodb.tests.rw-register: committed transaction 617
2023-04-30 18:26:51,692{GMT}	INFO	[jepsen worker 1] jepsen.util: 1	:ok	:txn	[[:r 6 19] [:r 5 20] [:r 5 20] [:r 6 19] [:r 6 19] [:w 0 28] [:r 6 19] [:r 6 19]]
2023-04-30 18:26:51,810{GMT}	INFO	[jepsen worker 2] jepsen.util: 2	:invoke	:txn	[[:w 5 21] [:r 6 nil] [:w 6 20] [:r 5 nil] [:w 5 22]]
2023-04-30 18:26:51,816{GMT}	INFO	[jepsen worker 2] jepsen.arangodb.tests.rw-register: committed transaction 626
2023-04-30 18:26:51,816{GMT}	INFO	[jepsen worker 2] jepsen.util: 2	:ok	:txn	[[:w 5 21] [:r 6 19] [:w 6 20] [:r 5 21] [:w 5 22]]
2023-04-30 18:26:51,944{GMT}	INFO	[jepsen worker 3] jepsen.util: 3	:invoke	:txn	[[:r 6 nil] [:w 0 29] [:w 6 21] [:r 6 nil]]
2023-04-30 18:26:51,949{GMT}	INFO	[jepsen worker 3] jepsen.arangodb.tests.rw-register: committed transaction 632
2023-04-30 18:26:51,949{GMT}	INFO	[jepsen worker 3] jepsen.util: 3	:ok	:txn	[[:r 6 20] [:w 0 29] [:w 6 21] [:r 6 21]]
2023-04-30 18:26:51,988{GMT}	INFO	[jepsen worker 4] jepsen.util: 4	:invoke	:txn	[[:r 0 nil] [:r 6 nil]]
2023-04-30 18:26:51,991{GMT}	INFO	[jepsen worker 4] jepsen.arangodb.tests.rw-register: committed transaction 637
2023-04-30 18:26:51,991{GMT}	INFO	[jepsen worker 4] jepsen.util: 4	:ok	:txn	[[:r 0 29] [:r 6 21]]
2023-04-30 18:26:52,102{GMT}	INFO	[jepsen worker 5] jepsen.util: 5	:invoke	:txn	[[:w 6 22] [:r 6 nil] [:w 6 23]]
2023-04-30 18:26:52,105{GMT}	INFO	[jepsen worker 5] jepsen.arangodb.tests.rw-register: committed transaction 640
2023-04-30 18:26:52,105{GMT}	INFO	[jepsen worker 5] jepsen.util: 5	:ok	:txn	[[:w 6 22] [:r 6 22] [:w 6 23]]
2023-04-30 18:26:52,176{GMT}	INFO	[jepsen worker 6] jepsen.util: 6	:invoke	:txn	[[:w 6 24] [:r 6 nil] [:r 6 nil] [:r 6 nil] [:r 6 nil] [:r 5 nil]]
2023-04-30 18:26:52,181{GMT}	INFO	[jepsen worker 6] jepsen.arangodb.tests.rw-register: committed transaction 644
2023-04-30 18:26:52,181{GMT}	INFO	[jepsen worker 6] jepsen.util: 6	:ok	:txn	[[:w 6 24] [:r 6 24] [:r 6 24] [:r 6 24] [:r 6 24] [:r 5 22]]
2023-04-30 18:26:52,344{GMT}	INFO	[jepsen worker 7] jepsen.util: 7	:invoke	:txn	[[:r 5 nil] [:r 0 nil] [:r 0 nil] [:w 6 25] [:r 6 nil]]
2023-04-30 18:26:52,348{GMT}	INFO	[jepsen worker 7] jepsen.arangodb.tests.rw-register: committed transaction 651
2023-04-30 18:26:52,348{GMT}	INFO	[jepsen worker 7] jepsen.util: 7	:ok	:txn	[[:r 5 22] [:r 0 29] [:r 0 29] [:w 6 25] [:r 6 25]]
2023-04-30 18:26:52,520{GMT}	INFO	[jepsen worker 8] jepsen.util: 8	:invoke	:txn	[[:r 6 nil] [:r 6 nil] [:w 5 23] [:w 6 26] [:w 6 27]]
2023-04-30 18:26:52,525{GMT}	INFO	[jepsen worker 8] jepsen.arangodb.tests.rw-register: committed transaction 657
2023-04-30 18:26:52,525{GMT}	INFO	[jepsen worker 8] jepsen.util: 8	:ok	:txn	[[:r 6 25] [:r 6 25] [:w 5 23] [:w 6 26] [:w 6 27]]
2023-04-30 18:26:52,577{GMT}	INFO	[jepsen worker 9] jepsen.util: 9	:invoke	:txn	[[:w 6 28] [:r 6 nil] [:r 6 nil] [:w 5 24] [:r 6 nil]]
2023-04-30 18:26:52,582{GMT}	INFO	[jepsen worker 9] jepsen.arangodb.tests.rw-register: committed transaction 663
2023-04-30 18:26:52,582{GMT}	INFO	[jepsen worker 9] jepsen.util: 9	:ok	:txn	[[:w 6 28] [:r 6 28] [:r 6 28] [:w 5 24] [:r 6 28]]
2023-04-30 18:26:52,688{GMT}	INFO	[jepsen worker 10] jepsen.util: 10	:invoke	:txn	[[:w 6 29] [:r 6 nil] [:w 0 30] [:w 0 31] [:r 6 nil] [:r 0 nil]]
2023-04-30 18:26:52,693{GMT}	INFO	[jepsen worker 10] jepsen.arangodb.tests.rw-register: committed transaction 669
2023-04-30 18:26:52,693{GMT}	INFO	[jepsen worker 10] jepsen.util: 10	:ok	:txn	[[:w 6 29] [:r 6 29] [:w 0 30] [:w 0 31] [:r 6 29] [:r 0 31]]
2023-04-30 18:26:52,793{GMT}	INFO	[jepsen worker 11] jepsen.util: 11	:invoke	:txn	[[:w 5 25] [:r 6 nil] [:r 5 nil] [:w 6 30]]
2023-04-30 18:26:52,797{GMT}	INFO	[jepsen worker 11] jepsen.arangodb.tests.rw-register: committed transaction 676
2023-04-30 18:26:52,797{GMT}	INFO	[jepsen worker 11] jepsen.util: 11	:ok	:txn	[[:w 5 25] [:r 6 29] [:r 5 25] [:w 6 30]]
2023-04-30 18:26:52,876{GMT}	INFO	[real-pmap 0] jepsen.arangodb.tests.rw-register: Downloading WAL entries to  store/current/wal.log ...
2023-04-30 18:26:52,967{GMT}	INFO	[real-pmap 0] jepsen.arangodb.tests.rw-register: WAL entries downloaded
2023-04-30 18:26:52,968{GMT}	INFO	[real-pmap 0] jepsen.arangodb.tests.rw-register: Connection closed
2023-04-30 18:26:52,968{GMT}	INFO	[jepsen test runner] jepsen.core: Run complete, writing
2023-04-30 18:26:53,013{GMT}	INFO	[jepsen test runner] jepsen.core: Snarfing log files
2023-04-30 18:26:53,020{GMT}	INFO	[jepsen node 192.168.56.101] jepsen.core: downloading /home/vagrant/arangodb.log to arangodb.log
2023-04-30 18:26:53,179{GMT}	INFO	[jepsen test runner] jepsen.core: Snarfing log files
2023-04-30 18:26:53,184{GMT}	INFO	[jepsen node 192.168.56.101] jepsen.core: downloading /home/vagrant/arangodb.log to arangodb.log
2023-04-30 18:26:53,339{GMT}	INFO	[jepsen node 192.168.56.101] jepsen.arangodb.utils.support: 192.168.56.101 tearing down arangodb
2023-04-30 18:26:53,339{GMT}	INFO	[jepsen node 192.168.56.101] jepsen.control.util: Stopping arangodb
2023-04-30 18:26:53,489{GMT}	INFO	[jepsen node 192.168.56.101] jepsen.arangodb.utils.support: processes [6882 6897] killed
2023-04-30 18:26:53,710{GMT}	INFO	[jepsen test runner] jepsen.core: Analyzing...
2023-04-30 18:26:53,816{GMT}	INFO	[jepsen test runner] jepsen.core: Analysis complete
2023-04-30 18:26:53,818{GMT}	INFO	[jepsen results] jepsen.store: Wrote /home/jasonqiu98/thesis-workspace-new/jepsen.arangodb.single/store/arangodb-rw-register-test/20230430T182620.244+0200/results.edn
2023-04-30 18:26:53,835{GMT}	INFO	[jepsen test runner] jepsen.core: {:rw {:valid? true},
 :perf {:latency-graph {:valid? true},
        :rate-graph {:valid? true},
        :valid? true},
 :timeline {:valid? true},
 :valid? true}


Everything looks good! ヽ(‘ー`)ノ
