Starting: /root/go/bin/dlv dap --listen=127.0.0.1:37275 --log-dest=3 from /root/project/go-graph-checker/list_append
DAP server listening at: 127.0.0.1:37275
Type 'dlv help' for list of commands.
2023/04/19 21:56:39 -----------------------------------
2023/04/19 21:56:39 Checking ../histories/list-append/10.edn...
2023/04/19 21:56:39 db exists already and will be dropped first...
constructing graph: 522 ms
checking parallel snapshot isolation (on avg.):
 - v1: 36 ms
 - v2: 161 ms
 - v3: 5 ms
 - v4: 5 ms
2023/04/19 21:56:42 -----------------------------------
2023/04/19 21:56:42 Checking ../histories/list-append/20.edn...
2023/04/19 21:56:42 db exists already and will be dropped first...
constructing graph: 1209 ms
checking parallel snapshot isolation (on avg.):
 - v1: 73 ms
 - v2: 334 ms
 - v3: 15 ms
 - v4: 15 ms
2023/04/19 21:56:48 -----------------------------------
2023/04/19 21:56:48 Checking ../histories/list-append/30.edn...
2023/04/19 21:56:48 db exists already and will be dropped first...
constructing graph: 1702 ms
checking parallel snapshot isolation (on avg.):
 - v1: 90 ms
 - v2: 491 ms
 - v3: 33 ms
 - v4: 34 ms
2023/04/19 21:56:56 -----------------------------------
2023/04/19 21:56:56 Checking ../histories/list-append/40.edn...
2023/04/19 21:56:56 db exists already and will be dropped first...
constructing graph: 2341 ms
checking parallel snapshot isolation (on avg.):
 - v1: 141 ms
 - v2: 803 ms
 - v3: 57 ms
 - v4: 57 ms
2023/04/19 21:57:09 -----------------------------------
2023/04/19 21:57:09 Checking ../histories/list-append/50.edn...
2023/04/19 21:57:09 db exists already and will be dropped first...
constructing graph: 2956 ms
checking parallel snapshot isolation (on avg.):
 - v1: 211 ms
 - v2: 860 ms
 - v3: 113 ms
 - v4: 113 ms
2023/04/19 21:57:25 -----------------------------------
2023/04/19 21:57:25 Checking ../histories/list-append/60.edn...
2023/04/19 21:57:25 db exists already and will be dropped first...
constructing graph: 3597 ms
checking parallel snapshot isolation (on avg.):
 - v1: 221 ms
 - v2: 925 ms
 - v3: 113 ms
 - v4: 113 ms
2023/04/19 21:57:43 -----------------------------------
2023/04/19 21:57:43 Checking ../histories/list-append/70.edn...
2023/04/19 21:57:43 db exists already and will be dropped first...
constructing graph: 4233 ms
checking parallel snapshot isolation (on avg.):
 - v1: 274 ms
 - v2: 1124 ms
 - v3: 399 ms
 - v4: 398 ms
2023/04/19 21:58:09 -----------------------------------
2023/04/19 21:58:09 Checking ../histories/list-append/80.edn...
2023/04/19 21:58:09 db exists already and will be dropped first...
constructing graph: 5167 ms
checking parallel snapshot isolation (on avg.):
 - v1: 320 ms
 - v2: 1342 ms
 - v3: 176 ms
 - v4: 177 ms
2023/04/19 21:58:35 -----------------------------------
2023/04/19 21:58:35 Checking ../histories/list-append/90.edn...
2023/04/19 21:58:35 db exists already and will be dropped first...
constructing graph: 5827 ms
checking parallel snapshot isolation (on avg.):
 - v1: 356 ms
 - v2: 1516 ms
 - v3: 238 ms
 - v4: 241 ms
2023/04/19 21:59:05 -----------------------------------
2023/04/19 21:59:05 Checking ../histories/list-append/100.edn...
2023/04/19 21:59:05 db exists already and will be dropped first...
constructing graph: 6127 ms
checking parallel snapshot isolation (on avg.):
 - v1: 401 ms
 - v2: 1721 ms
 - v3: 562 ms
 - v4: 563 ms
2023/04/19 21:59:44 -----------------------------------
2023/04/19 21:59:44 Checking ../histories/list-append/110.edn...
2023/04/19 21:59:44 db exists already and will be dropped first...
constructing graph: 6624 ms
checking parallel snapshot isolation (on avg.):
 - v1: 414 ms
 - v2: 1936 ms
 - v3: 278 ms
 - v4: 280 ms
2023/04/19 22:00:20 -----------------------------------
2023/04/19 22:00:20 Checking ../histories/list-append/120.edn...
2023/04/19 22:00:20 db exists already and will be dropped first...
constructing graph: 7075 ms
checking parallel snapshot isolation (on avg.):
 - v1: 464 ms
 - v2: 2085 ms
 - v3: 274 ms
 - v4: 269 ms
2023/04/19 22:00:59 -----------------------------------
2023/04/19 22:00:59 Checking ../histories/list-append/130.edn...
2023/04/19 22:00:59 db exists already and will be dropped first...
constructing graph: 8392 ms
checking parallel snapshot isolation (on avg.):
 - v1: 592 ms
 - v2: 2289 ms
 - v3: 470 ms
 - v4: 464 ms
2023/04/19 22:01:46 -----------------------------------
2023/04/19 22:01:46 Checking ../histories/list-append/140.edn...
2023/04/19 22:01:46 db exists already and will be dropped first...
constructing graph: 8620 ms
checking parallel snapshot isolation (on avg.):
 - v1: 510 ms
 - v2: 2344 ms
 - v3: 704 ms
 - v4: 705 ms
2023/04/19 22:02:38 -----------------------------------
2023/04/19 22:02:38 Checking ../histories/list-append/150.edn...
2023/04/19 22:02:38 db exists already and will be dropped first...
constructing graph: 9351 ms
checking parallel snapshot isolation (on avg.):
 - v1: 564 ms
 - v2: 2813 ms
 - v3: 558 ms
 - v4: 555 ms
2023/04/19 22:03:32 -----------------------------------
2023/04/19 22:03:32 Checking ../histories/list-append/160.edn...
2023/04/19 22:03:32 db exists already and will be dropped first...
constructing graph: 9418 ms
checking parallel snapshot isolation (on avg.):
 - v1: 586 ms
 - v2: 2679 ms
 - v3: 673 ms
 - v4: 671 ms
2023/04/19 22:04:28 -----------------------------------
2023/04/19 22:04:28 Checking ../histories/list-append/170.edn...
2023/04/19 22:04:28 db exists already and will be dropped first...
constructing graph: 10551 ms
checking parallel snapshot isolation (on avg.):
 - v1: 713 ms
 - v2: 3131 ms
 - v3: 502 ms
 - v4: 488 ms
2023/04/19 22:05:27 -----------------------------------
2023/04/19 22:05:27 Checking ../histories/list-append/180.edn...
2023/04/19 22:05:28 db exists already and will be dropped first...
constructing graph: 11416 ms
checking parallel snapshot isolation (on avg.):
 - v1: 705 ms
 - v2: 3177 ms
 - v3: 314 ms
 - v4: 315 ms
2023/04/19 22:06:24 -----------------------------------
2023/04/19 22:06:24 Checking ../histories/list-append/190.edn...
2023/04/19 22:06:25 db exists already and will be dropped first...
constructing graph: 12235 ms
checking parallel snapshot isolation (on avg.):
 - v1: 831 ms
 - v2: 3332 ms
 - v3: 521 ms
 - v4: 521 ms
2023/04/19 22:07:29 -----------------------------------
2023/04/19 22:07:29 Checking ../histories/list-append/200.edn...
2023/04/19 22:07:29 db exists already and will be dropped first...
constructing graph: 12444 ms
checking parallel snapshot isolation (on avg.):
 - v1: 713 ms
 - v2: 3367 ms
 - v3: 1146 ms
 - v4: 1146 ms
PASS
2023/04/19 22:08:46 -----------------------------------
Process 109296 has exited with status 0
Detaching
dlv dap (109027) exited with code: 0
