Starting: /root/go/bin/dlv dap --listen=127.0.0.1:41129 --log-dest=3 from /root/project/go-graph-checker/rw_register
DAP server listening at: 127.0.0.1:41129
Type 'dlv help' for list of commands.
-----------------------------------
Checking ../histories/rw-register/10.edn...
2023/04/19 22:35:33 db exists already and will be dropped first...
constructing graph: 518 ms
checking PL-2 (on avg.):
 - v1: 12 ms
 - v2: 110 ms
 - v3: 7 ms
 - v4: 5 ms
-----------------------------------
Checking ../histories/rw-register/20.edn...
2023/04/19 22:35:35 db exists already and will be dropped first...
constructing graph: 1140 ms
checking PL-2 (on avg.):
 - v1: 21 ms
 - v2: 264 ms
 - v3: 21 ms
 - v4: 22 ms
-----------------------------------
Checking ../histories/rw-register/30.edn...
2023/04/19 22:35:40 db exists already and will be dropped first...
constructing graph: 1947 ms
checking PL-2 (on avg.):
 - v1: 41 ms
 - v2: 431 ms
 - v3: 52 ms
 - v4: 52 ms
-----------------------------------
Checking ../histories/rw-register/40.edn...
2023/04/19 22:35:47 db exists already and will be dropped first...
constructing graph: 2229 ms
checking PL-2 (on avg.):
 - v1: 56 ms
 - v2: 570 ms
 - v3: 90 ms
 - v4: 90 ms
-----------------------------------
Checking ../histories/rw-register/50.edn...
2023/04/19 22:35:58 db exists already and will be dropped first...
constructing graph: 3353 ms
checking PL-2 (on avg.):
 - v1: 90 ms
 - v2: 714 ms
 - v3: 345 ms
 - v4: 340 ms
-----------------------------------
Checking ../histories/rw-register/60.edn...
2023/04/19 22:36:16 db exists already and will be dropped first...
constructing graph: 3450 ms
checking PL-2 (on avg.):
 - v1: 82 ms
 - v2: 843 ms
 - v3: 74 ms
 - v4: 73 ms
-----------------------------------
Checking ../histories/rw-register/70.edn...
2023/04/19 22:36:31 db exists already and will be dropped first...
constructing graph: 3998 ms
checking PL-2 (on avg.):
 - v1: 100 ms
 - v2: 988 ms
 - v3: 318 ms
 - v4: 313 ms
-----------------------------------
Checking ../histories/rw-register/80.edn...
2023/04/19 22:36:52 db exists already and will be dropped first...
constructing graph: 5783 ms
checking PL-2 (on avg.):
 - v1: 104 ms
 - v2: 1047 ms
 - v3: 433 ms
 - v4: 434 ms
-----------------------------------
Checking ../histories/rw-register/90.edn...
2023/04/19 22:37:19 db exists already and will be dropped first...
constructing graph: 5301 ms
checking PL-2 (on avg.):
 - v1: 130 ms
 - v2: 1252 ms
 - v3: 550 ms
 - v4: 549 ms
-----------------------------------
Checking ../histories/rw-register/100.edn...
2023/04/19 22:37:49 db exists already and will be dropped first...
constructing graph: 5872 ms
checking PL-2 (on avg.):
 - v1: 123 ms
 - v2: 1317 ms
 - v3: 934 ms
 - v4: 933 ms
-----------------------------------
Checking ../histories/rw-register/110.edn...
2023/04/19 22:38:28 db exists already and will be dropped first...
constructing graph: 6827 ms
checking PL-2 (on avg.):
 - v1: 183 ms
 - v2: 1523 ms
 - v3: 390 ms
 - v4: 386 ms
-----------------------------------
Checking ../histories/rw-register/120.edn...
2023/04/19 22:39:00 db exists already and will be dropped first...
constructing graph: 7453 ms
checking PL-2 (on avg.):
 - v1: 150 ms
 - v2: 1638 ms
 - v3: 987 ms
 - v4: 995 ms
-----------------------------------
Checking ../histories/rw-register/130.edn...
2023/04/19 22:39:45 db exists already and will be dropped first...
constructing graph: 7563 ms
checking PL-2 (on avg.):
 - v1: 148 ms
 - v2: 1790 ms
 - v3: 590 ms
 - v4: 595 ms
-----------------------------------
Checking ../histories/rw-register/140.edn...
2023/04/19 22:40:24 db exists already and will be dropped first...
constructing graph: 8257 ms
checking PL-2 (on avg.):
 - v1: 239 ms
 - v2: 2076 ms
 - v3: 993 ms
 - v4: 992 ms
-----------------------------------
Checking ../histories/rw-register/150.edn...
2023/04/19 22:41:15 db exists already and will be dropped first...
constructing graph: 8717 ms
checking PL-2 (on avg.):
 - v1: 193 ms
 - v2: 1951 ms
 - v3: 2297 ms
 - v4: 2303 ms
-----------------------------------
Checking ../histories/rw-register/160.edn...
2023/04/19 22:42:32 db exists already and will be dropped first...
constructing graph: 10321 ms
checking PL-2 (on avg.):
 - v1: 250 ms
 - v2: 2162 ms
 - v3: 949 ms
 - v4: 952 ms
-----------------------------------
Checking ../histories/rw-register/170.edn...
2023/04/19 22:43:26 db exists already and will be dropped first...
constructing graph: 11066 ms
checking PL-2 (on avg.):
 - v1: 254 ms
 - v2: 2389 ms
 - v3: 1773 ms
 - v4: 1770 ms
-----------------------------------
Checking ../histories/rw-register/180.edn...
2023/04/19 22:44:39 db exists already and will be dropped first...
constructing graph: 11271 ms
checking PL-2 (on avg.):
 - v1: 258 ms
 - v2: 2676 ms
 - v3: 2317 ms
 - v4: 2304 ms
-----------------------------------
Checking ../histories/rw-register/190.edn...
2023/04/19 22:46:06 db exists already and will be dropped first...
constructing graph: 12177 ms
checking PL-2 (on avg.):
 - v1: 269 ms
 - v2: 2437 ms
 - v3: 2582 ms
 - v4: 2587 ms
-----------------------------------
Checking ../histories/rw-register/200.edn...
2023/04/19 22:47:38 db exists already and will be dropped first...
constructing graph: 13061 ms
checking PL-2 (on avg.):
 - v1: 309 ms
 - v2: 2702 ms
 - v3: 1424 ms
 - v4: 1426 ms
-----------------------------------
PASS
Process 134259 has exited with status 0
Detaching
dlv dap (134016) exited with code: 0
