Starting: /root/go/bin/dlv dap --listen=127.0.0.1:39301 --log-dest=3 from /root/project/go-graph-checker/rw_register
DAP server listening at: 127.0.0.1:39301
Type 'dlv help' for list of commands.
-----------------------------------
Checking ../histories/rw-register/10.edn...
2023/04/19 23:16:33 db exists already and will be dropped first...
constructing graph: 463 ms
checking snapshot isolation (on avg.):
 - v1: 30 ms
 - v2: 119 ms
 - v3: 5 ms
 - v4: 5 ms
-----------------------------------
Checking ../histories/rw-register/20.edn...
2023/04/19 23:16:35 db exists already and will be dropped first...
constructing graph: 1098 ms
checking snapshot isolation (on avg.):
 - v1: 87 ms
 - v2: 270 ms
 - v3: 21 ms
 - v4: 22 ms
-----------------------------------
Checking ../histories/rw-register/30.edn...
2023/04/19 23:16:40 db exists already and will be dropped first...
constructing graph: 1689 ms
checking snapshot isolation (on avg.):
 - v1: 108 ms
 - v2: 420 ms
 - v3: 53 ms
 - v4: 53 ms
-----------------------------------
Checking ../histories/rw-register/40.edn...
2023/04/19 23:16:48 db exists already and will be dropped first...
constructing graph: 2413 ms
checking snapshot isolation (on avg.):
 - v1: 166 ms
 - v2: 553 ms
 - v3: 93 ms
 - v4: 92 ms
-----------------------------------
Checking ../histories/rw-register/50.edn...
2023/04/19 23:17:00 db exists already and will be dropped first...
constructing graph: 2909 ms
checking snapshot isolation (on avg.):
 - v1: 228 ms
 - v2: 664 ms
 - v3: 352 ms
 - v4: 348 ms
-----------------------------------
Checking ../histories/rw-register/60.edn...
2023/04/19 23:17:19 db exists already and will be dropped first...
constructing graph: 3441 ms
checking snapshot isolation (on avg.):
 - v1: 266 ms
 - v2: 775 ms
 - v3: 76 ms
 - v4: 73 ms
-----------------------------------
Checking ../histories/rw-register/70.edn...
2023/04/19 23:17:35 db exists already and will be dropped first...
constructing graph: 4141 ms
checking snapshot isolation (on avg.):
 - v1: 292 ms
 - v2: 971 ms
 - v3: 318 ms
 - v4: 313 ms
-----------------------------------
Checking ../histories/rw-register/80.edn...
2023/04/19 23:17:58 db exists already and will be dropped first...
constructing graph: 4668 ms
checking snapshot isolation (on avg.):
 - v1: 319 ms
 - v2: 1058 ms
 - v3: 431 ms
 - v4: 430 ms
-----------------------------------
Checking ../histories/rw-register/90.edn...
2023/04/19 23:18:25 db exists already and will be dropped first...
constructing graph: 5163 ms
checking snapshot isolation (on avg.):
 - v1: 477 ms
 - v2: 1265 ms
 - v3: 566 ms
 - v4: 565 ms
-----------------------------------
Checking ../histories/rw-register/100.edn...
2023/04/19 23:19:00 db exists already and will be dropped first...
constructing graph: 6127 ms
checking snapshot isolation (on avg.):
 - v1: 415 ms
 - v2: 1423 ms
 - v3: 955 ms
 - v4: 945 ms
-----------------------------------
Checking ../histories/rw-register/110.edn...
2023/04/19 23:19:43 db exists already and will be dropped first...
constructing graph: 6582 ms
checking snapshot isolation (on avg.):
 - v1: 576 ms
 - v2: 1570 ms
 - v3: 391 ms
 - v4: 390 ms
-----------------------------------
Checking ../histories/rw-register/120.edn...
2023/04/19 23:20:20 db exists already and will be dropped first...
constructing graph: 7218 ms
checking snapshot isolation (on avg.):
 - v1: 540 ms
 - v2: 1587 ms
 - v3: 993 ms
 - v4: 996 ms
-----------------------------------
Checking ../histories/rw-register/130.edn...
2023/04/19 23:21:08 db exists already and will be dropped first...
constructing graph: 8135 ms
checking snapshot isolation (on avg.):
 - v1: 488 ms
 - v2: 1735 ms
 - v3: 598 ms
 - v4: 600 ms
-----------------------------------
Checking ../histories/rw-register/140.edn...
2023/04/19 23:21:51 db exists already and will be dropped first...
constructing graph: 8410 ms
checking snapshot isolation (on avg.):
 - v1: 667 ms
 - v2: 1948 ms
 - v3: 999 ms
 - v4: 987 ms
-----------------------------------
Checking ../histories/rw-register/150.edn...
2023/04/19 23:22:46 db exists already and will be dropped first...
constructing graph: 9158 ms
checking snapshot isolation (on avg.):
 - v1: 664 ms
 - v2: 2014 ms
 - v3: 2298 ms
 - v4: 2306 ms
-----------------------------------
Checking ../histories/rw-register/160.edn...
2023/04/19 23:24:09 db exists already and will be dropped first...
constructing graph: 9565 ms
checking snapshot isolation (on avg.):
 - v1: 762 ms
 - v2: 2198 ms
 - v3: 950 ms
 - v4: 954 ms
-----------------------------------
Checking ../histories/rw-register/170.edn...
2023/04/19 23:25:07 db exists already and will be dropped first...
constructing graph: 11498 ms
checking snapshot isolation (on avg.):
 - v1: 763 ms
 - v2: 2336 ms
 - v3: 1775 ms
 - v4: 1779 ms
-----------------------------------
Checking ../histories/rw-register/180.edn...
2023/04/19 23:26:26 db exists already and will be dropped first...
constructing graph: 11056 ms
checking snapshot isolation (on avg.):
 - v1: 892 ms
 - v2: 2529 ms
 - v3: 2280 ms
 - v4: 2287 ms
-----------------------------------
Checking ../histories/rw-register/190.edn...
2023/04/19 23:27:57 db exists already and will be dropped first...
constructing graph: 11954 ms
checking snapshot isolation (on avg.):
 - v1: 737 ms
 - v2: 2615 ms
 - v3: 2587 ms
 - v4: 2595 ms
-----------------------------------
Checking ../histories/rw-register/200.edn...
2023/04/19 23:29:36 db exists already and will be dropped first...
constructing graph: 12611 ms
checking snapshot isolation (on avg.):
 - v1: 909 ms
 - v2: 2801 ms
 - v3: 1416 ms
 - v4: 1420 ms
-----------------------------------
PASS
Process 160192 has exited with status 0
Detaching
dlv dap (159897) exited with code: 0
